<Objs Version="1.1.0.1" xmlns="http://schemas.microsoft.com/powershell/2004/04">
  <Obj RefId="0">
    <TN RefId="0">
      <T>System.Management.Automation.PSCustomObject</T>
      <T>System.Object</T>
    </TN>
    <MS>
      <I32 N="Day">1</I32>
      <I32 N="ActiveTableSize">0</I32>
      <I32 N="InactiveTableSize">10</I32>
      <I32 N="TotalRecords">10</I32>
      <I32 N="PercentNotExpired">100</I32>
      <B N="TableSwapOccurred">true</B>
      <S N="TableSwapTrigger">Day1</S>
      <I32 N="RowsCopied">0</I32>
      <I32 N="NextTableSwapOnOrBefore">367</I32>
      <I32 N="OldestActiveRecord">0</I32>
      <I32 N="OldestInactiveRecord">0</I32>
      <I32 N="NewestInactiveRecord">0</I32>
    </MS>
  </Obj>
  <Obj RefId="1">
    <TNRef RefId="0" />
    <MS>
      <I32 N="Day">2</I32>
      <I32 N="ActiveTableSize">10</I32>
      <I32 N="InactiveTableSize">10</I32>
      <I32 N="TotalRecords">20</I32>
      <I32 N="PercentNotExpired">100</I32>
      <B N="TableSwapOccurred">false</B>
      <Nil N="TableSwapTrigger" />
      <I32 N="RowsCopied">0</I32>
      <I32 N="NextTableSwapOnOrBefore">367</I32>
      <I32 N="OldestActiveRecord">0</I32>
      <I32 N="OldestInactiveRecord">1</I32>
      <I32 N="NewestInactiveRecord">1</I32>
    </MS>
  </Obj>
  <Obj RefId="2">
    <TNRef RefId="0" />
    <MS>
      <I32 N="Day">3</I32>
      <I32 N="ActiveTableSize">20</I32>
      <I32 N="InactiveTableSize">10</I32>
      <I32 N="TotalRecords">30</I32>
      <I32 N="PercentNotExpired">100</I32>
      <B N="TableSwapOccurred">false</B>
      <Nil N="TableSwapTrigger" />
      <I32 N="RowsCopied">0</I32>
      <I32 N="NextTableSwapOnOrBefore">367</I32>
      <I32 N="OldestActiveRecord">1</I32>
      <I32 N="OldestInactiveRecord">2</I32>
      <I32 N="NewestInactiveRecord">2</I32>
    </MS>
  </Obj>
  <Obj RefId="3">
    <TNRef RefId="0" />
    <MS>
      <I32 N="Day">4</I32>
      <I32 N="ActiveTableSize">30</I32>
      <I32 N="InactiveTableSize">10</I32>
      <I32 N="TotalRecords">40</I32>
      <I32 N="PercentNotExpired">100</I32>
      <B N="TableSwapOccurred">false</B>
      <Nil N="TableSwapTrigger" />
      <I32 N="RowsCopied">0</I32>
      <I32 N="NextTableSwapOnOrBefore">367</I32>
      <I32 N="OldestActiveRecord">2</I32>
      <I32 N="OldestInactiveRecord">3</I32>
      <I32 N="NewestInactiveRecord">3</I32>
    </MS>
  </Obj>
  <Obj RefId="4">
    <TNRef RefId="0" />
    <MS>
      <I32 N="Day">5</I32>
      <I32 N="ActiveTableSize">40</I32>
      <I32 N="InactiveTableSize">10</I32>
      <I32 N="TotalRecords">50</I32>
      <I32 N="PercentNotExpired">100</I32>
      <B N="TableSwapOccurred">false</B>
      <Nil N="TableSwapTrigger" />
      <I32 N="RowsCopied">0</I32>
      <I32 N="NextTableSwapOnOrBefore">367</I32>
      <I32 N="OldestActiveRecord">3</I32>
      <I32 N="OldestInactiveRecord">4</I32>
      <I32 N="NewestInactiveRecord">4</I32>
    </MS>
  </Obj>
  <Obj RefId="5">
    <TNRef RefId="0" />
    <MS>
      <I32 N="Day">6</I32>
      <I32 N="ActiveTableSize">50</I32>
      <I32 N="InactiveTableSize">10</I32>
      <I32 N="TotalRecords">60</I32>
      <I32 N="PercentNotExpired">100</I32>
      <B N="TableSwapOccurred">false</B>
      <Nil N="TableSwapTrigger" />
      <I32 N="RowsCopied">0</I32>
      <I32 N="NextTableSwapOnOrBefore">367</I32>
      <I32 N="OldestActiveRecord">4</I32>
      <I32 N="OldestInactiveRecord">5</I32>
      <I32 N="NewestInactiveRecord">5</I32>
    </MS>
  </Obj>
  <Obj RefId="6">
    <TNRef RefId="0" />
    <MS>
      <I32 N="Day">7</I32>
      <I32 N="ActiveTableSize">60</I32>
      <I32 N="InactiveTableSize">10</I32>
      <I32 N="TotalRecords">70</I32>
      <I32 N="PercentNotExpired">100</I32>
      <B N="TableSwapOccurred">false</B>
      <Nil N="TableSwapTrigger" />
      <I32 N="RowsCopied">0</I32>
      <I32 N="NextTableSwapOnOrBefore">367</I32>
      <I32 N="OldestActiveRecord">5</I32>
      <I32 N="OldestInactiveRecord">6</I32>
      <I32 N="NewestInactiveRecord">6</I32>
    </MS>
  </Obj>
  <Obj RefId="7">
    <TNRef RefId="0" />
    <MS>
      <I32 N="Day">8</I32>
      <I32 N="ActiveTableSize">70</I32>
      <I32 N="InactiveTableSize">10</I32>
      <I32 N="TotalRecords">80</I32>
      <I32 N="PercentNotExpired">100</I32>
      <B N="TableSwapOccurred">false</B>
      <Nil N="TableSwapTrigger" />
      <I32 N="RowsCopied">0</I32>
      <I32 N="NextTableSwapOnOrBefore">367</I32>
      <I32 N="OldestActiveRecord">6</I32>
      <I32 N="OldestInactiveRecord">7</I32>
      <I32 N="NewestInactiveRecord">7</I32>
    </MS>
  </Obj>
  <Obj RefId="8">
    <TNRef RefId="0" />
    <MS>
      <I32 N="Day">9</I32>
      <I32 N="ActiveTableSize">80</I32>
      <I32 N="InactiveTableSize">10</I32>
      <I32 N="TotalRecords">90</I32>
      <I32 N="PercentNotExpired">100</I32>
      <B N="TableSwapOccurred">false</B>
      <Nil N="TableSwapTrigger" />
      <I32 N="RowsCopied">0</I32>
      <I32 N="NextTableSwapOnOrBefore">367</I32>
      <I32 N="OldestActiveRecord">7</I32>
      <I32 N="OldestInactiveRecord">8</I32>
      <I32 N="NewestInactiveRecord">8</I32>
    </MS>
  </Obj>
  <Obj RefId="9">
    <TNRef RefId="0" />
    <MS>
      <I32 N="Day">10</I32>
      <I32 N="ActiveTableSize">90</I32>
      <I32 N="InactiveTableSize">10</I32>
      <I32 N="TotalRecords">100</I32>
      <I32 N="PercentNotExpired">100</I32>
      <B N="TableSwapOccurred">false</B>
      <Nil N="TableSwapTrigger" />
      <I32 N="RowsCopied">0</I32>
      <I32 N="NextTableSwapOnOrBefore">367</I32>
      <I32 N="OldestActiveRecord">8</I32>
      <I32 N="OldestInactiveRecord">9</I32>
      <I32 N="NewestInactiveRecord">9</I32>
    </MS>
  </Obj>
  <Obj RefId="10">
    <TNRef RefId="0" />
    <MS>
      <I32 N="Day">11</I32>
      <I32 N="ActiveTableSize">100</I32>
      <I32 N="InactiveTableSize">10</I32>
      <I32 N="TotalRecords">110</I32>
      <I32 N="PercentNotExpired">100</I32>
      <B N="TableSwapOccurred">false</B>
      <Nil N="TableSwapTrigger" />
      <I32 N="RowsCopied">0</I32>
      <I32 N="NextTableSwapOnOrBefore">367</I32>
      <I32 N="OldestActiveRecord">9</I32>
      <I32 N="OldestInactiveRecord">10</I32>
      <I32 N="NewestInactiveRecord">10</I32>
    </MS>
  </Obj>
  <Obj RefId="11">
    <TNRef RefId="0" />
    <MS>
      <I32 N="Day">12</I32>
      <I32 N="ActiveTableSize">110</I32>
      <I32 N="InactiveTableSize">10</I32>
      <I32 N="TotalRecords">120</I32>
      <I32 N="PercentNotExpired">100</I32>
      <B N="TableSwapOccurred">false</B>
      <Nil N="TableSwapTrigger" />
      <I32 N="RowsCopied">0</I32>
      <I32 N="NextTableSwapOnOrBefore">367</I32>
      <I32 N="OldestActiveRecord">10</I32>
      <I32 N="OldestInactiveRecord">11</I32>
      <I32 N="NewestInactiveRecord">11</I32>
    </MS>
  </Obj>
  <Obj RefId="12">
    <TNRef RefId="0" />
    <MS>
      <I32 N="Day">13</I32>
      <I32 N="ActiveTableSize">120</I32>
      <I32 N="InactiveTableSize">10</I32>
      <I32 N="TotalRecords">130</I32>
      <I32 N="PercentNotExpired">100</I32>
      <B N="TableSwapOccurred">false</B>
      <Nil N="TableSwapTrigger" />
      <I32 N="RowsCopied">0</I32>
      <I32 N="NextTableSwapOnOrBefore">367</I32>
      <I32 N="OldestActiveRecord">11</I32>
      <I32 N="OldestInactiveRecord">12</I32>
      <I32 N="NewestInactiveRecord">12</I32>
    </MS>
  </Obj>
  <Obj RefId="13">
    <TNRef RefId="0" />
    <MS>
      <I32 N="Day">14</I32>
      <I32 N="ActiveTableSize">130</I32>
      <I32 N="InactiveTableSize">10</I32>
      <I32 N="TotalRecords">140</I32>
      <I32 N="PercentNotExpired">100</I32>
      <B N="TableSwapOccurred">false</B>
      <Nil N="TableSwapTrigger" />
      <I32 N="RowsCopied">0</I32>
      <I32 N="NextTableSwapOnOrBefore">367</I32>
      <I32 N="OldestActiveRecord">12</I32>
      <I32 N="OldestInactiveRecord">13</I32>
      <I32 N="NewestInactiveRecord">13</I32>
    </MS>
  </Obj>
  <Obj RefId="14">
    <TNRef RefId="0" />
    <MS>
      <I32 N="Day">15</I32>
      <I32 N="ActiveTableSize">140</I32>
      <I32 N="InactiveTableSize">10</I32>
      <I32 N="TotalRecords">150</I32>
      <I32 N="PercentNotExpired">100</I32>
      <B N="TableSwapOccurred">false</B>
      <Nil N="TableSwapTrigger" />
      <I32 N="RowsCopied">0</I32>
      <I32 N="NextTableSwapOnOrBefore">367</I32>
      <I32 N="OldestActiveRecord">13</I32>
      <I32 N="OldestInactiveRecord">14</I32>
      <I32 N="NewestInactiveRecord">14</I32>
    </MS>
  </Obj>
  <Obj RefId="15">
    <TNRef RefId="0" />
    <MS>
      <I32 N="Day">16</I32>
      <I32 N="ActiveTableSize">150</I32>
      <I32 N="InactiveTableSize">10</I32>
      <I32 N="TotalRecords">160</I32>
      <I32 N="PercentNotExpired">100</I32>
      <B N="TableSwapOccurred">false</B>
      <Nil N="TableSwapTrigger" />
      <I32 N="RowsCopied">0</I32>
      <I32 N="NextTableSwapOnOrBefore">367</I32>
      <I32 N="OldestActiveRecord">14</I32>
      <I32 N="OldestInactiveRecord">15</I32>
      <I32 N="NewestInactiveRecord">15</I32>
    </MS>
  </Obj>
  <Obj RefId="16">
    <TNRef RefId="0" />
    <MS>
      <I32 N="Day">17</I32>
      <I32 N="ActiveTableSize">160</I32>
      <I32 N="InactiveTableSize">10</I32>
      <I32 N="TotalRecords">170</I32>
      <I32 N="PercentNotExpired">100</I32>
      <B N="TableSwapOccurred">false</B>
      <Nil N="TableSwapTrigger" />
      <I32 N="RowsCopied">0</I32>
      <I32 N="NextTableSwapOnOrBefore">367</I32>
      <I32 N="OldestActiveRecord">15</I32>
      <I32 N="OldestInactiveRecord">16</I32>
      <I32 N="NewestInactiveRecord">16</I32>
    </MS>
  </Obj>
  <Obj RefId="17">
    <TNRef RefId="0" />
    <MS>
      <I32 N="Day">18</I32>
      <I32 N="ActiveTableSize">170</I32>
      <I32 N="InactiveTableSize">10</I32>
      <I32 N="TotalRecords">180</I32>
      <I32 N="PercentNotExpired">100</I32>
      <B N="TableSwapOccurred">false</B>
      <Nil N="TableSwapTrigger" />
      <I32 N="RowsCopied">0</I32>
      <I32 N="NextTableSwapOnOrBefore">367</I32>
      <I32 N="OldestActiveRecord">16</I32>
      <I32 N="OldestInactiveRecord">17</I32>
      <I32 N="NewestInactiveRecord">17</I32>
    </MS>
  </Obj>
  <Obj RefId="18">
    <TNRef RefId="0" />
    <MS>
      <I32 N="Day">19</I32>
      <I32 N="ActiveTableSize">180</I32>
      <I32 N="InactiveTableSize">10</I32>
      <I32 N="TotalRecords">190</I32>
      <I32 N="PercentNotExpired">100</I32>
      <B N="TableSwapOccurred">false</B>
      <Nil N="TableSwapTrigger" />
      <I32 N="RowsCopied">0</I32>
      <I32 N="NextTableSwapOnOrBefore">367</I32>
      <I32 N="OldestActiveRecord">17</I32>
      <I32 N="OldestInactiveRecord">18</I32>
      <I32 N="NewestInactiveRecord">18</I32>
    </MS>
  </Obj>
  <Obj RefId="19">
    <TNRef RefId="0" />
    <MS>
      <I32 N="Day">20</I32>
      <I32 N="ActiveTableSize">190</I32>
      <I32 N="InactiveTableSize">10</I32>
      <I32 N="TotalRecords">200</I32>
      <I32 N="PercentNotExpired">100</I32>
      <B N="TableSwapOccurred">false</B>
      <Nil N="TableSwapTrigger" />
      <I32 N="RowsCopied">0</I32>
      <I32 N="NextTableSwapOnOrBefore">367</I32>
      <I32 N="OldestActiveRecord">18</I32>
      <I32 N="OldestInactiveRecord">19</I32>
      <I32 N="NewestInactiveRecord">19</I32>
    </MS>
  </Obj>
  <Obj RefId="20">
    <TNRef RefId="0" />
    <MS>
      <I32 N="Day">21</I32>
      <I32 N="ActiveTableSize">200</I32>
      <I32 N="InactiveTableSize">10</I32>
      <I32 N="TotalRecords">210</I32>
      <I32 N="PercentNotExpired">100</I32>
      <B N="TableSwapOccurred">false</B>
      <Nil N="TableSwapTrigger" />
      <I32 N="RowsCopied">0</I32>
      <I32 N="NextTableSwapOnOrBefore">367</I32>
      <I32 N="OldestActiveRecord">19</I32>
      <I32 N="OldestInactiveRecord">20</I32>
      <I32 N="NewestInactiveRecord">20</I32>
    </MS>
  </Obj>
  <Obj RefId="21">
    <TNRef RefId="0" />
    <MS>
      <I32 N="Day">22</I32>
      <I32 N="ActiveTableSize">210</I32>
      <I32 N="InactiveTableSize">10</I32>
      <I32 N="TotalRecords">220</I32>
      <I32 N="PercentNotExpired">100</I32>
      <B N="TableSwapOccurred">false</B>
      <Nil N="TableSwapTrigger" />
      <I32 N="RowsCopied">0</I32>
      <I32 N="NextTableSwapOnOrBefore">367</I32>
      <I32 N="OldestActiveRecord">20</I32>
      <I32 N="OldestInactiveRecord">21</I32>
      <I32 N="NewestInactiveRecord">21</I32>
    </MS>
  </Obj>
  <Obj RefId="22">
    <TNRef RefId="0" />
    <MS>
      <I32 N="Day">23</I32>
      <I32 N="ActiveTableSize">220</I32>
      <I32 N="InactiveTableSize">10</I32>
      <I32 N="TotalRecords">230</I32>
      <I32 N="PercentNotExpired">100</I32>
      <B N="TableSwapOccurred">false</B>
      <Nil N="TableSwapTrigger" />
      <I32 N="RowsCopied">0</I32>
      <I32 N="NextTableSwapOnOrBefore">367</I32>
      <I32 N="OldestActiveRecord">21</I32>
      <I32 N="OldestInactiveRecord">22</I32>
      <I32 N="NewestInactiveRecord">22</I32>
    </MS>
  </Obj>
  <Obj RefId="23">
    <TNRef RefId="0" />
    <MS>
      <I32 N="Day">24</I32>
      <I32 N="ActiveTableSize">230</I32>
      <I32 N="InactiveTableSize">10</I32>
      <I32 N="TotalRecords">240</I32>
      <I32 N="PercentNotExpired">100</I32>
      <B N="TableSwapOccurred">false</B>
      <Nil N="TableSwapTrigger" />
      <I32 N="RowsCopied">0</I32>
      <I32 N="NextTableSwapOnOrBefore">367</I32>
      <I32 N="OldestActiveRecord">22</I32>
      <I32 N="OldestInactiveRecord">23</I32>
      <I32 N="NewestInactiveRecord">23</I32>
    </MS>
  </Obj>
  <Obj RefId="24">
    <TNRef RefId="0" />
    <MS>
      <I32 N="Day">25</I32>
      <I32 N="ActiveTableSize">240</I32>
      <I32 N="InactiveTableSize">10</I32>
      <I32 N="TotalRecords">250</I32>
      <I32 N="PercentNotExpired">100</I32>
      <B N="TableSwapOccurred">false</B>
      <Nil N="TableSwapTrigger" />
      <I32 N="RowsCopied">0</I32>
      <I32 N="NextTableSwapOnOrBefore">367</I32>
      <I32 N="OldestActiveRecord">23</I32>
      <I32 N="OldestInactiveRecord">24</I32>
      <I32 N="NewestInactiveRecord">24</I32>
    </MS>
  </Obj>
  <Obj RefId="25">
    <TNRef RefId="0" />
    <MS>
      <I32 N="Day">26</I32>
      <I32 N="ActiveTableSize">250</I32>
      <I32 N="InactiveTableSize">10</I32>
      <I32 N="TotalRecords">260</I32>
      <I32 N="PercentNotExpired">100</I32>
      <B N="TableSwapOccurred">false</B>
      <Nil N="TableSwapTrigger" />
      <I32 N="RowsCopied">0</I32>
      <I32 N="NextTableSwapOnOrBefore">367</I32>
      <I32 N="OldestActiveRecord">24</I32>
      <I32 N="OldestInactiveRecord">25</I32>
      <I32 N="NewestInactiveRecord">25</I32>
    </MS>
  </Obj>
  <Obj RefId="26">
    <TNRef RefId="0" />
    <MS>
      <I32 N="Day">27</I32>
      <I32 N="ActiveTableSize">260</I32>
      <I32 N="InactiveTableSize">10</I32>
      <I32 N="TotalRecords">270</I32>
      <I32 N="PercentNotExpired">100</I32>
      <B N="TableSwapOccurred">false</B>
      <Nil N="TableSwapTrigger" />
      <I32 N="RowsCopied">0</I32>
      <I32 N="NextTableSwapOnOrBefore">367</I32>
      <I32 N="OldestActiveRecord">25</I32>
      <I32 N="OldestInactiveRecord">26</I32>
      <I32 N="NewestInactiveRecord">26</I32>
    </MS>
  </Obj>
  <Obj RefId="27">
    <TNRef RefId="0" />
    <MS>
      <I32 N="Day">28</I32>
      <I32 N="ActiveTableSize">270</I32>
      <I32 N="InactiveTableSize">10</I32>
      <I32 N="TotalRecords">280</I32>
      <I32 N="PercentNotExpired">100</I32>
      <B N="TableSwapOccurred">false</B>
      <Nil N="TableSwapTrigger" />
      <I32 N="RowsCopied">0</I32>
      <I32 N="NextTableSwapOnOrBefore">367</I32>
      <I32 N="OldestActiveRecord">26</I32>
      <I32 N="OldestInactiveRecord">27</I32>
      <I32 N="NewestInactiveRecord">27</I32>
    </MS>
  </Obj>
  <Obj RefId="28">
    <TNRef RefId="0" />
    <MS>
      <I32 N="Day">29</I32>
      <I32 N="ActiveTableSize">280</I32>
      <I32 N="InactiveTableSize">10</I32>
      <I32 N="TotalRecords">290</I32>
      <I32 N="PercentNotExpired">100</I32>
      <B N="TableSwapOccurred">false</B>
      <Nil N="TableSwapTrigger" />
      <I32 N="RowsCopied">0</I32>
      <I32 N="NextTableSwapOnOrBefore">367</I32>
      <I32 N="OldestActiveRecord">27</I32>
      <I32 N="OldestInactiveRecord">28</I32>
      <I32 N="NewestInactiveRecord">28</I32>
    </MS>
  </Obj>
  <Obj RefId="29">
    <TNRef RefId="0" />
    <MS>
      <I32 N="Day">30</I32>
      <I32 N="ActiveTableSize">290</I32>
      <I32 N="InactiveTableSize">10</I32>
      <I32 N="TotalRecords">300</I32>
      <I32 N="PercentNotExpired">100</I32>
      <B N="TableSwapOccurred">false</B>
      <Nil N="TableSwapTrigger" />
      <I32 N="RowsCopied">0</I32>
      <I32 N="NextTableSwapOnOrBefore">367</I32>
      <I32 N="OldestActiveRecord">28</I32>
      <I32 N="OldestInactiveRecord">29</I32>
      <I32 N="NewestInactiveRecord">29</I32>
    </MS>
  </Obj>
  <Obj RefId="30">
    <TNRef RefId="0" />
    <MS>
      <I32 N="Day">31</I32>
      <I32 N="ActiveTableSize">300</I32>
      <I32 N="InactiveTableSize">10</I32>
      <I32 N="TotalRecords">310</I32>
      <I32 N="PercentNotExpired">100</I32>
      <B N="TableSwapOccurred">false</B>
      <Nil N="TableSwapTrigger" />
      <I32 N="RowsCopied">0</I32>
      <I32 N="NextTableSwapOnOrBefore">367</I32>
      <I32 N="OldestActiveRecord">29</I32>
      <I32 N="OldestInactiveRecord">30</I32>
      <I32 N="NewestInactiveRecord">30</I32>
    </MS>
  </Obj>
  <Obj RefId="31">
    <TNRef RefId="0" />
    <MS>
      <I32 N="Day">32</I32>
      <I32 N="ActiveTableSize">310</I32>
      <I32 N="InactiveTableSize">10</I32>
      <I32 N="TotalRecords">320</I32>
      <I32 N="PercentNotExpired">100</I32>
      <B N="TableSwapOccurred">false</B>
      <Nil N="TableSwapTrigger" />
      <I32 N="RowsCopied">0</I32>
      <I32 N="NextTableSwapOnOrBefore">367</I32>
      <I32 N="OldestActiveRecord">30</I32>
      <I32 N="OldestInactiveRecord">31</I32>
      <I32 N="NewestInactiveRecord">31</I32>
    </MS>
  </Obj>
  <Obj RefId="32">
    <TNRef RefId="0" />
    <MS>
      <I32 N="Day">33</I32>
      <I32 N="ActiveTableSize">320</I32>
      <I32 N="InactiveTableSize">10</I32>
      <I32 N="TotalRecords">330</I32>
      <I32 N="PercentNotExpired">100</I32>
      <B N="TableSwapOccurred">false</B>
      <Nil N="TableSwapTrigger" />
      <I32 N="RowsCopied">0</I32>
      <I32 N="NextTableSwapOnOrBefore">367</I32>
      <I32 N="OldestActiveRecord">31</I32>
      <I32 N="OldestInactiveRecord">32</I32>
      <I32 N="NewestInactiveRecord">32</I32>
    </MS>
  </Obj>
  <Obj RefId="33">
    <TNRef RefId="0" />
    <MS>
      <I32 N="Day">34</I32>
      <I32 N="ActiveTableSize">330</I32>
      <I32 N="InactiveTableSize">10</I32>
      <I32 N="TotalRecords">340</I32>
      <I32 N="PercentNotExpired">100</I32>
      <B N="TableSwapOccurred">false</B>
      <Nil N="TableSwapTrigger" />
      <I32 N="RowsCopied">0</I32>
      <I32 N="NextTableSwapOnOrBefore">367</I32>
      <I32 N="OldestActiveRecord">32</I32>
      <I32 N="OldestInactiveRecord">33</I32>
      <I32 N="NewestInactiveRecord">33</I32>
    </MS>
  </Obj>
  <Obj RefId="34">
    <TNRef RefId="0" />
    <MS>
      <I32 N="Day">35</I32>
      <I32 N="ActiveTableSize">340</I32>
      <I32 N="InactiveTableSize">10</I32>
      <I32 N="TotalRecords">350</I32>
      <I32 N="PercentNotExpired">100</I32>
      <B N="TableSwapOccurred">false</B>
      <Nil N="TableSwapTrigger" />
      <I32 N="RowsCopied">0</I32>
      <I32 N="NextTableSwapOnOrBefore">367</I32>
      <I32 N="OldestActiveRecord">33</I32>
      <I32 N="OldestInactiveRecord">34</I32>
      <I32 N="NewestInactiveRecord">34</I32>
    </MS>
  </Obj>
  <Obj RefId="35">
    <TNRef RefId="0" />
    <MS>
      <I32 N="Day">36</I32>
      <I32 N="ActiveTableSize">350</I32>
      <I32 N="InactiveTableSize">10</I32>
      <I32 N="TotalRecords">360</I32>
      <I32 N="PercentNotExpired">100</I32>
      <B N="TableSwapOccurred">false</B>
      <Nil N="TableSwapTrigger" />
      <I32 N="RowsCopied">0</I32>
      <I32 N="NextTableSwapOnOrBefore">367</I32>
      <I32 N="OldestActiveRecord">34</I32>
      <I32 N="OldestInactiveRecord">35</I32>
      <I32 N="NewestInactiveRecord">35</I32>
    </MS>
  </Obj>
  <Obj RefId="36">
    <TNRef RefId="0" />
    <MS>
      <I32 N="Day">37</I32>
      <I32 N="ActiveTableSize">360</I32>
      <I32 N="InactiveTableSize">10</I32>
      <I32 N="TotalRecords">370</I32>
      <I32 N="PercentNotExpired">100</I32>
      <B N="TableSwapOccurred">false</B>
      <Nil N="TableSwapTrigger" />
      <I32 N="RowsCopied">0</I32>
      <I32 N="NextTableSwapOnOrBefore">367</I32>
      <I32 N="OldestActiveRecord">35</I32>
      <I32 N="OldestInactiveRecord">36</I32>
      <I32 N="NewestInactiveRecord">36</I32>
    </MS>
  </Obj>
  <Obj RefId="37">
    <TNRef RefId="0" />
    <MS>
      <I32 N="Day">38</I32>
      <I32 N="ActiveTableSize">370</I32>
      <I32 N="InactiveTableSize">10</I32>
      <I32 N="TotalRecords">380</I32>
      <I32 N="PercentNotExpired">100</I32>
      <B N="TableSwapOccurred">false</B>
      <Nil N="TableSwapTrigger" />
      <I32 N="RowsCopied">0</I32>
      <I32 N="NextTableSwapOnOrBefore">367</I32>
      <I32 N="OldestActiveRecord">36</I32>
      <I32 N="OldestInactiveRecord">37</I32>
      <I32 N="NewestInactiveRecord">37</I32>
    </MS>
  </Obj>
  <Obj RefId="38">
    <TNRef RefId="0" />
    <MS>
      <I32 N="Day">39</I32>
      <I32 N="ActiveTableSize">380</I32>
      <I32 N="InactiveTableSize">10</I32>
      <I32 N="TotalRecords">390</I32>
      <I32 N="PercentNotExpired">100</I32>
      <B N="TableSwapOccurred">false</B>
      <Nil N="TableSwapTrigger" />
      <I32 N="RowsCopied">0</I32>
      <I32 N="NextTableSwapOnOrBefore">367</I32>
      <I32 N="OldestActiveRecord">37</I32>
      <I32 N="OldestInactiveRecord">38</I32>
      <I32 N="NewestInactiveRecord">38</I32>
    </MS>
  </Obj>
  <Obj RefId="39">
    <TNRef RefId="0" />
    <MS>
      <I32 N="Day">40</I32>
      <I32 N="ActiveTableSize">390</I32>
      <I32 N="InactiveTableSize">10</I32>
      <I32 N="TotalRecords">400</I32>
      <I32 N="PercentNotExpired">100</I32>
      <B N="TableSwapOccurred">false</B>
      <Nil N="TableSwapTrigger" />
      <I32 N="RowsCopied">0</I32>
      <I32 N="NextTableSwapOnOrBefore">367</I32>
      <I32 N="OldestActiveRecord">38</I32>
      <I32 N="OldestInactiveRecord">39</I32>
      <I32 N="NewestInactiveRecord">39</I32>
    </MS>
  </Obj>
  <Obj RefId="40">
    <TNRef RefId="0" />
    <MS>
      <I32 N="Day">41</I32>
      <I32 N="ActiveTableSize">400</I32>
      <I32 N="InactiveTableSize">10</I32>
      <I32 N="TotalRecords">410</I32>
      <I32 N="PercentNotExpired">100</I32>
      <B N="TableSwapOccurred">false</B>
      <Nil N="TableSwapTrigger" />
      <I32 N="RowsCopied">0</I32>
      <I32 N="NextTableSwapOnOrBefore">367</I32>
      <I32 N="OldestActiveRecord">39</I32>
      <I32 N="OldestInactiveRecord">40</I32>
      <I32 N="NewestInactiveRecord">40</I32>
    </MS>
  </Obj>
  <Obj RefId="41">
    <TNRef RefId="0" />
    <MS>
      <I32 N="Day">42</I32>
      <I32 N="ActiveTableSize">410</I32>
      <I32 N="InactiveTableSize">10</I32>
      <I32 N="TotalRecords">420</I32>
      <I32 N="PercentNotExpired">100</I32>
      <B N="TableSwapOccurred">false</B>
      <Nil N="TableSwapTrigger" />
      <I32 N="RowsCopied">0</I32>
      <I32 N="NextTableSwapOnOrBefore">367</I32>
      <I32 N="OldestActiveRecord">40</I32>
      <I32 N="OldestInactiveRecord">41</I32>
      <I32 N="NewestInactiveRecord">41</I32>
    </MS>
  </Obj>
  <Obj RefId="42">
    <TNRef RefId="0" />
    <MS>
      <I32 N="Day">43</I32>
      <I32 N="ActiveTableSize">420</I32>
      <I32 N="InactiveTableSize">10</I32>
      <I32 N="TotalRecords">430</I32>
      <I32 N="PercentNotExpired">100</I32>
      <B N="TableSwapOccurred">false</B>
      <Nil N="TableSwapTrigger" />
      <I32 N="RowsCopied">0</I32>
      <I32 N="NextTableSwapOnOrBefore">367</I32>
      <I32 N="OldestActiveRecord">41</I32>
      <I32 N="OldestInactiveRecord">42</I32>
      <I32 N="NewestInactiveRecord">42</I32>
    </MS>
  </Obj>
  <Obj RefId="43">
    <TNRef RefId="0" />
    <MS>
      <I32 N="Day">44</I32>
      <I32 N="ActiveTableSize">430</I32>
      <I32 N="InactiveTableSize">10</I32>
      <I32 N="TotalRecords">440</I32>
      <I32 N="PercentNotExpired">100</I32>
      <B N="TableSwapOccurred">false</B>
      <Nil N="TableSwapTrigger" />
      <I32 N="RowsCopied">0</I32>
      <I32 N="NextTableSwapOnOrBefore">367</I32>
      <I32 N="OldestActiveRecord">42</I32>
      <I32 N="OldestInactiveRecord">43</I32>
      <I32 N="NewestInactiveRecord">43</I32>
    </MS>
  </Obj>
  <Obj RefId="44">
    <TNRef RefId="0" />
    <MS>
      <I32 N="Day">45</I32>
      <I32 N="ActiveTableSize">440</I32>
      <I32 N="InactiveTableSize">10</I32>
      <I32 N="TotalRecords">450</I32>
      <I32 N="PercentNotExpired">100</I32>
      <B N="TableSwapOccurred">false</B>
      <Nil N="TableSwapTrigger" />
      <I32 N="RowsCopied">0</I32>
      <I32 N="NextTableSwapOnOrBefore">367</I32>
      <I32 N="OldestActiveRecord">43</I32>
      <I32 N="OldestInactiveRecord">44</I32>
      <I32 N="NewestInactiveRecord">44</I32>
    </MS>
  </Obj>
  <Obj RefId="45">
    <TNRef RefId="0" />
    <MS>
      <I32 N="Day">46</I32>
      <I32 N="ActiveTableSize">450</I32>
      <I32 N="InactiveTableSize">10</I32>
      <I32 N="TotalRecords">460</I32>
      <I32 N="PercentNotExpired">100</I32>
      <B N="TableSwapOccurred">false</B>
      <Nil N="TableSwapTrigger" />
      <I32 N="RowsCopied">0</I32>
      <I32 N="NextTableSwapOnOrBefore">367</I32>
      <I32 N="OldestActiveRecord">44</I32>
      <I32 N="OldestInactiveRecord">45</I32>
      <I32 N="NewestInactiveRecord">45</I32>
    </MS>
  </Obj>
  <Obj RefId="46">
    <TNRef RefId="0" />
    <MS>
      <I32 N="Day">47</I32>
      <I32 N="ActiveTableSize">460</I32>
      <I32 N="InactiveTableSize">10</I32>
      <I32 N="TotalRecords">470</I32>
      <I32 N="PercentNotExpired">100</I32>
      <B N="TableSwapOccurred">false</B>
      <Nil N="TableSwapTrigger" />
      <I32 N="RowsCopied">0</I32>
      <I32 N="NextTableSwapOnOrBefore">367</I32>
      <I32 N="OldestActiveRecord">45</I32>
      <I32 N="OldestInactiveRecord">46</I32>
      <I32 N="NewestInactiveRecord">46</I32>
    </MS>
  </Obj>
  <Obj RefId="47">
    <TNRef RefId="0" />
    <MS>
      <I32 N="Day">48</I32>
      <I32 N="ActiveTableSize">470</I32>
      <I32 N="InactiveTableSize">10</I32>
      <I32 N="TotalRecords">480</I32>
      <I32 N="PercentNotExpired">100</I32>
      <B N="TableSwapOccurred">false</B>
      <Nil N="TableSwapTrigger" />
      <I32 N="RowsCopied">0</I32>
      <I32 N="NextTableSwapOnOrBefore">367</I32>
      <I32 N="OldestActiveRecord">46</I32>
      <I32 N="OldestInactiveRecord">47</I32>
      <I32 N="NewestInactiveRecord">47</I32>
    </MS>
  </Obj>
  <Obj RefId="48">
    <TNRef RefId="0" />
    <MS>
      <I32 N="Day">49</I32>
      <I32 N="ActiveTableSize">480</I32>
      <I32 N="InactiveTableSize">10</I32>
      <I32 N="TotalRecords">490</I32>
      <I32 N="PercentNotExpired">100</I32>
      <B N="TableSwapOccurred">false</B>
      <Nil N="TableSwapTrigger" />
      <I32 N="RowsCopied">0</I32>
      <I32 N="NextTableSwapOnOrBefore">367</I32>
      <I32 N="OldestActiveRecord">47</I32>
      <I32 N="OldestInactiveRecord">48</I32>
      <I32 N="NewestInactiveRecord">48</I32>
    </MS>
  </Obj>
  <Obj RefId="49">
    <TNRef RefId="0" />
    <MS>
      <I32 N="Day">50</I32>
      <I32 N="ActiveTableSize">490</I32>
      <I32 N="InactiveTableSize">10</I32>
      <I32 N="TotalRecords">500</I32>
      <I32 N="PercentNotExpired">100</I32>
      <B N="TableSwapOccurred">false</B>
      <Nil N="TableSwapTrigger" />
      <I32 N="RowsCopied">0</I32>
      <I32 N="NextTableSwapOnOrBefore">367</I32>
      <I32 N="OldestActiveRecord">48</I32>
      <I32 N="OldestInactiveRecord">49</I32>
      <I32 N="NewestInactiveRecord">49</I32>
    </MS>
  </Obj>
  <Obj RefId="50">
    <TNRef RefId="0" />
    <MS>
      <I32 N="Day">51</I32>
      <I32 N="ActiveTableSize">500</I32>
      <I32 N="InactiveTableSize">10</I32>
      <I32 N="TotalRecords">510</I32>
      <I32 N="PercentNotExpired">100</I32>
      <B N="TableSwapOccurred">false</B>
      <Nil N="TableSwapTrigger" />
      <I32 N="RowsCopied">0</I32>
      <I32 N="NextTableSwapOnOrBefore">367</I32>
      <I32 N="OldestActiveRecord">49</I32>
      <I32 N="OldestInactiveRecord">50</I32>
      <I32 N="NewestInactiveRecord">50</I32>
    </MS>
  </Obj>
  <Obj RefId="51">
    <TNRef RefId="0" />
    <MS>
      <I32 N="Day">52</I32>
      <I32 N="ActiveTableSize">510</I32>
      <I32 N="InactiveTableSize">10</I32>
      <I32 N="TotalRecords">520</I32>
      <I32 N="PercentNotExpired">100</I32>
      <B N="TableSwapOccurred">false</B>
      <Nil N="TableSwapTrigger" />
      <I32 N="RowsCopied">0</I32>
      <I32 N="NextTableSwapOnOrBefore">367</I32>
      <I32 N="OldestActiveRecord">50</I32>
      <I32 N="OldestInactiveRecord">51</I32>
      <I32 N="NewestInactiveRecord">51</I32>
    </MS>
  </Obj>
  <Obj RefId="52">
    <TNRef RefId="0" />
    <MS>
      <I32 N="Day">53</I32>
      <I32 N="ActiveTableSize">520</I32>
      <I32 N="InactiveTableSize">10</I32>
      <I32 N="TotalRecords">530</I32>
      <I32 N="PercentNotExpired">100</I32>
      <B N="TableSwapOccurred">false</B>
      <Nil N="TableSwapTrigger" />
      <I32 N="RowsCopied">0</I32>
      <I32 N="NextTableSwapOnOrBefore">367</I32>
      <I32 N="OldestActiveRecord">51</I32>
      <I32 N="OldestInactiveRecord">52</I32>
      <I32 N="NewestInactiveRecord">52</I32>
    </MS>
  </Obj>
  <Obj RefId="53">
    <TNRef RefId="0" />
    <MS>
      <I32 N="Day">54</I32>
      <I32 N="ActiveTableSize">530</I32>
      <I32 N="InactiveTableSize">10</I32>
      <I32 N="TotalRecords">540</I32>
      <I32 N="PercentNotExpired">100</I32>
      <B N="TableSwapOccurred">false</B>
      <Nil N="TableSwapTrigger" />
      <I32 N="RowsCopied">0</I32>
      <I32 N="NextTableSwapOnOrBefore">367</I32>
      <I32 N="OldestActiveRecord">52</I32>
      <I32 N="OldestInactiveRecord">53</I32>
      <I32 N="NewestInactiveRecord">53</I32>
    </MS>
  </Obj>
  <Obj RefId="54">
    <TNRef RefId="0" />
    <MS>
      <I32 N="Day">55</I32>
      <I32 N="ActiveTableSize">540</I32>
      <I32 N="InactiveTableSize">10</I32>
      <I32 N="TotalRecords">550</I32>
      <I32 N="PercentNotExpired">100</I32>
      <B N="TableSwapOccurred">false</B>
      <Nil N="TableSwapTrigger" />
      <I32 N="RowsCopied">0</I32>
      <I32 N="NextTableSwapOnOrBefore">367</I32>
      <I32 N="OldestActiveRecord">53</I32>
      <I32 N="OldestInactiveRecord">54</I32>
      <I32 N="NewestInactiveRecord">54</I32>
    </MS>
  </Obj>
  <Obj RefId="55">
    <TNRef RefId="0" />
    <MS>
      <I32 N="Day">56</I32>
      <I32 N="ActiveTableSize">550</I32>
      <I32 N="InactiveTableSize">10</I32>
      <I32 N="TotalRecords">560</I32>
      <I32 N="PercentNotExpired">100</I32>
      <B N="TableSwapOccurred">false</B>
      <Nil N="TableSwapTrigger" />
      <I32 N="RowsCopied">0</I32>
      <I32 N="NextTableSwapOnOrBefore">367</I32>
      <I32 N="OldestActiveRecord">54</I32>
      <I32 N="OldestInactiveRecord">55</I32>
      <I32 N="NewestInactiveRecord">55</I32>
    </MS>
  </Obj>
  <Obj RefId="56">
    <TNRef RefId="0" />
    <MS>
      <I32 N="Day">57</I32>
      <I32 N="ActiveTableSize">560</I32>
      <I32 N="InactiveTableSize">10</I32>
      <I32 N="TotalRecords">570</I32>
      <I32 N="PercentNotExpired">100</I32>
      <B N="TableSwapOccurred">false</B>
      <Nil N="TableSwapTrigger" />
      <I32 N="RowsCopied">0</I32>
      <I32 N="NextTableSwapOnOrBefore">367</I32>
      <I32 N="OldestActiveRecord">55</I32>
      <I32 N="OldestInactiveRecord">56</I32>
      <I32 N="NewestInactiveRecord">56</I32>
    </MS>
  </Obj>
  <Obj RefId="57">
    <TNRef RefId="0" />
    <MS>
      <I32 N="Day">58</I32>
      <I32 N="ActiveTableSize">570</I32>
      <I32 N="InactiveTableSize">10</I32>
      <I32 N="TotalRecords">580</I32>
      <I32 N="PercentNotExpired">100</I32>
      <B N="TableSwapOccurred">false</B>
      <Nil N="TableSwapTrigger" />
      <I32 N="RowsCopied">0</I32>
      <I32 N="NextTableSwapOnOrBefore">367</I32>
      <I32 N="OldestActiveRecord">56</I32>
      <I32 N="OldestInactiveRecord">57</I32>
      <I32 N="NewestInactiveRecord">57</I32>
    </MS>
  </Obj>
  <Obj RefId="58">
    <TNRef RefId="0" />
    <MS>
      <I32 N="Day">59</I32>
      <I32 N="ActiveTableSize">580</I32>
      <I32 N="InactiveTableSize">10</I32>
      <I32 N="TotalRecords">590</I32>
      <I32 N="PercentNotExpired">100</I32>
      <B N="TableSwapOccurred">false</B>
      <Nil N="TableSwapTrigger" />
      <I32 N="RowsCopied">0</I32>
      <I32 N="NextTableSwapOnOrBefore">367</I32>
      <I32 N="OldestActiveRecord">57</I32>
      <I32 N="OldestInactiveRecord">58</I32>
      <I32 N="NewestInactiveRecord">58</I32>
    </MS>
  </Obj>
  <Obj RefId="59">
    <TNRef RefId="0" />
    <MS>
      <I32 N="Day">60</I32>
      <I32 N="ActiveTableSize">590</I32>
      <I32 N="InactiveTableSize">10</I32>
      <I32 N="TotalRecords">600</I32>
      <I32 N="PercentNotExpired">100</I32>
      <B N="TableSwapOccurred">false</B>
      <Nil N="TableSwapTrigger" />
      <I32 N="RowsCopied">0</I32>
      <I32 N="NextTableSwapOnOrBefore">367</I32>
      <I32 N="OldestActiveRecord">58</I32>
      <I32 N="OldestInactiveRecord">59</I32>
      <I32 N="NewestInactiveRecord">59</I32>
    </MS>
  </Obj>
  <Obj RefId="60">
    <TNRef RefId="0" />
    <MS>
      <I32 N="Day">61</I32>
      <I32 N="ActiveTableSize">600</I32>
      <I32 N="InactiveTableSize">10</I32>
      <I32 N="TotalRecords">610</I32>
      <I32 N="PercentNotExpired">100</I32>
      <B N="TableSwapOccurred">false</B>
      <Nil N="TableSwapTrigger" />
      <I32 N="RowsCopied">0</I32>
      <I32 N="NextTableSwapOnOrBefore">367</I32>
      <I32 N="OldestActiveRecord">59</I32>
      <I32 N="OldestInactiveRecord">60</I32>
      <I32 N="NewestInactiveRecord">60</I32>
    </MS>
  </Obj>
  <Obj RefId="61">
    <TNRef RefId="0" />
    <MS>
      <I32 N="Day">62</I32>
      <I32 N="ActiveTableSize">610</I32>
      <I32 N="InactiveTableSize">10</I32>
      <I32 N="TotalRecords">620</I32>
      <I32 N="PercentNotExpired">100</I32>
      <B N="TableSwapOccurred">false</B>
      <Nil N="TableSwapTrigger" />
      <I32 N="RowsCopied">0</I32>
      <I32 N="NextTableSwapOnOrBefore">367</I32>
      <I32 N="OldestActiveRecord">60</I32>
      <I32 N="OldestInactiveRecord">61</I32>
      <I32 N="NewestInactiveRecord">61</I32>
    </MS>
  </Obj>
  <Obj RefId="62">
    <TNRef RefId="0" />
    <MS>
      <I32 N="Day">63</I32>
      <I32 N="ActiveTableSize">620</I32>
      <I32 N="InactiveTableSize">10</I32>
      <I32 N="TotalRecords">630</I32>
      <I32 N="PercentNotExpired">100</I32>
      <B N="TableSwapOccurred">false</B>
      <Nil N="TableSwapTrigger" />
      <I32 N="RowsCopied">0</I32>
      <I32 N="NextTableSwapOnOrBefore">367</I32>
      <I32 N="OldestActiveRecord">61</I32>
      <I32 N="OldestInactiveRecord">62</I32>
      <I32 N="NewestInactiveRecord">62</I32>
    </MS>
  </Obj>
  <Obj RefId="63">
    <TNRef RefId="0" />
    <MS>
      <I32 N="Day">64</I32>
      <I32 N="ActiveTableSize">630</I32>
      <I32 N="InactiveTableSize">10</I32>
      <I32 N="TotalRecords">640</I32>
      <I32 N="PercentNotExpired">100</I32>
      <B N="TableSwapOccurred">false</B>
      <Nil N="TableSwapTrigger" />
      <I32 N="RowsCopied">0</I32>
      <I32 N="NextTableSwapOnOrBefore">367</I32>
      <I32 N="OldestActiveRecord">62</I32>
      <I32 N="OldestInactiveRecord">63</I32>
      <I32 N="NewestInactiveRecord">63</I32>
    </MS>
  </Obj>
  <Obj RefId="64">
    <TNRef RefId="0" />
    <MS>
      <I32 N="Day">65</I32>
      <I32 N="ActiveTableSize">640</I32>
      <I32 N="InactiveTableSize">10</I32>
      <I32 N="TotalRecords">650</I32>
      <I32 N="PercentNotExpired">100</I32>
      <B N="TableSwapOccurred">false</B>
      <Nil N="TableSwapTrigger" />
      <I32 N="RowsCopied">0</I32>
      <I32 N="NextTableSwapOnOrBefore">367</I32>
      <I32 N="OldestActiveRecord">63</I32>
      <I32 N="OldestInactiveRecord">64</I32>
      <I32 N="NewestInactiveRecord">64</I32>
    </MS>
  </Obj>
  <Obj RefId="65">
    <TNRef RefId="0" />
    <MS>
      <I32 N="Day">66</I32>
      <I32 N="ActiveTableSize">650</I32>
      <I32 N="InactiveTableSize">10</I32>
      <I32 N="TotalRecords">660</I32>
      <I32 N="PercentNotExpired">100</I32>
      <B N="TableSwapOccurred">false</B>
      <Nil N="TableSwapTrigger" />
      <I32 N="RowsCopied">0</I32>
      <I32 N="NextTableSwapOnOrBefore">367</I32>
      <I32 N="OldestActiveRecord">64</I32>
      <I32 N="OldestInactiveRecord">65</I32>
      <I32 N="NewestInactiveRecord">65</I32>
    </MS>
  </Obj>
  <Obj RefId="66">
    <TNRef RefId="0" />
    <MS>
      <I32 N="Day">67</I32>
      <I32 N="ActiveTableSize">660</I32>
      <I32 N="InactiveTableSize">10</I32>
      <I32 N="TotalRecords">670</I32>
      <I32 N="PercentNotExpired">100</I32>
      <B N="TableSwapOccurred">false</B>
      <Nil N="TableSwapTrigger" />
      <I32 N="RowsCopied">0</I32>
      <I32 N="NextTableSwapOnOrBefore">367</I32>
      <I32 N="OldestActiveRecord">65</I32>
      <I32 N="OldestInactiveRecord">66</I32>
      <I32 N="NewestInactiveRecord">66</I32>
    </MS>
  </Obj>
  <Obj RefId="67">
    <TNRef RefId="0" />
    <MS>
      <I32 N="Day">68</I32>
      <I32 N="ActiveTableSize">670</I32>
      <I32 N="InactiveTableSize">10</I32>
      <I32 N="TotalRecords">680</I32>
      <I32 N="PercentNotExpired">100</I32>
      <B N="TableSwapOccurred">false</B>
      <Nil N="TableSwapTrigger" />
      <I32 N="RowsCopied">0</I32>
      <I32 N="NextTableSwapOnOrBefore">367</I32>
      <I32 N="OldestActiveRecord">66</I32>
      <I32 N="OldestInactiveRecord">67</I32>
      <I32 N="NewestInactiveRecord">67</I32>
    </MS>
  </Obj>
  <Obj RefId="68">
    <TNRef RefId="0" />
    <MS>
      <I32 N="Day">69</I32>
      <I32 N="ActiveTableSize">680</I32>
      <I32 N="InactiveTableSize">10</I32>
      <I32 N="TotalRecords">690</I32>
      <I32 N="PercentNotExpired">100</I32>
      <B N="TableSwapOccurred">false</B>
      <Nil N="TableSwapTrigger" />
      <I32 N="RowsCopied">0</I32>
      <I32 N="NextTableSwapOnOrBefore">367</I32>
      <I32 N="OldestActiveRecord">67</I32>
      <I32 N="OldestInactiveRecord">68</I32>
      <I32 N="NewestInactiveRecord">68</I32>
    </MS>
  </Obj>
  <Obj RefId="69">
    <TNRef RefId="0" />
    <MS>
      <I32 N="Day">70</I32>
      <I32 N="ActiveTableSize">690</I32>
      <I32 N="InactiveTableSize">10</I32>
      <I32 N="TotalRecords">700</I32>
      <I32 N="PercentNotExpired">100</I32>
      <B N="TableSwapOccurred">false</B>
      <Nil N="TableSwapTrigger" />
      <I32 N="RowsCopied">0</I32>
      <I32 N="NextTableSwapOnOrBefore">367</I32>
      <I32 N="OldestActiveRecord">68</I32>
      <I32 N="OldestInactiveRecord">69</I32>
      <I32 N="NewestInactiveRecord">69</I32>
    </MS>
  </Obj>
  <Obj RefId="70">
    <TNRef RefId="0" />
    <MS>
      <I32 N="Day">71</I32>
      <I32 N="ActiveTableSize">700</I32>
      <I32 N="InactiveTableSize">10</I32>
      <I32 N="TotalRecords">710</I32>
      <I32 N="PercentNotExpired">100</I32>
      <B N="TableSwapOccurred">false</B>
      <Nil N="TableSwapTrigger" />
      <I32 N="RowsCopied">0</I32>
      <I32 N="NextTableSwapOnOrBefore">367</I32>
      <I32 N="OldestActiveRecord">69</I32>
      <I32 N="OldestInactiveRecord">70</I32>
      <I32 N="NewestInactiveRecord">70</I32>
    </MS>
  </Obj>
  <Obj RefId="71">
    <TNRef RefId="0" />
    <MS>
      <I32 N="Day">72</I32>
      <I32 N="ActiveTableSize">710</I32>
      <I32 N="InactiveTableSize">10</I32>
      <I32 N="TotalRecords">720</I32>
      <I32 N="PercentNotExpired">100</I32>
      <B N="TableSwapOccurred">false</B>
      <Nil N="TableSwapTrigger" />
      <I32 N="RowsCopied">0</I32>
      <I32 N="NextTableSwapOnOrBefore">367</I32>
      <I32 N="OldestActiveRecord">70</I32>
      <I32 N="OldestInactiveRecord">71</I32>
      <I32 N="NewestInactiveRecord">71</I32>
    </MS>
  </Obj>
  <Obj RefId="72">
    <TNRef RefId="0" />
    <MS>
      <I32 N="Day">73</I32>
      <I32 N="ActiveTableSize">720</I32>
      <I32 N="InactiveTableSize">10</I32>
      <I32 N="TotalRecords">730</I32>
      <I32 N="PercentNotExpired">100</I32>
      <B N="TableSwapOccurred">false</B>
      <Nil N="TableSwapTrigger" />
      <I32 N="RowsCopied">0</I32>
      <I32 N="NextTableSwapOnOrBefore">367</I32>
      <I32 N="OldestActiveRecord">71</I32>
      <I32 N="OldestInactiveRecord">72</I32>
      <I32 N="NewestInactiveRecord">72</I32>
    </MS>
  </Obj>
  <Obj RefId="73">
    <TNRef RefId="0" />
    <MS>
      <I32 N="Day">74</I32>
      <I32 N="ActiveTableSize">730</I32>
      <I32 N="InactiveTableSize">10</I32>
      <I32 N="TotalRecords">740</I32>
      <I32 N="PercentNotExpired">100</I32>
      <B N="TableSwapOccurred">false</B>
      <Nil N="TableSwapTrigger" />
      <I32 N="RowsCopied">0</I32>
      <I32 N="NextTableSwapOnOrBefore">367</I32>
      <I32 N="OldestActiveRecord">72</I32>
      <I32 N="OldestInactiveRecord">73</I32>
      <I32 N="NewestInactiveRecord">73</I32>
    </MS>
  </Obj>
  <Obj RefId="74">
    <TNRef RefId="0" />
    <MS>
      <I32 N="Day">75</I32>
      <I32 N="ActiveTableSize">740</I32>
      <I32 N="InactiveTableSize">10</I32>
      <I32 N="TotalRecords">750</I32>
      <I32 N="PercentNotExpired">100</I32>
      <B N="TableSwapOccurred">false</B>
      <Nil N="TableSwapTrigger" />
      <I32 N="RowsCopied">0</I32>
      <I32 N="NextTableSwapOnOrBefore">367</I32>
      <I32 N="OldestActiveRecord">73</I32>
      <I32 N="OldestInactiveRecord">74</I32>
      <I32 N="NewestInactiveRecord">74</I32>
    </MS>
  </Obj>
  <Obj RefId="75">
    <TNRef RefId="0" />
    <MS>
      <I32 N="Day">76</I32>
      <I32 N="ActiveTableSize">750</I32>
      <I32 N="InactiveTableSize">10</I32>
      <I32 N="TotalRecords">760</I32>
      <I32 N="PercentNotExpired">100</I32>
      <B N="TableSwapOccurred">false</B>
      <Nil N="TableSwapTrigger" />
      <I32 N="RowsCopied">0</I32>
      <I32 N="NextTableSwapOnOrBefore">367</I32>
      <I32 N="OldestActiveRecord">74</I32>
      <I32 N="OldestInactiveRecord">75</I32>
      <I32 N="NewestInactiveRecord">75</I32>
    </MS>
  </Obj>
  <Obj RefId="76">
    <TNRef RefId="0" />
    <MS>
      <I32 N="Day">77</I32>
      <I32 N="ActiveTableSize">760</I32>
      <I32 N="InactiveTableSize">10</I32>
      <I32 N="TotalRecords">770</I32>
      <I32 N="PercentNotExpired">100</I32>
      <B N="TableSwapOccurred">false</B>
      <Nil N="TableSwapTrigger" />
      <I32 N="RowsCopied">0</I32>
      <I32 N="NextTableSwapOnOrBefore">367</I32>
      <I32 N="OldestActiveRecord">75</I32>
      <I32 N="OldestInactiveRecord">76</I32>
      <I32 N="NewestInactiveRecord">76</I32>
    </MS>
  </Obj>
  <Obj RefId="77">
    <TNRef RefId="0" />
    <MS>
      <I32 N="Day">78</I32>
      <I32 N="ActiveTableSize">770</I32>
      <I32 N="InactiveTableSize">10</I32>
      <I32 N="TotalRecords">780</I32>
      <I32 N="PercentNotExpired">100</I32>
      <B N="TableSwapOccurred">false</B>
      <Nil N="TableSwapTrigger" />
      <I32 N="RowsCopied">0</I32>
      <I32 N="NextTableSwapOnOrBefore">367</I32>
      <I32 N="OldestActiveRecord">76</I32>
      <I32 N="OldestInactiveRecord">77</I32>
      <I32 N="NewestInactiveRecord">77</I32>
    </MS>
  </Obj>
  <Obj RefId="78">
    <TNRef RefId="0" />
    <MS>
      <I32 N="Day">79</I32>
      <I32 N="ActiveTableSize">780</I32>
      <I32 N="InactiveTableSize">10</I32>
      <I32 N="TotalRecords">790</I32>
      <I32 N="PercentNotExpired">100</I32>
      <B N="TableSwapOccurred">false</B>
      <Nil N="TableSwapTrigger" />
      <I32 N="RowsCopied">0</I32>
      <I32 N="NextTableSwapOnOrBefore">367</I32>
      <I32 N="OldestActiveRecord">77</I32>
      <I32 N="OldestInactiveRecord">78</I32>
      <I32 N="NewestInactiveRecord">78</I32>
    </MS>
  </Obj>
  <Obj RefId="79">
    <TNRef RefId="0" />
    <MS>
      <I32 N="Day">80</I32>
      <I32 N="ActiveTableSize">790</I32>
      <I32 N="InactiveTableSize">10</I32>
      <I32 N="TotalRecords">800</I32>
      <I32 N="PercentNotExpired">100</I32>
      <B N="TableSwapOccurred">false</B>
      <Nil N="TableSwapTrigger" />
      <I32 N="RowsCopied">0</I32>
      <I32 N="NextTableSwapOnOrBefore">367</I32>
      <I32 N="OldestActiveRecord">78</I32>
      <I32 N="OldestInactiveRecord">79</I32>
      <I32 N="NewestInactiveRecord">79</I32>
    </MS>
  </Obj>
  <Obj RefId="80">
    <TNRef RefId="0" />
    <MS>
      <I32 N="Day">81</I32>
      <I32 N="ActiveTableSize">800</I32>
      <I32 N="InactiveTableSize">10</I32>
      <I32 N="TotalRecords">810</I32>
      <I32 N="PercentNotExpired">100</I32>
      <B N="TableSwapOccurred">false</B>
      <Nil N="TableSwapTrigger" />
      <I32 N="RowsCopied">0</I32>
      <I32 N="NextTableSwapOnOrBefore">367</I32>
      <I32 N="OldestActiveRecord">79</I32>
      <I32 N="OldestInactiveRecord">80</I32>
      <I32 N="NewestInactiveRecord">80</I32>
    </MS>
  </Obj>
  <Obj RefId="81">
    <TNRef RefId="0" />
    <MS>
      <I32 N="Day">82</I32>
      <I32 N="ActiveTableSize">810</I32>
      <I32 N="InactiveTableSize">10</I32>
      <I32 N="TotalRecords">820</I32>
      <I32 N="PercentNotExpired">100</I32>
      <B N="TableSwapOccurred">false</B>
      <Nil N="TableSwapTrigger" />
      <I32 N="RowsCopied">0</I32>
      <I32 N="NextTableSwapOnOrBefore">367</I32>
      <I32 N="OldestActiveRecord">80</I32>
      <I32 N="OldestInactiveRecord">81</I32>
      <I32 N="NewestInactiveRecord">81</I32>
    </MS>
  </Obj>
  <Obj RefId="82">
    <TNRef RefId="0" />
    <MS>
      <I32 N="Day">83</I32>
      <I32 N="ActiveTableSize">820</I32>
      <I32 N="InactiveTableSize">10</I32>
      <I32 N="TotalRecords">830</I32>
      <I32 N="PercentNotExpired">100</I32>
      <B N="TableSwapOccurred">false</B>
      <Nil N="TableSwapTrigger" />
      <I32 N="RowsCopied">0</I32>
      <I32 N="NextTableSwapOnOrBefore">367</I32>
      <I32 N="OldestActiveRecord">81</I32>
      <I32 N="OldestInactiveRecord">82</I32>
      <I32 N="NewestInactiveRecord">82</I32>
    </MS>
  </Obj>
  <Obj RefId="83">
    <TNRef RefId="0" />
    <MS>
      <I32 N="Day">84</I32>
      <I32 N="ActiveTableSize">830</I32>
      <I32 N="InactiveTableSize">10</I32>
      <I32 N="TotalRecords">840</I32>
      <I32 N="PercentNotExpired">100</I32>
      <B N="TableSwapOccurred">false</B>
      <Nil N="TableSwapTrigger" />
      <I32 N="RowsCopied">0</I32>
      <I32 N="NextTableSwapOnOrBefore">367</I32>
      <I32 N="OldestActiveRecord">82</I32>
      <I32 N="OldestInactiveRecord">83</I32>
      <I32 N="NewestInactiveRecord">83</I32>
    </MS>
  </Obj>
  <Obj RefId="84">
    <TNRef RefId="0" />
    <MS>
      <I32 N="Day">85</I32>
      <I32 N="ActiveTableSize">840</I32>
      <I32 N="InactiveTableSize">10</I32>
      <I32 N="TotalRecords">850</I32>
      <I32 N="PercentNotExpired">100</I32>
      <B N="TableSwapOccurred">false</B>
      <Nil N="TableSwapTrigger" />
      <I32 N="RowsCopied">0</I32>
      <I32 N="NextTableSwapOnOrBefore">367</I32>
      <I32 N="OldestActiveRecord">83</I32>
      <I32 N="OldestInactiveRecord">84</I32>
      <I32 N="NewestInactiveRecord">84</I32>
    </MS>
  </Obj>
  <Obj RefId="85">
    <TNRef RefId="0" />
    <MS>
      <I32 N="Day">86</I32>
      <I32 N="ActiveTableSize">850</I32>
      <I32 N="InactiveTableSize">10</I32>
      <I32 N="TotalRecords">860</I32>
      <I32 N="PercentNotExpired">100</I32>
      <B N="TableSwapOccurred">false</B>
      <Nil N="TableSwapTrigger" />
      <I32 N="RowsCopied">0</I32>
      <I32 N="NextTableSwapOnOrBefore">367</I32>
      <I32 N="OldestActiveRecord">84</I32>
      <I32 N="OldestInactiveRecord">85</I32>
      <I32 N="NewestInactiveRecord">85</I32>
    </MS>
  </Obj>
  <Obj RefId="86">
    <TNRef RefId="0" />
    <MS>
      <I32 N="Day">87</I32>
      <I32 N="ActiveTableSize">860</I32>
      <I32 N="InactiveTableSize">10</I32>
      <I32 N="TotalRecords">870</I32>
      <I32 N="PercentNotExpired">100</I32>
      <B N="TableSwapOccurred">false</B>
      <Nil N="TableSwapTrigger" />
      <I32 N="RowsCopied">0</I32>
      <I32 N="NextTableSwapOnOrBefore">367</I32>
      <I32 N="OldestActiveRecord">85</I32>
      <I32 N="OldestInactiveRecord">86</I32>
      <I32 N="NewestInactiveRecord">86</I32>
    </MS>
  </Obj>
  <Obj RefId="87">
    <TNRef RefId="0" />
    <MS>
      <I32 N="Day">88</I32>
      <I32 N="ActiveTableSize">870</I32>
      <I32 N="InactiveTableSize">10</I32>
      <I32 N="TotalRecords">880</I32>
      <I32 N="PercentNotExpired">100</I32>
      <B N="TableSwapOccurred">false</B>
      <Nil N="TableSwapTrigger" />
      <I32 N="RowsCopied">0</I32>
      <I32 N="NextTableSwapOnOrBefore">367</I32>
      <I32 N="OldestActiveRecord">86</I32>
      <I32 N="OldestInactiveRecord">87</I32>
      <I32 N="NewestInactiveRecord">87</I32>
    </MS>
  </Obj>
  <Obj RefId="88">
    <TNRef RefId="0" />
    <MS>
      <I32 N="Day">89</I32>
      <I32 N="ActiveTableSize">880</I32>
      <I32 N="InactiveTableSize">10</I32>
      <I32 N="TotalRecords">890</I32>
      <I32 N="PercentNotExpired">100</I32>
      <B N="TableSwapOccurred">false</B>
      <Nil N="TableSwapTrigger" />
      <I32 N="RowsCopied">0</I32>
      <I32 N="NextTableSwapOnOrBefore">367</I32>
      <I32 N="OldestActiveRecord">87</I32>
      <I32 N="OldestInactiveRecord">88</I32>
      <I32 N="NewestInactiveRecord">88</I32>
    </MS>
  </Obj>
  <Obj RefId="89">
    <TNRef RefId="0" />
    <MS>
      <I32 N="Day">90</I32>
      <I32 N="ActiveTableSize">890</I32>
      <I32 N="InactiveTableSize">10</I32>
      <I32 N="TotalRecords">900</I32>
      <I32 N="PercentNotExpired">100</I32>
      <B N="TableSwapOccurred">false</B>
      <Nil N="TableSwapTrigger" />
      <I32 N="RowsCopied">0</I32>
      <I32 N="NextTableSwapOnOrBefore">367</I32>
      <I32 N="OldestActiveRecord">88</I32>
      <I32 N="OldestInactiveRecord">89</I32>
      <I32 N="NewestInactiveRecord">89</I32>
    </MS>
  </Obj>
  <Obj RefId="90">
    <TNRef RefId="0" />
    <MS>
      <I32 N="Day">91</I32>
      <I32 N="ActiveTableSize">900</I32>
      <I32 N="InactiveTableSize">10</I32>
      <I32 N="TotalRecords">910</I32>
      <I32 N="PercentNotExpired">100</I32>
      <B N="TableSwapOccurred">false</B>
      <Nil N="TableSwapTrigger" />
      <I32 N="RowsCopied">0</I32>
      <I32 N="NextTableSwapOnOrBefore">367</I32>
      <I32 N="OldestActiveRecord">89</I32>
      <I32 N="OldestInactiveRecord">90</I32>
      <I32 N="NewestInactiveRecord">90</I32>
    </MS>
  </Obj>
  <Obj RefId="91">
    <TNRef RefId="0" />
    <MS>
      <I32 N="Day">92</I32>
      <I32 N="ActiveTableSize">910</I32>
      <I32 N="InactiveTableSize">10</I32>
      <I32 N="TotalRecords">920</I32>
      <I32 N="PercentNotExpired">100</I32>
      <B N="TableSwapOccurred">false</B>
      <Nil N="TableSwapTrigger" />
      <I32 N="RowsCopied">0</I32>
      <I32 N="NextTableSwapOnOrBefore">367</I32>
      <I32 N="OldestActiveRecord">90</I32>
      <I32 N="OldestInactiveRecord">91</I32>
      <I32 N="NewestInactiveRecord">91</I32>
    </MS>
  </Obj>
  <Obj RefId="92">
    <TNRef RefId="0" />
    <MS>
      <I32 N="Day">93</I32>
      <I32 N="ActiveTableSize">920</I32>
      <I32 N="InactiveTableSize">10</I32>
      <I32 N="TotalRecords">930</I32>
      <I32 N="PercentNotExpired">100</I32>
      <B N="TableSwapOccurred">false</B>
      <Nil N="TableSwapTrigger" />
      <I32 N="RowsCopied">0</I32>
      <I32 N="NextTableSwapOnOrBefore">367</I32>
      <I32 N="OldestActiveRecord">91</I32>
      <I32 N="OldestInactiveRecord">92</I32>
      <I32 N="NewestInactiveRecord">92</I32>
    </MS>
  </Obj>
  <Obj RefId="93">
    <TNRef RefId="0" />
    <MS>
      <I32 N="Day">94</I32>
      <I32 N="ActiveTableSize">930</I32>
      <I32 N="InactiveTableSize">10</I32>
      <I32 N="TotalRecords">940</I32>
      <I32 N="PercentNotExpired">100</I32>
      <B N="TableSwapOccurred">false</B>
      <Nil N="TableSwapTrigger" />
      <I32 N="RowsCopied">0</I32>
      <I32 N="NextTableSwapOnOrBefore">367</I32>
      <I32 N="OldestActiveRecord">92</I32>
      <I32 N="OldestInactiveRecord">93</I32>
      <I32 N="NewestInactiveRecord">93</I32>
    </MS>
  </Obj>
  <Obj RefId="94">
    <TNRef RefId="0" />
    <MS>
      <I32 N="Day">95</I32>
      <I32 N="ActiveTableSize">940</I32>
      <I32 N="InactiveTableSize">10</I32>
      <I32 N="TotalRecords">950</I32>
      <I32 N="PercentNotExpired">100</I32>
      <B N="TableSwapOccurred">false</B>
      <Nil N="TableSwapTrigger" />
      <I32 N="RowsCopied">0</I32>
      <I32 N="NextTableSwapOnOrBefore">367</I32>
      <I32 N="OldestActiveRecord">93</I32>
      <I32 N="OldestInactiveRecord">94</I32>
      <I32 N="NewestInactiveRecord">94</I32>
    </MS>
  </Obj>
  <Obj RefId="95">
    <TNRef RefId="0" />
    <MS>
      <I32 N="Day">96</I32>
      <I32 N="ActiveTableSize">950</I32>
      <I32 N="InactiveTableSize">10</I32>
      <I32 N="TotalRecords">960</I32>
      <I32 N="PercentNotExpired">100</I32>
      <B N="TableSwapOccurred">false</B>
      <Nil N="TableSwapTrigger" />
      <I32 N="RowsCopied">0</I32>
      <I32 N="NextTableSwapOnOrBefore">367</I32>
      <I32 N="OldestActiveRecord">94</I32>
      <I32 N="OldestInactiveRecord">95</I32>
      <I32 N="NewestInactiveRecord">95</I32>
    </MS>
  </Obj>
  <Obj RefId="96">
    <TNRef RefId="0" />
    <MS>
      <I32 N="Day">97</I32>
      <I32 N="ActiveTableSize">960</I32>
      <I32 N="InactiveTableSize">10</I32>
      <I32 N="TotalRecords">970</I32>
      <I32 N="PercentNotExpired">100</I32>
      <B N="TableSwapOccurred">false</B>
      <Nil N="TableSwapTrigger" />
      <I32 N="RowsCopied">0</I32>
      <I32 N="NextTableSwapOnOrBefore">367</I32>
      <I32 N="OldestActiveRecord">95</I32>
      <I32 N="OldestInactiveRecord">96</I32>
      <I32 N="NewestInactiveRecord">96</I32>
    </MS>
  </Obj>
  <Obj RefId="97">
    <TNRef RefId="0" />
    <MS>
      <I32 N="Day">98</I32>
      <I32 N="ActiveTableSize">970</I32>
      <I32 N="InactiveTableSize">10</I32>
      <I32 N="TotalRecords">980</I32>
      <I32 N="PercentNotExpired">100</I32>
      <B N="TableSwapOccurred">false</B>
      <Nil N="TableSwapTrigger" />
      <I32 N="RowsCopied">0</I32>
      <I32 N="NextTableSwapOnOrBefore">367</I32>
      <I32 N="OldestActiveRecord">96</I32>
      <I32 N="OldestInactiveRecord">97</I32>
      <I32 N="NewestInactiveRecord">97</I32>
    </MS>
  </Obj>
  <Obj RefId="98">
    <TNRef RefId="0" />
    <MS>
      <I32 N="Day">99</I32>
      <I32 N="ActiveTableSize">980</I32>
      <I32 N="InactiveTableSize">10</I32>
      <I32 N="TotalRecords">990</I32>
      <I32 N="PercentNotExpired">100</I32>
      <B N="TableSwapOccurred">false</B>
      <Nil N="TableSwapTrigger" />
      <I32 N="RowsCopied">0</I32>
      <I32 N="NextTableSwapOnOrBefore">367</I32>
      <I32 N="OldestActiveRecord">97</I32>
      <I32 N="OldestInactiveRecord">98</I32>
      <I32 N="NewestInactiveRecord">98</I32>
    </MS>
  </Obj>
  <Obj RefId="99">
    <TNRef RefId="0" />
    <MS>
      <I32 N="Day">100</I32>
      <I32 N="ActiveTableSize">990</I32>
      <I32 N="InactiveTableSize">10</I32>
      <I32 N="TotalRecords">1000</I32>
      <I32 N="PercentNotExpired">100</I32>
      <B N="TableSwapOccurred">false</B>
      <Nil N="TableSwapTrigger" />
      <I32 N="RowsCopied">0</I32>
      <I32 N="NextTableSwapOnOrBefore">367</I32>
      <I32 N="OldestActiveRecord">98</I32>
      <I32 N="OldestInactiveRecord">99</I32>
      <I32 N="NewestInactiveRecord">99</I32>
    </MS>
  </Obj>
  <Obj RefId="100">
    <TNRef RefId="0" />
    <MS>
      <I32 N="Day">101</I32>
      <I32 N="ActiveTableSize">1000</I32>
      <I32 N="InactiveTableSize">10</I32>
      <I32 N="TotalRecords">1010</I32>
      <I32 N="PercentNotExpired">100</I32>
      <B N="TableSwapOccurred">false</B>
      <Nil N="TableSwapTrigger" />
      <I32 N="RowsCopied">0</I32>
      <I32 N="NextTableSwapOnOrBefore">367</I32>
      <I32 N="OldestActiveRecord">99</I32>
      <I32 N="OldestInactiveRecord">100</I32>
      <I32 N="NewestInactiveRecord">100</I32>
    </MS>
  </Obj>
  <Obj RefId="101">
    <TNRef RefId="0" />
    <MS>
      <I32 N="Day">102</I32>
      <I32 N="ActiveTableSize">1010</I32>
      <I32 N="InactiveTableSize">10</I32>
      <I32 N="TotalRecords">1020</I32>
      <I32 N="PercentNotExpired">100</I32>
      <B N="TableSwapOccurred">false</B>
      <Nil N="TableSwapTrigger" />
      <I32 N="RowsCopied">0</I32>
      <I32 N="NextTableSwapOnOrBefore">367</I32>
      <I32 N="OldestActiveRecord">100</I32>
      <I32 N="OldestInactiveRecord">101</I32>
      <I32 N="NewestInactiveRecord">101</I32>
    </MS>
  </Obj>
  <Obj RefId="102">
    <TNRef RefId="0" />
    <MS>
      <I32 N="Day">103</I32>
      <I32 N="ActiveTableSize">1020</I32>
      <I32 N="InactiveTableSize">10</I32>
      <I32 N="TotalRecords">1030</I32>
      <I32 N="PercentNotExpired">100</I32>
      <B N="TableSwapOccurred">false</B>
      <Nil N="TableSwapTrigger" />
      <I32 N="RowsCopied">0</I32>
      <I32 N="NextTableSwapOnOrBefore">367</I32>
      <I32 N="OldestActiveRecord">101</I32>
      <I32 N="OldestInactiveRecord">102</I32>
      <I32 N="NewestInactiveRecord">102</I32>
    </MS>
  </Obj>
  <Obj RefId="103">
    <TNRef RefId="0" />
    <MS>
      <I32 N="Day">104</I32>
      <I32 N="ActiveTableSize">1030</I32>
      <I32 N="InactiveTableSize">10</I32>
      <I32 N="TotalRecords">1040</I32>
      <I32 N="PercentNotExpired">100</I32>
      <B N="TableSwapOccurred">false</B>
      <Nil N="TableSwapTrigger" />
      <I32 N="RowsCopied">0</I32>
      <I32 N="NextTableSwapOnOrBefore">367</I32>
      <I32 N="OldestActiveRecord">102</I32>
      <I32 N="OldestInactiveRecord">103</I32>
      <I32 N="NewestInactiveRecord">103</I32>
    </MS>
  </Obj>
  <Obj RefId="104">
    <TNRef RefId="0" />
    <MS>
      <I32 N="Day">105</I32>
      <I32 N="ActiveTableSize">1040</I32>
      <I32 N="InactiveTableSize">10</I32>
      <I32 N="TotalRecords">1050</I32>
      <I32 N="PercentNotExpired">100</I32>
      <B N="TableSwapOccurred">false</B>
      <Nil N="TableSwapTrigger" />
      <I32 N="RowsCopied">0</I32>
      <I32 N="NextTableSwapOnOrBefore">367</I32>
      <I32 N="OldestActiveRecord">103</I32>
      <I32 N="OldestInactiveRecord">104</I32>
      <I32 N="NewestInactiveRecord">104</I32>
    </MS>
  </Obj>
  <Obj RefId="105">
    <TNRef RefId="0" />
    <MS>
      <I32 N="Day">106</I32>
      <I32 N="ActiveTableSize">1050</I32>
      <I32 N="InactiveTableSize">10</I32>
      <I32 N="TotalRecords">1060</I32>
      <I32 N="PercentNotExpired">100</I32>
      <B N="TableSwapOccurred">false</B>
      <Nil N="TableSwapTrigger" />
      <I32 N="RowsCopied">0</I32>
      <I32 N="NextTableSwapOnOrBefore">367</I32>
      <I32 N="OldestActiveRecord">104</I32>
      <I32 N="OldestInactiveRecord">105</I32>
      <I32 N="NewestInactiveRecord">105</I32>
    </MS>
  </Obj>
  <Obj RefId="106">
    <TNRef RefId="0" />
    <MS>
      <I32 N="Day">107</I32>
      <I32 N="ActiveTableSize">1060</I32>
      <I32 N="InactiveTableSize">10</I32>
      <I32 N="TotalRecords">1070</I32>
      <I32 N="PercentNotExpired">100</I32>
      <B N="TableSwapOccurred">false</B>
      <Nil N="TableSwapTrigger" />
      <I32 N="RowsCopied">0</I32>
      <I32 N="NextTableSwapOnOrBefore">367</I32>
      <I32 N="OldestActiveRecord">105</I32>
      <I32 N="OldestInactiveRecord">106</I32>
      <I32 N="NewestInactiveRecord">106</I32>
    </MS>
  </Obj>
  <Obj RefId="107">
    <TNRef RefId="0" />
    <MS>
      <I32 N="Day">108</I32>
      <I32 N="ActiveTableSize">1070</I32>
      <I32 N="InactiveTableSize">10</I32>
      <I32 N="TotalRecords">1080</I32>
      <I32 N="PercentNotExpired">100</I32>
      <B N="TableSwapOccurred">false</B>
      <Nil N="TableSwapTrigger" />
      <I32 N="RowsCopied">0</I32>
      <I32 N="NextTableSwapOnOrBefore">367</I32>
      <I32 N="OldestActiveRecord">106</I32>
      <I32 N="OldestInactiveRecord">107</I32>
      <I32 N="NewestInactiveRecord">107</I32>
    </MS>
  </Obj>
  <Obj RefId="108">
    <TNRef RefId="0" />
    <MS>
      <I32 N="Day">109</I32>
      <I32 N="ActiveTableSize">1080</I32>
      <I32 N="InactiveTableSize">10</I32>
      <I32 N="TotalRecords">1090</I32>
      <I32 N="PercentNotExpired">100</I32>
      <B N="TableSwapOccurred">false</B>
      <Nil N="TableSwapTrigger" />
      <I32 N="RowsCopied">0</I32>
      <I32 N="NextTableSwapOnOrBefore">367</I32>
      <I32 N="OldestActiveRecord">107</I32>
      <I32 N="OldestInactiveRecord">108</I32>
      <I32 N="NewestInactiveRecord">108</I32>
    </MS>
  </Obj>
  <Obj RefId="109">
    <TNRef RefId="0" />
    <MS>
      <I32 N="Day">110</I32>
      <I32 N="ActiveTableSize">1090</I32>
      <I32 N="InactiveTableSize">10</I32>
      <I32 N="TotalRecords">1100</I32>
      <I32 N="PercentNotExpired">100</I32>
      <B N="TableSwapOccurred">false</B>
      <Nil N="TableSwapTrigger" />
      <I32 N="RowsCopied">0</I32>
      <I32 N="NextTableSwapOnOrBefore">367</I32>
      <I32 N="OldestActiveRecord">108</I32>
      <I32 N="OldestInactiveRecord">109</I32>
      <I32 N="NewestInactiveRecord">109</I32>
    </MS>
  </Obj>
  <Obj RefId="110">
    <TNRef RefId="0" />
    <MS>
      <I32 N="Day">111</I32>
      <I32 N="ActiveTableSize">1100</I32>
      <I32 N="InactiveTableSize">10</I32>
      <I32 N="TotalRecords">1110</I32>
      <I32 N="PercentNotExpired">100</I32>
      <B N="TableSwapOccurred">false</B>
      <Nil N="TableSwapTrigger" />
      <I32 N="RowsCopied">0</I32>
      <I32 N="NextTableSwapOnOrBefore">367</I32>
      <I32 N="OldestActiveRecord">109</I32>
      <I32 N="OldestInactiveRecord">110</I32>
      <I32 N="NewestInactiveRecord">110</I32>
    </MS>
  </Obj>
  <Obj RefId="111">
    <TNRef RefId="0" />
    <MS>
      <I32 N="Day">112</I32>
      <I32 N="ActiveTableSize">1110</I32>
      <I32 N="InactiveTableSize">10</I32>
      <I32 N="TotalRecords">1120</I32>
      <I32 N="PercentNotExpired">100</I32>
      <B N="TableSwapOccurred">false</B>
      <Nil N="TableSwapTrigger" />
      <I32 N="RowsCopied">0</I32>
      <I32 N="NextTableSwapOnOrBefore">367</I32>
      <I32 N="OldestActiveRecord">110</I32>
      <I32 N="OldestInactiveRecord">111</I32>
      <I32 N="NewestInactiveRecord">111</I32>
    </MS>
  </Obj>
  <Obj RefId="112">
    <TNRef RefId="0" />
    <MS>
      <I32 N="Day">113</I32>
      <I32 N="ActiveTableSize">1120</I32>
      <I32 N="InactiveTableSize">10</I32>
      <I32 N="TotalRecords">1130</I32>
      <I32 N="PercentNotExpired">100</I32>
      <B N="TableSwapOccurred">false</B>
      <Nil N="TableSwapTrigger" />
      <I32 N="RowsCopied">0</I32>
      <I32 N="NextTableSwapOnOrBefore">367</I32>
      <I32 N="OldestActiveRecord">111</I32>
      <I32 N="OldestInactiveRecord">112</I32>
      <I32 N="NewestInactiveRecord">112</I32>
    </MS>
  </Obj>
  <Obj RefId="113">
    <TNRef RefId="0" />
    <MS>
      <I32 N="Day">114</I32>
      <I32 N="ActiveTableSize">1130</I32>
      <I32 N="InactiveTableSize">10</I32>
      <I32 N="TotalRecords">1140</I32>
      <I32 N="PercentNotExpired">100</I32>
      <B N="TableSwapOccurred">false</B>
      <Nil N="TableSwapTrigger" />
      <I32 N="RowsCopied">0</I32>
      <I32 N="NextTableSwapOnOrBefore">367</I32>
      <I32 N="OldestActiveRecord">112</I32>
      <I32 N="OldestInactiveRecord">113</I32>
      <I32 N="NewestInactiveRecord">113</I32>
    </MS>
  </Obj>
  <Obj RefId="114">
    <TNRef RefId="0" />
    <MS>
      <I32 N="Day">115</I32>
      <I32 N="ActiveTableSize">1140</I32>
      <I32 N="InactiveTableSize">10</I32>
      <I32 N="TotalRecords">1150</I32>
      <I32 N="PercentNotExpired">100</I32>
      <B N="TableSwapOccurred">false</B>
      <Nil N="TableSwapTrigger" />
      <I32 N="RowsCopied">0</I32>
      <I32 N="NextTableSwapOnOrBefore">367</I32>
      <I32 N="OldestActiveRecord">113</I32>
      <I32 N="OldestInactiveRecord">114</I32>
      <I32 N="NewestInactiveRecord">114</I32>
    </MS>
  </Obj>
  <Obj RefId="115">
    <TNRef RefId="0" />
    <MS>
      <I32 N="Day">116</I32>
      <I32 N="ActiveTableSize">1150</I32>
      <I32 N="InactiveTableSize">10</I32>
      <I32 N="TotalRecords">1160</I32>
      <I32 N="PercentNotExpired">100</I32>
      <B N="TableSwapOccurred">false</B>
      <Nil N="TableSwapTrigger" />
      <I32 N="RowsCopied">0</I32>
      <I32 N="NextTableSwapOnOrBefore">367</I32>
      <I32 N="OldestActiveRecord">114</I32>
      <I32 N="OldestInactiveRecord">115</I32>
      <I32 N="NewestInactiveRecord">115</I32>
    </MS>
  </Obj>
  <Obj RefId="116">
    <TNRef RefId="0" />
    <MS>
      <I32 N="Day">117</I32>
      <I32 N="ActiveTableSize">1160</I32>
      <I32 N="InactiveTableSize">10</I32>
      <I32 N="TotalRecords">1170</I32>
      <I32 N="PercentNotExpired">100</I32>
      <B N="TableSwapOccurred">false</B>
      <Nil N="TableSwapTrigger" />
      <I32 N="RowsCopied">0</I32>
      <I32 N="NextTableSwapOnOrBefore">367</I32>
      <I32 N="OldestActiveRecord">115</I32>
      <I32 N="OldestInactiveRecord">116</I32>
      <I32 N="NewestInactiveRecord">116</I32>
    </MS>
  </Obj>
  <Obj RefId="117">
    <TNRef RefId="0" />
    <MS>
      <I32 N="Day">118</I32>
      <I32 N="ActiveTableSize">1170</I32>
      <I32 N="InactiveTableSize">10</I32>
      <I32 N="TotalRecords">1180</I32>
      <I32 N="PercentNotExpired">100</I32>
      <B N="TableSwapOccurred">false</B>
      <Nil N="TableSwapTrigger" />
      <I32 N="RowsCopied">0</I32>
      <I32 N="NextTableSwapOnOrBefore">367</I32>
      <I32 N="OldestActiveRecord">116</I32>
      <I32 N="OldestInactiveRecord">117</I32>
      <I32 N="NewestInactiveRecord">117</I32>
    </MS>
  </Obj>
  <Obj RefId="118">
    <TNRef RefId="0" />
    <MS>
      <I32 N="Day">119</I32>
      <I32 N="ActiveTableSize">1180</I32>
      <I32 N="InactiveTableSize">10</I32>
      <I32 N="TotalRecords">1190</I32>
      <I32 N="PercentNotExpired">100</I32>
      <B N="TableSwapOccurred">false</B>
      <Nil N="TableSwapTrigger" />
      <I32 N="RowsCopied">0</I32>
      <I32 N="NextTableSwapOnOrBefore">367</I32>
      <I32 N="OldestActiveRecord">117</I32>
      <I32 N="OldestInactiveRecord">118</I32>
      <I32 N="NewestInactiveRecord">118</I32>
    </MS>
  </Obj>
  <Obj RefId="119">
    <TNRef RefId="0" />
    <MS>
      <I32 N="Day">120</I32>
      <I32 N="ActiveTableSize">1190</I32>
      <I32 N="InactiveTableSize">10</I32>
      <I32 N="TotalRecords">1200</I32>
      <I32 N="PercentNotExpired">100</I32>
      <B N="TableSwapOccurred">false</B>
      <Nil N="TableSwapTrigger" />
      <I32 N="RowsCopied">0</I32>
      <I32 N="NextTableSwapOnOrBefore">367</I32>
      <I32 N="OldestActiveRecord">118</I32>
      <I32 N="OldestInactiveRecord">119</I32>
      <I32 N="NewestInactiveRecord">119</I32>
    </MS>
  </Obj>
  <Obj RefId="120">
    <TNRef RefId="0" />
    <MS>
      <I32 N="Day">121</I32>
      <I32 N="ActiveTableSize">1200</I32>
      <I32 N="InactiveTableSize">10</I32>
      <I32 N="TotalRecords">1210</I32>
      <I32 N="PercentNotExpired">100</I32>
      <B N="TableSwapOccurred">false</B>
      <Nil N="TableSwapTrigger" />
      <I32 N="RowsCopied">0</I32>
      <I32 N="NextTableSwapOnOrBefore">367</I32>
      <I32 N="OldestActiveRecord">119</I32>
      <I32 N="OldestInactiveRecord">120</I32>
      <I32 N="NewestInactiveRecord">120</I32>
    </MS>
  </Obj>
  <Obj RefId="121">
    <TNRef RefId="0" />
    <MS>
      <I32 N="Day">122</I32>
      <I32 N="ActiveTableSize">1210</I32>
      <I32 N="InactiveTableSize">10</I32>
      <I32 N="TotalRecords">1220</I32>
      <I32 N="PercentNotExpired">100</I32>
      <B N="TableSwapOccurred">false</B>
      <Nil N="TableSwapTrigger" />
      <I32 N="RowsCopied">0</I32>
      <I32 N="NextTableSwapOnOrBefore">367</I32>
      <I32 N="OldestActiveRecord">120</I32>
      <I32 N="OldestInactiveRecord">121</I32>
      <I32 N="NewestInactiveRecord">121</I32>
    </MS>
  </Obj>
  <Obj RefId="122">
    <TNRef RefId="0" />
    <MS>
      <I32 N="Day">123</I32>
      <I32 N="ActiveTableSize">1220</I32>
      <I32 N="InactiveTableSize">10</I32>
      <I32 N="TotalRecords">1230</I32>
      <I32 N="PercentNotExpired">100</I32>
      <B N="TableSwapOccurred">false</B>
      <Nil N="TableSwapTrigger" />
      <I32 N="RowsCopied">0</I32>
      <I32 N="NextTableSwapOnOrBefore">367</I32>
      <I32 N="OldestActiveRecord">121</I32>
      <I32 N="OldestInactiveRecord">122</I32>
      <I32 N="NewestInactiveRecord">122</I32>
    </MS>
  </Obj>
  <Obj RefId="123">
    <TNRef RefId="0" />
    <MS>
      <I32 N="Day">124</I32>
      <I32 N="ActiveTableSize">1230</I32>
      <I32 N="InactiveTableSize">10</I32>
      <I32 N="TotalRecords">1240</I32>
      <I32 N="PercentNotExpired">100</I32>
      <B N="TableSwapOccurred">false</B>
      <Nil N="TableSwapTrigger" />
      <I32 N="RowsCopied">0</I32>
      <I32 N="NextTableSwapOnOrBefore">367</I32>
      <I32 N="OldestActiveRecord">122</I32>
      <I32 N="OldestInactiveRecord">123</I32>
      <I32 N="NewestInactiveRecord">123</I32>
    </MS>
  </Obj>
  <Obj RefId="124">
    <TNRef RefId="0" />
    <MS>
      <I32 N="Day">125</I32>
      <I32 N="ActiveTableSize">1240</I32>
      <I32 N="InactiveTableSize">10</I32>
      <I32 N="TotalRecords">1250</I32>
      <I32 N="PercentNotExpired">100</I32>
      <B N="TableSwapOccurred">false</B>
      <Nil N="TableSwapTrigger" />
      <I32 N="RowsCopied">0</I32>
      <I32 N="NextTableSwapOnOrBefore">367</I32>
      <I32 N="OldestActiveRecord">123</I32>
      <I32 N="OldestInactiveRecord">124</I32>
      <I32 N="NewestInactiveRecord">124</I32>
    </MS>
  </Obj>
  <Obj RefId="125">
    <TNRef RefId="0" />
    <MS>
      <I32 N="Day">126</I32>
      <I32 N="ActiveTableSize">1250</I32>
      <I32 N="InactiveTableSize">10</I32>
      <I32 N="TotalRecords">1260</I32>
      <I32 N="PercentNotExpired">100</I32>
      <B N="TableSwapOccurred">false</B>
      <Nil N="TableSwapTrigger" />
      <I32 N="RowsCopied">0</I32>
      <I32 N="NextTableSwapOnOrBefore">367</I32>
      <I32 N="OldestActiveRecord">124</I32>
      <I32 N="OldestInactiveRecord">125</I32>
      <I32 N="NewestInactiveRecord">125</I32>
    </MS>
  </Obj>
  <Obj RefId="126">
    <TNRef RefId="0" />
    <MS>
      <I32 N="Day">127</I32>
      <I32 N="ActiveTableSize">1260</I32>
      <I32 N="InactiveTableSize">10</I32>
      <I32 N="TotalRecords">1270</I32>
      <I32 N="PercentNotExpired">100</I32>
      <B N="TableSwapOccurred">false</B>
      <Nil N="TableSwapTrigger" />
      <I32 N="RowsCopied">0</I32>
      <I32 N="NextTableSwapOnOrBefore">367</I32>
      <I32 N="OldestActiveRecord">125</I32>
      <I32 N="OldestInactiveRecord">126</I32>
      <I32 N="NewestInactiveRecord">126</I32>
    </MS>
  </Obj>
  <Obj RefId="127">
    <TNRef RefId="0" />
    <MS>
      <I32 N="Day">128</I32>
      <I32 N="ActiveTableSize">1270</I32>
      <I32 N="InactiveTableSize">10</I32>
      <I32 N="TotalRecords">1280</I32>
      <I32 N="PercentNotExpired">100</I32>
      <B N="TableSwapOccurred">false</B>
      <Nil N="TableSwapTrigger" />
      <I32 N="RowsCopied">0</I32>
      <I32 N="NextTableSwapOnOrBefore">367</I32>
      <I32 N="OldestActiveRecord">126</I32>
      <I32 N="OldestInactiveRecord">127</I32>
      <I32 N="NewestInactiveRecord">127</I32>
    </MS>
  </Obj>
  <Obj RefId="128">
    <TNRef RefId="0" />
    <MS>
      <I32 N="Day">129</I32>
      <I32 N="ActiveTableSize">1280</I32>
      <I32 N="InactiveTableSize">10</I32>
      <I32 N="TotalRecords">1290</I32>
      <I32 N="PercentNotExpired">100</I32>
      <B N="TableSwapOccurred">false</B>
      <Nil N="TableSwapTrigger" />
      <I32 N="RowsCopied">0</I32>
      <I32 N="NextTableSwapOnOrBefore">367</I32>
      <I32 N="OldestActiveRecord">127</I32>
      <I32 N="OldestInactiveRecord">128</I32>
      <I32 N="NewestInactiveRecord">128</I32>
    </MS>
  </Obj>
  <Obj RefId="129">
    <TNRef RefId="0" />
    <MS>
      <I32 N="Day">130</I32>
      <I32 N="ActiveTableSize">1290</I32>
      <I32 N="InactiveTableSize">10</I32>
      <I32 N="TotalRecords">1300</I32>
      <I32 N="PercentNotExpired">100</I32>
      <B N="TableSwapOccurred">false</B>
      <Nil N="TableSwapTrigger" />
      <I32 N="RowsCopied">0</I32>
      <I32 N="NextTableSwapOnOrBefore">367</I32>
      <I32 N="OldestActiveRecord">128</I32>
      <I32 N="OldestInactiveRecord">129</I32>
      <I32 N="NewestInactiveRecord">129</I32>
    </MS>
  </Obj>
  <Obj RefId="130">
    <TNRef RefId="0" />
    <MS>
      <I32 N="Day">131</I32>
      <I32 N="ActiveTableSize">1300</I32>
      <I32 N="InactiveTableSize">10</I32>
      <I32 N="TotalRecords">1310</I32>
      <I32 N="PercentNotExpired">100</I32>
      <B N="TableSwapOccurred">false</B>
      <Nil N="TableSwapTrigger" />
      <I32 N="RowsCopied">0</I32>
      <I32 N="NextTableSwapOnOrBefore">367</I32>
      <I32 N="OldestActiveRecord">129</I32>
      <I32 N="OldestInactiveRecord">130</I32>
      <I32 N="NewestInactiveRecord">130</I32>
    </MS>
  </Obj>
  <Obj RefId="131">
    <TNRef RefId="0" />
    <MS>
      <I32 N="Day">132</I32>
      <I32 N="ActiveTableSize">1310</I32>
      <I32 N="InactiveTableSize">10</I32>
      <I32 N="TotalRecords">1320</I32>
      <I32 N="PercentNotExpired">100</I32>
      <B N="TableSwapOccurred">false</B>
      <Nil N="TableSwapTrigger" />
      <I32 N="RowsCopied">0</I32>
      <I32 N="NextTableSwapOnOrBefore">367</I32>
      <I32 N="OldestActiveRecord">130</I32>
      <I32 N="OldestInactiveRecord">131</I32>
      <I32 N="NewestInactiveRecord">131</I32>
    </MS>
  </Obj>
  <Obj RefId="132">
    <TNRef RefId="0" />
    <MS>
      <I32 N="Day">133</I32>
      <I32 N="ActiveTableSize">1320</I32>
      <I32 N="InactiveTableSize">10</I32>
      <I32 N="TotalRecords">1330</I32>
      <I32 N="PercentNotExpired">100</I32>
      <B N="TableSwapOccurred">false</B>
      <Nil N="TableSwapTrigger" />
      <I32 N="RowsCopied">0</I32>
      <I32 N="NextTableSwapOnOrBefore">367</I32>
      <I32 N="OldestActiveRecord">131</I32>
      <I32 N="OldestInactiveRecord">132</I32>
      <I32 N="NewestInactiveRecord">132</I32>
    </MS>
  </Obj>
  <Obj RefId="133">
    <TNRef RefId="0" />
    <MS>
      <I32 N="Day">134</I32>
      <I32 N="ActiveTableSize">1330</I32>
      <I32 N="InactiveTableSize">10</I32>
      <I32 N="TotalRecords">1340</I32>
      <I32 N="PercentNotExpired">100</I32>
      <B N="TableSwapOccurred">false</B>
      <Nil N="TableSwapTrigger" />
      <I32 N="RowsCopied">0</I32>
      <I32 N="NextTableSwapOnOrBefore">367</I32>
      <I32 N="OldestActiveRecord">132</I32>
      <I32 N="OldestInactiveRecord">133</I32>
      <I32 N="NewestInactiveRecord">133</I32>
    </MS>
  </Obj>
  <Obj RefId="134">
    <TNRef RefId="0" />
    <MS>
      <I32 N="Day">135</I32>
      <I32 N="ActiveTableSize">1340</I32>
      <I32 N="InactiveTableSize">10</I32>
      <I32 N="TotalRecords">1350</I32>
      <I32 N="PercentNotExpired">100</I32>
      <B N="TableSwapOccurred">false</B>
      <Nil N="TableSwapTrigger" />
      <I32 N="RowsCopied">0</I32>
      <I32 N="NextTableSwapOnOrBefore">367</I32>
      <I32 N="OldestActiveRecord">133</I32>
      <I32 N="OldestInactiveRecord">134</I32>
      <I32 N="NewestInactiveRecord">134</I32>
    </MS>
  </Obj>
  <Obj RefId="135">
    <TNRef RefId="0" />
    <MS>
      <I32 N="Day">136</I32>
      <I32 N="ActiveTableSize">1350</I32>
      <I32 N="InactiveTableSize">10</I32>
      <I32 N="TotalRecords">1360</I32>
      <I32 N="PercentNotExpired">100</I32>
      <B N="TableSwapOccurred">false</B>
      <Nil N="TableSwapTrigger" />
      <I32 N="RowsCopied">0</I32>
      <I32 N="NextTableSwapOnOrBefore">367</I32>
      <I32 N="OldestActiveRecord">134</I32>
      <I32 N="OldestInactiveRecord">135</I32>
      <I32 N="NewestInactiveRecord">135</I32>
    </MS>
  </Obj>
  <Obj RefId="136">
    <TNRef RefId="0" />
    <MS>
      <I32 N="Day">137</I32>
      <I32 N="ActiveTableSize">1360</I32>
      <I32 N="InactiveTableSize">10</I32>
      <I32 N="TotalRecords">1370</I32>
      <I32 N="PercentNotExpired">100</I32>
      <B N="TableSwapOccurred">false</B>
      <Nil N="TableSwapTrigger" />
      <I32 N="RowsCopied">0</I32>
      <I32 N="NextTableSwapOnOrBefore">367</I32>
      <I32 N="OldestActiveRecord">135</I32>
      <I32 N="OldestInactiveRecord">136</I32>
      <I32 N="NewestInactiveRecord">136</I32>
    </MS>
  </Obj>
  <Obj RefId="137">
    <TNRef RefId="0" />
    <MS>
      <I32 N="Day">138</I32>
      <I32 N="ActiveTableSize">1370</I32>
      <I32 N="InactiveTableSize">10</I32>
      <I32 N="TotalRecords">1380</I32>
      <I32 N="PercentNotExpired">100</I32>
      <B N="TableSwapOccurred">false</B>
      <Nil N="TableSwapTrigger" />
      <I32 N="RowsCopied">0</I32>
      <I32 N="NextTableSwapOnOrBefore">367</I32>
      <I32 N="OldestActiveRecord">136</I32>
      <I32 N="OldestInactiveRecord">137</I32>
      <I32 N="NewestInactiveRecord">137</I32>
    </MS>
  </Obj>
  <Obj RefId="138">
    <TNRef RefId="0" />
    <MS>
      <I32 N="Day">139</I32>
      <I32 N="ActiveTableSize">1380</I32>
      <I32 N="InactiveTableSize">10</I32>
      <I32 N="TotalRecords">1390</I32>
      <I32 N="PercentNotExpired">100</I32>
      <B N="TableSwapOccurred">false</B>
      <Nil N="TableSwapTrigger" />
      <I32 N="RowsCopied">0</I32>
      <I32 N="NextTableSwapOnOrBefore">367</I32>
      <I32 N="OldestActiveRecord">137</I32>
      <I32 N="OldestInactiveRecord">138</I32>
      <I32 N="NewestInactiveRecord">138</I32>
    </MS>
  </Obj>
  <Obj RefId="139">
    <TNRef RefId="0" />
    <MS>
      <I32 N="Day">140</I32>
      <I32 N="ActiveTableSize">1390</I32>
      <I32 N="InactiveTableSize">10</I32>
      <I32 N="TotalRecords">1400</I32>
      <I32 N="PercentNotExpired">100</I32>
      <B N="TableSwapOccurred">false</B>
      <Nil N="TableSwapTrigger" />
      <I32 N="RowsCopied">0</I32>
      <I32 N="NextTableSwapOnOrBefore">367</I32>
      <I32 N="OldestActiveRecord">138</I32>
      <I32 N="OldestInactiveRecord">139</I32>
      <I32 N="NewestInactiveRecord">139</I32>
    </MS>
  </Obj>
  <Obj RefId="140">
    <TNRef RefId="0" />
    <MS>
      <I32 N="Day">141</I32>
      <I32 N="ActiveTableSize">1400</I32>
      <I32 N="InactiveTableSize">10</I32>
      <I32 N="TotalRecords">1410</I32>
      <I32 N="PercentNotExpired">100</I32>
      <B N="TableSwapOccurred">false</B>
      <Nil N="TableSwapTrigger" />
      <I32 N="RowsCopied">0</I32>
      <I32 N="NextTableSwapOnOrBefore">367</I32>
      <I32 N="OldestActiveRecord">139</I32>
      <I32 N="OldestInactiveRecord">140</I32>
      <I32 N="NewestInactiveRecord">140</I32>
    </MS>
  </Obj>
  <Obj RefId="141">
    <TNRef RefId="0" />
    <MS>
      <I32 N="Day">142</I32>
      <I32 N="ActiveTableSize">1410</I32>
      <I32 N="InactiveTableSize">10</I32>
      <I32 N="TotalRecords">1420</I32>
      <I32 N="PercentNotExpired">100</I32>
      <B N="TableSwapOccurred">false</B>
      <Nil N="TableSwapTrigger" />
      <I32 N="RowsCopied">0</I32>
      <I32 N="NextTableSwapOnOrBefore">367</I32>
      <I32 N="OldestActiveRecord">140</I32>
      <I32 N="OldestInactiveRecord">141</I32>
      <I32 N="NewestInactiveRecord">141</I32>
    </MS>
  </Obj>
  <Obj RefId="142">
    <TNRef RefId="0" />
    <MS>
      <I32 N="Day">143</I32>
      <I32 N="ActiveTableSize">1420</I32>
      <I32 N="InactiveTableSize">10</I32>
      <I32 N="TotalRecords">1430</I32>
      <I32 N="PercentNotExpired">100</I32>
      <B N="TableSwapOccurred">false</B>
      <Nil N="TableSwapTrigger" />
      <I32 N="RowsCopied">0</I32>
      <I32 N="NextTableSwapOnOrBefore">367</I32>
      <I32 N="OldestActiveRecord">141</I32>
      <I32 N="OldestInactiveRecord">142</I32>
      <I32 N="NewestInactiveRecord">142</I32>
    </MS>
  </Obj>
  <Obj RefId="143">
    <TNRef RefId="0" />
    <MS>
      <I32 N="Day">144</I32>
      <I32 N="ActiveTableSize">1430</I32>
      <I32 N="InactiveTableSize">10</I32>
      <I32 N="TotalRecords">1440</I32>
      <I32 N="PercentNotExpired">100</I32>
      <B N="TableSwapOccurred">false</B>
      <Nil N="TableSwapTrigger" />
      <I32 N="RowsCopied">0</I32>
      <I32 N="NextTableSwapOnOrBefore">367</I32>
      <I32 N="OldestActiveRecord">142</I32>
      <I32 N="OldestInactiveRecord">143</I32>
      <I32 N="NewestInactiveRecord">143</I32>
    </MS>
  </Obj>
  <Obj RefId="144">
    <TNRef RefId="0" />
    <MS>
      <I32 N="Day">145</I32>
      <I32 N="ActiveTableSize">1440</I32>
      <I32 N="InactiveTableSize">10</I32>
      <I32 N="TotalRecords">1450</I32>
      <I32 N="PercentNotExpired">100</I32>
      <B N="TableSwapOccurred">false</B>
      <Nil N="TableSwapTrigger" />
      <I32 N="RowsCopied">0</I32>
      <I32 N="NextTableSwapOnOrBefore">367</I32>
      <I32 N="OldestActiveRecord">143</I32>
      <I32 N="OldestInactiveRecord">144</I32>
      <I32 N="NewestInactiveRecord">144</I32>
    </MS>
  </Obj>
  <Obj RefId="145">
    <TNRef RefId="0" />
    <MS>
      <I32 N="Day">146</I32>
      <I32 N="ActiveTableSize">1450</I32>
      <I32 N="InactiveTableSize">10</I32>
      <I32 N="TotalRecords">1460</I32>
      <I32 N="PercentNotExpired">100</I32>
      <B N="TableSwapOccurred">false</B>
      <Nil N="TableSwapTrigger" />
      <I32 N="RowsCopied">0</I32>
      <I32 N="NextTableSwapOnOrBefore">367</I32>
      <I32 N="OldestActiveRecord">144</I32>
      <I32 N="OldestInactiveRecord">145</I32>
      <I32 N="NewestInactiveRecord">145</I32>
    </MS>
  </Obj>
  <Obj RefId="146">
    <TNRef RefId="0" />
    <MS>
      <I32 N="Day">147</I32>
      <I32 N="ActiveTableSize">1460</I32>
      <I32 N="InactiveTableSize">10</I32>
      <I32 N="TotalRecords">1470</I32>
      <I32 N="PercentNotExpired">100</I32>
      <B N="TableSwapOccurred">false</B>
      <Nil N="TableSwapTrigger" />
      <I32 N="RowsCopied">0</I32>
      <I32 N="NextTableSwapOnOrBefore">367</I32>
      <I32 N="OldestActiveRecord">145</I32>
      <I32 N="OldestInactiveRecord">146</I32>
      <I32 N="NewestInactiveRecord">146</I32>
    </MS>
  </Obj>
  <Obj RefId="147">
    <TNRef RefId="0" />
    <MS>
      <I32 N="Day">148</I32>
      <I32 N="ActiveTableSize">1470</I32>
      <I32 N="InactiveTableSize">10</I32>
      <I32 N="TotalRecords">1480</I32>
      <I32 N="PercentNotExpired">100</I32>
      <B N="TableSwapOccurred">false</B>
      <Nil N="TableSwapTrigger" />
      <I32 N="RowsCopied">0</I32>
      <I32 N="NextTableSwapOnOrBefore">367</I32>
      <I32 N="OldestActiveRecord">146</I32>
      <I32 N="OldestInactiveRecord">147</I32>
      <I32 N="NewestInactiveRecord">147</I32>
    </MS>
  </Obj>
  <Obj RefId="148">
    <TNRef RefId="0" />
    <MS>
      <I32 N="Day">149</I32>
      <I32 N="ActiveTableSize">1480</I32>
      <I32 N="InactiveTableSize">10</I32>
      <I32 N="TotalRecords">1490</I32>
      <I32 N="PercentNotExpired">100</I32>
      <B N="TableSwapOccurred">false</B>
      <Nil N="TableSwapTrigger" />
      <I32 N="RowsCopied">0</I32>
      <I32 N="NextTableSwapOnOrBefore">367</I32>
      <I32 N="OldestActiveRecord">147</I32>
      <I32 N="OldestInactiveRecord">148</I32>
      <I32 N="NewestInactiveRecord">148</I32>
    </MS>
  </Obj>
  <Obj RefId="149">
    <TNRef RefId="0" />
    <MS>
      <I32 N="Day">150</I32>
      <I32 N="ActiveTableSize">1490</I32>
      <I32 N="InactiveTableSize">10</I32>
      <I32 N="TotalRecords">1500</I32>
      <I32 N="PercentNotExpired">100</I32>
      <B N="TableSwapOccurred">false</B>
      <Nil N="TableSwapTrigger" />
      <I32 N="RowsCopied">0</I32>
      <I32 N="NextTableSwapOnOrBefore">367</I32>
      <I32 N="OldestActiveRecord">148</I32>
      <I32 N="OldestInactiveRecord">149</I32>
      <I32 N="NewestInactiveRecord">149</I32>
    </MS>
  </Obj>
  <Obj RefId="150">
    <TNRef RefId="0" />
    <MS>
      <I32 N="Day">151</I32>
      <I32 N="ActiveTableSize">1500</I32>
      <I32 N="InactiveTableSize">10</I32>
      <I32 N="TotalRecords">1510</I32>
      <I32 N="PercentNotExpired">100</I32>
      <B N="TableSwapOccurred">false</B>
      <Nil N="TableSwapTrigger" />
      <I32 N="RowsCopied">0</I32>
      <I32 N="NextTableSwapOnOrBefore">367</I32>
      <I32 N="OldestActiveRecord">149</I32>
      <I32 N="OldestInactiveRecord">150</I32>
      <I32 N="NewestInactiveRecord">150</I32>
    </MS>
  </Obj>
  <Obj RefId="151">
    <TNRef RefId="0" />
    <MS>
      <I32 N="Day">152</I32>
      <I32 N="ActiveTableSize">1510</I32>
      <I32 N="InactiveTableSize">10</I32>
      <I32 N="TotalRecords">1520</I32>
      <I32 N="PercentNotExpired">100</I32>
      <B N="TableSwapOccurred">false</B>
      <Nil N="TableSwapTrigger" />
      <I32 N="RowsCopied">0</I32>
      <I32 N="NextTableSwapOnOrBefore">367</I32>
      <I32 N="OldestActiveRecord">150</I32>
      <I32 N="OldestInactiveRecord">151</I32>
      <I32 N="NewestInactiveRecord">151</I32>
    </MS>
  </Obj>
  <Obj RefId="152">
    <TNRef RefId="0" />
    <MS>
      <I32 N="Day">153</I32>
      <I32 N="ActiveTableSize">1520</I32>
      <I32 N="InactiveTableSize">10</I32>
      <I32 N="TotalRecords">1530</I32>
      <I32 N="PercentNotExpired">100</I32>
      <B N="TableSwapOccurred">false</B>
      <Nil N="TableSwapTrigger" />
      <I32 N="RowsCopied">0</I32>
      <I32 N="NextTableSwapOnOrBefore">367</I32>
      <I32 N="OldestActiveRecord">151</I32>
      <I32 N="OldestInactiveRecord">152</I32>
      <I32 N="NewestInactiveRecord">152</I32>
    </MS>
  </Obj>
  <Obj RefId="153">
    <TNRef RefId="0" />
    <MS>
      <I32 N="Day">154</I32>
      <I32 N="ActiveTableSize">1530</I32>
      <I32 N="InactiveTableSize">10</I32>
      <I32 N="TotalRecords">1540</I32>
      <I32 N="PercentNotExpired">100</I32>
      <B N="TableSwapOccurred">false</B>
      <Nil N="TableSwapTrigger" />
      <I32 N="RowsCopied">0</I32>
      <I32 N="NextTableSwapOnOrBefore">367</I32>
      <I32 N="OldestActiveRecord">152</I32>
      <I32 N="OldestInactiveRecord">153</I32>
      <I32 N="NewestInactiveRecord">153</I32>
    </MS>
  </Obj>
  <Obj RefId="154">
    <TNRef RefId="0" />
    <MS>
      <I32 N="Day">155</I32>
      <I32 N="ActiveTableSize">1540</I32>
      <I32 N="InactiveTableSize">10</I32>
      <I32 N="TotalRecords">1550</I32>
      <I32 N="PercentNotExpired">100</I32>
      <B N="TableSwapOccurred">false</B>
      <Nil N="TableSwapTrigger" />
      <I32 N="RowsCopied">0</I32>
      <I32 N="NextTableSwapOnOrBefore">367</I32>
      <I32 N="OldestActiveRecord">153</I32>
      <I32 N="OldestInactiveRecord">154</I32>
      <I32 N="NewestInactiveRecord">154</I32>
    </MS>
  </Obj>
  <Obj RefId="155">
    <TNRef RefId="0" />
    <MS>
      <I32 N="Day">156</I32>
      <I32 N="ActiveTableSize">1550</I32>
      <I32 N="InactiveTableSize">10</I32>
      <I32 N="TotalRecords">1560</I32>
      <I32 N="PercentNotExpired">100</I32>
      <B N="TableSwapOccurred">false</B>
      <Nil N="TableSwapTrigger" />
      <I32 N="RowsCopied">0</I32>
      <I32 N="NextTableSwapOnOrBefore">367</I32>
      <I32 N="OldestActiveRecord">154</I32>
      <I32 N="OldestInactiveRecord">155</I32>
      <I32 N="NewestInactiveRecord">155</I32>
    </MS>
  </Obj>
  <Obj RefId="156">
    <TNRef RefId="0" />
    <MS>
      <I32 N="Day">157</I32>
      <I32 N="ActiveTableSize">1560</I32>
      <I32 N="InactiveTableSize">10</I32>
      <I32 N="TotalRecords">1570</I32>
      <I32 N="PercentNotExpired">100</I32>
      <B N="TableSwapOccurred">false</B>
      <Nil N="TableSwapTrigger" />
      <I32 N="RowsCopied">0</I32>
      <I32 N="NextTableSwapOnOrBefore">367</I32>
      <I32 N="OldestActiveRecord">155</I32>
      <I32 N="OldestInactiveRecord">156</I32>
      <I32 N="NewestInactiveRecord">156</I32>
    </MS>
  </Obj>
  <Obj RefId="157">
    <TNRef RefId="0" />
    <MS>
      <I32 N="Day">158</I32>
      <I32 N="ActiveTableSize">1570</I32>
      <I32 N="InactiveTableSize">10</I32>
      <I32 N="TotalRecords">1580</I32>
      <I32 N="PercentNotExpired">100</I32>
      <B N="TableSwapOccurred">false</B>
      <Nil N="TableSwapTrigger" />
      <I32 N="RowsCopied">0</I32>
      <I32 N="NextTableSwapOnOrBefore">367</I32>
      <I32 N="OldestActiveRecord">156</I32>
      <I32 N="OldestInactiveRecord">157</I32>
      <I32 N="NewestInactiveRecord">157</I32>
    </MS>
  </Obj>
  <Obj RefId="158">
    <TNRef RefId="0" />
    <MS>
      <I32 N="Day">159</I32>
      <I32 N="ActiveTableSize">1580</I32>
      <I32 N="InactiveTableSize">10</I32>
      <I32 N="TotalRecords">1590</I32>
      <I32 N="PercentNotExpired">100</I32>
      <B N="TableSwapOccurred">false</B>
      <Nil N="TableSwapTrigger" />
      <I32 N="RowsCopied">0</I32>
      <I32 N="NextTableSwapOnOrBefore">367</I32>
      <I32 N="OldestActiveRecord">157</I32>
      <I32 N="OldestInactiveRecord">158</I32>
      <I32 N="NewestInactiveRecord">158</I32>
    </MS>
  </Obj>
  <Obj RefId="159">
    <TNRef RefId="0" />
    <MS>
      <I32 N="Day">160</I32>
      <I32 N="ActiveTableSize">1590</I32>
      <I32 N="InactiveTableSize">10</I32>
      <I32 N="TotalRecords">1600</I32>
      <I32 N="PercentNotExpired">100</I32>
      <B N="TableSwapOccurred">false</B>
      <Nil N="TableSwapTrigger" />
      <I32 N="RowsCopied">0</I32>
      <I32 N="NextTableSwapOnOrBefore">367</I32>
      <I32 N="OldestActiveRecord">158</I32>
      <I32 N="OldestInactiveRecord">159</I32>
      <I32 N="NewestInactiveRecord">159</I32>
    </MS>
  </Obj>
  <Obj RefId="160">
    <TNRef RefId="0" />
    <MS>
      <I32 N="Day">161</I32>
      <I32 N="ActiveTableSize">1600</I32>
      <I32 N="InactiveTableSize">10</I32>
      <I32 N="TotalRecords">1610</I32>
      <I32 N="PercentNotExpired">100</I32>
      <B N="TableSwapOccurred">false</B>
      <Nil N="TableSwapTrigger" />
      <I32 N="RowsCopied">0</I32>
      <I32 N="NextTableSwapOnOrBefore">367</I32>
      <I32 N="OldestActiveRecord">159</I32>
      <I32 N="OldestInactiveRecord">160</I32>
      <I32 N="NewestInactiveRecord">160</I32>
    </MS>
  </Obj>
  <Obj RefId="161">
    <TNRef RefId="0" />
    <MS>
      <I32 N="Day">162</I32>
      <I32 N="ActiveTableSize">1610</I32>
      <I32 N="InactiveTableSize">10</I32>
      <I32 N="TotalRecords">1620</I32>
      <I32 N="PercentNotExpired">100</I32>
      <B N="TableSwapOccurred">false</B>
      <Nil N="TableSwapTrigger" />
      <I32 N="RowsCopied">0</I32>
      <I32 N="NextTableSwapOnOrBefore">367</I32>
      <I32 N="OldestActiveRecord">160</I32>
      <I32 N="OldestInactiveRecord">161</I32>
      <I32 N="NewestInactiveRecord">161</I32>
    </MS>
  </Obj>
  <Obj RefId="162">
    <TNRef RefId="0" />
    <MS>
      <I32 N="Day">163</I32>
      <I32 N="ActiveTableSize">1620</I32>
      <I32 N="InactiveTableSize">10</I32>
      <I32 N="TotalRecords">1630</I32>
      <I32 N="PercentNotExpired">100</I32>
      <B N="TableSwapOccurred">false</B>
      <Nil N="TableSwapTrigger" />
      <I32 N="RowsCopied">0</I32>
      <I32 N="NextTableSwapOnOrBefore">367</I32>
      <I32 N="OldestActiveRecord">161</I32>
      <I32 N="OldestInactiveRecord">162</I32>
      <I32 N="NewestInactiveRecord">162</I32>
    </MS>
  </Obj>
  <Obj RefId="163">
    <TNRef RefId="0" />
    <MS>
      <I32 N="Day">164</I32>
      <I32 N="ActiveTableSize">1630</I32>
      <I32 N="InactiveTableSize">10</I32>
      <I32 N="TotalRecords">1640</I32>
      <I32 N="PercentNotExpired">100</I32>
      <B N="TableSwapOccurred">false</B>
      <Nil N="TableSwapTrigger" />
      <I32 N="RowsCopied">0</I32>
      <I32 N="NextTableSwapOnOrBefore">367</I32>
      <I32 N="OldestActiveRecord">162</I32>
      <I32 N="OldestInactiveRecord">163</I32>
      <I32 N="NewestInactiveRecord">163</I32>
    </MS>
  </Obj>
  <Obj RefId="164">
    <TNRef RefId="0" />
    <MS>
      <I32 N="Day">165</I32>
      <I32 N="ActiveTableSize">1640</I32>
      <I32 N="InactiveTableSize">10</I32>
      <I32 N="TotalRecords">1650</I32>
      <I32 N="PercentNotExpired">100</I32>
      <B N="TableSwapOccurred">false</B>
      <Nil N="TableSwapTrigger" />
      <I32 N="RowsCopied">0</I32>
      <I32 N="NextTableSwapOnOrBefore">367</I32>
      <I32 N="OldestActiveRecord">163</I32>
      <I32 N="OldestInactiveRecord">164</I32>
      <I32 N="NewestInactiveRecord">164</I32>
    </MS>
  </Obj>
  <Obj RefId="165">
    <TNRef RefId="0" />
    <MS>
      <I32 N="Day">166</I32>
      <I32 N="ActiveTableSize">1650</I32>
      <I32 N="InactiveTableSize">10</I32>
      <I32 N="TotalRecords">1660</I32>
      <I32 N="PercentNotExpired">100</I32>
      <B N="TableSwapOccurred">false</B>
      <Nil N="TableSwapTrigger" />
      <I32 N="RowsCopied">0</I32>
      <I32 N="NextTableSwapOnOrBefore">367</I32>
      <I32 N="OldestActiveRecord">164</I32>
      <I32 N="OldestInactiveRecord">165</I32>
      <I32 N="NewestInactiveRecord">165</I32>
    </MS>
  </Obj>
  <Obj RefId="166">
    <TNRef RefId="0" />
    <MS>
      <I32 N="Day">167</I32>
      <I32 N="ActiveTableSize">1660</I32>
      <I32 N="InactiveTableSize">10</I32>
      <I32 N="TotalRecords">1670</I32>
      <I32 N="PercentNotExpired">100</I32>
      <B N="TableSwapOccurred">false</B>
      <Nil N="TableSwapTrigger" />
      <I32 N="RowsCopied">0</I32>
      <I32 N="NextTableSwapOnOrBefore">367</I32>
      <I32 N="OldestActiveRecord">165</I32>
      <I32 N="OldestInactiveRecord">166</I32>
      <I32 N="NewestInactiveRecord">166</I32>
    </MS>
  </Obj>
  <Obj RefId="167">
    <TNRef RefId="0" />
    <MS>
      <I32 N="Day">168</I32>
      <I32 N="ActiveTableSize">1670</I32>
      <I32 N="InactiveTableSize">10</I32>
      <I32 N="TotalRecords">1680</I32>
      <I32 N="PercentNotExpired">100</I32>
      <B N="TableSwapOccurred">false</B>
      <Nil N="TableSwapTrigger" />
      <I32 N="RowsCopied">0</I32>
      <I32 N="NextTableSwapOnOrBefore">367</I32>
      <I32 N="OldestActiveRecord">166</I32>
      <I32 N="OldestInactiveRecord">167</I32>
      <I32 N="NewestInactiveRecord">167</I32>
    </MS>
  </Obj>
  <Obj RefId="168">
    <TNRef RefId="0" />
    <MS>
      <I32 N="Day">169</I32>
      <I32 N="ActiveTableSize">1680</I32>
      <I32 N="InactiveTableSize">10</I32>
      <I32 N="TotalRecords">1690</I32>
      <I32 N="PercentNotExpired">100</I32>
      <B N="TableSwapOccurred">false</B>
      <Nil N="TableSwapTrigger" />
      <I32 N="RowsCopied">0</I32>
      <I32 N="NextTableSwapOnOrBefore">367</I32>
      <I32 N="OldestActiveRecord">167</I32>
      <I32 N="OldestInactiveRecord">168</I32>
      <I32 N="NewestInactiveRecord">168</I32>
    </MS>
  </Obj>
  <Obj RefId="169">
    <TNRef RefId="0" />
    <MS>
      <I32 N="Day">170</I32>
      <I32 N="ActiveTableSize">1690</I32>
      <I32 N="InactiveTableSize">10</I32>
      <I32 N="TotalRecords">1700</I32>
      <I32 N="PercentNotExpired">100</I32>
      <B N="TableSwapOccurred">false</B>
      <Nil N="TableSwapTrigger" />
      <I32 N="RowsCopied">0</I32>
      <I32 N="NextTableSwapOnOrBefore">367</I32>
      <I32 N="OldestActiveRecord">168</I32>
      <I32 N="OldestInactiveRecord">169</I32>
      <I32 N="NewestInactiveRecord">169</I32>
    </MS>
  </Obj>
  <Obj RefId="170">
    <TNRef RefId="0" />
    <MS>
      <I32 N="Day">171</I32>
      <I32 N="ActiveTableSize">1700</I32>
      <I32 N="InactiveTableSize">10</I32>
      <I32 N="TotalRecords">1710</I32>
      <I32 N="PercentNotExpired">100</I32>
      <B N="TableSwapOccurred">false</B>
      <Nil N="TableSwapTrigger" />
      <I32 N="RowsCopied">0</I32>
      <I32 N="NextTableSwapOnOrBefore">367</I32>
      <I32 N="OldestActiveRecord">169</I32>
      <I32 N="OldestInactiveRecord">170</I32>
      <I32 N="NewestInactiveRecord">170</I32>
    </MS>
  </Obj>
  <Obj RefId="171">
    <TNRef RefId="0" />
    <MS>
      <I32 N="Day">172</I32>
      <I32 N="ActiveTableSize">1710</I32>
      <I32 N="InactiveTableSize">10</I32>
      <I32 N="TotalRecords">1720</I32>
      <I32 N="PercentNotExpired">100</I32>
      <B N="TableSwapOccurred">false</B>
      <Nil N="TableSwapTrigger" />
      <I32 N="RowsCopied">0</I32>
      <I32 N="NextTableSwapOnOrBefore">367</I32>
      <I32 N="OldestActiveRecord">170</I32>
      <I32 N="OldestInactiveRecord">171</I32>
      <I32 N="NewestInactiveRecord">171</I32>
    </MS>
  </Obj>
  <Obj RefId="172">
    <TNRef RefId="0" />
    <MS>
      <I32 N="Day">173</I32>
      <I32 N="ActiveTableSize">1720</I32>
      <I32 N="InactiveTableSize">10</I32>
      <I32 N="TotalRecords">1730</I32>
      <I32 N="PercentNotExpired">100</I32>
      <B N="TableSwapOccurred">false</B>
      <Nil N="TableSwapTrigger" />
      <I32 N="RowsCopied">0</I32>
      <I32 N="NextTableSwapOnOrBefore">367</I32>
      <I32 N="OldestActiveRecord">171</I32>
      <I32 N="OldestInactiveRecord">172</I32>
      <I32 N="NewestInactiveRecord">172</I32>
    </MS>
  </Obj>
  <Obj RefId="173">
    <TNRef RefId="0" />
    <MS>
      <I32 N="Day">174</I32>
      <I32 N="ActiveTableSize">1730</I32>
      <I32 N="InactiveTableSize">10</I32>
      <I32 N="TotalRecords">1740</I32>
      <I32 N="PercentNotExpired">100</I32>
      <B N="TableSwapOccurred">false</B>
      <Nil N="TableSwapTrigger" />
      <I32 N="RowsCopied">0</I32>
      <I32 N="NextTableSwapOnOrBefore">367</I32>
      <I32 N="OldestActiveRecord">172</I32>
      <I32 N="OldestInactiveRecord">173</I32>
      <I32 N="NewestInactiveRecord">173</I32>
    </MS>
  </Obj>
  <Obj RefId="174">
    <TNRef RefId="0" />
    <MS>
      <I32 N="Day">175</I32>
      <I32 N="ActiveTableSize">1740</I32>
      <I32 N="InactiveTableSize">10</I32>
      <I32 N="TotalRecords">1750</I32>
      <I32 N="PercentNotExpired">100</I32>
      <B N="TableSwapOccurred">false</B>
      <Nil N="TableSwapTrigger" />
      <I32 N="RowsCopied">0</I32>
      <I32 N="NextTableSwapOnOrBefore">367</I32>
      <I32 N="OldestActiveRecord">173</I32>
      <I32 N="OldestInactiveRecord">174</I32>
      <I32 N="NewestInactiveRecord">174</I32>
    </MS>
  </Obj>
  <Obj RefId="175">
    <TNRef RefId="0" />
    <MS>
      <I32 N="Day">176</I32>
      <I32 N="ActiveTableSize">1750</I32>
      <I32 N="InactiveTableSize">10</I32>
      <I32 N="TotalRecords">1760</I32>
      <I32 N="PercentNotExpired">100</I32>
      <B N="TableSwapOccurred">false</B>
      <Nil N="TableSwapTrigger" />
      <I32 N="RowsCopied">0</I32>
      <I32 N="NextTableSwapOnOrBefore">367</I32>
      <I32 N="OldestActiveRecord">174</I32>
      <I32 N="OldestInactiveRecord">175</I32>
      <I32 N="NewestInactiveRecord">175</I32>
    </MS>
  </Obj>
  <Obj RefId="176">
    <TNRef RefId="0" />
    <MS>
      <I32 N="Day">177</I32>
      <I32 N="ActiveTableSize">1760</I32>
      <I32 N="InactiveTableSize">10</I32>
      <I32 N="TotalRecords">1770</I32>
      <I32 N="PercentNotExpired">100</I32>
      <B N="TableSwapOccurred">false</B>
      <Nil N="TableSwapTrigger" />
      <I32 N="RowsCopied">0</I32>
      <I32 N="NextTableSwapOnOrBefore">367</I32>
      <I32 N="OldestActiveRecord">175</I32>
      <I32 N="OldestInactiveRecord">176</I32>
      <I32 N="NewestInactiveRecord">176</I32>
    </MS>
  </Obj>
  <Obj RefId="177">
    <TNRef RefId="0" />
    <MS>
      <I32 N="Day">178</I32>
      <I32 N="ActiveTableSize">1770</I32>
      <I32 N="InactiveTableSize">10</I32>
      <I32 N="TotalRecords">1780</I32>
      <I32 N="PercentNotExpired">100</I32>
      <B N="TableSwapOccurred">false</B>
      <Nil N="TableSwapTrigger" />
      <I32 N="RowsCopied">0</I32>
      <I32 N="NextTableSwapOnOrBefore">367</I32>
      <I32 N="OldestActiveRecord">176</I32>
      <I32 N="OldestInactiveRecord">177</I32>
      <I32 N="NewestInactiveRecord">177</I32>
    </MS>
  </Obj>
  <Obj RefId="178">
    <TNRef RefId="0" />
    <MS>
      <I32 N="Day">179</I32>
      <I32 N="ActiveTableSize">1780</I32>
      <I32 N="InactiveTableSize">10</I32>
      <I32 N="TotalRecords">1790</I32>
      <I32 N="PercentNotExpired">100</I32>
      <B N="TableSwapOccurred">false</B>
      <Nil N="TableSwapTrigger" />
      <I32 N="RowsCopied">0</I32>
      <I32 N="NextTableSwapOnOrBefore">367</I32>
      <I32 N="OldestActiveRecord">177</I32>
      <I32 N="OldestInactiveRecord">178</I32>
      <I32 N="NewestInactiveRecord">178</I32>
    </MS>
  </Obj>
  <Obj RefId="179">
    <TNRef RefId="0" />
    <MS>
      <I32 N="Day">180</I32>
      <I32 N="ActiveTableSize">1790</I32>
      <I32 N="InactiveTableSize">10</I32>
      <I32 N="TotalRecords">1800</I32>
      <I32 N="PercentNotExpired">100</I32>
      <B N="TableSwapOccurred">false</B>
      <Nil N="TableSwapTrigger" />
      <I32 N="RowsCopied">0</I32>
      <I32 N="NextTableSwapOnOrBefore">367</I32>
      <I32 N="OldestActiveRecord">178</I32>
      <I32 N="OldestInactiveRecord">179</I32>
      <I32 N="NewestInactiveRecord">179</I32>
    </MS>
  </Obj>
  <Obj RefId="180">
    <TNRef RefId="0" />
    <MS>
      <I32 N="Day">181</I32>
      <I32 N="ActiveTableSize">1800</I32>
      <I32 N="InactiveTableSize">10</I32>
      <I32 N="TotalRecords">1810</I32>
      <I32 N="PercentNotExpired">100</I32>
      <B N="TableSwapOccurred">false</B>
      <Nil N="TableSwapTrigger" />
      <I32 N="RowsCopied">0</I32>
      <I32 N="NextTableSwapOnOrBefore">367</I32>
      <I32 N="OldestActiveRecord">179</I32>
      <I32 N="OldestInactiveRecord">180</I32>
      <I32 N="NewestInactiveRecord">180</I32>
    </MS>
  </Obj>
  <Obj RefId="181">
    <TNRef RefId="0" />
    <MS>
      <I32 N="Day">182</I32>
      <I32 N="ActiveTableSize">1810</I32>
      <I32 N="InactiveTableSize">10</I32>
      <I32 N="TotalRecords">1820</I32>
      <I32 N="PercentNotExpired">100</I32>
      <B N="TableSwapOccurred">false</B>
      <Nil N="TableSwapTrigger" />
      <I32 N="RowsCopied">0</I32>
      <I32 N="NextTableSwapOnOrBefore">367</I32>
      <I32 N="OldestActiveRecord">180</I32>
      <I32 N="OldestInactiveRecord">181</I32>
      <I32 N="NewestInactiveRecord">181</I32>
    </MS>
  </Obj>
  <Obj RefId="182">
    <TNRef RefId="0" />
    <MS>
      <I32 N="Day">183</I32>
      <I32 N="ActiveTableSize">1820</I32>
      <I32 N="InactiveTableSize">10</I32>
      <I32 N="TotalRecords">1830</I32>
      <I32 N="PercentNotExpired">100</I32>
      <B N="TableSwapOccurred">false</B>
      <Nil N="TableSwapTrigger" />
      <I32 N="RowsCopied">0</I32>
      <I32 N="NextTableSwapOnOrBefore">367</I32>
      <I32 N="OldestActiveRecord">181</I32>
      <I32 N="OldestInactiveRecord">182</I32>
      <I32 N="NewestInactiveRecord">182</I32>
    </MS>
  </Obj>
  <Obj RefId="183">
    <TNRef RefId="0" />
    <MS>
      <I32 N="Day">184</I32>
      <I32 N="ActiveTableSize">1830</I32>
      <I32 N="InactiveTableSize">10</I32>
      <I32 N="TotalRecords">1840</I32>
      <I32 N="PercentNotExpired">100</I32>
      <B N="TableSwapOccurred">false</B>
      <Nil N="TableSwapTrigger" />
      <I32 N="RowsCopied">0</I32>
      <I32 N="NextTableSwapOnOrBefore">367</I32>
      <I32 N="OldestActiveRecord">182</I32>
      <I32 N="OldestInactiveRecord">183</I32>
      <I32 N="NewestInactiveRecord">183</I32>
    </MS>
  </Obj>
  <Obj RefId="184">
    <TNRef RefId="0" />
    <MS>
      <I32 N="Day">185</I32>
      <I32 N="ActiveTableSize">1840</I32>
      <I32 N="InactiveTableSize">10</I32>
      <I32 N="TotalRecords">1850</I32>
      <I32 N="PercentNotExpired">100</I32>
      <B N="TableSwapOccurred">false</B>
      <Nil N="TableSwapTrigger" />
      <I32 N="RowsCopied">0</I32>
      <I32 N="NextTableSwapOnOrBefore">367</I32>
      <I32 N="OldestActiveRecord">183</I32>
      <I32 N="OldestInactiveRecord">184</I32>
      <I32 N="NewestInactiveRecord">184</I32>
    </MS>
  </Obj>
  <Obj RefId="185">
    <TNRef RefId="0" />
    <MS>
      <I32 N="Day">186</I32>
      <I32 N="ActiveTableSize">1850</I32>
      <I32 N="InactiveTableSize">10</I32>
      <I32 N="TotalRecords">1860</I32>
      <I32 N="PercentNotExpired">100</I32>
      <B N="TableSwapOccurred">false</B>
      <Nil N="TableSwapTrigger" />
      <I32 N="RowsCopied">0</I32>
      <I32 N="NextTableSwapOnOrBefore">367</I32>
      <I32 N="OldestActiveRecord">184</I32>
      <I32 N="OldestInactiveRecord">185</I32>
      <I32 N="NewestInactiveRecord">185</I32>
    </MS>
  </Obj>
  <Obj RefId="186">
    <TNRef RefId="0" />
    <MS>
      <I32 N="Day">187</I32>
      <I32 N="ActiveTableSize">1860</I32>
      <I32 N="InactiveTableSize">10</I32>
      <I32 N="TotalRecords">1870</I32>
      <I32 N="PercentNotExpired">100</I32>
      <B N="TableSwapOccurred">false</B>
      <Nil N="TableSwapTrigger" />
      <I32 N="RowsCopied">0</I32>
      <I32 N="NextTableSwapOnOrBefore">367</I32>
      <I32 N="OldestActiveRecord">185</I32>
      <I32 N="OldestInactiveRecord">186</I32>
      <I32 N="NewestInactiveRecord">186</I32>
    </MS>
  </Obj>
  <Obj RefId="187">
    <TNRef RefId="0" />
    <MS>
      <I32 N="Day">188</I32>
      <I32 N="ActiveTableSize">1870</I32>
      <I32 N="InactiveTableSize">10</I32>
      <I32 N="TotalRecords">1880</I32>
      <I32 N="PercentNotExpired">100</I32>
      <B N="TableSwapOccurred">false</B>
      <Nil N="TableSwapTrigger" />
      <I32 N="RowsCopied">0</I32>
      <I32 N="NextTableSwapOnOrBefore">367</I32>
      <I32 N="OldestActiveRecord">186</I32>
      <I32 N="OldestInactiveRecord">187</I32>
      <I32 N="NewestInactiveRecord">187</I32>
    </MS>
  </Obj>
  <Obj RefId="188">
    <TNRef RefId="0" />
    <MS>
      <I32 N="Day">189</I32>
      <I32 N="ActiveTableSize">1880</I32>
      <I32 N="InactiveTableSize">10</I32>
      <I32 N="TotalRecords">1890</I32>
      <I32 N="PercentNotExpired">100</I32>
      <B N="TableSwapOccurred">false</B>
      <Nil N="TableSwapTrigger" />
      <I32 N="RowsCopied">0</I32>
      <I32 N="NextTableSwapOnOrBefore">367</I32>
      <I32 N="OldestActiveRecord">187</I32>
      <I32 N="OldestInactiveRecord">188</I32>
      <I32 N="NewestInactiveRecord">188</I32>
    </MS>
  </Obj>
  <Obj RefId="189">
    <TNRef RefId="0" />
    <MS>
      <I32 N="Day">190</I32>
      <I32 N="ActiveTableSize">1890</I32>
      <I32 N="InactiveTableSize">10</I32>
      <I32 N="TotalRecords">1900</I32>
      <I32 N="PercentNotExpired">100</I32>
      <B N="TableSwapOccurred">false</B>
      <Nil N="TableSwapTrigger" />
      <I32 N="RowsCopied">0</I32>
      <I32 N="NextTableSwapOnOrBefore">367</I32>
      <I32 N="OldestActiveRecord">188</I32>
      <I32 N="OldestInactiveRecord">189</I32>
      <I32 N="NewestInactiveRecord">189</I32>
    </MS>
  </Obj>
  <Obj RefId="190">
    <TNRef RefId="0" />
    <MS>
      <I32 N="Day">191</I32>
      <I32 N="ActiveTableSize">1900</I32>
      <I32 N="InactiveTableSize">10</I32>
      <I32 N="TotalRecords">1910</I32>
      <I32 N="PercentNotExpired">100</I32>
      <B N="TableSwapOccurred">false</B>
      <Nil N="TableSwapTrigger" />
      <I32 N="RowsCopied">0</I32>
      <I32 N="NextTableSwapOnOrBefore">367</I32>
      <I32 N="OldestActiveRecord">189</I32>
      <I32 N="OldestInactiveRecord">190</I32>
      <I32 N="NewestInactiveRecord">190</I32>
    </MS>
  </Obj>
  <Obj RefId="191">
    <TNRef RefId="0" />
    <MS>
      <I32 N="Day">192</I32>
      <I32 N="ActiveTableSize">1910</I32>
      <I32 N="InactiveTableSize">10</I32>
      <I32 N="TotalRecords">1920</I32>
      <I32 N="PercentNotExpired">100</I32>
      <B N="TableSwapOccurred">false</B>
      <Nil N="TableSwapTrigger" />
      <I32 N="RowsCopied">0</I32>
      <I32 N="NextTableSwapOnOrBefore">367</I32>
      <I32 N="OldestActiveRecord">190</I32>
      <I32 N="OldestInactiveRecord">191</I32>
      <I32 N="NewestInactiveRecord">191</I32>
    </MS>
  </Obj>
  <Obj RefId="192">
    <TNRef RefId="0" />
    <MS>
      <I32 N="Day">193</I32>
      <I32 N="ActiveTableSize">1920</I32>
      <I32 N="InactiveTableSize">10</I32>
      <I32 N="TotalRecords">1930</I32>
      <I32 N="PercentNotExpired">100</I32>
      <B N="TableSwapOccurred">false</B>
      <Nil N="TableSwapTrigger" />
      <I32 N="RowsCopied">0</I32>
      <I32 N="NextTableSwapOnOrBefore">367</I32>
      <I32 N="OldestActiveRecord">191</I32>
      <I32 N="OldestInactiveRecord">192</I32>
      <I32 N="NewestInactiveRecord">192</I32>
    </MS>
  </Obj>
  <Obj RefId="193">
    <TNRef RefId="0" />
    <MS>
      <I32 N="Day">194</I32>
      <I32 N="ActiveTableSize">1930</I32>
      <I32 N="InactiveTableSize">10</I32>
      <I32 N="TotalRecords">1940</I32>
      <I32 N="PercentNotExpired">100</I32>
      <B N="TableSwapOccurred">false</B>
      <Nil N="TableSwapTrigger" />
      <I32 N="RowsCopied">0</I32>
      <I32 N="NextTableSwapOnOrBefore">367</I32>
      <I32 N="OldestActiveRecord">192</I32>
      <I32 N="OldestInactiveRecord">193</I32>
      <I32 N="NewestInactiveRecord">193</I32>
    </MS>
  </Obj>
  <Obj RefId="194">
    <TNRef RefId="0" />
    <MS>
      <I32 N="Day">195</I32>
      <I32 N="ActiveTableSize">1940</I32>
      <I32 N="InactiveTableSize">10</I32>
      <I32 N="TotalRecords">1950</I32>
      <I32 N="PercentNotExpired">100</I32>
      <B N="TableSwapOccurred">false</B>
      <Nil N="TableSwapTrigger" />
      <I32 N="RowsCopied">0</I32>
      <I32 N="NextTableSwapOnOrBefore">367</I32>
      <I32 N="OldestActiveRecord">193</I32>
      <I32 N="OldestInactiveRecord">194</I32>
      <I32 N="NewestInactiveRecord">194</I32>
    </MS>
  </Obj>
  <Obj RefId="195">
    <TNRef RefId="0" />
    <MS>
      <I32 N="Day">196</I32>
      <I32 N="ActiveTableSize">1950</I32>
      <I32 N="InactiveTableSize">10</I32>
      <I32 N="TotalRecords">1960</I32>
      <I32 N="PercentNotExpired">100</I32>
      <B N="TableSwapOccurred">false</B>
      <Nil N="TableSwapTrigger" />
      <I32 N="RowsCopied">0</I32>
      <I32 N="NextTableSwapOnOrBefore">367</I32>
      <I32 N="OldestActiveRecord">194</I32>
      <I32 N="OldestInactiveRecord">195</I32>
      <I32 N="NewestInactiveRecord">195</I32>
    </MS>
  </Obj>
  <Obj RefId="196">
    <TNRef RefId="0" />
    <MS>
      <I32 N="Day">197</I32>
      <I32 N="ActiveTableSize">1960</I32>
      <I32 N="InactiveTableSize">10</I32>
      <I32 N="TotalRecords">1970</I32>
      <I32 N="PercentNotExpired">100</I32>
      <B N="TableSwapOccurred">false</B>
      <Nil N="TableSwapTrigger" />
      <I32 N="RowsCopied">0</I32>
      <I32 N="NextTableSwapOnOrBefore">367</I32>
      <I32 N="OldestActiveRecord">195</I32>
      <I32 N="OldestInactiveRecord">196</I32>
      <I32 N="NewestInactiveRecord">196</I32>
    </MS>
  </Obj>
  <Obj RefId="197">
    <TNRef RefId="0" />
    <MS>
      <I32 N="Day">198</I32>
      <I32 N="ActiveTableSize">1970</I32>
      <I32 N="InactiveTableSize">10</I32>
      <I32 N="TotalRecords">1980</I32>
      <I32 N="PercentNotExpired">100</I32>
      <B N="TableSwapOccurred">false</B>
      <Nil N="TableSwapTrigger" />
      <I32 N="RowsCopied">0</I32>
      <I32 N="NextTableSwapOnOrBefore">367</I32>
      <I32 N="OldestActiveRecord">196</I32>
      <I32 N="OldestInactiveRecord">197</I32>
      <I32 N="NewestInactiveRecord">197</I32>
    </MS>
  </Obj>
  <Obj RefId="198">
    <TNRef RefId="0" />
    <MS>
      <I32 N="Day">199</I32>
      <I32 N="ActiveTableSize">1980</I32>
      <I32 N="InactiveTableSize">10</I32>
      <I32 N="TotalRecords">1990</I32>
      <I32 N="PercentNotExpired">100</I32>
      <B N="TableSwapOccurred">false</B>
      <Nil N="TableSwapTrigger" />
      <I32 N="RowsCopied">0</I32>
      <I32 N="NextTableSwapOnOrBefore">367</I32>
      <I32 N="OldestActiveRecord">197</I32>
      <I32 N="OldestInactiveRecord">198</I32>
      <I32 N="NewestInactiveRecord">198</I32>
    </MS>
  </Obj>
  <Obj RefId="199">
    <TNRef RefId="0" />
    <MS>
      <I32 N="Day">200</I32>
      <I32 N="ActiveTableSize">1990</I32>
      <I32 N="InactiveTableSize">10</I32>
      <I32 N="TotalRecords">2000</I32>
      <I32 N="PercentNotExpired">100</I32>
      <B N="TableSwapOccurred">false</B>
      <Nil N="TableSwapTrigger" />
      <I32 N="RowsCopied">0</I32>
      <I32 N="NextTableSwapOnOrBefore">367</I32>
      <I32 N="OldestActiveRecord">198</I32>
      <I32 N="OldestInactiveRecord">199</I32>
      <I32 N="NewestInactiveRecord">199</I32>
    </MS>
  </Obj>
  <Obj RefId="200">
    <TNRef RefId="0" />
    <MS>
      <I32 N="Day">201</I32>
      <I32 N="ActiveTableSize">2000</I32>
      <I32 N="InactiveTableSize">10</I32>
      <I32 N="TotalRecords">2010</I32>
      <I32 N="PercentNotExpired">100</I32>
      <B N="TableSwapOccurred">false</B>
      <Nil N="TableSwapTrigger" />
      <I32 N="RowsCopied">0</I32>
      <I32 N="NextTableSwapOnOrBefore">367</I32>
      <I32 N="OldestActiveRecord">199</I32>
      <I32 N="OldestInactiveRecord">200</I32>
      <I32 N="NewestInactiveRecord">200</I32>
    </MS>
  </Obj>
  <Obj RefId="201">
    <TNRef RefId="0" />
    <MS>
      <I32 N="Day">202</I32>
      <I32 N="ActiveTableSize">2010</I32>
      <I32 N="InactiveTableSize">10</I32>
      <I32 N="TotalRecords">2020</I32>
      <I32 N="PercentNotExpired">100</I32>
      <B N="TableSwapOccurred">false</B>
      <Nil N="TableSwapTrigger" />
      <I32 N="RowsCopied">0</I32>
      <I32 N="NextTableSwapOnOrBefore">367</I32>
      <I32 N="OldestActiveRecord">200</I32>
      <I32 N="OldestInactiveRecord">201</I32>
      <I32 N="NewestInactiveRecord">201</I32>
    </MS>
  </Obj>
  <Obj RefId="202">
    <TNRef RefId="0" />
    <MS>
      <I32 N="Day">203</I32>
      <I32 N="ActiveTableSize">2020</I32>
      <I32 N="InactiveTableSize">10</I32>
      <I32 N="TotalRecords">2030</I32>
      <I32 N="PercentNotExpired">100</I32>
      <B N="TableSwapOccurred">false</B>
      <Nil N="TableSwapTrigger" />
      <I32 N="RowsCopied">0</I32>
      <I32 N="NextTableSwapOnOrBefore">367</I32>
      <I32 N="OldestActiveRecord">201</I32>
      <I32 N="OldestInactiveRecord">202</I32>
      <I32 N="NewestInactiveRecord">202</I32>
    </MS>
  </Obj>
  <Obj RefId="203">
    <TNRef RefId="0" />
    <MS>
      <I32 N="Day">204</I32>
      <I32 N="ActiveTableSize">2030</I32>
      <I32 N="InactiveTableSize">10</I32>
      <I32 N="TotalRecords">2040</I32>
      <I32 N="PercentNotExpired">100</I32>
      <B N="TableSwapOccurred">false</B>
      <Nil N="TableSwapTrigger" />
      <I32 N="RowsCopied">0</I32>
      <I32 N="NextTableSwapOnOrBefore">367</I32>
      <I32 N="OldestActiveRecord">202</I32>
      <I32 N="OldestInactiveRecord">203</I32>
      <I32 N="NewestInactiveRecord">203</I32>
    </MS>
  </Obj>
  <Obj RefId="204">
    <TNRef RefId="0" />
    <MS>
      <I32 N="Day">205</I32>
      <I32 N="ActiveTableSize">2040</I32>
      <I32 N="InactiveTableSize">10</I32>
      <I32 N="TotalRecords">2050</I32>
      <I32 N="PercentNotExpired">100</I32>
      <B N="TableSwapOccurred">false</B>
      <Nil N="TableSwapTrigger" />
      <I32 N="RowsCopied">0</I32>
      <I32 N="NextTableSwapOnOrBefore">367</I32>
      <I32 N="OldestActiveRecord">203</I32>
      <I32 N="OldestInactiveRecord">204</I32>
      <I32 N="NewestInactiveRecord">204</I32>
    </MS>
  </Obj>
  <Obj RefId="205">
    <TNRef RefId="0" />
    <MS>
      <I32 N="Day">206</I32>
      <I32 N="ActiveTableSize">2050</I32>
      <I32 N="InactiveTableSize">10</I32>
      <I32 N="TotalRecords">2060</I32>
      <I32 N="PercentNotExpired">100</I32>
      <B N="TableSwapOccurred">false</B>
      <Nil N="TableSwapTrigger" />
      <I32 N="RowsCopied">0</I32>
      <I32 N="NextTableSwapOnOrBefore">367</I32>
      <I32 N="OldestActiveRecord">204</I32>
      <I32 N="OldestInactiveRecord">205</I32>
      <I32 N="NewestInactiveRecord">205</I32>
    </MS>
  </Obj>
  <Obj RefId="206">
    <TNRef RefId="0" />
    <MS>
      <I32 N="Day">207</I32>
      <I32 N="ActiveTableSize">2060</I32>
      <I32 N="InactiveTableSize">10</I32>
      <I32 N="TotalRecords">2070</I32>
      <I32 N="PercentNotExpired">100</I32>
      <B N="TableSwapOccurred">false</B>
      <Nil N="TableSwapTrigger" />
      <I32 N="RowsCopied">0</I32>
      <I32 N="NextTableSwapOnOrBefore">367</I32>
      <I32 N="OldestActiveRecord">205</I32>
      <I32 N="OldestInactiveRecord">206</I32>
      <I32 N="NewestInactiveRecord">206</I32>
    </MS>
  </Obj>
  <Obj RefId="207">
    <TNRef RefId="0" />
    <MS>
      <I32 N="Day">208</I32>
      <I32 N="ActiveTableSize">2070</I32>
      <I32 N="InactiveTableSize">10</I32>
      <I32 N="TotalRecords">2080</I32>
      <I32 N="PercentNotExpired">100</I32>
      <B N="TableSwapOccurred">false</B>
      <Nil N="TableSwapTrigger" />
      <I32 N="RowsCopied">0</I32>
      <I32 N="NextTableSwapOnOrBefore">367</I32>
      <I32 N="OldestActiveRecord">206</I32>
      <I32 N="OldestInactiveRecord">207</I32>
      <I32 N="NewestInactiveRecord">207</I32>
    </MS>
  </Obj>
  <Obj RefId="208">
    <TNRef RefId="0" />
    <MS>
      <I32 N="Day">209</I32>
      <I32 N="ActiveTableSize">2080</I32>
      <I32 N="InactiveTableSize">10</I32>
      <I32 N="TotalRecords">2090</I32>
      <I32 N="PercentNotExpired">100</I32>
      <B N="TableSwapOccurred">false</B>
      <Nil N="TableSwapTrigger" />
      <I32 N="RowsCopied">0</I32>
      <I32 N="NextTableSwapOnOrBefore">367</I32>
      <I32 N="OldestActiveRecord">207</I32>
      <I32 N="OldestInactiveRecord">208</I32>
      <I32 N="NewestInactiveRecord">208</I32>
    </MS>
  </Obj>
  <Obj RefId="209">
    <TNRef RefId="0" />
    <MS>
      <I32 N="Day">210</I32>
      <I32 N="ActiveTableSize">2090</I32>
      <I32 N="InactiveTableSize">10</I32>
      <I32 N="TotalRecords">2100</I32>
      <I32 N="PercentNotExpired">100</I32>
      <B N="TableSwapOccurred">false</B>
      <Nil N="TableSwapTrigger" />
      <I32 N="RowsCopied">0</I32>
      <I32 N="NextTableSwapOnOrBefore">367</I32>
      <I32 N="OldestActiveRecord">208</I32>
      <I32 N="OldestInactiveRecord">209</I32>
      <I32 N="NewestInactiveRecord">209</I32>
    </MS>
  </Obj>
  <Obj RefId="210">
    <TNRef RefId="0" />
    <MS>
      <I32 N="Day">211</I32>
      <I32 N="ActiveTableSize">2100</I32>
      <I32 N="InactiveTableSize">10</I32>
      <I32 N="TotalRecords">2110</I32>
      <I32 N="PercentNotExpired">100</I32>
      <B N="TableSwapOccurred">false</B>
      <Nil N="TableSwapTrigger" />
      <I32 N="RowsCopied">0</I32>
      <I32 N="NextTableSwapOnOrBefore">367</I32>
      <I32 N="OldestActiveRecord">209</I32>
      <I32 N="OldestInactiveRecord">210</I32>
      <I32 N="NewestInactiveRecord">210</I32>
    </MS>
  </Obj>
  <Obj RefId="211">
    <TNRef RefId="0" />
    <MS>
      <I32 N="Day">212</I32>
      <I32 N="ActiveTableSize">2110</I32>
      <I32 N="InactiveTableSize">10</I32>
      <I32 N="TotalRecords">2120</I32>
      <I32 N="PercentNotExpired">100</I32>
      <B N="TableSwapOccurred">false</B>
      <Nil N="TableSwapTrigger" />
      <I32 N="RowsCopied">0</I32>
      <I32 N="NextTableSwapOnOrBefore">367</I32>
      <I32 N="OldestActiveRecord">210</I32>
      <I32 N="OldestInactiveRecord">211</I32>
      <I32 N="NewestInactiveRecord">211</I32>
    </MS>
  </Obj>
  <Obj RefId="212">
    <TNRef RefId="0" />
    <MS>
      <I32 N="Day">213</I32>
      <I32 N="ActiveTableSize">2120</I32>
      <I32 N="InactiveTableSize">10</I32>
      <I32 N="TotalRecords">2130</I32>
      <I32 N="PercentNotExpired">100</I32>
      <B N="TableSwapOccurred">false</B>
      <Nil N="TableSwapTrigger" />
      <I32 N="RowsCopied">0</I32>
      <I32 N="NextTableSwapOnOrBefore">367</I32>
      <I32 N="OldestActiveRecord">211</I32>
      <I32 N="OldestInactiveRecord">212</I32>
      <I32 N="NewestInactiveRecord">212</I32>
    </MS>
  </Obj>
  <Obj RefId="213">
    <TNRef RefId="0" />
    <MS>
      <I32 N="Day">214</I32>
      <I32 N="ActiveTableSize">2130</I32>
      <I32 N="InactiveTableSize">10</I32>
      <I32 N="TotalRecords">2140</I32>
      <I32 N="PercentNotExpired">100</I32>
      <B N="TableSwapOccurred">false</B>
      <Nil N="TableSwapTrigger" />
      <I32 N="RowsCopied">0</I32>
      <I32 N="NextTableSwapOnOrBefore">367</I32>
      <I32 N="OldestActiveRecord">212</I32>
      <I32 N="OldestInactiveRecord">213</I32>
      <I32 N="NewestInactiveRecord">213</I32>
    </MS>
  </Obj>
  <Obj RefId="214">
    <TNRef RefId="0" />
    <MS>
      <I32 N="Day">215</I32>
      <I32 N="ActiveTableSize">2140</I32>
      <I32 N="InactiveTableSize">10</I32>
      <I32 N="TotalRecords">2150</I32>
      <I32 N="PercentNotExpired">100</I32>
      <B N="TableSwapOccurred">false</B>
      <Nil N="TableSwapTrigger" />
      <I32 N="RowsCopied">0</I32>
      <I32 N="NextTableSwapOnOrBefore">367</I32>
      <I32 N="OldestActiveRecord">213</I32>
      <I32 N="OldestInactiveRecord">214</I32>
      <I32 N="NewestInactiveRecord">214</I32>
    </MS>
  </Obj>
  <Obj RefId="215">
    <TNRef RefId="0" />
    <MS>
      <I32 N="Day">216</I32>
      <I32 N="ActiveTableSize">2150</I32>
      <I32 N="InactiveTableSize">10</I32>
      <I32 N="TotalRecords">2160</I32>
      <I32 N="PercentNotExpired">100</I32>
      <B N="TableSwapOccurred">false</B>
      <Nil N="TableSwapTrigger" />
      <I32 N="RowsCopied">0</I32>
      <I32 N="NextTableSwapOnOrBefore">367</I32>
      <I32 N="OldestActiveRecord">214</I32>
      <I32 N="OldestInactiveRecord">215</I32>
      <I32 N="NewestInactiveRecord">215</I32>
    </MS>
  </Obj>
  <Obj RefId="216">
    <TNRef RefId="0" />
    <MS>
      <I32 N="Day">217</I32>
      <I32 N="ActiveTableSize">2160</I32>
      <I32 N="InactiveTableSize">10</I32>
      <I32 N="TotalRecords">2170</I32>
      <I32 N="PercentNotExpired">100</I32>
      <B N="TableSwapOccurred">false</B>
      <Nil N="TableSwapTrigger" />
      <I32 N="RowsCopied">0</I32>
      <I32 N="NextTableSwapOnOrBefore">367</I32>
      <I32 N="OldestActiveRecord">215</I32>
      <I32 N="OldestInactiveRecord">216</I32>
      <I32 N="NewestInactiveRecord">216</I32>
    </MS>
  </Obj>
  <Obj RefId="217">
    <TNRef RefId="0" />
    <MS>
      <I32 N="Day">218</I32>
      <I32 N="ActiveTableSize">2170</I32>
      <I32 N="InactiveTableSize">10</I32>
      <I32 N="TotalRecords">2180</I32>
      <I32 N="PercentNotExpired">100</I32>
      <B N="TableSwapOccurred">false</B>
      <Nil N="TableSwapTrigger" />
      <I32 N="RowsCopied">0</I32>
      <I32 N="NextTableSwapOnOrBefore">367</I32>
      <I32 N="OldestActiveRecord">216</I32>
      <I32 N="OldestInactiveRecord">217</I32>
      <I32 N="NewestInactiveRecord">217</I32>
    </MS>
  </Obj>
  <Obj RefId="218">
    <TNRef RefId="0" />
    <MS>
      <I32 N="Day">219</I32>
      <I32 N="ActiveTableSize">2180</I32>
      <I32 N="InactiveTableSize">10</I32>
      <I32 N="TotalRecords">2190</I32>
      <I32 N="PercentNotExpired">100</I32>
      <B N="TableSwapOccurred">false</B>
      <Nil N="TableSwapTrigger" />
      <I32 N="RowsCopied">0</I32>
      <I32 N="NextTableSwapOnOrBefore">367</I32>
      <I32 N="OldestActiveRecord">217</I32>
      <I32 N="OldestInactiveRecord">218</I32>
      <I32 N="NewestInactiveRecord">218</I32>
    </MS>
  </Obj>
  <Obj RefId="219">
    <TNRef RefId="0" />
    <MS>
      <I32 N="Day">220</I32>
      <I32 N="ActiveTableSize">2190</I32>
      <I32 N="InactiveTableSize">10</I32>
      <I32 N="TotalRecords">2200</I32>
      <I32 N="PercentNotExpired">100</I32>
      <B N="TableSwapOccurred">false</B>
      <Nil N="TableSwapTrigger" />
      <I32 N="RowsCopied">0</I32>
      <I32 N="NextTableSwapOnOrBefore">367</I32>
      <I32 N="OldestActiveRecord">218</I32>
      <I32 N="OldestInactiveRecord">219</I32>
      <I32 N="NewestInactiveRecord">219</I32>
    </MS>
  </Obj>
  <Obj RefId="220">
    <TNRef RefId="0" />
    <MS>
      <I32 N="Day">221</I32>
      <I32 N="ActiveTableSize">2200</I32>
      <I32 N="InactiveTableSize">10</I32>
      <I32 N="TotalRecords">2210</I32>
      <I32 N="PercentNotExpired">100</I32>
      <B N="TableSwapOccurred">false</B>
      <Nil N="TableSwapTrigger" />
      <I32 N="RowsCopied">0</I32>
      <I32 N="NextTableSwapOnOrBefore">367</I32>
      <I32 N="OldestActiveRecord">219</I32>
      <I32 N="OldestInactiveRecord">220</I32>
      <I32 N="NewestInactiveRecord">220</I32>
    </MS>
  </Obj>
  <Obj RefId="221">
    <TNRef RefId="0" />
    <MS>
      <I32 N="Day">222</I32>
      <I32 N="ActiveTableSize">2210</I32>
      <I32 N="InactiveTableSize">10</I32>
      <I32 N="TotalRecords">2220</I32>
      <I32 N="PercentNotExpired">100</I32>
      <B N="TableSwapOccurred">false</B>
      <Nil N="TableSwapTrigger" />
      <I32 N="RowsCopied">0</I32>
      <I32 N="NextTableSwapOnOrBefore">367</I32>
      <I32 N="OldestActiveRecord">220</I32>
      <I32 N="OldestInactiveRecord">221</I32>
      <I32 N="NewestInactiveRecord">221</I32>
    </MS>
  </Obj>
  <Obj RefId="222">
    <TNRef RefId="0" />
    <MS>
      <I32 N="Day">223</I32>
      <I32 N="ActiveTableSize">2220</I32>
      <I32 N="InactiveTableSize">10</I32>
      <I32 N="TotalRecords">2230</I32>
      <I32 N="PercentNotExpired">100</I32>
      <B N="TableSwapOccurred">false</B>
      <Nil N="TableSwapTrigger" />
      <I32 N="RowsCopied">0</I32>
      <I32 N="NextTableSwapOnOrBefore">367</I32>
      <I32 N="OldestActiveRecord">221</I32>
      <I32 N="OldestInactiveRecord">222</I32>
      <I32 N="NewestInactiveRecord">222</I32>
    </MS>
  </Obj>
  <Obj RefId="223">
    <TNRef RefId="0" />
    <MS>
      <I32 N="Day">224</I32>
      <I32 N="ActiveTableSize">2230</I32>
      <I32 N="InactiveTableSize">10</I32>
      <I32 N="TotalRecords">2240</I32>
      <I32 N="PercentNotExpired">100</I32>
      <B N="TableSwapOccurred">false</B>
      <Nil N="TableSwapTrigger" />
      <I32 N="RowsCopied">0</I32>
      <I32 N="NextTableSwapOnOrBefore">367</I32>
      <I32 N="OldestActiveRecord">222</I32>
      <I32 N="OldestInactiveRecord">223</I32>
      <I32 N="NewestInactiveRecord">223</I32>
    </MS>
  </Obj>
  <Obj RefId="224">
    <TNRef RefId="0" />
    <MS>
      <I32 N="Day">225</I32>
      <I32 N="ActiveTableSize">2240</I32>
      <I32 N="InactiveTableSize">10</I32>
      <I32 N="TotalRecords">2250</I32>
      <I32 N="PercentNotExpired">100</I32>
      <B N="TableSwapOccurred">false</B>
      <Nil N="TableSwapTrigger" />
      <I32 N="RowsCopied">0</I32>
      <I32 N="NextTableSwapOnOrBefore">367</I32>
      <I32 N="OldestActiveRecord">223</I32>
      <I32 N="OldestInactiveRecord">224</I32>
      <I32 N="NewestInactiveRecord">224</I32>
    </MS>
  </Obj>
  <Obj RefId="225">
    <TNRef RefId="0" />
    <MS>
      <I32 N="Day">226</I32>
      <I32 N="ActiveTableSize">2250</I32>
      <I32 N="InactiveTableSize">10</I32>
      <I32 N="TotalRecords">2260</I32>
      <I32 N="PercentNotExpired">100</I32>
      <B N="TableSwapOccurred">false</B>
      <Nil N="TableSwapTrigger" />
      <I32 N="RowsCopied">0</I32>
      <I32 N="NextTableSwapOnOrBefore">367</I32>
      <I32 N="OldestActiveRecord">224</I32>
      <I32 N="OldestInactiveRecord">225</I32>
      <I32 N="NewestInactiveRecord">225</I32>
    </MS>
  </Obj>
  <Obj RefId="226">
    <TNRef RefId="0" />
    <MS>
      <I32 N="Day">227</I32>
      <I32 N="ActiveTableSize">2260</I32>
      <I32 N="InactiveTableSize">10</I32>
      <I32 N="TotalRecords">2270</I32>
      <I32 N="PercentNotExpired">100</I32>
      <B N="TableSwapOccurred">false</B>
      <Nil N="TableSwapTrigger" />
      <I32 N="RowsCopied">0</I32>
      <I32 N="NextTableSwapOnOrBefore">367</I32>
      <I32 N="OldestActiveRecord">225</I32>
      <I32 N="OldestInactiveRecord">226</I32>
      <I32 N="NewestInactiveRecord">226</I32>
    </MS>
  </Obj>
  <Obj RefId="227">
    <TNRef RefId="0" />
    <MS>
      <I32 N="Day">228</I32>
      <I32 N="ActiveTableSize">2270</I32>
      <I32 N="InactiveTableSize">10</I32>
      <I32 N="TotalRecords">2280</I32>
      <I32 N="PercentNotExpired">100</I32>
      <B N="TableSwapOccurred">false</B>
      <Nil N="TableSwapTrigger" />
      <I32 N="RowsCopied">0</I32>
      <I32 N="NextTableSwapOnOrBefore">367</I32>
      <I32 N="OldestActiveRecord">226</I32>
      <I32 N="OldestInactiveRecord">227</I32>
      <I32 N="NewestInactiveRecord">227</I32>
    </MS>
  </Obj>
  <Obj RefId="228">
    <TNRef RefId="0" />
    <MS>
      <I32 N="Day">229</I32>
      <I32 N="ActiveTableSize">2280</I32>
      <I32 N="InactiveTableSize">10</I32>
      <I32 N="TotalRecords">2290</I32>
      <I32 N="PercentNotExpired">100</I32>
      <B N="TableSwapOccurred">false</B>
      <Nil N="TableSwapTrigger" />
      <I32 N="RowsCopied">0</I32>
      <I32 N="NextTableSwapOnOrBefore">367</I32>
      <I32 N="OldestActiveRecord">227</I32>
      <I32 N="OldestInactiveRecord">228</I32>
      <I32 N="NewestInactiveRecord">228</I32>
    </MS>
  </Obj>
  <Obj RefId="229">
    <TNRef RefId="0" />
    <MS>
      <I32 N="Day">230</I32>
      <I32 N="ActiveTableSize">2290</I32>
      <I32 N="InactiveTableSize">10</I32>
      <I32 N="TotalRecords">2300</I32>
      <I32 N="PercentNotExpired">100</I32>
      <B N="TableSwapOccurred">false</B>
      <Nil N="TableSwapTrigger" />
      <I32 N="RowsCopied">0</I32>
      <I32 N="NextTableSwapOnOrBefore">367</I32>
      <I32 N="OldestActiveRecord">228</I32>
      <I32 N="OldestInactiveRecord">229</I32>
      <I32 N="NewestInactiveRecord">229</I32>
    </MS>
  </Obj>
  <Obj RefId="230">
    <TNRef RefId="0" />
    <MS>
      <I32 N="Day">231</I32>
      <I32 N="ActiveTableSize">2300</I32>
      <I32 N="InactiveTableSize">10</I32>
      <I32 N="TotalRecords">2310</I32>
      <I32 N="PercentNotExpired">100</I32>
      <B N="TableSwapOccurred">false</B>
      <Nil N="TableSwapTrigger" />
      <I32 N="RowsCopied">0</I32>
      <I32 N="NextTableSwapOnOrBefore">367</I32>
      <I32 N="OldestActiveRecord">229</I32>
      <I32 N="OldestInactiveRecord">230</I32>
      <I32 N="NewestInactiveRecord">230</I32>
    </MS>
  </Obj>
  <Obj RefId="231">
    <TNRef RefId="0" />
    <MS>
      <I32 N="Day">232</I32>
      <I32 N="ActiveTableSize">2310</I32>
      <I32 N="InactiveTableSize">10</I32>
      <I32 N="TotalRecords">2320</I32>
      <I32 N="PercentNotExpired">100</I32>
      <B N="TableSwapOccurred">false</B>
      <Nil N="TableSwapTrigger" />
      <I32 N="RowsCopied">0</I32>
      <I32 N="NextTableSwapOnOrBefore">367</I32>
      <I32 N="OldestActiveRecord">230</I32>
      <I32 N="OldestInactiveRecord">231</I32>
      <I32 N="NewestInactiveRecord">231</I32>
    </MS>
  </Obj>
  <Obj RefId="232">
    <TNRef RefId="0" />
    <MS>
      <I32 N="Day">233</I32>
      <I32 N="ActiveTableSize">2320</I32>
      <I32 N="InactiveTableSize">10</I32>
      <I32 N="TotalRecords">2330</I32>
      <I32 N="PercentNotExpired">100</I32>
      <B N="TableSwapOccurred">false</B>
      <Nil N="TableSwapTrigger" />
      <I32 N="RowsCopied">0</I32>
      <I32 N="NextTableSwapOnOrBefore">367</I32>
      <I32 N="OldestActiveRecord">231</I32>
      <I32 N="OldestInactiveRecord">232</I32>
      <I32 N="NewestInactiveRecord">232</I32>
    </MS>
  </Obj>
  <Obj RefId="233">
    <TNRef RefId="0" />
    <MS>
      <I32 N="Day">234</I32>
      <I32 N="ActiveTableSize">2330</I32>
      <I32 N="InactiveTableSize">10</I32>
      <I32 N="TotalRecords">2340</I32>
      <I32 N="PercentNotExpired">100</I32>
      <B N="TableSwapOccurred">false</B>
      <Nil N="TableSwapTrigger" />
      <I32 N="RowsCopied">0</I32>
      <I32 N="NextTableSwapOnOrBefore">367</I32>
      <I32 N="OldestActiveRecord">232</I32>
      <I32 N="OldestInactiveRecord">233</I32>
      <I32 N="NewestInactiveRecord">233</I32>
    </MS>
  </Obj>
  <Obj RefId="234">
    <TNRef RefId="0" />
    <MS>
      <I32 N="Day">235</I32>
      <I32 N="ActiveTableSize">2340</I32>
      <I32 N="InactiveTableSize">10</I32>
      <I32 N="TotalRecords">2350</I32>
      <I32 N="PercentNotExpired">100</I32>
      <B N="TableSwapOccurred">false</B>
      <Nil N="TableSwapTrigger" />
      <I32 N="RowsCopied">0</I32>
      <I32 N="NextTableSwapOnOrBefore">367</I32>
      <I32 N="OldestActiveRecord">233</I32>
      <I32 N="OldestInactiveRecord">234</I32>
      <I32 N="NewestInactiveRecord">234</I32>
    </MS>
  </Obj>
  <Obj RefId="235">
    <TNRef RefId="0" />
    <MS>
      <I32 N="Day">236</I32>
      <I32 N="ActiveTableSize">2350</I32>
      <I32 N="InactiveTableSize">10</I32>
      <I32 N="TotalRecords">2360</I32>
      <I32 N="PercentNotExpired">100</I32>
      <B N="TableSwapOccurred">false</B>
      <Nil N="TableSwapTrigger" />
      <I32 N="RowsCopied">0</I32>
      <I32 N="NextTableSwapOnOrBefore">367</I32>
      <I32 N="OldestActiveRecord">234</I32>
      <I32 N="OldestInactiveRecord">235</I32>
      <I32 N="NewestInactiveRecord">235</I32>
    </MS>
  </Obj>
  <Obj RefId="236">
    <TNRef RefId="0" />
    <MS>
      <I32 N="Day">237</I32>
      <I32 N="ActiveTableSize">2360</I32>
      <I32 N="InactiveTableSize">10</I32>
      <I32 N="TotalRecords">2370</I32>
      <I32 N="PercentNotExpired">100</I32>
      <B N="TableSwapOccurred">false</B>
      <Nil N="TableSwapTrigger" />
      <I32 N="RowsCopied">0</I32>
      <I32 N="NextTableSwapOnOrBefore">367</I32>
      <I32 N="OldestActiveRecord">235</I32>
      <I32 N="OldestInactiveRecord">236</I32>
      <I32 N="NewestInactiveRecord">236</I32>
    </MS>
  </Obj>
  <Obj RefId="237">
    <TNRef RefId="0" />
    <MS>
      <I32 N="Day">238</I32>
      <I32 N="ActiveTableSize">2370</I32>
      <I32 N="InactiveTableSize">10</I32>
      <I32 N="TotalRecords">2380</I32>
      <I32 N="PercentNotExpired">100</I32>
      <B N="TableSwapOccurred">false</B>
      <Nil N="TableSwapTrigger" />
      <I32 N="RowsCopied">0</I32>
      <I32 N="NextTableSwapOnOrBefore">367</I32>
      <I32 N="OldestActiveRecord">236</I32>
      <I32 N="OldestInactiveRecord">237</I32>
      <I32 N="NewestInactiveRecord">237</I32>
    </MS>
  </Obj>
  <Obj RefId="238">
    <TNRef RefId="0" />
    <MS>
      <I32 N="Day">239</I32>
      <I32 N="ActiveTableSize">2380</I32>
      <I32 N="InactiveTableSize">10</I32>
      <I32 N="TotalRecords">2390</I32>
      <I32 N="PercentNotExpired">100</I32>
      <B N="TableSwapOccurred">false</B>
      <Nil N="TableSwapTrigger" />
      <I32 N="RowsCopied">0</I32>
      <I32 N="NextTableSwapOnOrBefore">367</I32>
      <I32 N="OldestActiveRecord">237</I32>
      <I32 N="OldestInactiveRecord">238</I32>
      <I32 N="NewestInactiveRecord">238</I32>
    </MS>
  </Obj>
  <Obj RefId="239">
    <TNRef RefId="0" />
    <MS>
      <I32 N="Day">240</I32>
      <I32 N="ActiveTableSize">2390</I32>
      <I32 N="InactiveTableSize">10</I32>
      <I32 N="TotalRecords">2400</I32>
      <I32 N="PercentNotExpired">100</I32>
      <B N="TableSwapOccurred">false</B>
      <Nil N="TableSwapTrigger" />
      <I32 N="RowsCopied">0</I32>
      <I32 N="NextTableSwapOnOrBefore">367</I32>
      <I32 N="OldestActiveRecord">238</I32>
      <I32 N="OldestInactiveRecord">239</I32>
      <I32 N="NewestInactiveRecord">239</I32>
    </MS>
  </Obj>
  <Obj RefId="240">
    <TNRef RefId="0" />
    <MS>
      <I32 N="Day">241</I32>
      <I32 N="ActiveTableSize">2400</I32>
      <I32 N="InactiveTableSize">10</I32>
      <I32 N="TotalRecords">2410</I32>
      <I32 N="PercentNotExpired">100</I32>
      <B N="TableSwapOccurred">false</B>
      <Nil N="TableSwapTrigger" />
      <I32 N="RowsCopied">0</I32>
      <I32 N="NextTableSwapOnOrBefore">367</I32>
      <I32 N="OldestActiveRecord">239</I32>
      <I32 N="OldestInactiveRecord">240</I32>
      <I32 N="NewestInactiveRecord">240</I32>
    </MS>
  </Obj>
  <Obj RefId="241">
    <TNRef RefId="0" />
    <MS>
      <I32 N="Day">242</I32>
      <I32 N="ActiveTableSize">2410</I32>
      <I32 N="InactiveTableSize">10</I32>
      <I32 N="TotalRecords">2420</I32>
      <I32 N="PercentNotExpired">100</I32>
      <B N="TableSwapOccurred">false</B>
      <Nil N="TableSwapTrigger" />
      <I32 N="RowsCopied">0</I32>
      <I32 N="NextTableSwapOnOrBefore">367</I32>
      <I32 N="OldestActiveRecord">240</I32>
      <I32 N="OldestInactiveRecord">241</I32>
      <I32 N="NewestInactiveRecord">241</I32>
    </MS>
  </Obj>
  <Obj RefId="242">
    <TNRef RefId="0" />
    <MS>
      <I32 N="Day">243</I32>
      <I32 N="ActiveTableSize">2420</I32>
      <I32 N="InactiveTableSize">10</I32>
      <I32 N="TotalRecords">2430</I32>
      <I32 N="PercentNotExpired">100</I32>
      <B N="TableSwapOccurred">false</B>
      <Nil N="TableSwapTrigger" />
      <I32 N="RowsCopied">0</I32>
      <I32 N="NextTableSwapOnOrBefore">367</I32>
      <I32 N="OldestActiveRecord">241</I32>
      <I32 N="OldestInactiveRecord">242</I32>
      <I32 N="NewestInactiveRecord">242</I32>
    </MS>
  </Obj>
  <Obj RefId="243">
    <TNRef RefId="0" />
    <MS>
      <I32 N="Day">244</I32>
      <I32 N="ActiveTableSize">2430</I32>
      <I32 N="InactiveTableSize">10</I32>
      <I32 N="TotalRecords">2440</I32>
      <I32 N="PercentNotExpired">100</I32>
      <B N="TableSwapOccurred">false</B>
      <Nil N="TableSwapTrigger" />
      <I32 N="RowsCopied">0</I32>
      <I32 N="NextTableSwapOnOrBefore">367</I32>
      <I32 N="OldestActiveRecord">242</I32>
      <I32 N="OldestInactiveRecord">243</I32>
      <I32 N="NewestInactiveRecord">243</I32>
    </MS>
  </Obj>
  <Obj RefId="244">
    <TNRef RefId="0" />
    <MS>
      <I32 N="Day">245</I32>
      <I32 N="ActiveTableSize">2440</I32>
      <I32 N="InactiveTableSize">10</I32>
      <I32 N="TotalRecords">2450</I32>
      <I32 N="PercentNotExpired">100</I32>
      <B N="TableSwapOccurred">false</B>
      <Nil N="TableSwapTrigger" />
      <I32 N="RowsCopied">0</I32>
      <I32 N="NextTableSwapOnOrBefore">367</I32>
      <I32 N="OldestActiveRecord">243</I32>
      <I32 N="OldestInactiveRecord">244</I32>
      <I32 N="NewestInactiveRecord">244</I32>
    </MS>
  </Obj>
  <Obj RefId="245">
    <TNRef RefId="0" />
    <MS>
      <I32 N="Day">246</I32>
      <I32 N="ActiveTableSize">2450</I32>
      <I32 N="InactiveTableSize">10</I32>
      <I32 N="TotalRecords">2460</I32>
      <I32 N="PercentNotExpired">100</I32>
      <B N="TableSwapOccurred">false</B>
      <Nil N="TableSwapTrigger" />
      <I32 N="RowsCopied">0</I32>
      <I32 N="NextTableSwapOnOrBefore">367</I32>
      <I32 N="OldestActiveRecord">244</I32>
      <I32 N="OldestInactiveRecord">245</I32>
      <I32 N="NewestInactiveRecord">245</I32>
    </MS>
  </Obj>
  <Obj RefId="246">
    <TNRef RefId="0" />
    <MS>
      <I32 N="Day">247</I32>
      <I32 N="ActiveTableSize">2460</I32>
      <I32 N="InactiveTableSize">10</I32>
      <I32 N="TotalRecords">2470</I32>
      <I32 N="PercentNotExpired">100</I32>
      <B N="TableSwapOccurred">false</B>
      <Nil N="TableSwapTrigger" />
      <I32 N="RowsCopied">0</I32>
      <I32 N="NextTableSwapOnOrBefore">367</I32>
      <I32 N="OldestActiveRecord">245</I32>
      <I32 N="OldestInactiveRecord">246</I32>
      <I32 N="NewestInactiveRecord">246</I32>
    </MS>
  </Obj>
  <Obj RefId="247">
    <TNRef RefId="0" />
    <MS>
      <I32 N="Day">248</I32>
      <I32 N="ActiveTableSize">2470</I32>
      <I32 N="InactiveTableSize">10</I32>
      <I32 N="TotalRecords">2480</I32>
      <I32 N="PercentNotExpired">100</I32>
      <B N="TableSwapOccurred">false</B>
      <Nil N="TableSwapTrigger" />
      <I32 N="RowsCopied">0</I32>
      <I32 N="NextTableSwapOnOrBefore">367</I32>
      <I32 N="OldestActiveRecord">246</I32>
      <I32 N="OldestInactiveRecord">247</I32>
      <I32 N="NewestInactiveRecord">247</I32>
    </MS>
  </Obj>
  <Obj RefId="248">
    <TNRef RefId="0" />
    <MS>
      <I32 N="Day">249</I32>
      <I32 N="ActiveTableSize">2480</I32>
      <I32 N="InactiveTableSize">10</I32>
      <I32 N="TotalRecords">2490</I32>
      <I32 N="PercentNotExpired">100</I32>
      <B N="TableSwapOccurred">false</B>
      <Nil N="TableSwapTrigger" />
      <I32 N="RowsCopied">0</I32>
      <I32 N="NextTableSwapOnOrBefore">367</I32>
      <I32 N="OldestActiveRecord">247</I32>
      <I32 N="OldestInactiveRecord">248</I32>
      <I32 N="NewestInactiveRecord">248</I32>
    </MS>
  </Obj>
  <Obj RefId="249">
    <TNRef RefId="0" />
    <MS>
      <I32 N="Day">250</I32>
      <I32 N="ActiveTableSize">2490</I32>
      <I32 N="InactiveTableSize">10</I32>
      <I32 N="TotalRecords">2500</I32>
      <I32 N="PercentNotExpired">100</I32>
      <B N="TableSwapOccurred">false</B>
      <Nil N="TableSwapTrigger" />
      <I32 N="RowsCopied">0</I32>
      <I32 N="NextTableSwapOnOrBefore">367</I32>
      <I32 N="OldestActiveRecord">248</I32>
      <I32 N="OldestInactiveRecord">249</I32>
      <I32 N="NewestInactiveRecord">249</I32>
    </MS>
  </Obj>
  <Obj RefId="250">
    <TNRef RefId="0" />
    <MS>
      <I32 N="Day">251</I32>
      <I32 N="ActiveTableSize">2500</I32>
      <I32 N="InactiveTableSize">10</I32>
      <I32 N="TotalRecords">2510</I32>
      <I32 N="PercentNotExpired">100</I32>
      <B N="TableSwapOccurred">false</B>
      <Nil N="TableSwapTrigger" />
      <I32 N="RowsCopied">0</I32>
      <I32 N="NextTableSwapOnOrBefore">367</I32>
      <I32 N="OldestActiveRecord">249</I32>
      <I32 N="OldestInactiveRecord">250</I32>
      <I32 N="NewestInactiveRecord">250</I32>
    </MS>
  </Obj>
  <Obj RefId="251">
    <TNRef RefId="0" />
    <MS>
      <I32 N="Day">252</I32>
      <I32 N="ActiveTableSize">2510</I32>
      <I32 N="InactiveTableSize">10</I32>
      <I32 N="TotalRecords">2520</I32>
      <I32 N="PercentNotExpired">100</I32>
      <B N="TableSwapOccurred">false</B>
      <Nil N="TableSwapTrigger" />
      <I32 N="RowsCopied">0</I32>
      <I32 N="NextTableSwapOnOrBefore">367</I32>
      <I32 N="OldestActiveRecord">250</I32>
      <I32 N="OldestInactiveRecord">251</I32>
      <I32 N="NewestInactiveRecord">251</I32>
    </MS>
  </Obj>
  <Obj RefId="252">
    <TNRef RefId="0" />
    <MS>
      <I32 N="Day">253</I32>
      <I32 N="ActiveTableSize">2520</I32>
      <I32 N="InactiveTableSize">10</I32>
      <I32 N="TotalRecords">2530</I32>
      <I32 N="PercentNotExpired">100</I32>
      <B N="TableSwapOccurred">false</B>
      <Nil N="TableSwapTrigger" />
      <I32 N="RowsCopied">0</I32>
      <I32 N="NextTableSwapOnOrBefore">367</I32>
      <I32 N="OldestActiveRecord">251</I32>
      <I32 N="OldestInactiveRecord">252</I32>
      <I32 N="NewestInactiveRecord">252</I32>
    </MS>
  </Obj>
  <Obj RefId="253">
    <TNRef RefId="0" />
    <MS>
      <I32 N="Day">254</I32>
      <I32 N="ActiveTableSize">2530</I32>
      <I32 N="InactiveTableSize">10</I32>
      <I32 N="TotalRecords">2540</I32>
      <I32 N="PercentNotExpired">100</I32>
      <B N="TableSwapOccurred">false</B>
      <Nil N="TableSwapTrigger" />
      <I32 N="RowsCopied">0</I32>
      <I32 N="NextTableSwapOnOrBefore">367</I32>
      <I32 N="OldestActiveRecord">252</I32>
      <I32 N="OldestInactiveRecord">253</I32>
      <I32 N="NewestInactiveRecord">253</I32>
    </MS>
  </Obj>
  <Obj RefId="254">
    <TNRef RefId="0" />
    <MS>
      <I32 N="Day">255</I32>
      <I32 N="ActiveTableSize">2540</I32>
      <I32 N="InactiveTableSize">10</I32>
      <I32 N="TotalRecords">2550</I32>
      <I32 N="PercentNotExpired">100</I32>
      <B N="TableSwapOccurred">false</B>
      <Nil N="TableSwapTrigger" />
      <I32 N="RowsCopied">0</I32>
      <I32 N="NextTableSwapOnOrBefore">367</I32>
      <I32 N="OldestActiveRecord">253</I32>
      <I32 N="OldestInactiveRecord">254</I32>
      <I32 N="NewestInactiveRecord">254</I32>
    </MS>
  </Obj>
  <Obj RefId="255">
    <TNRef RefId="0" />
    <MS>
      <I32 N="Day">256</I32>
      <I32 N="ActiveTableSize">2550</I32>
      <I32 N="InactiveTableSize">10</I32>
      <I32 N="TotalRecords">2560</I32>
      <I32 N="PercentNotExpired">100</I32>
      <B N="TableSwapOccurred">false</B>
      <Nil N="TableSwapTrigger" />
      <I32 N="RowsCopied">0</I32>
      <I32 N="NextTableSwapOnOrBefore">367</I32>
      <I32 N="OldestActiveRecord">254</I32>
      <I32 N="OldestInactiveRecord">255</I32>
      <I32 N="NewestInactiveRecord">255</I32>
    </MS>
  </Obj>
  <Obj RefId="256">
    <TNRef RefId="0" />
    <MS>
      <I32 N="Day">257</I32>
      <I32 N="ActiveTableSize">2560</I32>
      <I32 N="InactiveTableSize">10</I32>
      <I32 N="TotalRecords">2570</I32>
      <I32 N="PercentNotExpired">100</I32>
      <B N="TableSwapOccurred">false</B>
      <Nil N="TableSwapTrigger" />
      <I32 N="RowsCopied">0</I32>
      <I32 N="NextTableSwapOnOrBefore">367</I32>
      <I32 N="OldestActiveRecord">255</I32>
      <I32 N="OldestInactiveRecord">256</I32>
      <I32 N="NewestInactiveRecord">256</I32>
    </MS>
  </Obj>
  <Obj RefId="257">
    <TNRef RefId="0" />
    <MS>
      <I32 N="Day">258</I32>
      <I32 N="ActiveTableSize">2570</I32>
      <I32 N="InactiveTableSize">10</I32>
      <I32 N="TotalRecords">2580</I32>
      <I32 N="PercentNotExpired">100</I32>
      <B N="TableSwapOccurred">false</B>
      <Nil N="TableSwapTrigger" />
      <I32 N="RowsCopied">0</I32>
      <I32 N="NextTableSwapOnOrBefore">367</I32>
      <I32 N="OldestActiveRecord">256</I32>
      <I32 N="OldestInactiveRecord">257</I32>
      <I32 N="NewestInactiveRecord">257</I32>
    </MS>
  </Obj>
  <Obj RefId="258">
    <TNRef RefId="0" />
    <MS>
      <I32 N="Day">259</I32>
      <I32 N="ActiveTableSize">2580</I32>
      <I32 N="InactiveTableSize">10</I32>
      <I32 N="TotalRecords">2590</I32>
      <I32 N="PercentNotExpired">100</I32>
      <B N="TableSwapOccurred">false</B>
      <Nil N="TableSwapTrigger" />
      <I32 N="RowsCopied">0</I32>
      <I32 N="NextTableSwapOnOrBefore">367</I32>
      <I32 N="OldestActiveRecord">257</I32>
      <I32 N="OldestInactiveRecord">258</I32>
      <I32 N="NewestInactiveRecord">258</I32>
    </MS>
  </Obj>
  <Obj RefId="259">
    <TNRef RefId="0" />
    <MS>
      <I32 N="Day">260</I32>
      <I32 N="ActiveTableSize">2590</I32>
      <I32 N="InactiveTableSize">10</I32>
      <I32 N="TotalRecords">2600</I32>
      <I32 N="PercentNotExpired">100</I32>
      <B N="TableSwapOccurred">false</B>
      <Nil N="TableSwapTrigger" />
      <I32 N="RowsCopied">0</I32>
      <I32 N="NextTableSwapOnOrBefore">367</I32>
      <I32 N="OldestActiveRecord">258</I32>
      <I32 N="OldestInactiveRecord">259</I32>
      <I32 N="NewestInactiveRecord">259</I32>
    </MS>
  </Obj>
  <Obj RefId="260">
    <TNRef RefId="0" />
    <MS>
      <I32 N="Day">261</I32>
      <I32 N="ActiveTableSize">2600</I32>
      <I32 N="InactiveTableSize">10</I32>
      <I32 N="TotalRecords">2610</I32>
      <I32 N="PercentNotExpired">100</I32>
      <B N="TableSwapOccurred">false</B>
      <Nil N="TableSwapTrigger" />
      <I32 N="RowsCopied">0</I32>
      <I32 N="NextTableSwapOnOrBefore">367</I32>
      <I32 N="OldestActiveRecord">259</I32>
      <I32 N="OldestInactiveRecord">260</I32>
      <I32 N="NewestInactiveRecord">260</I32>
    </MS>
  </Obj>
  <Obj RefId="261">
    <TNRef RefId="0" />
    <MS>
      <I32 N="Day">262</I32>
      <I32 N="ActiveTableSize">2610</I32>
      <I32 N="InactiveTableSize">10</I32>
      <I32 N="TotalRecords">2620</I32>
      <I32 N="PercentNotExpired">100</I32>
      <B N="TableSwapOccurred">false</B>
      <Nil N="TableSwapTrigger" />
      <I32 N="RowsCopied">0</I32>
      <I32 N="NextTableSwapOnOrBefore">367</I32>
      <I32 N="OldestActiveRecord">260</I32>
      <I32 N="OldestInactiveRecord">261</I32>
      <I32 N="NewestInactiveRecord">261</I32>
    </MS>
  </Obj>
  <Obj RefId="262">
    <TNRef RefId="0" />
    <MS>
      <I32 N="Day">263</I32>
      <I32 N="ActiveTableSize">2620</I32>
      <I32 N="InactiveTableSize">10</I32>
      <I32 N="TotalRecords">2630</I32>
      <I32 N="PercentNotExpired">100</I32>
      <B N="TableSwapOccurred">false</B>
      <Nil N="TableSwapTrigger" />
      <I32 N="RowsCopied">0</I32>
      <I32 N="NextTableSwapOnOrBefore">367</I32>
      <I32 N="OldestActiveRecord">261</I32>
      <I32 N="OldestInactiveRecord">262</I32>
      <I32 N="NewestInactiveRecord">262</I32>
    </MS>
  </Obj>
  <Obj RefId="263">
    <TNRef RefId="0" />
    <MS>
      <I32 N="Day">264</I32>
      <I32 N="ActiveTableSize">2630</I32>
      <I32 N="InactiveTableSize">10</I32>
      <I32 N="TotalRecords">2640</I32>
      <I32 N="PercentNotExpired">100</I32>
      <B N="TableSwapOccurred">false</B>
      <Nil N="TableSwapTrigger" />
      <I32 N="RowsCopied">0</I32>
      <I32 N="NextTableSwapOnOrBefore">367</I32>
      <I32 N="OldestActiveRecord">262</I32>
      <I32 N="OldestInactiveRecord">263</I32>
      <I32 N="NewestInactiveRecord">263</I32>
    </MS>
  </Obj>
  <Obj RefId="264">
    <TNRef RefId="0" />
    <MS>
      <I32 N="Day">265</I32>
      <I32 N="ActiveTableSize">2640</I32>
      <I32 N="InactiveTableSize">10</I32>
      <I32 N="TotalRecords">2650</I32>
      <I32 N="PercentNotExpired">100</I32>
      <B N="TableSwapOccurred">false</B>
      <Nil N="TableSwapTrigger" />
      <I32 N="RowsCopied">0</I32>
      <I32 N="NextTableSwapOnOrBefore">367</I32>
      <I32 N="OldestActiveRecord">263</I32>
      <I32 N="OldestInactiveRecord">264</I32>
      <I32 N="NewestInactiveRecord">264</I32>
    </MS>
  </Obj>
  <Obj RefId="265">
    <TNRef RefId="0" />
    <MS>
      <I32 N="Day">266</I32>
      <I32 N="ActiveTableSize">2650</I32>
      <I32 N="InactiveTableSize">10</I32>
      <I32 N="TotalRecords">2660</I32>
      <I32 N="PercentNotExpired">100</I32>
      <B N="TableSwapOccurred">false</B>
      <Nil N="TableSwapTrigger" />
      <I32 N="RowsCopied">0</I32>
      <I32 N="NextTableSwapOnOrBefore">367</I32>
      <I32 N="OldestActiveRecord">264</I32>
      <I32 N="OldestInactiveRecord">265</I32>
      <I32 N="NewestInactiveRecord">265</I32>
    </MS>
  </Obj>
  <Obj RefId="266">
    <TNRef RefId="0" />
    <MS>
      <I32 N="Day">267</I32>
      <I32 N="ActiveTableSize">2660</I32>
      <I32 N="InactiveTableSize">10</I32>
      <I32 N="TotalRecords">2670</I32>
      <I32 N="PercentNotExpired">100</I32>
      <B N="TableSwapOccurred">false</B>
      <Nil N="TableSwapTrigger" />
      <I32 N="RowsCopied">0</I32>
      <I32 N="NextTableSwapOnOrBefore">367</I32>
      <I32 N="OldestActiveRecord">265</I32>
      <I32 N="OldestInactiveRecord">266</I32>
      <I32 N="NewestInactiveRecord">266</I32>
    </MS>
  </Obj>
  <Obj RefId="267">
    <TNRef RefId="0" />
    <MS>
      <I32 N="Day">268</I32>
      <I32 N="ActiveTableSize">2670</I32>
      <I32 N="InactiveTableSize">10</I32>
      <I32 N="TotalRecords">2680</I32>
      <I32 N="PercentNotExpired">100</I32>
      <B N="TableSwapOccurred">false</B>
      <Nil N="TableSwapTrigger" />
      <I32 N="RowsCopied">0</I32>
      <I32 N="NextTableSwapOnOrBefore">367</I32>
      <I32 N="OldestActiveRecord">266</I32>
      <I32 N="OldestInactiveRecord">267</I32>
      <I32 N="NewestInactiveRecord">267</I32>
    </MS>
  </Obj>
  <Obj RefId="268">
    <TNRef RefId="0" />
    <MS>
      <I32 N="Day">269</I32>
      <I32 N="ActiveTableSize">2680</I32>
      <I32 N="InactiveTableSize">10</I32>
      <I32 N="TotalRecords">2690</I32>
      <I32 N="PercentNotExpired">100</I32>
      <B N="TableSwapOccurred">false</B>
      <Nil N="TableSwapTrigger" />
      <I32 N="RowsCopied">0</I32>
      <I32 N="NextTableSwapOnOrBefore">367</I32>
      <I32 N="OldestActiveRecord">267</I32>
      <I32 N="OldestInactiveRecord">268</I32>
      <I32 N="NewestInactiveRecord">268</I32>
    </MS>
  </Obj>
  <Obj RefId="269">
    <TNRef RefId="0" />
    <MS>
      <I32 N="Day">270</I32>
      <I32 N="ActiveTableSize">2690</I32>
      <I32 N="InactiveTableSize">10</I32>
      <I32 N="TotalRecords">2700</I32>
      <I32 N="PercentNotExpired">100</I32>
      <B N="TableSwapOccurred">false</B>
      <Nil N="TableSwapTrigger" />
      <I32 N="RowsCopied">0</I32>
      <I32 N="NextTableSwapOnOrBefore">367</I32>
      <I32 N="OldestActiveRecord">268</I32>
      <I32 N="OldestInactiveRecord">269</I32>
      <I32 N="NewestInactiveRecord">269</I32>
    </MS>
  </Obj>
  <Obj RefId="270">
    <TNRef RefId="0" />
    <MS>
      <I32 N="Day">271</I32>
      <I32 N="ActiveTableSize">2700</I32>
      <I32 N="InactiveTableSize">10</I32>
      <I32 N="TotalRecords">2710</I32>
      <I32 N="PercentNotExpired">100</I32>
      <B N="TableSwapOccurred">false</B>
      <Nil N="TableSwapTrigger" />
      <I32 N="RowsCopied">0</I32>
      <I32 N="NextTableSwapOnOrBefore">367</I32>
      <I32 N="OldestActiveRecord">269</I32>
      <I32 N="OldestInactiveRecord">270</I32>
      <I32 N="NewestInactiveRecord">270</I32>
    </MS>
  </Obj>
  <Obj RefId="271">
    <TNRef RefId="0" />
    <MS>
      <I32 N="Day">272</I32>
      <I32 N="ActiveTableSize">2710</I32>
      <I32 N="InactiveTableSize">10</I32>
      <I32 N="TotalRecords">2720</I32>
      <I32 N="PercentNotExpired">100</I32>
      <B N="TableSwapOccurred">false</B>
      <Nil N="TableSwapTrigger" />
      <I32 N="RowsCopied">0</I32>
      <I32 N="NextTableSwapOnOrBefore">367</I32>
      <I32 N="OldestActiveRecord">270</I32>
      <I32 N="OldestInactiveRecord">271</I32>
      <I32 N="NewestInactiveRecord">271</I32>
    </MS>
  </Obj>
  <Obj RefId="272">
    <TNRef RefId="0" />
    <MS>
      <I32 N="Day">273</I32>
      <I32 N="ActiveTableSize">2720</I32>
      <I32 N="InactiveTableSize">10</I32>
      <I32 N="TotalRecords">2730</I32>
      <I32 N="PercentNotExpired">100</I32>
      <B N="TableSwapOccurred">false</B>
      <Nil N="TableSwapTrigger" />
      <I32 N="RowsCopied">0</I32>
      <I32 N="NextTableSwapOnOrBefore">367</I32>
      <I32 N="OldestActiveRecord">271</I32>
      <I32 N="OldestInactiveRecord">272</I32>
      <I32 N="NewestInactiveRecord">272</I32>
    </MS>
  </Obj>
  <Obj RefId="273">
    <TNRef RefId="0" />
    <MS>
      <I32 N="Day">274</I32>
      <I32 N="ActiveTableSize">2730</I32>
      <I32 N="InactiveTableSize">10</I32>
      <I32 N="TotalRecords">2740</I32>
      <I32 N="PercentNotExpired">100</I32>
      <B N="TableSwapOccurred">false</B>
      <Nil N="TableSwapTrigger" />
      <I32 N="RowsCopied">0</I32>
      <I32 N="NextTableSwapOnOrBefore">367</I32>
      <I32 N="OldestActiveRecord">272</I32>
      <I32 N="OldestInactiveRecord">273</I32>
      <I32 N="NewestInactiveRecord">273</I32>
    </MS>
  </Obj>
  <Obj RefId="274">
    <TNRef RefId="0" />
    <MS>
      <I32 N="Day">275</I32>
      <I32 N="ActiveTableSize">2740</I32>
      <I32 N="InactiveTableSize">10</I32>
      <I32 N="TotalRecords">2750</I32>
      <I32 N="PercentNotExpired">100</I32>
      <B N="TableSwapOccurred">false</B>
      <Nil N="TableSwapTrigger" />
      <I32 N="RowsCopied">0</I32>
      <I32 N="NextTableSwapOnOrBefore">367</I32>
      <I32 N="OldestActiveRecord">273</I32>
      <I32 N="OldestInactiveRecord">274</I32>
      <I32 N="NewestInactiveRecord">274</I32>
    </MS>
  </Obj>
  <Obj RefId="275">
    <TNRef RefId="0" />
    <MS>
      <I32 N="Day">276</I32>
      <I32 N="ActiveTableSize">2750</I32>
      <I32 N="InactiveTableSize">10</I32>
      <I32 N="TotalRecords">2760</I32>
      <I32 N="PercentNotExpired">100</I32>
      <B N="TableSwapOccurred">false</B>
      <Nil N="TableSwapTrigger" />
      <I32 N="RowsCopied">0</I32>
      <I32 N="NextTableSwapOnOrBefore">367</I32>
      <I32 N="OldestActiveRecord">274</I32>
      <I32 N="OldestInactiveRecord">275</I32>
      <I32 N="NewestInactiveRecord">275</I32>
    </MS>
  </Obj>
  <Obj RefId="276">
    <TNRef RefId="0" />
    <MS>
      <I32 N="Day">277</I32>
      <I32 N="ActiveTableSize">2760</I32>
      <I32 N="InactiveTableSize">10</I32>
      <I32 N="TotalRecords">2770</I32>
      <I32 N="PercentNotExpired">100</I32>
      <B N="TableSwapOccurred">false</B>
      <Nil N="TableSwapTrigger" />
      <I32 N="RowsCopied">0</I32>
      <I32 N="NextTableSwapOnOrBefore">367</I32>
      <I32 N="OldestActiveRecord">275</I32>
      <I32 N="OldestInactiveRecord">276</I32>
      <I32 N="NewestInactiveRecord">276</I32>
    </MS>
  </Obj>
  <Obj RefId="277">
    <TNRef RefId="0" />
    <MS>
      <I32 N="Day">278</I32>
      <I32 N="ActiveTableSize">2770</I32>
      <I32 N="InactiveTableSize">10</I32>
      <I32 N="TotalRecords">2780</I32>
      <I32 N="PercentNotExpired">100</I32>
      <B N="TableSwapOccurred">false</B>
      <Nil N="TableSwapTrigger" />
      <I32 N="RowsCopied">0</I32>
      <I32 N="NextTableSwapOnOrBefore">367</I32>
      <I32 N="OldestActiveRecord">276</I32>
      <I32 N="OldestInactiveRecord">277</I32>
      <I32 N="NewestInactiveRecord">277</I32>
    </MS>
  </Obj>
  <Obj RefId="278">
    <TNRef RefId="0" />
    <MS>
      <I32 N="Day">279</I32>
      <I32 N="ActiveTableSize">2780</I32>
      <I32 N="InactiveTableSize">10</I32>
      <I32 N="TotalRecords">2790</I32>
      <I32 N="PercentNotExpired">100</I32>
      <B N="TableSwapOccurred">false</B>
      <Nil N="TableSwapTrigger" />
      <I32 N="RowsCopied">0</I32>
      <I32 N="NextTableSwapOnOrBefore">367</I32>
      <I32 N="OldestActiveRecord">277</I32>
      <I32 N="OldestInactiveRecord">278</I32>
      <I32 N="NewestInactiveRecord">278</I32>
    </MS>
  </Obj>
  <Obj RefId="279">
    <TNRef RefId="0" />
    <MS>
      <I32 N="Day">280</I32>
      <I32 N="ActiveTableSize">2790</I32>
      <I32 N="InactiveTableSize">10</I32>
      <I32 N="TotalRecords">2800</I32>
      <I32 N="PercentNotExpired">100</I32>
      <B N="TableSwapOccurred">false</B>
      <Nil N="TableSwapTrigger" />
      <I32 N="RowsCopied">0</I32>
      <I32 N="NextTableSwapOnOrBefore">367</I32>
      <I32 N="OldestActiveRecord">278</I32>
      <I32 N="OldestInactiveRecord">279</I32>
      <I32 N="NewestInactiveRecord">279</I32>
    </MS>
  </Obj>
  <Obj RefId="280">
    <TNRef RefId="0" />
    <MS>
      <I32 N="Day">281</I32>
      <I32 N="ActiveTableSize">2800</I32>
      <I32 N="InactiveTableSize">10</I32>
      <I32 N="TotalRecords">2810</I32>
      <I32 N="PercentNotExpired">100</I32>
      <B N="TableSwapOccurred">false</B>
      <Nil N="TableSwapTrigger" />
      <I32 N="RowsCopied">0</I32>
      <I32 N="NextTableSwapOnOrBefore">367</I32>
      <I32 N="OldestActiveRecord">279</I32>
      <I32 N="OldestInactiveRecord">280</I32>
      <I32 N="NewestInactiveRecord">280</I32>
    </MS>
  </Obj>
  <Obj RefId="281">
    <TNRef RefId="0" />
    <MS>
      <I32 N="Day">282</I32>
      <I32 N="ActiveTableSize">2810</I32>
      <I32 N="InactiveTableSize">10</I32>
      <I32 N="TotalRecords">2820</I32>
      <I32 N="PercentNotExpired">100</I32>
      <B N="TableSwapOccurred">false</B>
      <Nil N="TableSwapTrigger" />
      <I32 N="RowsCopied">0</I32>
      <I32 N="NextTableSwapOnOrBefore">367</I32>
      <I32 N="OldestActiveRecord">280</I32>
      <I32 N="OldestInactiveRecord">281</I32>
      <I32 N="NewestInactiveRecord">281</I32>
    </MS>
  </Obj>
  <Obj RefId="282">
    <TNRef RefId="0" />
    <MS>
      <I32 N="Day">283</I32>
      <I32 N="ActiveTableSize">2820</I32>
      <I32 N="InactiveTableSize">10</I32>
      <I32 N="TotalRecords">2830</I32>
      <I32 N="PercentNotExpired">100</I32>
      <B N="TableSwapOccurred">false</B>
      <Nil N="TableSwapTrigger" />
      <I32 N="RowsCopied">0</I32>
      <I32 N="NextTableSwapOnOrBefore">367</I32>
      <I32 N="OldestActiveRecord">281</I32>
      <I32 N="OldestInactiveRecord">282</I32>
      <I32 N="NewestInactiveRecord">282</I32>
    </MS>
  </Obj>
  <Obj RefId="283">
    <TNRef RefId="0" />
    <MS>
      <I32 N="Day">284</I32>
      <I32 N="ActiveTableSize">2830</I32>
      <I32 N="InactiveTableSize">10</I32>
      <I32 N="TotalRecords">2840</I32>
      <I32 N="PercentNotExpired">100</I32>
      <B N="TableSwapOccurred">false</B>
      <Nil N="TableSwapTrigger" />
      <I32 N="RowsCopied">0</I32>
      <I32 N="NextTableSwapOnOrBefore">367</I32>
      <I32 N="OldestActiveRecord">282</I32>
      <I32 N="OldestInactiveRecord">283</I32>
      <I32 N="NewestInactiveRecord">283</I32>
    </MS>
  </Obj>
  <Obj RefId="284">
    <TNRef RefId="0" />
    <MS>
      <I32 N="Day">285</I32>
      <I32 N="ActiveTableSize">2840</I32>
      <I32 N="InactiveTableSize">10</I32>
      <I32 N="TotalRecords">2850</I32>
      <I32 N="PercentNotExpired">100</I32>
      <B N="TableSwapOccurred">false</B>
      <Nil N="TableSwapTrigger" />
      <I32 N="RowsCopied">0</I32>
      <I32 N="NextTableSwapOnOrBefore">367</I32>
      <I32 N="OldestActiveRecord">283</I32>
      <I32 N="OldestInactiveRecord">284</I32>
      <I32 N="NewestInactiveRecord">284</I32>
    </MS>
  </Obj>
  <Obj RefId="285">
    <TNRef RefId="0" />
    <MS>
      <I32 N="Day">286</I32>
      <I32 N="ActiveTableSize">2850</I32>
      <I32 N="InactiveTableSize">10</I32>
      <I32 N="TotalRecords">2860</I32>
      <I32 N="PercentNotExpired">100</I32>
      <B N="TableSwapOccurred">false</B>
      <Nil N="TableSwapTrigger" />
      <I32 N="RowsCopied">0</I32>
      <I32 N="NextTableSwapOnOrBefore">367</I32>
      <I32 N="OldestActiveRecord">284</I32>
      <I32 N="OldestInactiveRecord">285</I32>
      <I32 N="NewestInactiveRecord">285</I32>
    </MS>
  </Obj>
  <Obj RefId="286">
    <TNRef RefId="0" />
    <MS>
      <I32 N="Day">287</I32>
      <I32 N="ActiveTableSize">2860</I32>
      <I32 N="InactiveTableSize">10</I32>
      <I32 N="TotalRecords">2870</I32>
      <I32 N="PercentNotExpired">100</I32>
      <B N="TableSwapOccurred">false</B>
      <Nil N="TableSwapTrigger" />
      <I32 N="RowsCopied">0</I32>
      <I32 N="NextTableSwapOnOrBefore">367</I32>
      <I32 N="OldestActiveRecord">285</I32>
      <I32 N="OldestInactiveRecord">286</I32>
      <I32 N="NewestInactiveRecord">286</I32>
    </MS>
  </Obj>
  <Obj RefId="287">
    <TNRef RefId="0" />
    <MS>
      <I32 N="Day">288</I32>
      <I32 N="ActiveTableSize">2870</I32>
      <I32 N="InactiveTableSize">10</I32>
      <I32 N="TotalRecords">2880</I32>
      <I32 N="PercentNotExpired">100</I32>
      <B N="TableSwapOccurred">false</B>
      <Nil N="TableSwapTrigger" />
      <I32 N="RowsCopied">0</I32>
      <I32 N="NextTableSwapOnOrBefore">367</I32>
      <I32 N="OldestActiveRecord">286</I32>
      <I32 N="OldestInactiveRecord">287</I32>
      <I32 N="NewestInactiveRecord">287</I32>
    </MS>
  </Obj>
  <Obj RefId="288">
    <TNRef RefId="0" />
    <MS>
      <I32 N="Day">289</I32>
      <I32 N="ActiveTableSize">2880</I32>
      <I32 N="InactiveTableSize">10</I32>
      <I32 N="TotalRecords">2890</I32>
      <I32 N="PercentNotExpired">100</I32>
      <B N="TableSwapOccurred">false</B>
      <Nil N="TableSwapTrigger" />
      <I32 N="RowsCopied">0</I32>
      <I32 N="NextTableSwapOnOrBefore">367</I32>
      <I32 N="OldestActiveRecord">287</I32>
      <I32 N="OldestInactiveRecord">288</I32>
      <I32 N="NewestInactiveRecord">288</I32>
    </MS>
  </Obj>
  <Obj RefId="289">
    <TNRef RefId="0" />
    <MS>
      <I32 N="Day">290</I32>
      <I32 N="ActiveTableSize">2890</I32>
      <I32 N="InactiveTableSize">10</I32>
      <I32 N="TotalRecords">2900</I32>
      <I32 N="PercentNotExpired">100</I32>
      <B N="TableSwapOccurred">false</B>
      <Nil N="TableSwapTrigger" />
      <I32 N="RowsCopied">0</I32>
      <I32 N="NextTableSwapOnOrBefore">367</I32>
      <I32 N="OldestActiveRecord">288</I32>
      <I32 N="OldestInactiveRecord">289</I32>
      <I32 N="NewestInactiveRecord">289</I32>
    </MS>
  </Obj>
  <Obj RefId="290">
    <TNRef RefId="0" />
    <MS>
      <I32 N="Day">291</I32>
      <I32 N="ActiveTableSize">2900</I32>
      <I32 N="InactiveTableSize">10</I32>
      <I32 N="TotalRecords">2910</I32>
      <I32 N="PercentNotExpired">100</I32>
      <B N="TableSwapOccurred">false</B>
      <Nil N="TableSwapTrigger" />
      <I32 N="RowsCopied">0</I32>
      <I32 N="NextTableSwapOnOrBefore">367</I32>
      <I32 N="OldestActiveRecord">289</I32>
      <I32 N="OldestInactiveRecord">290</I32>
      <I32 N="NewestInactiveRecord">290</I32>
    </MS>
  </Obj>
  <Obj RefId="291">
    <TNRef RefId="0" />
    <MS>
      <I32 N="Day">292</I32>
      <I32 N="ActiveTableSize">2910</I32>
      <I32 N="InactiveTableSize">10</I32>
      <I32 N="TotalRecords">2920</I32>
      <I32 N="PercentNotExpired">100</I32>
      <B N="TableSwapOccurred">false</B>
      <Nil N="TableSwapTrigger" />
      <I32 N="RowsCopied">0</I32>
      <I32 N="NextTableSwapOnOrBefore">367</I32>
      <I32 N="OldestActiveRecord">290</I32>
      <I32 N="OldestInactiveRecord">291</I32>
      <I32 N="NewestInactiveRecord">291</I32>
    </MS>
  </Obj>
  <Obj RefId="292">
    <TNRef RefId="0" />
    <MS>
      <I32 N="Day">293</I32>
      <I32 N="ActiveTableSize">2920</I32>
      <I32 N="InactiveTableSize">10</I32>
      <I32 N="TotalRecords">2930</I32>
      <I32 N="PercentNotExpired">100</I32>
      <B N="TableSwapOccurred">false</B>
      <Nil N="TableSwapTrigger" />
      <I32 N="RowsCopied">0</I32>
      <I32 N="NextTableSwapOnOrBefore">367</I32>
      <I32 N="OldestActiveRecord">291</I32>
      <I32 N="OldestInactiveRecord">292</I32>
      <I32 N="NewestInactiveRecord">292</I32>
    </MS>
  </Obj>
  <Obj RefId="293">
    <TNRef RefId="0" />
    <MS>
      <I32 N="Day">294</I32>
      <I32 N="ActiveTableSize">2930</I32>
      <I32 N="InactiveTableSize">10</I32>
      <I32 N="TotalRecords">2940</I32>
      <I32 N="PercentNotExpired">100</I32>
      <B N="TableSwapOccurred">false</B>
      <Nil N="TableSwapTrigger" />
      <I32 N="RowsCopied">0</I32>
      <I32 N="NextTableSwapOnOrBefore">367</I32>
      <I32 N="OldestActiveRecord">292</I32>
      <I32 N="OldestInactiveRecord">293</I32>
      <I32 N="NewestInactiveRecord">293</I32>
    </MS>
  </Obj>
  <Obj RefId="294">
    <TNRef RefId="0" />
    <MS>
      <I32 N="Day">295</I32>
      <I32 N="ActiveTableSize">2940</I32>
      <I32 N="InactiveTableSize">10</I32>
      <I32 N="TotalRecords">2950</I32>
      <I32 N="PercentNotExpired">100</I32>
      <B N="TableSwapOccurred">false</B>
      <Nil N="TableSwapTrigger" />
      <I32 N="RowsCopied">0</I32>
      <I32 N="NextTableSwapOnOrBefore">367</I32>
      <I32 N="OldestActiveRecord">293</I32>
      <I32 N="OldestInactiveRecord">294</I32>
      <I32 N="NewestInactiveRecord">294</I32>
    </MS>
  </Obj>
  <Obj RefId="295">
    <TNRef RefId="0" />
    <MS>
      <I32 N="Day">296</I32>
      <I32 N="ActiveTableSize">2950</I32>
      <I32 N="InactiveTableSize">10</I32>
      <I32 N="TotalRecords">2960</I32>
      <I32 N="PercentNotExpired">100</I32>
      <B N="TableSwapOccurred">false</B>
      <Nil N="TableSwapTrigger" />
      <I32 N="RowsCopied">0</I32>
      <I32 N="NextTableSwapOnOrBefore">367</I32>
      <I32 N="OldestActiveRecord">294</I32>
      <I32 N="OldestInactiveRecord">295</I32>
      <I32 N="NewestInactiveRecord">295</I32>
    </MS>
  </Obj>
  <Obj RefId="296">
    <TNRef RefId="0" />
    <MS>
      <I32 N="Day">297</I32>
      <I32 N="ActiveTableSize">2960</I32>
      <I32 N="InactiveTableSize">10</I32>
      <I32 N="TotalRecords">2970</I32>
      <I32 N="PercentNotExpired">100</I32>
      <B N="TableSwapOccurred">false</B>
      <Nil N="TableSwapTrigger" />
      <I32 N="RowsCopied">0</I32>
      <I32 N="NextTableSwapOnOrBefore">367</I32>
      <I32 N="OldestActiveRecord">295</I32>
      <I32 N="OldestInactiveRecord">296</I32>
      <I32 N="NewestInactiveRecord">296</I32>
    </MS>
  </Obj>
  <Obj RefId="297">
    <TNRef RefId="0" />
    <MS>
      <I32 N="Day">298</I32>
      <I32 N="ActiveTableSize">2970</I32>
      <I32 N="InactiveTableSize">10</I32>
      <I32 N="TotalRecords">2980</I32>
      <I32 N="PercentNotExpired">100</I32>
      <B N="TableSwapOccurred">false</B>
      <Nil N="TableSwapTrigger" />
      <I32 N="RowsCopied">0</I32>
      <I32 N="NextTableSwapOnOrBefore">367</I32>
      <I32 N="OldestActiveRecord">296</I32>
      <I32 N="OldestInactiveRecord">297</I32>
      <I32 N="NewestInactiveRecord">297</I32>
    </MS>
  </Obj>
  <Obj RefId="298">
    <TNRef RefId="0" />
    <MS>
      <I32 N="Day">299</I32>
      <I32 N="ActiveTableSize">2980</I32>
      <I32 N="InactiveTableSize">10</I32>
      <I32 N="TotalRecords">2990</I32>
      <I32 N="PercentNotExpired">100</I32>
      <B N="TableSwapOccurred">false</B>
      <Nil N="TableSwapTrigger" />
      <I32 N="RowsCopied">0</I32>
      <I32 N="NextTableSwapOnOrBefore">367</I32>
      <I32 N="OldestActiveRecord">297</I32>
      <I32 N="OldestInactiveRecord">298</I32>
      <I32 N="NewestInactiveRecord">298</I32>
    </MS>
  </Obj>
  <Obj RefId="299">
    <TNRef RefId="0" />
    <MS>
      <I32 N="Day">300</I32>
      <I32 N="ActiveTableSize">2990</I32>
      <I32 N="InactiveTableSize">10</I32>
      <I32 N="TotalRecords">3000</I32>
      <I32 N="PercentNotExpired">100</I32>
      <B N="TableSwapOccurred">false</B>
      <Nil N="TableSwapTrigger" />
      <I32 N="RowsCopied">0</I32>
      <I32 N="NextTableSwapOnOrBefore">367</I32>
      <I32 N="OldestActiveRecord">298</I32>
      <I32 N="OldestInactiveRecord">299</I32>
      <I32 N="NewestInactiveRecord">299</I32>
    </MS>
  </Obj>
  <Obj RefId="300">
    <TNRef RefId="0" />
    <MS>
      <I32 N="Day">301</I32>
      <I32 N="ActiveTableSize">3000</I32>
      <I32 N="InactiveTableSize">10</I32>
      <I32 N="TotalRecords">3010</I32>
      <I32 N="PercentNotExpired">100</I32>
      <B N="TableSwapOccurred">false</B>
      <Nil N="TableSwapTrigger" />
      <I32 N="RowsCopied">0</I32>
      <I32 N="NextTableSwapOnOrBefore">367</I32>
      <I32 N="OldestActiveRecord">299</I32>
      <I32 N="OldestInactiveRecord">300</I32>
      <I32 N="NewestInactiveRecord">300</I32>
    </MS>
  </Obj>
  <Obj RefId="301">
    <TNRef RefId="0" />
    <MS>
      <I32 N="Day">302</I32>
      <I32 N="ActiveTableSize">3010</I32>
      <I32 N="InactiveTableSize">10</I32>
      <I32 N="TotalRecords">3020</I32>
      <I32 N="PercentNotExpired">100</I32>
      <B N="TableSwapOccurred">false</B>
      <Nil N="TableSwapTrigger" />
      <I32 N="RowsCopied">0</I32>
      <I32 N="NextTableSwapOnOrBefore">367</I32>
      <I32 N="OldestActiveRecord">300</I32>
      <I32 N="OldestInactiveRecord">301</I32>
      <I32 N="NewestInactiveRecord">301</I32>
    </MS>
  </Obj>
  <Obj RefId="302">
    <TNRef RefId="0" />
    <MS>
      <I32 N="Day">303</I32>
      <I32 N="ActiveTableSize">3020</I32>
      <I32 N="InactiveTableSize">10</I32>
      <I32 N="TotalRecords">3030</I32>
      <I32 N="PercentNotExpired">100</I32>
      <B N="TableSwapOccurred">false</B>
      <Nil N="TableSwapTrigger" />
      <I32 N="RowsCopied">0</I32>
      <I32 N="NextTableSwapOnOrBefore">367</I32>
      <I32 N="OldestActiveRecord">301</I32>
      <I32 N="OldestInactiveRecord">302</I32>
      <I32 N="NewestInactiveRecord">302</I32>
    </MS>
  </Obj>
  <Obj RefId="303">
    <TNRef RefId="0" />
    <MS>
      <I32 N="Day">304</I32>
      <I32 N="ActiveTableSize">3030</I32>
      <I32 N="InactiveTableSize">10</I32>
      <I32 N="TotalRecords">3040</I32>
      <I32 N="PercentNotExpired">100</I32>
      <B N="TableSwapOccurred">false</B>
      <Nil N="TableSwapTrigger" />
      <I32 N="RowsCopied">0</I32>
      <I32 N="NextTableSwapOnOrBefore">367</I32>
      <I32 N="OldestActiveRecord">302</I32>
      <I32 N="OldestInactiveRecord">303</I32>
      <I32 N="NewestInactiveRecord">303</I32>
    </MS>
  </Obj>
  <Obj RefId="304">
    <TNRef RefId="0" />
    <MS>
      <I32 N="Day">305</I32>
      <I32 N="ActiveTableSize">3040</I32>
      <I32 N="InactiveTableSize">10</I32>
      <I32 N="TotalRecords">3050</I32>
      <I32 N="PercentNotExpired">100</I32>
      <B N="TableSwapOccurred">false</B>
      <Nil N="TableSwapTrigger" />
      <I32 N="RowsCopied">0</I32>
      <I32 N="NextTableSwapOnOrBefore">367</I32>
      <I32 N="OldestActiveRecord">303</I32>
      <I32 N="OldestInactiveRecord">304</I32>
      <I32 N="NewestInactiveRecord">304</I32>
    </MS>
  </Obj>
  <Obj RefId="305">
    <TNRef RefId="0" />
    <MS>
      <I32 N="Day">306</I32>
      <I32 N="ActiveTableSize">3050</I32>
      <I32 N="InactiveTableSize">10</I32>
      <I32 N="TotalRecords">3060</I32>
      <I32 N="PercentNotExpired">100</I32>
      <B N="TableSwapOccurred">false</B>
      <Nil N="TableSwapTrigger" />
      <I32 N="RowsCopied">0</I32>
      <I32 N="NextTableSwapOnOrBefore">367</I32>
      <I32 N="OldestActiveRecord">304</I32>
      <I32 N="OldestInactiveRecord">305</I32>
      <I32 N="NewestInactiveRecord">305</I32>
    </MS>
  </Obj>
  <Obj RefId="306">
    <TNRef RefId="0" />
    <MS>
      <I32 N="Day">307</I32>
      <I32 N="ActiveTableSize">3060</I32>
      <I32 N="InactiveTableSize">10</I32>
      <I32 N="TotalRecords">3070</I32>
      <I32 N="PercentNotExpired">100</I32>
      <B N="TableSwapOccurred">false</B>
      <Nil N="TableSwapTrigger" />
      <I32 N="RowsCopied">0</I32>
      <I32 N="NextTableSwapOnOrBefore">367</I32>
      <I32 N="OldestActiveRecord">305</I32>
      <I32 N="OldestInactiveRecord">306</I32>
      <I32 N="NewestInactiveRecord">306</I32>
    </MS>
  </Obj>
  <Obj RefId="307">
    <TNRef RefId="0" />
    <MS>
      <I32 N="Day">308</I32>
      <I32 N="ActiveTableSize">3070</I32>
      <I32 N="InactiveTableSize">10</I32>
      <I32 N="TotalRecords">3080</I32>
      <I32 N="PercentNotExpired">100</I32>
      <B N="TableSwapOccurred">false</B>
      <Nil N="TableSwapTrigger" />
      <I32 N="RowsCopied">0</I32>
      <I32 N="NextTableSwapOnOrBefore">367</I32>
      <I32 N="OldestActiveRecord">306</I32>
      <I32 N="OldestInactiveRecord">307</I32>
      <I32 N="NewestInactiveRecord">307</I32>
    </MS>
  </Obj>
  <Obj RefId="308">
    <TNRef RefId="0" />
    <MS>
      <I32 N="Day">309</I32>
      <I32 N="ActiveTableSize">3080</I32>
      <I32 N="InactiveTableSize">10</I32>
      <I32 N="TotalRecords">3090</I32>
      <I32 N="PercentNotExpired">100</I32>
      <B N="TableSwapOccurred">false</B>
      <Nil N="TableSwapTrigger" />
      <I32 N="RowsCopied">0</I32>
      <I32 N="NextTableSwapOnOrBefore">367</I32>
      <I32 N="OldestActiveRecord">307</I32>
      <I32 N="OldestInactiveRecord">308</I32>
      <I32 N="NewestInactiveRecord">308</I32>
    </MS>
  </Obj>
  <Obj RefId="309">
    <TNRef RefId="0" />
    <MS>
      <I32 N="Day">310</I32>
      <I32 N="ActiveTableSize">3090</I32>
      <I32 N="InactiveTableSize">10</I32>
      <I32 N="TotalRecords">3100</I32>
      <I32 N="PercentNotExpired">100</I32>
      <B N="TableSwapOccurred">false</B>
      <Nil N="TableSwapTrigger" />
      <I32 N="RowsCopied">0</I32>
      <I32 N="NextTableSwapOnOrBefore">367</I32>
      <I32 N="OldestActiveRecord">308</I32>
      <I32 N="OldestInactiveRecord">309</I32>
      <I32 N="NewestInactiveRecord">309</I32>
    </MS>
  </Obj>
  <Obj RefId="310">
    <TNRef RefId="0" />
    <MS>
      <I32 N="Day">311</I32>
      <I32 N="ActiveTableSize">3100</I32>
      <I32 N="InactiveTableSize">10</I32>
      <I32 N="TotalRecords">3110</I32>
      <I32 N="PercentNotExpired">100</I32>
      <B N="TableSwapOccurred">false</B>
      <Nil N="TableSwapTrigger" />
      <I32 N="RowsCopied">0</I32>
      <I32 N="NextTableSwapOnOrBefore">367</I32>
      <I32 N="OldestActiveRecord">309</I32>
      <I32 N="OldestInactiveRecord">310</I32>
      <I32 N="NewestInactiveRecord">310</I32>
    </MS>
  </Obj>
  <Obj RefId="311">
    <TNRef RefId="0" />
    <MS>
      <I32 N="Day">312</I32>
      <I32 N="ActiveTableSize">3110</I32>
      <I32 N="InactiveTableSize">10</I32>
      <I32 N="TotalRecords">3120</I32>
      <I32 N="PercentNotExpired">100</I32>
      <B N="TableSwapOccurred">false</B>
      <Nil N="TableSwapTrigger" />
      <I32 N="RowsCopied">0</I32>
      <I32 N="NextTableSwapOnOrBefore">367</I32>
      <I32 N="OldestActiveRecord">310</I32>
      <I32 N="OldestInactiveRecord">311</I32>
      <I32 N="NewestInactiveRecord">311</I32>
    </MS>
  </Obj>
  <Obj RefId="312">
    <TNRef RefId="0" />
    <MS>
      <I32 N="Day">313</I32>
      <I32 N="ActiveTableSize">3120</I32>
      <I32 N="InactiveTableSize">10</I32>
      <I32 N="TotalRecords">3130</I32>
      <I32 N="PercentNotExpired">100</I32>
      <B N="TableSwapOccurred">false</B>
      <Nil N="TableSwapTrigger" />
      <I32 N="RowsCopied">0</I32>
      <I32 N="NextTableSwapOnOrBefore">367</I32>
      <I32 N="OldestActiveRecord">311</I32>
      <I32 N="OldestInactiveRecord">312</I32>
      <I32 N="NewestInactiveRecord">312</I32>
    </MS>
  </Obj>
  <Obj RefId="313">
    <TNRef RefId="0" />
    <MS>
      <I32 N="Day">314</I32>
      <I32 N="ActiveTableSize">3130</I32>
      <I32 N="InactiveTableSize">10</I32>
      <I32 N="TotalRecords">3140</I32>
      <I32 N="PercentNotExpired">100</I32>
      <B N="TableSwapOccurred">false</B>
      <Nil N="TableSwapTrigger" />
      <I32 N="RowsCopied">0</I32>
      <I32 N="NextTableSwapOnOrBefore">367</I32>
      <I32 N="OldestActiveRecord">312</I32>
      <I32 N="OldestInactiveRecord">313</I32>
      <I32 N="NewestInactiveRecord">313</I32>
    </MS>
  </Obj>
  <Obj RefId="314">
    <TNRef RefId="0" />
    <MS>
      <I32 N="Day">315</I32>
      <I32 N="ActiveTableSize">3140</I32>
      <I32 N="InactiveTableSize">10</I32>
      <I32 N="TotalRecords">3150</I32>
      <I32 N="PercentNotExpired">100</I32>
      <B N="TableSwapOccurred">false</B>
      <Nil N="TableSwapTrigger" />
      <I32 N="RowsCopied">0</I32>
      <I32 N="NextTableSwapOnOrBefore">367</I32>
      <I32 N="OldestActiveRecord">313</I32>
      <I32 N="OldestInactiveRecord">314</I32>
      <I32 N="NewestInactiveRecord">314</I32>
    </MS>
  </Obj>
  <Obj RefId="315">
    <TNRef RefId="0" />
    <MS>
      <I32 N="Day">316</I32>
      <I32 N="ActiveTableSize">3150</I32>
      <I32 N="InactiveTableSize">10</I32>
      <I32 N="TotalRecords">3160</I32>
      <I32 N="PercentNotExpired">100</I32>
      <B N="TableSwapOccurred">false</B>
      <Nil N="TableSwapTrigger" />
      <I32 N="RowsCopied">0</I32>
      <I32 N="NextTableSwapOnOrBefore">367</I32>
      <I32 N="OldestActiveRecord">314</I32>
      <I32 N="OldestInactiveRecord">315</I32>
      <I32 N="NewestInactiveRecord">315</I32>
    </MS>
  </Obj>
  <Obj RefId="316">
    <TNRef RefId="0" />
    <MS>
      <I32 N="Day">317</I32>
      <I32 N="ActiveTableSize">3160</I32>
      <I32 N="InactiveTableSize">10</I32>
      <I32 N="TotalRecords">3170</I32>
      <I32 N="PercentNotExpired">100</I32>
      <B N="TableSwapOccurred">false</B>
      <Nil N="TableSwapTrigger" />
      <I32 N="RowsCopied">0</I32>
      <I32 N="NextTableSwapOnOrBefore">367</I32>
      <I32 N="OldestActiveRecord">315</I32>
      <I32 N="OldestInactiveRecord">316</I32>
      <I32 N="NewestInactiveRecord">316</I32>
    </MS>
  </Obj>
  <Obj RefId="317">
    <TNRef RefId="0" />
    <MS>
      <I32 N="Day">318</I32>
      <I32 N="ActiveTableSize">3170</I32>
      <I32 N="InactiveTableSize">10</I32>
      <I32 N="TotalRecords">3180</I32>
      <I32 N="PercentNotExpired">100</I32>
      <B N="TableSwapOccurred">false</B>
      <Nil N="TableSwapTrigger" />
      <I32 N="RowsCopied">0</I32>
      <I32 N="NextTableSwapOnOrBefore">367</I32>
      <I32 N="OldestActiveRecord">316</I32>
      <I32 N="OldestInactiveRecord">317</I32>
      <I32 N="NewestInactiveRecord">317</I32>
    </MS>
  </Obj>
  <Obj RefId="318">
    <TNRef RefId="0" />
    <MS>
      <I32 N="Day">319</I32>
      <I32 N="ActiveTableSize">3180</I32>
      <I32 N="InactiveTableSize">10</I32>
      <I32 N="TotalRecords">3190</I32>
      <I32 N="PercentNotExpired">100</I32>
      <B N="TableSwapOccurred">false</B>
      <Nil N="TableSwapTrigger" />
      <I32 N="RowsCopied">0</I32>
      <I32 N="NextTableSwapOnOrBefore">367</I32>
      <I32 N="OldestActiveRecord">317</I32>
      <I32 N="OldestInactiveRecord">318</I32>
      <I32 N="NewestInactiveRecord">318</I32>
    </MS>
  </Obj>
  <Obj RefId="319">
    <TNRef RefId="0" />
    <MS>
      <I32 N="Day">320</I32>
      <I32 N="ActiveTableSize">3190</I32>
      <I32 N="InactiveTableSize">10</I32>
      <I32 N="TotalRecords">3200</I32>
      <I32 N="PercentNotExpired">100</I32>
      <B N="TableSwapOccurred">false</B>
      <Nil N="TableSwapTrigger" />
      <I32 N="RowsCopied">0</I32>
      <I32 N="NextTableSwapOnOrBefore">367</I32>
      <I32 N="OldestActiveRecord">318</I32>
      <I32 N="OldestInactiveRecord">319</I32>
      <I32 N="NewestInactiveRecord">319</I32>
    </MS>
  </Obj>
  <Obj RefId="320">
    <TNRef RefId="0" />
    <MS>
      <I32 N="Day">321</I32>
      <I32 N="ActiveTableSize">3200</I32>
      <I32 N="InactiveTableSize">10</I32>
      <I32 N="TotalRecords">3210</I32>
      <I32 N="PercentNotExpired">100</I32>
      <B N="TableSwapOccurred">false</B>
      <Nil N="TableSwapTrigger" />
      <I32 N="RowsCopied">0</I32>
      <I32 N="NextTableSwapOnOrBefore">367</I32>
      <I32 N="OldestActiveRecord">319</I32>
      <I32 N="OldestInactiveRecord">320</I32>
      <I32 N="NewestInactiveRecord">320</I32>
    </MS>
  </Obj>
  <Obj RefId="321">
    <TNRef RefId="0" />
    <MS>
      <I32 N="Day">322</I32>
      <I32 N="ActiveTableSize">3210</I32>
      <I32 N="InactiveTableSize">10</I32>
      <I32 N="TotalRecords">3220</I32>
      <I32 N="PercentNotExpired">100</I32>
      <B N="TableSwapOccurred">false</B>
      <Nil N="TableSwapTrigger" />
      <I32 N="RowsCopied">0</I32>
      <I32 N="NextTableSwapOnOrBefore">367</I32>
      <I32 N="OldestActiveRecord">320</I32>
      <I32 N="OldestInactiveRecord">321</I32>
      <I32 N="NewestInactiveRecord">321</I32>
    </MS>
  </Obj>
  <Obj RefId="322">
    <TNRef RefId="0" />
    <MS>
      <I32 N="Day">323</I32>
      <I32 N="ActiveTableSize">3220</I32>
      <I32 N="InactiveTableSize">10</I32>
      <I32 N="TotalRecords">3230</I32>
      <I32 N="PercentNotExpired">100</I32>
      <B N="TableSwapOccurred">false</B>
      <Nil N="TableSwapTrigger" />
      <I32 N="RowsCopied">0</I32>
      <I32 N="NextTableSwapOnOrBefore">367</I32>
      <I32 N="OldestActiveRecord">321</I32>
      <I32 N="OldestInactiveRecord">322</I32>
      <I32 N="NewestInactiveRecord">322</I32>
    </MS>
  </Obj>
  <Obj RefId="323">
    <TNRef RefId="0" />
    <MS>
      <I32 N="Day">324</I32>
      <I32 N="ActiveTableSize">3230</I32>
      <I32 N="InactiveTableSize">10</I32>
      <I32 N="TotalRecords">3240</I32>
      <I32 N="PercentNotExpired">100</I32>
      <B N="TableSwapOccurred">false</B>
      <Nil N="TableSwapTrigger" />
      <I32 N="RowsCopied">0</I32>
      <I32 N="NextTableSwapOnOrBefore">367</I32>
      <I32 N="OldestActiveRecord">322</I32>
      <I32 N="OldestInactiveRecord">323</I32>
      <I32 N="NewestInactiveRecord">323</I32>
    </MS>
  </Obj>
  <Obj RefId="324">
    <TNRef RefId="0" />
    <MS>
      <I32 N="Day">325</I32>
      <I32 N="ActiveTableSize">3240</I32>
      <I32 N="InactiveTableSize">10</I32>
      <I32 N="TotalRecords">3250</I32>
      <I32 N="PercentNotExpired">100</I32>
      <B N="TableSwapOccurred">false</B>
      <Nil N="TableSwapTrigger" />
      <I32 N="RowsCopied">0</I32>
      <I32 N="NextTableSwapOnOrBefore">367</I32>
      <I32 N="OldestActiveRecord">323</I32>
      <I32 N="OldestInactiveRecord">324</I32>
      <I32 N="NewestInactiveRecord">324</I32>
    </MS>
  </Obj>
  <Obj RefId="325">
    <TNRef RefId="0" />
    <MS>
      <I32 N="Day">326</I32>
      <I32 N="ActiveTableSize">3250</I32>
      <I32 N="InactiveTableSize">10</I32>
      <I32 N="TotalRecords">3260</I32>
      <I32 N="PercentNotExpired">100</I32>
      <B N="TableSwapOccurred">false</B>
      <Nil N="TableSwapTrigger" />
      <I32 N="RowsCopied">0</I32>
      <I32 N="NextTableSwapOnOrBefore">367</I32>
      <I32 N="OldestActiveRecord">324</I32>
      <I32 N="OldestInactiveRecord">325</I32>
      <I32 N="NewestInactiveRecord">325</I32>
    </MS>
  </Obj>
  <Obj RefId="326">
    <TNRef RefId="0" />
    <MS>
      <I32 N="Day">327</I32>
      <I32 N="ActiveTableSize">3260</I32>
      <I32 N="InactiveTableSize">10</I32>
      <I32 N="TotalRecords">3270</I32>
      <I32 N="PercentNotExpired">100</I32>
      <B N="TableSwapOccurred">false</B>
      <Nil N="TableSwapTrigger" />
      <I32 N="RowsCopied">0</I32>
      <I32 N="NextTableSwapOnOrBefore">367</I32>
      <I32 N="OldestActiveRecord">325</I32>
      <I32 N="OldestInactiveRecord">326</I32>
      <I32 N="NewestInactiveRecord">326</I32>
    </MS>
  </Obj>
  <Obj RefId="327">
    <TNRef RefId="0" />
    <MS>
      <I32 N="Day">328</I32>
      <I32 N="ActiveTableSize">3270</I32>
      <I32 N="InactiveTableSize">10</I32>
      <I32 N="TotalRecords">3280</I32>
      <I32 N="PercentNotExpired">100</I32>
      <B N="TableSwapOccurred">false</B>
      <Nil N="TableSwapTrigger" />
      <I32 N="RowsCopied">0</I32>
      <I32 N="NextTableSwapOnOrBefore">367</I32>
      <I32 N="OldestActiveRecord">326</I32>
      <I32 N="OldestInactiveRecord">327</I32>
      <I32 N="NewestInactiveRecord">327</I32>
    </MS>
  </Obj>
  <Obj RefId="328">
    <TNRef RefId="0" />
    <MS>
      <I32 N="Day">329</I32>
      <I32 N="ActiveTableSize">3280</I32>
      <I32 N="InactiveTableSize">10</I32>
      <I32 N="TotalRecords">3290</I32>
      <I32 N="PercentNotExpired">100</I32>
      <B N="TableSwapOccurred">false</B>
      <Nil N="TableSwapTrigger" />
      <I32 N="RowsCopied">0</I32>
      <I32 N="NextTableSwapOnOrBefore">367</I32>
      <I32 N="OldestActiveRecord">327</I32>
      <I32 N="OldestInactiveRecord">328</I32>
      <I32 N="NewestInactiveRecord">328</I32>
    </MS>
  </Obj>
  <Obj RefId="329">
    <TNRef RefId="0" />
    <MS>
      <I32 N="Day">330</I32>
      <I32 N="ActiveTableSize">3290</I32>
      <I32 N="InactiveTableSize">10</I32>
      <I32 N="TotalRecords">3300</I32>
      <I32 N="PercentNotExpired">100</I32>
      <B N="TableSwapOccurred">false</B>
      <Nil N="TableSwapTrigger" />
      <I32 N="RowsCopied">0</I32>
      <I32 N="NextTableSwapOnOrBefore">367</I32>
      <I32 N="OldestActiveRecord">328</I32>
      <I32 N="OldestInactiveRecord">329</I32>
      <I32 N="NewestInactiveRecord">329</I32>
    </MS>
  </Obj>
  <Obj RefId="330">
    <TNRef RefId="0" />
    <MS>
      <I32 N="Day">331</I32>
      <I32 N="ActiveTableSize">3300</I32>
      <I32 N="InactiveTableSize">10</I32>
      <I32 N="TotalRecords">3310</I32>
      <I32 N="PercentNotExpired">100</I32>
      <B N="TableSwapOccurred">false</B>
      <Nil N="TableSwapTrigger" />
      <I32 N="RowsCopied">0</I32>
      <I32 N="NextTableSwapOnOrBefore">367</I32>
      <I32 N="OldestActiveRecord">329</I32>
      <I32 N="OldestInactiveRecord">330</I32>
      <I32 N="NewestInactiveRecord">330</I32>
    </MS>
  </Obj>
  <Obj RefId="331">
    <TNRef RefId="0" />
    <MS>
      <I32 N="Day">332</I32>
      <I32 N="ActiveTableSize">3310</I32>
      <I32 N="InactiveTableSize">10</I32>
      <I32 N="TotalRecords">3320</I32>
      <I32 N="PercentNotExpired">100</I32>
      <B N="TableSwapOccurred">false</B>
      <Nil N="TableSwapTrigger" />
      <I32 N="RowsCopied">0</I32>
      <I32 N="NextTableSwapOnOrBefore">367</I32>
      <I32 N="OldestActiveRecord">330</I32>
      <I32 N="OldestInactiveRecord">331</I32>
      <I32 N="NewestInactiveRecord">331</I32>
    </MS>
  </Obj>
  <Obj RefId="332">
    <TNRef RefId="0" />
    <MS>
      <I32 N="Day">333</I32>
      <I32 N="ActiveTableSize">3320</I32>
      <I32 N="InactiveTableSize">10</I32>
      <I32 N="TotalRecords">3330</I32>
      <I32 N="PercentNotExpired">100</I32>
      <B N="TableSwapOccurred">false</B>
      <Nil N="TableSwapTrigger" />
      <I32 N="RowsCopied">0</I32>
      <I32 N="NextTableSwapOnOrBefore">367</I32>
      <I32 N="OldestActiveRecord">331</I32>
      <I32 N="OldestInactiveRecord">332</I32>
      <I32 N="NewestInactiveRecord">332</I32>
    </MS>
  </Obj>
  <Obj RefId="333">
    <TNRef RefId="0" />
    <MS>
      <I32 N="Day">334</I32>
      <I32 N="ActiveTableSize">3330</I32>
      <I32 N="InactiveTableSize">10</I32>
      <I32 N="TotalRecords">3340</I32>
      <I32 N="PercentNotExpired">100</I32>
      <B N="TableSwapOccurred">false</B>
      <Nil N="TableSwapTrigger" />
      <I32 N="RowsCopied">0</I32>
      <I32 N="NextTableSwapOnOrBefore">367</I32>
      <I32 N="OldestActiveRecord">332</I32>
      <I32 N="OldestInactiveRecord">333</I32>
      <I32 N="NewestInactiveRecord">333</I32>
    </MS>
  </Obj>
  <Obj RefId="334">
    <TNRef RefId="0" />
    <MS>
      <I32 N="Day">335</I32>
      <I32 N="ActiveTableSize">3340</I32>
      <I32 N="InactiveTableSize">10</I32>
      <I32 N="TotalRecords">3350</I32>
      <I32 N="PercentNotExpired">100</I32>
      <B N="TableSwapOccurred">false</B>
      <Nil N="TableSwapTrigger" />
      <I32 N="RowsCopied">0</I32>
      <I32 N="NextTableSwapOnOrBefore">367</I32>
      <I32 N="OldestActiveRecord">333</I32>
      <I32 N="OldestInactiveRecord">334</I32>
      <I32 N="NewestInactiveRecord">334</I32>
    </MS>
  </Obj>
  <Obj RefId="335">
    <TNRef RefId="0" />
    <MS>
      <I32 N="Day">336</I32>
      <I32 N="ActiveTableSize">3350</I32>
      <I32 N="InactiveTableSize">10</I32>
      <I32 N="TotalRecords">3360</I32>
      <I32 N="PercentNotExpired">100</I32>
      <B N="TableSwapOccurred">false</B>
      <Nil N="TableSwapTrigger" />
      <I32 N="RowsCopied">0</I32>
      <I32 N="NextTableSwapOnOrBefore">367</I32>
      <I32 N="OldestActiveRecord">334</I32>
      <I32 N="OldestInactiveRecord">335</I32>
      <I32 N="NewestInactiveRecord">335</I32>
    </MS>
  </Obj>
  <Obj RefId="336">
    <TNRef RefId="0" />
    <MS>
      <I32 N="Day">337</I32>
      <I32 N="ActiveTableSize">3360</I32>
      <I32 N="InactiveTableSize">10</I32>
      <I32 N="TotalRecords">3370</I32>
      <I32 N="PercentNotExpired">100</I32>
      <B N="TableSwapOccurred">false</B>
      <Nil N="TableSwapTrigger" />
      <I32 N="RowsCopied">0</I32>
      <I32 N="NextTableSwapOnOrBefore">367</I32>
      <I32 N="OldestActiveRecord">335</I32>
      <I32 N="OldestInactiveRecord">336</I32>
      <I32 N="NewestInactiveRecord">336</I32>
    </MS>
  </Obj>
  <Obj RefId="337">
    <TNRef RefId="0" />
    <MS>
      <I32 N="Day">338</I32>
      <I32 N="ActiveTableSize">3370</I32>
      <I32 N="InactiveTableSize">10</I32>
      <I32 N="TotalRecords">3380</I32>
      <I32 N="PercentNotExpired">100</I32>
      <B N="TableSwapOccurred">false</B>
      <Nil N="TableSwapTrigger" />
      <I32 N="RowsCopied">0</I32>
      <I32 N="NextTableSwapOnOrBefore">367</I32>
      <I32 N="OldestActiveRecord">336</I32>
      <I32 N="OldestInactiveRecord">337</I32>
      <I32 N="NewestInactiveRecord">337</I32>
    </MS>
  </Obj>
  <Obj RefId="338">
    <TNRef RefId="0" />
    <MS>
      <I32 N="Day">339</I32>
      <I32 N="ActiveTableSize">3380</I32>
      <I32 N="InactiveTableSize">10</I32>
      <I32 N="TotalRecords">3390</I32>
      <I32 N="PercentNotExpired">100</I32>
      <B N="TableSwapOccurred">false</B>
      <Nil N="TableSwapTrigger" />
      <I32 N="RowsCopied">0</I32>
      <I32 N="NextTableSwapOnOrBefore">367</I32>
      <I32 N="OldestActiveRecord">337</I32>
      <I32 N="OldestInactiveRecord">338</I32>
      <I32 N="NewestInactiveRecord">338</I32>
    </MS>
  </Obj>
  <Obj RefId="339">
    <TNRef RefId="0" />
    <MS>
      <I32 N="Day">340</I32>
      <I32 N="ActiveTableSize">3390</I32>
      <I32 N="InactiveTableSize">10</I32>
      <I32 N="TotalRecords">3400</I32>
      <I32 N="PercentNotExpired">100</I32>
      <B N="TableSwapOccurred">false</B>
      <Nil N="TableSwapTrigger" />
      <I32 N="RowsCopied">0</I32>
      <I32 N="NextTableSwapOnOrBefore">367</I32>
      <I32 N="OldestActiveRecord">338</I32>
      <I32 N="OldestInactiveRecord">339</I32>
      <I32 N="NewestInactiveRecord">339</I32>
    </MS>
  </Obj>
  <Obj RefId="340">
    <TNRef RefId="0" />
    <MS>
      <I32 N="Day">341</I32>
      <I32 N="ActiveTableSize">3400</I32>
      <I32 N="InactiveTableSize">10</I32>
      <I32 N="TotalRecords">3410</I32>
      <I32 N="PercentNotExpired">100</I32>
      <B N="TableSwapOccurred">false</B>
      <Nil N="TableSwapTrigger" />
      <I32 N="RowsCopied">0</I32>
      <I32 N="NextTableSwapOnOrBefore">367</I32>
      <I32 N="OldestActiveRecord">339</I32>
      <I32 N="OldestInactiveRecord">340</I32>
      <I32 N="NewestInactiveRecord">340</I32>
    </MS>
  </Obj>
  <Obj RefId="341">
    <TNRef RefId="0" />
    <MS>
      <I32 N="Day">342</I32>
      <I32 N="ActiveTableSize">3410</I32>
      <I32 N="InactiveTableSize">10</I32>
      <I32 N="TotalRecords">3420</I32>
      <I32 N="PercentNotExpired">100</I32>
      <B N="TableSwapOccurred">false</B>
      <Nil N="TableSwapTrigger" />
      <I32 N="RowsCopied">0</I32>
      <I32 N="NextTableSwapOnOrBefore">367</I32>
      <I32 N="OldestActiveRecord">340</I32>
      <I32 N="OldestInactiveRecord">341</I32>
      <I32 N="NewestInactiveRecord">341</I32>
    </MS>
  </Obj>
  <Obj RefId="342">
    <TNRef RefId="0" />
    <MS>
      <I32 N="Day">343</I32>
      <I32 N="ActiveTableSize">3420</I32>
      <I32 N="InactiveTableSize">10</I32>
      <I32 N="TotalRecords">3430</I32>
      <I32 N="PercentNotExpired">100</I32>
      <B N="TableSwapOccurred">false</B>
      <Nil N="TableSwapTrigger" />
      <I32 N="RowsCopied">0</I32>
      <I32 N="NextTableSwapOnOrBefore">367</I32>
      <I32 N="OldestActiveRecord">341</I32>
      <I32 N="OldestInactiveRecord">342</I32>
      <I32 N="NewestInactiveRecord">342</I32>
    </MS>
  </Obj>
  <Obj RefId="343">
    <TNRef RefId="0" />
    <MS>
      <I32 N="Day">344</I32>
      <I32 N="ActiveTableSize">3430</I32>
      <I32 N="InactiveTableSize">10</I32>
      <I32 N="TotalRecords">3440</I32>
      <I32 N="PercentNotExpired">100</I32>
      <B N="TableSwapOccurred">false</B>
      <Nil N="TableSwapTrigger" />
      <I32 N="RowsCopied">0</I32>
      <I32 N="NextTableSwapOnOrBefore">367</I32>
      <I32 N="OldestActiveRecord">342</I32>
      <I32 N="OldestInactiveRecord">343</I32>
      <I32 N="NewestInactiveRecord">343</I32>
    </MS>
  </Obj>
  <Obj RefId="344">
    <TNRef RefId="0" />
    <MS>
      <I32 N="Day">345</I32>
      <I32 N="ActiveTableSize">3440</I32>
      <I32 N="InactiveTableSize">10</I32>
      <I32 N="TotalRecords">3450</I32>
      <I32 N="PercentNotExpired">100</I32>
      <B N="TableSwapOccurred">false</B>
      <Nil N="TableSwapTrigger" />
      <I32 N="RowsCopied">0</I32>
      <I32 N="NextTableSwapOnOrBefore">367</I32>
      <I32 N="OldestActiveRecord">343</I32>
      <I32 N="OldestInactiveRecord">344</I32>
      <I32 N="NewestInactiveRecord">344</I32>
    </MS>
  </Obj>
  <Obj RefId="345">
    <TNRef RefId="0" />
    <MS>
      <I32 N="Day">346</I32>
      <I32 N="ActiveTableSize">3450</I32>
      <I32 N="InactiveTableSize">10</I32>
      <I32 N="TotalRecords">3460</I32>
      <I32 N="PercentNotExpired">100</I32>
      <B N="TableSwapOccurred">false</B>
      <Nil N="TableSwapTrigger" />
      <I32 N="RowsCopied">0</I32>
      <I32 N="NextTableSwapOnOrBefore">367</I32>
      <I32 N="OldestActiveRecord">344</I32>
      <I32 N="OldestInactiveRecord">345</I32>
      <I32 N="NewestInactiveRecord">345</I32>
    </MS>
  </Obj>
  <Obj RefId="346">
    <TNRef RefId="0" />
    <MS>
      <I32 N="Day">347</I32>
      <I32 N="ActiveTableSize">3460</I32>
      <I32 N="InactiveTableSize">10</I32>
      <I32 N="TotalRecords">3470</I32>
      <I32 N="PercentNotExpired">100</I32>
      <B N="TableSwapOccurred">false</B>
      <Nil N="TableSwapTrigger" />
      <I32 N="RowsCopied">0</I32>
      <I32 N="NextTableSwapOnOrBefore">367</I32>
      <I32 N="OldestActiveRecord">345</I32>
      <I32 N="OldestInactiveRecord">346</I32>
      <I32 N="NewestInactiveRecord">346</I32>
    </MS>
  </Obj>
  <Obj RefId="347">
    <TNRef RefId="0" />
    <MS>
      <I32 N="Day">348</I32>
      <I32 N="ActiveTableSize">3470</I32>
      <I32 N="InactiveTableSize">10</I32>
      <I32 N="TotalRecords">3480</I32>
      <I32 N="PercentNotExpired">100</I32>
      <B N="TableSwapOccurred">false</B>
      <Nil N="TableSwapTrigger" />
      <I32 N="RowsCopied">0</I32>
      <I32 N="NextTableSwapOnOrBefore">367</I32>
      <I32 N="OldestActiveRecord">346</I32>
      <I32 N="OldestInactiveRecord">347</I32>
      <I32 N="NewestInactiveRecord">347</I32>
    </MS>
  </Obj>
  <Obj RefId="348">
    <TNRef RefId="0" />
    <MS>
      <I32 N="Day">349</I32>
      <I32 N="ActiveTableSize">3480</I32>
      <I32 N="InactiveTableSize">10</I32>
      <I32 N="TotalRecords">3490</I32>
      <I32 N="PercentNotExpired">100</I32>
      <B N="TableSwapOccurred">false</B>
      <Nil N="TableSwapTrigger" />
      <I32 N="RowsCopied">0</I32>
      <I32 N="NextTableSwapOnOrBefore">367</I32>
      <I32 N="OldestActiveRecord">347</I32>
      <I32 N="OldestInactiveRecord">348</I32>
      <I32 N="NewestInactiveRecord">348</I32>
    </MS>
  </Obj>
  <Obj RefId="349">
    <TNRef RefId="0" />
    <MS>
      <I32 N="Day">350</I32>
      <I32 N="ActiveTableSize">3490</I32>
      <I32 N="InactiveTableSize">10</I32>
      <I32 N="TotalRecords">3500</I32>
      <I32 N="PercentNotExpired">100</I32>
      <B N="TableSwapOccurred">false</B>
      <Nil N="TableSwapTrigger" />
      <I32 N="RowsCopied">0</I32>
      <I32 N="NextTableSwapOnOrBefore">367</I32>
      <I32 N="OldestActiveRecord">348</I32>
      <I32 N="OldestInactiveRecord">349</I32>
      <I32 N="NewestInactiveRecord">349</I32>
    </MS>
  </Obj>
  <Obj RefId="350">
    <TNRef RefId="0" />
    <MS>
      <I32 N="Day">351</I32>
      <I32 N="ActiveTableSize">3500</I32>
      <I32 N="InactiveTableSize">10</I32>
      <I32 N="TotalRecords">3510</I32>
      <I32 N="PercentNotExpired">100</I32>
      <B N="TableSwapOccurred">false</B>
      <Nil N="TableSwapTrigger" />
      <I32 N="RowsCopied">0</I32>
      <I32 N="NextTableSwapOnOrBefore">367</I32>
      <I32 N="OldestActiveRecord">349</I32>
      <I32 N="OldestInactiveRecord">350</I32>
      <I32 N="NewestInactiveRecord">350</I32>
    </MS>
  </Obj>
  <Obj RefId="351">
    <TNRef RefId="0" />
    <MS>
      <I32 N="Day">352</I32>
      <I32 N="ActiveTableSize">3510</I32>
      <I32 N="InactiveTableSize">10</I32>
      <I32 N="TotalRecords">3520</I32>
      <I32 N="PercentNotExpired">100</I32>
      <B N="TableSwapOccurred">false</B>
      <Nil N="TableSwapTrigger" />
      <I32 N="RowsCopied">0</I32>
      <I32 N="NextTableSwapOnOrBefore">367</I32>
      <I32 N="OldestActiveRecord">350</I32>
      <I32 N="OldestInactiveRecord">351</I32>
      <I32 N="NewestInactiveRecord">351</I32>
    </MS>
  </Obj>
  <Obj RefId="352">
    <TNRef RefId="0" />
    <MS>
      <I32 N="Day">353</I32>
      <I32 N="ActiveTableSize">3520</I32>
      <I32 N="InactiveTableSize">10</I32>
      <I32 N="TotalRecords">3530</I32>
      <I32 N="PercentNotExpired">100</I32>
      <B N="TableSwapOccurred">false</B>
      <Nil N="TableSwapTrigger" />
      <I32 N="RowsCopied">0</I32>
      <I32 N="NextTableSwapOnOrBefore">367</I32>
      <I32 N="OldestActiveRecord">351</I32>
      <I32 N="OldestInactiveRecord">352</I32>
      <I32 N="NewestInactiveRecord">352</I32>
    </MS>
  </Obj>
  <Obj RefId="353">
    <TNRef RefId="0" />
    <MS>
      <I32 N="Day">354</I32>
      <I32 N="ActiveTableSize">3530</I32>
      <I32 N="InactiveTableSize">10</I32>
      <I32 N="TotalRecords">3540</I32>
      <I32 N="PercentNotExpired">100</I32>
      <B N="TableSwapOccurred">false</B>
      <Nil N="TableSwapTrigger" />
      <I32 N="RowsCopied">0</I32>
      <I32 N="NextTableSwapOnOrBefore">367</I32>
      <I32 N="OldestActiveRecord">352</I32>
      <I32 N="OldestInactiveRecord">353</I32>
      <I32 N="NewestInactiveRecord">353</I32>
    </MS>
  </Obj>
  <Obj RefId="354">
    <TNRef RefId="0" />
    <MS>
      <I32 N="Day">355</I32>
      <I32 N="ActiveTableSize">3540</I32>
      <I32 N="InactiveTableSize">10</I32>
      <I32 N="TotalRecords">3550</I32>
      <I32 N="PercentNotExpired">100</I32>
      <B N="TableSwapOccurred">false</B>
      <Nil N="TableSwapTrigger" />
      <I32 N="RowsCopied">0</I32>
      <I32 N="NextTableSwapOnOrBefore">367</I32>
      <I32 N="OldestActiveRecord">353</I32>
      <I32 N="OldestInactiveRecord">354</I32>
      <I32 N="NewestInactiveRecord">354</I32>
    </MS>
  </Obj>
  <Obj RefId="355">
    <TNRef RefId="0" />
    <MS>
      <I32 N="Day">356</I32>
      <I32 N="ActiveTableSize">3550</I32>
      <I32 N="InactiveTableSize">10</I32>
      <I32 N="TotalRecords">3560</I32>
      <I32 N="PercentNotExpired">100</I32>
      <B N="TableSwapOccurred">false</B>
      <Nil N="TableSwapTrigger" />
      <I32 N="RowsCopied">0</I32>
      <I32 N="NextTableSwapOnOrBefore">367</I32>
      <I32 N="OldestActiveRecord">354</I32>
      <I32 N="OldestInactiveRecord">355</I32>
      <I32 N="NewestInactiveRecord">355</I32>
    </MS>
  </Obj>
  <Obj RefId="356">
    <TNRef RefId="0" />
    <MS>
      <I32 N="Day">357</I32>
      <I32 N="ActiveTableSize">3560</I32>
      <I32 N="InactiveTableSize">10</I32>
      <I32 N="TotalRecords">3570</I32>
      <I32 N="PercentNotExpired">100</I32>
      <B N="TableSwapOccurred">false</B>
      <Nil N="TableSwapTrigger" />
      <I32 N="RowsCopied">0</I32>
      <I32 N="NextTableSwapOnOrBefore">367</I32>
      <I32 N="OldestActiveRecord">355</I32>
      <I32 N="OldestInactiveRecord">356</I32>
      <I32 N="NewestInactiveRecord">356</I32>
    </MS>
  </Obj>
  <Obj RefId="357">
    <TNRef RefId="0" />
    <MS>
      <I32 N="Day">358</I32>
      <I32 N="ActiveTableSize">3570</I32>
      <I32 N="InactiveTableSize">10</I32>
      <I32 N="TotalRecords">3580</I32>
      <I32 N="PercentNotExpired">100</I32>
      <B N="TableSwapOccurred">false</B>
      <Nil N="TableSwapTrigger" />
      <I32 N="RowsCopied">0</I32>
      <I32 N="NextTableSwapOnOrBefore">367</I32>
      <I32 N="OldestActiveRecord">356</I32>
      <I32 N="OldestInactiveRecord">357</I32>
      <I32 N="NewestInactiveRecord">357</I32>
    </MS>
  </Obj>
  <Obj RefId="358">
    <TNRef RefId="0" />
    <MS>
      <I32 N="Day">359</I32>
      <I32 N="ActiveTableSize">3580</I32>
      <I32 N="InactiveTableSize">10</I32>
      <I32 N="TotalRecords">3590</I32>
      <I32 N="PercentNotExpired">100</I32>
      <B N="TableSwapOccurred">false</B>
      <Nil N="TableSwapTrigger" />
      <I32 N="RowsCopied">0</I32>
      <I32 N="NextTableSwapOnOrBefore">367</I32>
      <I32 N="OldestActiveRecord">357</I32>
      <I32 N="OldestInactiveRecord">358</I32>
      <I32 N="NewestInactiveRecord">358</I32>
    </MS>
  </Obj>
  <Obj RefId="359">
    <TNRef RefId="0" />
    <MS>
      <I32 N="Day">360</I32>
      <I32 N="ActiveTableSize">3590</I32>
      <I32 N="InactiveTableSize">10</I32>
      <I32 N="TotalRecords">3600</I32>
      <I32 N="PercentNotExpired">100</I32>
      <B N="TableSwapOccurred">false</B>
      <Nil N="TableSwapTrigger" />
      <I32 N="RowsCopied">0</I32>
      <I32 N="NextTableSwapOnOrBefore">367</I32>
      <I32 N="OldestActiveRecord">358</I32>
      <I32 N="OldestInactiveRecord">359</I32>
      <I32 N="NewestInactiveRecord">359</I32>
    </MS>
  </Obj>
  <Obj RefId="360">
    <TNRef RefId="0" />
    <MS>
      <I32 N="Day">361</I32>
      <I32 N="ActiveTableSize">3600</I32>
      <I32 N="InactiveTableSize">10</I32>
      <I32 N="TotalRecords">3610</I32>
      <I32 N="PercentNotExpired">100</I32>
      <B N="TableSwapOccurred">false</B>
      <Nil N="TableSwapTrigger" />
      <I32 N="RowsCopied">0</I32>
      <I32 N="NextTableSwapOnOrBefore">367</I32>
      <I32 N="OldestActiveRecord">359</I32>
      <I32 N="OldestInactiveRecord">360</I32>
      <I32 N="NewestInactiveRecord">360</I32>
    </MS>
  </Obj>
  <Obj RefId="361">
    <TNRef RefId="0" />
    <MS>
      <I32 N="Day">362</I32>
      <I32 N="ActiveTableSize">3610</I32>
      <I32 N="InactiveTableSize">10</I32>
      <I32 N="TotalRecords">3620</I32>
      <I32 N="PercentNotExpired">100</I32>
      <B N="TableSwapOccurred">false</B>
      <Nil N="TableSwapTrigger" />
      <I32 N="RowsCopied">0</I32>
      <I32 N="NextTableSwapOnOrBefore">367</I32>
      <I32 N="OldestActiveRecord">360</I32>
      <I32 N="OldestInactiveRecord">361</I32>
      <I32 N="NewestInactiveRecord">361</I32>
    </MS>
  </Obj>
  <Obj RefId="362">
    <TNRef RefId="0" />
    <MS>
      <I32 N="Day">363</I32>
      <I32 N="ActiveTableSize">3620</I32>
      <I32 N="InactiveTableSize">10</I32>
      <I32 N="TotalRecords">3630</I32>
      <I32 N="PercentNotExpired">100</I32>
      <B N="TableSwapOccurred">false</B>
      <Nil N="TableSwapTrigger" />
      <I32 N="RowsCopied">0</I32>
      <I32 N="NextTableSwapOnOrBefore">367</I32>
      <I32 N="OldestActiveRecord">361</I32>
      <I32 N="OldestInactiveRecord">362</I32>
      <I32 N="NewestInactiveRecord">362</I32>
    </MS>
  </Obj>
  <Obj RefId="363">
    <TNRef RefId="0" />
    <MS>
      <I32 N="Day">364</I32>
      <I32 N="ActiveTableSize">3630</I32>
      <I32 N="InactiveTableSize">10</I32>
      <I32 N="TotalRecords">3640</I32>
      <I32 N="PercentNotExpired">100</I32>
      <B N="TableSwapOccurred">false</B>
      <Nil N="TableSwapTrigger" />
      <I32 N="RowsCopied">0</I32>
      <I32 N="NextTableSwapOnOrBefore">367</I32>
      <I32 N="OldestActiveRecord">362</I32>
      <I32 N="OldestInactiveRecord">363</I32>
      <I32 N="NewestInactiveRecord">363</I32>
    </MS>
  </Obj>
  <Obj RefId="364">
    <TNRef RefId="0" />
    <MS>
      <I32 N="Day">365</I32>
      <I32 N="ActiveTableSize">3640</I32>
      <I32 N="InactiveTableSize">10</I32>
      <I32 N="TotalRecords">3650</I32>
      <I32 N="PercentNotExpired">100</I32>
      <B N="TableSwapOccurred">false</B>
      <Nil N="TableSwapTrigger" />
      <I32 N="RowsCopied">0</I32>
      <I32 N="NextTableSwapOnOrBefore">367</I32>
      <I32 N="OldestActiveRecord">363</I32>
      <I32 N="OldestInactiveRecord">364</I32>
      <I32 N="NewestInactiveRecord">364</I32>
    </MS>
  </Obj>
  <Obj RefId="365">
    <TNRef RefId="0" />
    <MS>
      <I32 N="Day">366</I32>
      <I32 N="ActiveTableSize">3650</I32>
      <I32 N="InactiveTableSize">10</I32>
      <I32 N="TotalRecords">3660</I32>
      <I32 N="PercentNotExpired">100</I32>
      <B N="TableSwapOccurred">false</B>
      <Nil N="TableSwapTrigger" />
      <I32 N="RowsCopied">0</I32>
      <I32 N="NextTableSwapOnOrBefore">367</I32>
      <I32 N="OldestActiveRecord">364</I32>
      <I32 N="OldestInactiveRecord">365</I32>
      <I32 N="NewestInactiveRecord">365</I32>
    </MS>
  </Obj>
  <Obj RefId="366">
    <TNRef RefId="0" />
    <MS>
      <I32 N="Day">367</I32>
      <I32 N="ActiveTableSize">0</I32>
      <I32 N="InactiveTableSize">3660</I32>
      <I32 N="TotalRecords">3660</I32>
      <I32 N="PercentNotExpired">0</I32>
      <B N="TableSwapOccurred">true</B>
      <S N="TableSwapTrigger">LogDeleteThreshold</S>
      <I32 N="RowsCopied">0</I32>
      <I32 N="NextTableSwapOnOrBefore">733</I32>
      <I32 N="OldestActiveRecord">0</I32>
      <I32 N="OldestInactiveRecord">365</I32>
      <I32 N="NewestInactiveRecord">0</I32>
    </MS>
  </Obj>
  <Obj RefId="367">
    <TNRef RefId="0" />
    <MS>
      <I32 N="Day">368</I32>
      <I32 N="ActiveTableSize">10</I32>
      <I32 N="InactiveTableSize">3660</I32>
      <I32 N="TotalRecords">3670</I32>
      <I32 N="PercentNotExpired">100</I32>
      <B N="TableSwapOccurred">false</B>
      <Nil N="TableSwapTrigger" />
      <I32 N="RowsCopied">0</I32>
      <I32 N="NextTableSwapOnOrBefore">733</I32>
      <I32 N="OldestActiveRecord">0</I32>
      <I32 N="OldestInactiveRecord">366</I32>
      <I32 N="NewestInactiveRecord">1</I32>
    </MS>
  </Obj>
  <Obj RefId="368">
    <TNRef RefId="0" />
    <MS>
      <I32 N="Day">369</I32>
      <I32 N="ActiveTableSize">20</I32>
      <I32 N="InactiveTableSize">3660</I32>
      <I32 N="TotalRecords">3680</I32>
      <I32 N="PercentNotExpired">99</I32>
      <B N="TableSwapOccurred">false</B>
      <Nil N="TableSwapTrigger" />
      <I32 N="RowsCopied">0</I32>
      <I32 N="NextTableSwapOnOrBefore">733</I32>
      <I32 N="OldestActiveRecord">1</I32>
      <I32 N="OldestInactiveRecord">367</I32>
      <I32 N="NewestInactiveRecord">2</I32>
    </MS>
  </Obj>
  <Obj RefId="369">
    <TNRef RefId="0" />
    <MS>
      <I32 N="Day">370</I32>
      <I32 N="ActiveTableSize">30</I32>
      <I32 N="InactiveTableSize">3660</I32>
      <I32 N="TotalRecords">3690</I32>
      <I32 N="PercentNotExpired">99</I32>
      <B N="TableSwapOccurred">false</B>
      <Nil N="TableSwapTrigger" />
      <I32 N="RowsCopied">0</I32>
      <I32 N="NextTableSwapOnOrBefore">733</I32>
      <I32 N="OldestActiveRecord">2</I32>
      <I32 N="OldestInactiveRecord">368</I32>
      <I32 N="NewestInactiveRecord">3</I32>
    </MS>
  </Obj>
  <Obj RefId="370">
    <TNRef RefId="0" />
    <MS>
      <I32 N="Day">371</I32>
      <I32 N="ActiveTableSize">40</I32>
      <I32 N="InactiveTableSize">3660</I32>
      <I32 N="TotalRecords">3700</I32>
      <I32 N="PercentNotExpired">99</I32>
      <B N="TableSwapOccurred">false</B>
      <Nil N="TableSwapTrigger" />
      <I32 N="RowsCopied">0</I32>
      <I32 N="NextTableSwapOnOrBefore">733</I32>
      <I32 N="OldestActiveRecord">3</I32>
      <I32 N="OldestInactiveRecord">369</I32>
      <I32 N="NewestInactiveRecord">4</I32>
    </MS>
  </Obj>
  <Obj RefId="371">
    <TNRef RefId="0" />
    <MS>
      <I32 N="Day">372</I32>
      <I32 N="ActiveTableSize">50</I32>
      <I32 N="InactiveTableSize">3660</I32>
      <I32 N="TotalRecords">3710</I32>
      <I32 N="PercentNotExpired">99</I32>
      <B N="TableSwapOccurred">false</B>
      <Nil N="TableSwapTrigger" />
      <I32 N="RowsCopied">0</I32>
      <I32 N="NextTableSwapOnOrBefore">733</I32>
      <I32 N="OldestActiveRecord">4</I32>
      <I32 N="OldestInactiveRecord">370</I32>
      <I32 N="NewestInactiveRecord">5</I32>
    </MS>
  </Obj>
  <Obj RefId="372">
    <TNRef RefId="0" />
    <MS>
      <I32 N="Day">373</I32>
      <I32 N="ActiveTableSize">60</I32>
      <I32 N="InactiveTableSize">3660</I32>
      <I32 N="TotalRecords">3720</I32>
      <I32 N="PercentNotExpired">98</I32>
      <B N="TableSwapOccurred">false</B>
      <Nil N="TableSwapTrigger" />
      <I32 N="RowsCopied">0</I32>
      <I32 N="NextTableSwapOnOrBefore">733</I32>
      <I32 N="OldestActiveRecord">5</I32>
      <I32 N="OldestInactiveRecord">371</I32>
      <I32 N="NewestInactiveRecord">6</I32>
    </MS>
  </Obj>
  <Obj RefId="373">
    <TNRef RefId="0" />
    <MS>
      <I32 N="Day">374</I32>
      <I32 N="ActiveTableSize">70</I32>
      <I32 N="InactiveTableSize">3660</I32>
      <I32 N="TotalRecords">3730</I32>
      <I32 N="PercentNotExpired">98</I32>
      <B N="TableSwapOccurred">false</B>
      <Nil N="TableSwapTrigger" />
      <I32 N="RowsCopied">0</I32>
      <I32 N="NextTableSwapOnOrBefore">733</I32>
      <I32 N="OldestActiveRecord">6</I32>
      <I32 N="OldestInactiveRecord">372</I32>
      <I32 N="NewestInactiveRecord">7</I32>
    </MS>
  </Obj>
  <Obj RefId="374">
    <TNRef RefId="0" />
    <MS>
      <I32 N="Day">375</I32>
      <I32 N="ActiveTableSize">80</I32>
      <I32 N="InactiveTableSize">3660</I32>
      <I32 N="TotalRecords">3740</I32>
      <I32 N="PercentNotExpired">98</I32>
      <B N="TableSwapOccurred">false</B>
      <Nil N="TableSwapTrigger" />
      <I32 N="RowsCopied">0</I32>
      <I32 N="NextTableSwapOnOrBefore">733</I32>
      <I32 N="OldestActiveRecord">7</I32>
      <I32 N="OldestInactiveRecord">373</I32>
      <I32 N="NewestInactiveRecord">8</I32>
    </MS>
  </Obj>
  <Obj RefId="375">
    <TNRef RefId="0" />
    <MS>
      <I32 N="Day">376</I32>
      <I32 N="ActiveTableSize">90</I32>
      <I32 N="InactiveTableSize">3660</I32>
      <I32 N="TotalRecords">3750</I32>
      <I32 N="PercentNotExpired">98</I32>
      <B N="TableSwapOccurred">false</B>
      <Nil N="TableSwapTrigger" />
      <I32 N="RowsCopied">0</I32>
      <I32 N="NextTableSwapOnOrBefore">733</I32>
      <I32 N="OldestActiveRecord">8</I32>
      <I32 N="OldestInactiveRecord">374</I32>
      <I32 N="NewestInactiveRecord">9</I32>
    </MS>
  </Obj>
  <Obj RefId="376">
    <TNRef RefId="0" />
    <MS>
      <I32 N="Day">377</I32>
      <I32 N="ActiveTableSize">100</I32>
      <I32 N="InactiveTableSize">3660</I32>
      <I32 N="TotalRecords">3760</I32>
      <I32 N="PercentNotExpired">97</I32>
      <B N="TableSwapOccurred">false</B>
      <Nil N="TableSwapTrigger" />
      <I32 N="RowsCopied">0</I32>
      <I32 N="NextTableSwapOnOrBefore">733</I32>
      <I32 N="OldestActiveRecord">9</I32>
      <I32 N="OldestInactiveRecord">375</I32>
      <I32 N="NewestInactiveRecord">10</I32>
    </MS>
  </Obj>
  <Obj RefId="377">
    <TNRef RefId="0" />
    <MS>
      <I32 N="Day">378</I32>
      <I32 N="ActiveTableSize">110</I32>
      <I32 N="InactiveTableSize">3660</I32>
      <I32 N="TotalRecords">3770</I32>
      <I32 N="PercentNotExpired">97</I32>
      <B N="TableSwapOccurred">false</B>
      <Nil N="TableSwapTrigger" />
      <I32 N="RowsCopied">0</I32>
      <I32 N="NextTableSwapOnOrBefore">733</I32>
      <I32 N="OldestActiveRecord">10</I32>
      <I32 N="OldestInactiveRecord">376</I32>
      <I32 N="NewestInactiveRecord">11</I32>
    </MS>
  </Obj>
  <Obj RefId="378">
    <TNRef RefId="0" />
    <MS>
      <I32 N="Day">379</I32>
      <I32 N="ActiveTableSize">120</I32>
      <I32 N="InactiveTableSize">3660</I32>
      <I32 N="TotalRecords">3780</I32>
      <I32 N="PercentNotExpired">97</I32>
      <B N="TableSwapOccurred">false</B>
      <Nil N="TableSwapTrigger" />
      <I32 N="RowsCopied">0</I32>
      <I32 N="NextTableSwapOnOrBefore">733</I32>
      <I32 N="OldestActiveRecord">11</I32>
      <I32 N="OldestInactiveRecord">377</I32>
      <I32 N="NewestInactiveRecord">12</I32>
    </MS>
  </Obj>
  <Obj RefId="379">
    <TNRef RefId="0" />
    <MS>
      <I32 N="Day">380</I32>
      <I32 N="ActiveTableSize">130</I32>
      <I32 N="InactiveTableSize">3660</I32>
      <I32 N="TotalRecords">3790</I32>
      <I32 N="PercentNotExpired">96</I32>
      <B N="TableSwapOccurred">false</B>
      <Nil N="TableSwapTrigger" />
      <I32 N="RowsCopied">0</I32>
      <I32 N="NextTableSwapOnOrBefore">733</I32>
      <I32 N="OldestActiveRecord">12</I32>
      <I32 N="OldestInactiveRecord">378</I32>
      <I32 N="NewestInactiveRecord">13</I32>
    </MS>
  </Obj>
  <Obj RefId="380">
    <TNRef RefId="0" />
    <MS>
      <I32 N="Day">381</I32>
      <I32 N="ActiveTableSize">140</I32>
      <I32 N="InactiveTableSize">3660</I32>
      <I32 N="TotalRecords">3800</I32>
      <I32 N="PercentNotExpired">96</I32>
      <B N="TableSwapOccurred">false</B>
      <Nil N="TableSwapTrigger" />
      <I32 N="RowsCopied">0</I32>
      <I32 N="NextTableSwapOnOrBefore">733</I32>
      <I32 N="OldestActiveRecord">13</I32>
      <I32 N="OldestInactiveRecord">379</I32>
      <I32 N="NewestInactiveRecord">14</I32>
    </MS>
  </Obj>
  <Obj RefId="381">
    <TNRef RefId="0" />
    <MS>
      <I32 N="Day">382</I32>
      <I32 N="ActiveTableSize">150</I32>
      <I32 N="InactiveTableSize">3660</I32>
      <I32 N="TotalRecords">3810</I32>
      <I32 N="PercentNotExpired">96</I32>
      <B N="TableSwapOccurred">false</B>
      <Nil N="TableSwapTrigger" />
      <I32 N="RowsCopied">0</I32>
      <I32 N="NextTableSwapOnOrBefore">733</I32>
      <I32 N="OldestActiveRecord">14</I32>
      <I32 N="OldestInactiveRecord">380</I32>
      <I32 N="NewestInactiveRecord">15</I32>
    </MS>
  </Obj>
  <Obj RefId="382">
    <TNRef RefId="0" />
    <MS>
      <I32 N="Day">383</I32>
      <I32 N="ActiveTableSize">160</I32>
      <I32 N="InactiveTableSize">3660</I32>
      <I32 N="TotalRecords">3820</I32>
      <I32 N="PercentNotExpired">96</I32>
      <B N="TableSwapOccurred">false</B>
      <Nil N="TableSwapTrigger" />
      <I32 N="RowsCopied">0</I32>
      <I32 N="NextTableSwapOnOrBefore">733</I32>
      <I32 N="OldestActiveRecord">15</I32>
      <I32 N="OldestInactiveRecord">381</I32>
      <I32 N="NewestInactiveRecord">16</I32>
    </MS>
  </Obj>
  <Obj RefId="383">
    <TNRef RefId="0" />
    <MS>
      <I32 N="Day">384</I32>
      <I32 N="ActiveTableSize">170</I32>
      <I32 N="InactiveTableSize">3660</I32>
      <I32 N="TotalRecords">3830</I32>
      <I32 N="PercentNotExpired">95</I32>
      <B N="TableSwapOccurred">false</B>
      <Nil N="TableSwapTrigger" />
      <I32 N="RowsCopied">0</I32>
      <I32 N="NextTableSwapOnOrBefore">733</I32>
      <I32 N="OldestActiveRecord">16</I32>
      <I32 N="OldestInactiveRecord">382</I32>
      <I32 N="NewestInactiveRecord">17</I32>
    </MS>
  </Obj>
  <Obj RefId="384">
    <TNRef RefId="0" />
    <MS>
      <I32 N="Day">385</I32>
      <I32 N="ActiveTableSize">180</I32>
      <I32 N="InactiveTableSize">3660</I32>
      <I32 N="TotalRecords">3840</I32>
      <I32 N="PercentNotExpired">95</I32>
      <B N="TableSwapOccurred">false</B>
      <Nil N="TableSwapTrigger" />
      <I32 N="RowsCopied">0</I32>
      <I32 N="NextTableSwapOnOrBefore">733</I32>
      <I32 N="OldestActiveRecord">17</I32>
      <I32 N="OldestInactiveRecord">383</I32>
      <I32 N="NewestInactiveRecord">18</I32>
    </MS>
  </Obj>
  <Obj RefId="385">
    <TNRef RefId="0" />
    <MS>
      <I32 N="Day">386</I32>
      <I32 N="ActiveTableSize">190</I32>
      <I32 N="InactiveTableSize">3660</I32>
      <I32 N="TotalRecords">3850</I32>
      <I32 N="PercentNotExpired">95</I32>
      <B N="TableSwapOccurred">false</B>
      <Nil N="TableSwapTrigger" />
      <I32 N="RowsCopied">0</I32>
      <I32 N="NextTableSwapOnOrBefore">733</I32>
      <I32 N="OldestActiveRecord">18</I32>
      <I32 N="OldestInactiveRecord">384</I32>
      <I32 N="NewestInactiveRecord">19</I32>
    </MS>
  </Obj>
  <Obj RefId="386">
    <TNRef RefId="0" />
    <MS>
      <I32 N="Day">387</I32>
      <I32 N="ActiveTableSize">200</I32>
      <I32 N="InactiveTableSize">3660</I32>
      <I32 N="TotalRecords">3860</I32>
      <I32 N="PercentNotExpired">95</I32>
      <B N="TableSwapOccurred">false</B>
      <Nil N="TableSwapTrigger" />
      <I32 N="RowsCopied">0</I32>
      <I32 N="NextTableSwapOnOrBefore">733</I32>
      <I32 N="OldestActiveRecord">19</I32>
      <I32 N="OldestInactiveRecord">385</I32>
      <I32 N="NewestInactiveRecord">20</I32>
    </MS>
  </Obj>
  <Obj RefId="387">
    <TNRef RefId="0" />
    <MS>
      <I32 N="Day">388</I32>
      <I32 N="ActiveTableSize">210</I32>
      <I32 N="InactiveTableSize">3660</I32>
      <I32 N="TotalRecords">3870</I32>
      <I32 N="PercentNotExpired">94</I32>
      <B N="TableSwapOccurred">false</B>
      <Nil N="TableSwapTrigger" />
      <I32 N="RowsCopied">0</I32>
      <I32 N="NextTableSwapOnOrBefore">733</I32>
      <I32 N="OldestActiveRecord">20</I32>
      <I32 N="OldestInactiveRecord">386</I32>
      <I32 N="NewestInactiveRecord">21</I32>
    </MS>
  </Obj>
  <Obj RefId="388">
    <TNRef RefId="0" />
    <MS>
      <I32 N="Day">389</I32>
      <I32 N="ActiveTableSize">220</I32>
      <I32 N="InactiveTableSize">3660</I32>
      <I32 N="TotalRecords">3880</I32>
      <I32 N="PercentNotExpired">94</I32>
      <B N="TableSwapOccurred">false</B>
      <Nil N="TableSwapTrigger" />
      <I32 N="RowsCopied">0</I32>
      <I32 N="NextTableSwapOnOrBefore">733</I32>
      <I32 N="OldestActiveRecord">21</I32>
      <I32 N="OldestInactiveRecord">387</I32>
      <I32 N="NewestInactiveRecord">22</I32>
    </MS>
  </Obj>
  <Obj RefId="389">
    <TNRef RefId="0" />
    <MS>
      <I32 N="Day">390</I32>
      <I32 N="ActiveTableSize">230</I32>
      <I32 N="InactiveTableSize">3660</I32>
      <I32 N="TotalRecords">3890</I32>
      <I32 N="PercentNotExpired">94</I32>
      <B N="TableSwapOccurred">false</B>
      <Nil N="TableSwapTrigger" />
      <I32 N="RowsCopied">0</I32>
      <I32 N="NextTableSwapOnOrBefore">733</I32>
      <I32 N="OldestActiveRecord">22</I32>
      <I32 N="OldestInactiveRecord">388</I32>
      <I32 N="NewestInactiveRecord">23</I32>
    </MS>
  </Obj>
  <Obj RefId="390">
    <TNRef RefId="0" />
    <MS>
      <I32 N="Day">391</I32>
      <I32 N="ActiveTableSize">240</I32>
      <I32 N="InactiveTableSize">3660</I32>
      <I32 N="TotalRecords">3900</I32>
      <I32 N="PercentNotExpired">93</I32>
      <B N="TableSwapOccurred">false</B>
      <Nil N="TableSwapTrigger" />
      <I32 N="RowsCopied">0</I32>
      <I32 N="NextTableSwapOnOrBefore">733</I32>
      <I32 N="OldestActiveRecord">23</I32>
      <I32 N="OldestInactiveRecord">389</I32>
      <I32 N="NewestInactiveRecord">24</I32>
    </MS>
  </Obj>
  <Obj RefId="391">
    <TNRef RefId="0" />
    <MS>
      <I32 N="Day">392</I32>
      <I32 N="ActiveTableSize">250</I32>
      <I32 N="InactiveTableSize">3660</I32>
      <I32 N="TotalRecords">3910</I32>
      <I32 N="PercentNotExpired">93</I32>
      <B N="TableSwapOccurred">false</B>
      <Nil N="TableSwapTrigger" />
      <I32 N="RowsCopied">0</I32>
      <I32 N="NextTableSwapOnOrBefore">733</I32>
      <I32 N="OldestActiveRecord">24</I32>
      <I32 N="OldestInactiveRecord">390</I32>
      <I32 N="NewestInactiveRecord">25</I32>
    </MS>
  </Obj>
  <Obj RefId="392">
    <TNRef RefId="0" />
    <MS>
      <I32 N="Day">393</I32>
      <I32 N="ActiveTableSize">260</I32>
      <I32 N="InactiveTableSize">3660</I32>
      <I32 N="TotalRecords">3920</I32>
      <I32 N="PercentNotExpired">93</I32>
      <B N="TableSwapOccurred">false</B>
      <Nil N="TableSwapTrigger" />
      <I32 N="RowsCopied">0</I32>
      <I32 N="NextTableSwapOnOrBefore">733</I32>
      <I32 N="OldestActiveRecord">25</I32>
      <I32 N="OldestInactiveRecord">391</I32>
      <I32 N="NewestInactiveRecord">26</I32>
    </MS>
  </Obj>
  <Obj RefId="393">
    <TNRef RefId="0" />
    <MS>
      <I32 N="Day">394</I32>
      <I32 N="ActiveTableSize">270</I32>
      <I32 N="InactiveTableSize">3660</I32>
      <I32 N="TotalRecords">3930</I32>
      <I32 N="PercentNotExpired">93</I32>
      <B N="TableSwapOccurred">false</B>
      <Nil N="TableSwapTrigger" />
      <I32 N="RowsCopied">0</I32>
      <I32 N="NextTableSwapOnOrBefore">733</I32>
      <I32 N="OldestActiveRecord">26</I32>
      <I32 N="OldestInactiveRecord">392</I32>
      <I32 N="NewestInactiveRecord">27</I32>
    </MS>
  </Obj>
  <Obj RefId="394">
    <TNRef RefId="0" />
    <MS>
      <I32 N="Day">395</I32>
      <I32 N="ActiveTableSize">280</I32>
      <I32 N="InactiveTableSize">3660</I32>
      <I32 N="TotalRecords">3940</I32>
      <I32 N="PercentNotExpired">92</I32>
      <B N="TableSwapOccurred">false</B>
      <Nil N="TableSwapTrigger" />
      <I32 N="RowsCopied">0</I32>
      <I32 N="NextTableSwapOnOrBefore">733</I32>
      <I32 N="OldestActiveRecord">27</I32>
      <I32 N="OldestInactiveRecord">393</I32>
      <I32 N="NewestInactiveRecord">28</I32>
    </MS>
  </Obj>
  <Obj RefId="395">
    <TNRef RefId="0" />
    <MS>
      <I32 N="Day">396</I32>
      <I32 N="ActiveTableSize">290</I32>
      <I32 N="InactiveTableSize">3660</I32>
      <I32 N="TotalRecords">3950</I32>
      <I32 N="PercentNotExpired">92</I32>
      <B N="TableSwapOccurred">false</B>
      <Nil N="TableSwapTrigger" />
      <I32 N="RowsCopied">0</I32>
      <I32 N="NextTableSwapOnOrBefore">733</I32>
      <I32 N="OldestActiveRecord">28</I32>
      <I32 N="OldestInactiveRecord">394</I32>
      <I32 N="NewestInactiveRecord">29</I32>
    </MS>
  </Obj>
  <Obj RefId="396">
    <TNRef RefId="0" />
    <MS>
      <I32 N="Day">397</I32>
      <I32 N="ActiveTableSize">300</I32>
      <I32 N="InactiveTableSize">3660</I32>
      <I32 N="TotalRecords">3960</I32>
      <I32 N="PercentNotExpired">92</I32>
      <B N="TableSwapOccurred">false</B>
      <Nil N="TableSwapTrigger" />
      <I32 N="RowsCopied">0</I32>
      <I32 N="NextTableSwapOnOrBefore">733</I32>
      <I32 N="OldestActiveRecord">29</I32>
      <I32 N="OldestInactiveRecord">395</I32>
      <I32 N="NewestInactiveRecord">30</I32>
    </MS>
  </Obj>
  <Obj RefId="397">
    <TNRef RefId="0" />
    <MS>
      <I32 N="Day">398</I32>
      <I32 N="ActiveTableSize">310</I32>
      <I32 N="InactiveTableSize">3660</I32>
      <I32 N="TotalRecords">3970</I32>
      <I32 N="PercentNotExpired">92</I32>
      <B N="TableSwapOccurred">false</B>
      <Nil N="TableSwapTrigger" />
      <I32 N="RowsCopied">0</I32>
      <I32 N="NextTableSwapOnOrBefore">733</I32>
      <I32 N="OldestActiveRecord">30</I32>
      <I32 N="OldestInactiveRecord">396</I32>
      <I32 N="NewestInactiveRecord">31</I32>
    </MS>
  </Obj>
  <Obj RefId="398">
    <TNRef RefId="0" />
    <MS>
      <I32 N="Day">399</I32>
      <I32 N="ActiveTableSize">320</I32>
      <I32 N="InactiveTableSize">3660</I32>
      <I32 N="TotalRecords">3980</I32>
      <I32 N="PercentNotExpired">91</I32>
      <B N="TableSwapOccurred">false</B>
      <Nil N="TableSwapTrigger" />
      <I32 N="RowsCopied">0</I32>
      <I32 N="NextTableSwapOnOrBefore">733</I32>
      <I32 N="OldestActiveRecord">31</I32>
      <I32 N="OldestInactiveRecord">397</I32>
      <I32 N="NewestInactiveRecord">32</I32>
    </MS>
  </Obj>
  <Obj RefId="399">
    <TNRef RefId="0" />
    <MS>
      <I32 N="Day">400</I32>
      <I32 N="ActiveTableSize">330</I32>
      <I32 N="InactiveTableSize">3660</I32>
      <I32 N="TotalRecords">3990</I32>
      <I32 N="PercentNotExpired">91</I32>
      <B N="TableSwapOccurred">false</B>
      <Nil N="TableSwapTrigger" />
      <I32 N="RowsCopied">0</I32>
      <I32 N="NextTableSwapOnOrBefore">733</I32>
      <I32 N="OldestActiveRecord">32</I32>
      <I32 N="OldestInactiveRecord">398</I32>
      <I32 N="NewestInactiveRecord">33</I32>
    </MS>
  </Obj>
  <Obj RefId="400">
    <TNRef RefId="0" />
    <MS>
      <I32 N="Day">401</I32>
      <I32 N="ActiveTableSize">340</I32>
      <I32 N="InactiveTableSize">3660</I32>
      <I32 N="TotalRecords">4000</I32>
      <I32 N="PercentNotExpired">91</I32>
      <B N="TableSwapOccurred">false</B>
      <Nil N="TableSwapTrigger" />
      <I32 N="RowsCopied">0</I32>
      <I32 N="NextTableSwapOnOrBefore">733</I32>
      <I32 N="OldestActiveRecord">33</I32>
      <I32 N="OldestInactiveRecord">399</I32>
      <I32 N="NewestInactiveRecord">34</I32>
    </MS>
  </Obj>
  <Obj RefId="401">
    <TNRef RefId="0" />
    <MS>
      <I32 N="Day">402</I32>
      <I32 N="ActiveTableSize">350</I32>
      <I32 N="InactiveTableSize">3660</I32>
      <I32 N="TotalRecords">4010</I32>
      <I32 N="PercentNotExpired">90</I32>
      <B N="TableSwapOccurred">false</B>
      <Nil N="TableSwapTrigger" />
      <I32 N="RowsCopied">0</I32>
      <I32 N="NextTableSwapOnOrBefore">733</I32>
      <I32 N="OldestActiveRecord">34</I32>
      <I32 N="OldestInactiveRecord">400</I32>
      <I32 N="NewestInactiveRecord">35</I32>
    </MS>
  </Obj>
  <Obj RefId="402">
    <TNRef RefId="0" />
    <MS>
      <I32 N="Day">403</I32>
      <I32 N="ActiveTableSize">360</I32>
      <I32 N="InactiveTableSize">3660</I32>
      <I32 N="TotalRecords">4020</I32>
      <I32 N="PercentNotExpired">90</I32>
      <B N="TableSwapOccurred">false</B>
      <Nil N="TableSwapTrigger" />
      <I32 N="RowsCopied">0</I32>
      <I32 N="NextTableSwapOnOrBefore">733</I32>
      <I32 N="OldestActiveRecord">35</I32>
      <I32 N="OldestInactiveRecord">401</I32>
      <I32 N="NewestInactiveRecord">36</I32>
    </MS>
  </Obj>
  <Obj RefId="403">
    <TNRef RefId="0" />
    <MS>
      <I32 N="Day">404</I32>
      <I32 N="ActiveTableSize">370</I32>
      <I32 N="InactiveTableSize">3660</I32>
      <I32 N="TotalRecords">4030</I32>
      <I32 N="PercentNotExpired">90</I32>
      <B N="TableSwapOccurred">false</B>
      <Nil N="TableSwapTrigger" />
      <I32 N="RowsCopied">0</I32>
      <I32 N="NextTableSwapOnOrBefore">733</I32>
      <I32 N="OldestActiveRecord">36</I32>
      <I32 N="OldestInactiveRecord">402</I32>
      <I32 N="NewestInactiveRecord">37</I32>
    </MS>
  </Obj>
  <Obj RefId="404">
    <TNRef RefId="0" />
    <MS>
      <I32 N="Day">405</I32>
      <I32 N="ActiveTableSize">380</I32>
      <I32 N="InactiveTableSize">3660</I32>
      <I32 N="TotalRecords">4040</I32>
      <I32 N="PercentNotExpired">90</I32>
      <B N="TableSwapOccurred">false</B>
      <Nil N="TableSwapTrigger" />
      <I32 N="RowsCopied">0</I32>
      <I32 N="NextTableSwapOnOrBefore">733</I32>
      <I32 N="OldestActiveRecord">37</I32>
      <I32 N="OldestInactiveRecord">403</I32>
      <I32 N="NewestInactiveRecord">38</I32>
    </MS>
  </Obj>
  <Obj RefId="405">
    <TNRef RefId="0" />
    <MS>
      <I32 N="Day">406</I32>
      <I32 N="ActiveTableSize">390</I32>
      <I32 N="InactiveTableSize">3660</I32>
      <I32 N="TotalRecords">4050</I32>
      <I32 N="PercentNotExpired">89</I32>
      <B N="TableSwapOccurred">false</B>
      <Nil N="TableSwapTrigger" />
      <I32 N="RowsCopied">0</I32>
      <I32 N="NextTableSwapOnOrBefore">733</I32>
      <I32 N="OldestActiveRecord">38</I32>
      <I32 N="OldestInactiveRecord">404</I32>
      <I32 N="NewestInactiveRecord">39</I32>
    </MS>
  </Obj>
  <Obj RefId="406">
    <TNRef RefId="0" />
    <MS>
      <I32 N="Day">407</I32>
      <I32 N="ActiveTableSize">400</I32>
      <I32 N="InactiveTableSize">3660</I32>
      <I32 N="TotalRecords">4060</I32>
      <I32 N="PercentNotExpired">89</I32>
      <B N="TableSwapOccurred">false</B>
      <Nil N="TableSwapTrigger" />
      <I32 N="RowsCopied">0</I32>
      <I32 N="NextTableSwapOnOrBefore">733</I32>
      <I32 N="OldestActiveRecord">39</I32>
      <I32 N="OldestInactiveRecord">405</I32>
      <I32 N="NewestInactiveRecord">40</I32>
    </MS>
  </Obj>
  <Obj RefId="407">
    <TNRef RefId="0" />
    <MS>
      <I32 N="Day">408</I32>
      <I32 N="ActiveTableSize">410</I32>
      <I32 N="InactiveTableSize">3660</I32>
      <I32 N="TotalRecords">4070</I32>
      <I32 N="PercentNotExpired">89</I32>
      <B N="TableSwapOccurred">false</B>
      <Nil N="TableSwapTrigger" />
      <I32 N="RowsCopied">0</I32>
      <I32 N="NextTableSwapOnOrBefore">733</I32>
      <I32 N="OldestActiveRecord">40</I32>
      <I32 N="OldestInactiveRecord">406</I32>
      <I32 N="NewestInactiveRecord">41</I32>
    </MS>
  </Obj>
  <Obj RefId="408">
    <TNRef RefId="0" />
    <MS>
      <I32 N="Day">409</I32>
      <I32 N="ActiveTableSize">420</I32>
      <I32 N="InactiveTableSize">3660</I32>
      <I32 N="TotalRecords">4080</I32>
      <I32 N="PercentNotExpired">89</I32>
      <B N="TableSwapOccurred">false</B>
      <Nil N="TableSwapTrigger" />
      <I32 N="RowsCopied">0</I32>
      <I32 N="NextTableSwapOnOrBefore">733</I32>
      <I32 N="OldestActiveRecord">41</I32>
      <I32 N="OldestInactiveRecord">407</I32>
      <I32 N="NewestInactiveRecord">42</I32>
    </MS>
  </Obj>
  <Obj RefId="409">
    <TNRef RefId="0" />
    <MS>
      <I32 N="Day">410</I32>
      <I32 N="ActiveTableSize">430</I32>
      <I32 N="InactiveTableSize">3660</I32>
      <I32 N="TotalRecords">4090</I32>
      <I32 N="PercentNotExpired">88</I32>
      <B N="TableSwapOccurred">false</B>
      <Nil N="TableSwapTrigger" />
      <I32 N="RowsCopied">0</I32>
      <I32 N="NextTableSwapOnOrBefore">733</I32>
      <I32 N="OldestActiveRecord">42</I32>
      <I32 N="OldestInactiveRecord">408</I32>
      <I32 N="NewestInactiveRecord">43</I32>
    </MS>
  </Obj>
  <Obj RefId="410">
    <TNRef RefId="0" />
    <MS>
      <I32 N="Day">411</I32>
      <I32 N="ActiveTableSize">440</I32>
      <I32 N="InactiveTableSize">3660</I32>
      <I32 N="TotalRecords">4100</I32>
      <I32 N="PercentNotExpired">88</I32>
      <B N="TableSwapOccurred">false</B>
      <Nil N="TableSwapTrigger" />
      <I32 N="RowsCopied">0</I32>
      <I32 N="NextTableSwapOnOrBefore">733</I32>
      <I32 N="OldestActiveRecord">43</I32>
      <I32 N="OldestInactiveRecord">409</I32>
      <I32 N="NewestInactiveRecord">44</I32>
    </MS>
  </Obj>
  <Obj RefId="411">
    <TNRef RefId="0" />
    <MS>
      <I32 N="Day">412</I32>
      <I32 N="ActiveTableSize">450</I32>
      <I32 N="InactiveTableSize">3660</I32>
      <I32 N="TotalRecords">4110</I32>
      <I32 N="PercentNotExpired">88</I32>
      <B N="TableSwapOccurred">false</B>
      <Nil N="TableSwapTrigger" />
      <I32 N="RowsCopied">0</I32>
      <I32 N="NextTableSwapOnOrBefore">733</I32>
      <I32 N="OldestActiveRecord">44</I32>
      <I32 N="OldestInactiveRecord">410</I32>
      <I32 N="NewestInactiveRecord">45</I32>
    </MS>
  </Obj>
  <Obj RefId="412">
    <TNRef RefId="0" />
    <MS>
      <I32 N="Day">413</I32>
      <I32 N="ActiveTableSize">460</I32>
      <I32 N="InactiveTableSize">3660</I32>
      <I32 N="TotalRecords">4120</I32>
      <I32 N="PercentNotExpired">87</I32>
      <B N="TableSwapOccurred">false</B>
      <Nil N="TableSwapTrigger" />
      <I32 N="RowsCopied">0</I32>
      <I32 N="NextTableSwapOnOrBefore">733</I32>
      <I32 N="OldestActiveRecord">45</I32>
      <I32 N="OldestInactiveRecord">411</I32>
      <I32 N="NewestInactiveRecord">46</I32>
    </MS>
  </Obj>
  <Obj RefId="413">
    <TNRef RefId="0" />
    <MS>
      <I32 N="Day">414</I32>
      <I32 N="ActiveTableSize">470</I32>
      <I32 N="InactiveTableSize">3660</I32>
      <I32 N="TotalRecords">4130</I32>
      <I32 N="PercentNotExpired">87</I32>
      <B N="TableSwapOccurred">false</B>
      <Nil N="TableSwapTrigger" />
      <I32 N="RowsCopied">0</I32>
      <I32 N="NextTableSwapOnOrBefore">733</I32>
      <I32 N="OldestActiveRecord">46</I32>
      <I32 N="OldestInactiveRecord">412</I32>
      <I32 N="NewestInactiveRecord">47</I32>
    </MS>
  </Obj>
  <Obj RefId="414">
    <TNRef RefId="0" />
    <MS>
      <I32 N="Day">415</I32>
      <I32 N="ActiveTableSize">480</I32>
      <I32 N="InactiveTableSize">3660</I32>
      <I32 N="TotalRecords">4140</I32>
      <I32 N="PercentNotExpired">87</I32>
      <B N="TableSwapOccurred">false</B>
      <Nil N="TableSwapTrigger" />
      <I32 N="RowsCopied">0</I32>
      <I32 N="NextTableSwapOnOrBefore">733</I32>
      <I32 N="OldestActiveRecord">47</I32>
      <I32 N="OldestInactiveRecord">413</I32>
      <I32 N="NewestInactiveRecord">48</I32>
    </MS>
  </Obj>
  <Obj RefId="415">
    <TNRef RefId="0" />
    <MS>
      <I32 N="Day">416</I32>
      <I32 N="ActiveTableSize">490</I32>
      <I32 N="InactiveTableSize">3660</I32>
      <I32 N="TotalRecords">4150</I32>
      <I32 N="PercentNotExpired">87</I32>
      <B N="TableSwapOccurred">false</B>
      <Nil N="TableSwapTrigger" />
      <I32 N="RowsCopied">0</I32>
      <I32 N="NextTableSwapOnOrBefore">733</I32>
      <I32 N="OldestActiveRecord">48</I32>
      <I32 N="OldestInactiveRecord">414</I32>
      <I32 N="NewestInactiveRecord">49</I32>
    </MS>
  </Obj>
  <Obj RefId="416">
    <TNRef RefId="0" />
    <MS>
      <I32 N="Day">417</I32>
      <I32 N="ActiveTableSize">500</I32>
      <I32 N="InactiveTableSize">3660</I32>
      <I32 N="TotalRecords">4160</I32>
      <I32 N="PercentNotExpired">86</I32>
      <B N="TableSwapOccurred">false</B>
      <Nil N="TableSwapTrigger" />
      <I32 N="RowsCopied">0</I32>
      <I32 N="NextTableSwapOnOrBefore">733</I32>
      <I32 N="OldestActiveRecord">49</I32>
      <I32 N="OldestInactiveRecord">415</I32>
      <I32 N="NewestInactiveRecord">50</I32>
    </MS>
  </Obj>
  <Obj RefId="417">
    <TNRef RefId="0" />
    <MS>
      <I32 N="Day">418</I32>
      <I32 N="ActiveTableSize">510</I32>
      <I32 N="InactiveTableSize">3660</I32>
      <I32 N="TotalRecords">4170</I32>
      <I32 N="PercentNotExpired">86</I32>
      <B N="TableSwapOccurred">false</B>
      <Nil N="TableSwapTrigger" />
      <I32 N="RowsCopied">0</I32>
      <I32 N="NextTableSwapOnOrBefore">733</I32>
      <I32 N="OldestActiveRecord">50</I32>
      <I32 N="OldestInactiveRecord">416</I32>
      <I32 N="NewestInactiveRecord">51</I32>
    </MS>
  </Obj>
  <Obj RefId="418">
    <TNRef RefId="0" />
    <MS>
      <I32 N="Day">419</I32>
      <I32 N="ActiveTableSize">520</I32>
      <I32 N="InactiveTableSize">3660</I32>
      <I32 N="TotalRecords">4180</I32>
      <I32 N="PercentNotExpired">86</I32>
      <B N="TableSwapOccurred">false</B>
      <Nil N="TableSwapTrigger" />
      <I32 N="RowsCopied">0</I32>
      <I32 N="NextTableSwapOnOrBefore">733</I32>
      <I32 N="OldestActiveRecord">51</I32>
      <I32 N="OldestInactiveRecord">417</I32>
      <I32 N="NewestInactiveRecord">52</I32>
    </MS>
  </Obj>
  <Obj RefId="419">
    <TNRef RefId="0" />
    <MS>
      <I32 N="Day">420</I32>
      <I32 N="ActiveTableSize">530</I32>
      <I32 N="InactiveTableSize">3660</I32>
      <I32 N="TotalRecords">4190</I32>
      <I32 N="PercentNotExpired">86</I32>
      <B N="TableSwapOccurred">false</B>
      <Nil N="TableSwapTrigger" />
      <I32 N="RowsCopied">0</I32>
      <I32 N="NextTableSwapOnOrBefore">733</I32>
      <I32 N="OldestActiveRecord">52</I32>
      <I32 N="OldestInactiveRecord">418</I32>
      <I32 N="NewestInactiveRecord">53</I32>
    </MS>
  </Obj>
  <Obj RefId="420">
    <TNRef RefId="0" />
    <MS>
      <I32 N="Day">421</I32>
      <I32 N="ActiveTableSize">540</I32>
      <I32 N="InactiveTableSize">3660</I32>
      <I32 N="TotalRecords">4200</I32>
      <I32 N="PercentNotExpired">85</I32>
      <B N="TableSwapOccurred">false</B>
      <Nil N="TableSwapTrigger" />
      <I32 N="RowsCopied">0</I32>
      <I32 N="NextTableSwapOnOrBefore">733</I32>
      <I32 N="OldestActiveRecord">53</I32>
      <I32 N="OldestInactiveRecord">419</I32>
      <I32 N="NewestInactiveRecord">54</I32>
    </MS>
  </Obj>
  <Obj RefId="421">
    <TNRef RefId="0" />
    <MS>
      <I32 N="Day">422</I32>
      <I32 N="ActiveTableSize">550</I32>
      <I32 N="InactiveTableSize">3660</I32>
      <I32 N="TotalRecords">4210</I32>
      <I32 N="PercentNotExpired">85</I32>
      <B N="TableSwapOccurred">false</B>
      <Nil N="TableSwapTrigger" />
      <I32 N="RowsCopied">0</I32>
      <I32 N="NextTableSwapOnOrBefore">733</I32>
      <I32 N="OldestActiveRecord">54</I32>
      <I32 N="OldestInactiveRecord">420</I32>
      <I32 N="NewestInactiveRecord">55</I32>
    </MS>
  </Obj>
  <Obj RefId="422">
    <TNRef RefId="0" />
    <MS>
      <I32 N="Day">423</I32>
      <I32 N="ActiveTableSize">560</I32>
      <I32 N="InactiveTableSize">3660</I32>
      <I32 N="TotalRecords">4220</I32>
      <I32 N="PercentNotExpired">85</I32>
      <B N="TableSwapOccurred">false</B>
      <Nil N="TableSwapTrigger" />
      <I32 N="RowsCopied">0</I32>
      <I32 N="NextTableSwapOnOrBefore">733</I32>
      <I32 N="OldestActiveRecord">55</I32>
      <I32 N="OldestInactiveRecord">421</I32>
      <I32 N="NewestInactiveRecord">56</I32>
    </MS>
  </Obj>
  <Obj RefId="423">
    <TNRef RefId="0" />
    <MS>
      <I32 N="Day">424</I32>
      <I32 N="ActiveTableSize">570</I32>
      <I32 N="InactiveTableSize">3660</I32>
      <I32 N="TotalRecords">4230</I32>
      <I32 N="PercentNotExpired">84</I32>
      <B N="TableSwapOccurred">false</B>
      <Nil N="TableSwapTrigger" />
      <I32 N="RowsCopied">0</I32>
      <I32 N="NextTableSwapOnOrBefore">733</I32>
      <I32 N="OldestActiveRecord">56</I32>
      <I32 N="OldestInactiveRecord">422</I32>
      <I32 N="NewestInactiveRecord">57</I32>
    </MS>
  </Obj>
  <Obj RefId="424">
    <TNRef RefId="0" />
    <MS>
      <I32 N="Day">425</I32>
      <I32 N="ActiveTableSize">580</I32>
      <I32 N="InactiveTableSize">3660</I32>
      <I32 N="TotalRecords">4240</I32>
      <I32 N="PercentNotExpired">84</I32>
      <B N="TableSwapOccurred">false</B>
      <Nil N="TableSwapTrigger" />
      <I32 N="RowsCopied">0</I32>
      <I32 N="NextTableSwapOnOrBefore">733</I32>
      <I32 N="OldestActiveRecord">57</I32>
      <I32 N="OldestInactiveRecord">423</I32>
      <I32 N="NewestInactiveRecord">58</I32>
    </MS>
  </Obj>
  <Obj RefId="425">
    <TNRef RefId="0" />
    <MS>
      <I32 N="Day">426</I32>
      <I32 N="ActiveTableSize">590</I32>
      <I32 N="InactiveTableSize">3660</I32>
      <I32 N="TotalRecords">4250</I32>
      <I32 N="PercentNotExpired">84</I32>
      <B N="TableSwapOccurred">false</B>
      <Nil N="TableSwapTrigger" />
      <I32 N="RowsCopied">0</I32>
      <I32 N="NextTableSwapOnOrBefore">733</I32>
      <I32 N="OldestActiveRecord">58</I32>
      <I32 N="OldestInactiveRecord">424</I32>
      <I32 N="NewestInactiveRecord">59</I32>
    </MS>
  </Obj>
  <Obj RefId="426">
    <TNRef RefId="0" />
    <MS>
      <I32 N="Day">427</I32>
      <I32 N="ActiveTableSize">600</I32>
      <I32 N="InactiveTableSize">3660</I32>
      <I32 N="TotalRecords">4260</I32>
      <I32 N="PercentNotExpired">84</I32>
      <B N="TableSwapOccurred">false</B>
      <Nil N="TableSwapTrigger" />
      <I32 N="RowsCopied">0</I32>
      <I32 N="NextTableSwapOnOrBefore">733</I32>
      <I32 N="OldestActiveRecord">59</I32>
      <I32 N="OldestInactiveRecord">425</I32>
      <I32 N="NewestInactiveRecord">60</I32>
    </MS>
  </Obj>
  <Obj RefId="427">
    <TNRef RefId="0" />
    <MS>
      <I32 N="Day">428</I32>
      <I32 N="ActiveTableSize">610</I32>
      <I32 N="InactiveTableSize">3660</I32>
      <I32 N="TotalRecords">4270</I32>
      <I32 N="PercentNotExpired">83</I32>
      <B N="TableSwapOccurred">false</B>
      <Nil N="TableSwapTrigger" />
      <I32 N="RowsCopied">0</I32>
      <I32 N="NextTableSwapOnOrBefore">733</I32>
      <I32 N="OldestActiveRecord">60</I32>
      <I32 N="OldestInactiveRecord">426</I32>
      <I32 N="NewestInactiveRecord">61</I32>
    </MS>
  </Obj>
  <Obj RefId="428">
    <TNRef RefId="0" />
    <MS>
      <I32 N="Day">429</I32>
      <I32 N="ActiveTableSize">620</I32>
      <I32 N="InactiveTableSize">3660</I32>
      <I32 N="TotalRecords">4280</I32>
      <I32 N="PercentNotExpired">83</I32>
      <B N="TableSwapOccurred">false</B>
      <Nil N="TableSwapTrigger" />
      <I32 N="RowsCopied">0</I32>
      <I32 N="NextTableSwapOnOrBefore">733</I32>
      <I32 N="OldestActiveRecord">61</I32>
      <I32 N="OldestInactiveRecord">427</I32>
      <I32 N="NewestInactiveRecord">62</I32>
    </MS>
  </Obj>
  <Obj RefId="429">
    <TNRef RefId="0" />
    <MS>
      <I32 N="Day">430</I32>
      <I32 N="ActiveTableSize">630</I32>
      <I32 N="InactiveTableSize">3660</I32>
      <I32 N="TotalRecords">4290</I32>
      <I32 N="PercentNotExpired">83</I32>
      <B N="TableSwapOccurred">false</B>
      <Nil N="TableSwapTrigger" />
      <I32 N="RowsCopied">0</I32>
      <I32 N="NextTableSwapOnOrBefore">733</I32>
      <I32 N="OldestActiveRecord">62</I32>
      <I32 N="OldestInactiveRecord">428</I32>
      <I32 N="NewestInactiveRecord">63</I32>
    </MS>
  </Obj>
  <Obj RefId="430">
    <TNRef RefId="0" />
    <MS>
      <I32 N="Day">431</I32>
      <I32 N="ActiveTableSize">640</I32>
      <I32 N="InactiveTableSize">3660</I32>
      <I32 N="TotalRecords">4300</I32>
      <I32 N="PercentNotExpired">83</I32>
      <B N="TableSwapOccurred">false</B>
      <Nil N="TableSwapTrigger" />
      <I32 N="RowsCopied">0</I32>
      <I32 N="NextTableSwapOnOrBefore">733</I32>
      <I32 N="OldestActiveRecord">63</I32>
      <I32 N="OldestInactiveRecord">429</I32>
      <I32 N="NewestInactiveRecord">64</I32>
    </MS>
  </Obj>
  <Obj RefId="431">
    <TNRef RefId="0" />
    <MS>
      <I32 N="Day">432</I32>
      <I32 N="ActiveTableSize">650</I32>
      <I32 N="InactiveTableSize">3660</I32>
      <I32 N="TotalRecords">4310</I32>
      <I32 N="PercentNotExpired">82</I32>
      <B N="TableSwapOccurred">false</B>
      <Nil N="TableSwapTrigger" />
      <I32 N="RowsCopied">0</I32>
      <I32 N="NextTableSwapOnOrBefore">733</I32>
      <I32 N="OldestActiveRecord">64</I32>
      <I32 N="OldestInactiveRecord">430</I32>
      <I32 N="NewestInactiveRecord">65</I32>
    </MS>
  </Obj>
  <Obj RefId="432">
    <TNRef RefId="0" />
    <MS>
      <I32 N="Day">433</I32>
      <I32 N="ActiveTableSize">660</I32>
      <I32 N="InactiveTableSize">3660</I32>
      <I32 N="TotalRecords">4320</I32>
      <I32 N="PercentNotExpired">82</I32>
      <B N="TableSwapOccurred">false</B>
      <Nil N="TableSwapTrigger" />
      <I32 N="RowsCopied">0</I32>
      <I32 N="NextTableSwapOnOrBefore">733</I32>
      <I32 N="OldestActiveRecord">65</I32>
      <I32 N="OldestInactiveRecord">431</I32>
      <I32 N="NewestInactiveRecord">66</I32>
    </MS>
  </Obj>
  <Obj RefId="433">
    <TNRef RefId="0" />
    <MS>
      <I32 N="Day">434</I32>
      <I32 N="ActiveTableSize">670</I32>
      <I32 N="InactiveTableSize">3660</I32>
      <I32 N="TotalRecords">4330</I32>
      <I32 N="PercentNotExpired">82</I32>
      <B N="TableSwapOccurred">false</B>
      <Nil N="TableSwapTrigger" />
      <I32 N="RowsCopied">0</I32>
      <I32 N="NextTableSwapOnOrBefore">733</I32>
      <I32 N="OldestActiveRecord">66</I32>
      <I32 N="OldestInactiveRecord">432</I32>
      <I32 N="NewestInactiveRecord">67</I32>
    </MS>
  </Obj>
  <Obj RefId="434">
    <TNRef RefId="0" />
    <MS>
      <I32 N="Day">435</I32>
      <I32 N="ActiveTableSize">680</I32>
      <I32 N="InactiveTableSize">3660</I32>
      <I32 N="TotalRecords">4340</I32>
      <I32 N="PercentNotExpired">81</I32>
      <B N="TableSwapOccurred">false</B>
      <Nil N="TableSwapTrigger" />
      <I32 N="RowsCopied">0</I32>
      <I32 N="NextTableSwapOnOrBefore">733</I32>
      <I32 N="OldestActiveRecord">67</I32>
      <I32 N="OldestInactiveRecord">433</I32>
      <I32 N="NewestInactiveRecord">68</I32>
    </MS>
  </Obj>
  <Obj RefId="435">
    <TNRef RefId="0" />
    <MS>
      <I32 N="Day">436</I32>
      <I32 N="ActiveTableSize">690</I32>
      <I32 N="InactiveTableSize">3660</I32>
      <I32 N="TotalRecords">4350</I32>
      <I32 N="PercentNotExpired">81</I32>
      <B N="TableSwapOccurred">false</B>
      <Nil N="TableSwapTrigger" />
      <I32 N="RowsCopied">0</I32>
      <I32 N="NextTableSwapOnOrBefore">733</I32>
      <I32 N="OldestActiveRecord">68</I32>
      <I32 N="OldestInactiveRecord">434</I32>
      <I32 N="NewestInactiveRecord">69</I32>
    </MS>
  </Obj>
  <Obj RefId="436">
    <TNRef RefId="0" />
    <MS>
      <I32 N="Day">437</I32>
      <I32 N="ActiveTableSize">700</I32>
      <I32 N="InactiveTableSize">3660</I32>
      <I32 N="TotalRecords">4360</I32>
      <I32 N="PercentNotExpired">81</I32>
      <B N="TableSwapOccurred">false</B>
      <Nil N="TableSwapTrigger" />
      <I32 N="RowsCopied">0</I32>
      <I32 N="NextTableSwapOnOrBefore">733</I32>
      <I32 N="OldestActiveRecord">69</I32>
      <I32 N="OldestInactiveRecord">435</I32>
      <I32 N="NewestInactiveRecord">70</I32>
    </MS>
  </Obj>
  <Obj RefId="437">
    <TNRef RefId="0" />
    <MS>
      <I32 N="Day">438</I32>
      <I32 N="ActiveTableSize">710</I32>
      <I32 N="InactiveTableSize">3660</I32>
      <I32 N="TotalRecords">4370</I32>
      <I32 N="PercentNotExpired">81</I32>
      <B N="TableSwapOccurred">false</B>
      <Nil N="TableSwapTrigger" />
      <I32 N="RowsCopied">0</I32>
      <I32 N="NextTableSwapOnOrBefore">733</I32>
      <I32 N="OldestActiveRecord">70</I32>
      <I32 N="OldestInactiveRecord">436</I32>
      <I32 N="NewestInactiveRecord">71</I32>
    </MS>
  </Obj>
  <Obj RefId="438">
    <TNRef RefId="0" />
    <MS>
      <I32 N="Day">439</I32>
      <I32 N="ActiveTableSize">720</I32>
      <I32 N="InactiveTableSize">3660</I32>
      <I32 N="TotalRecords">4380</I32>
      <I32 N="PercentNotExpired">80</I32>
      <B N="TableSwapOccurred">false</B>
      <Nil N="TableSwapTrigger" />
      <I32 N="RowsCopied">0</I32>
      <I32 N="NextTableSwapOnOrBefore">733</I32>
      <I32 N="OldestActiveRecord">71</I32>
      <I32 N="OldestInactiveRecord">437</I32>
      <I32 N="NewestInactiveRecord">72</I32>
    </MS>
  </Obj>
  <Obj RefId="439">
    <TNRef RefId="0" />
    <MS>
      <I32 N="Day">440</I32>
      <I32 N="ActiveTableSize">730</I32>
      <I32 N="InactiveTableSize">3660</I32>
      <I32 N="TotalRecords">4390</I32>
      <I32 N="PercentNotExpired">80</I32>
      <B N="TableSwapOccurred">false</B>
      <Nil N="TableSwapTrigger" />
      <I32 N="RowsCopied">0</I32>
      <I32 N="NextTableSwapOnOrBefore">733</I32>
      <I32 N="OldestActiveRecord">72</I32>
      <I32 N="OldestInactiveRecord">438</I32>
      <I32 N="NewestInactiveRecord">73</I32>
    </MS>
  </Obj>
  <Obj RefId="440">
    <TNRef RefId="0" />
    <MS>
      <I32 N="Day">441</I32>
      <I32 N="ActiveTableSize">740</I32>
      <I32 N="InactiveTableSize">3660</I32>
      <I32 N="TotalRecords">4400</I32>
      <I32 N="PercentNotExpired">80</I32>
      <B N="TableSwapOccurred">false</B>
      <Nil N="TableSwapTrigger" />
      <I32 N="RowsCopied">0</I32>
      <I32 N="NextTableSwapOnOrBefore">733</I32>
      <I32 N="OldestActiveRecord">73</I32>
      <I32 N="OldestInactiveRecord">439</I32>
      <I32 N="NewestInactiveRecord">74</I32>
    </MS>
  </Obj>
  <Obj RefId="441">
    <TNRef RefId="0" />
    <MS>
      <I32 N="Day">442</I32>
      <I32 N="ActiveTableSize">750</I32>
      <I32 N="InactiveTableSize">3660</I32>
      <I32 N="TotalRecords">4410</I32>
      <I32 N="PercentNotExpired">80</I32>
      <B N="TableSwapOccurred">false</B>
      <Nil N="TableSwapTrigger" />
      <I32 N="RowsCopied">0</I32>
      <I32 N="NextTableSwapOnOrBefore">733</I32>
      <I32 N="OldestActiveRecord">74</I32>
      <I32 N="OldestInactiveRecord">440</I32>
      <I32 N="NewestInactiveRecord">75</I32>
    </MS>
  </Obj>
  <Obj RefId="442">
    <TNRef RefId="0" />
    <MS>
      <I32 N="Day">443</I32>
      <I32 N="ActiveTableSize">760</I32>
      <I32 N="InactiveTableSize">3660</I32>
      <I32 N="TotalRecords">4420</I32>
      <I32 N="PercentNotExpired">79</I32>
      <B N="TableSwapOccurred">false</B>
      <Nil N="TableSwapTrigger" />
      <I32 N="RowsCopied">0</I32>
      <I32 N="NextTableSwapOnOrBefore">733</I32>
      <I32 N="OldestActiveRecord">75</I32>
      <I32 N="OldestInactiveRecord">441</I32>
      <I32 N="NewestInactiveRecord">76</I32>
    </MS>
  </Obj>
  <Obj RefId="443">
    <TNRef RefId="0" />
    <MS>
      <I32 N="Day">444</I32>
      <I32 N="ActiveTableSize">770</I32>
      <I32 N="InactiveTableSize">3660</I32>
      <I32 N="TotalRecords">4430</I32>
      <I32 N="PercentNotExpired">79</I32>
      <B N="TableSwapOccurred">false</B>
      <Nil N="TableSwapTrigger" />
      <I32 N="RowsCopied">0</I32>
      <I32 N="NextTableSwapOnOrBefore">733</I32>
      <I32 N="OldestActiveRecord">76</I32>
      <I32 N="OldestInactiveRecord">442</I32>
      <I32 N="NewestInactiveRecord">77</I32>
    </MS>
  </Obj>
  <Obj RefId="444">
    <TNRef RefId="0" />
    <MS>
      <I32 N="Day">445</I32>
      <I32 N="ActiveTableSize">780</I32>
      <I32 N="InactiveTableSize">3660</I32>
      <I32 N="TotalRecords">4440</I32>
      <I32 N="PercentNotExpired">79</I32>
      <B N="TableSwapOccurred">false</B>
      <Nil N="TableSwapTrigger" />
      <I32 N="RowsCopied">0</I32>
      <I32 N="NextTableSwapOnOrBefore">733</I32>
      <I32 N="OldestActiveRecord">77</I32>
      <I32 N="OldestInactiveRecord">443</I32>
      <I32 N="NewestInactiveRecord">78</I32>
    </MS>
  </Obj>
  <Obj RefId="445">
    <TNRef RefId="0" />
    <MS>
      <I32 N="Day">446</I32>
      <I32 N="ActiveTableSize">790</I32>
      <I32 N="InactiveTableSize">3660</I32>
      <I32 N="TotalRecords">4450</I32>
      <I32 N="PercentNotExpired">78</I32>
      <B N="TableSwapOccurred">false</B>
      <Nil N="TableSwapTrigger" />
      <I32 N="RowsCopied">0</I32>
      <I32 N="NextTableSwapOnOrBefore">733</I32>
      <I32 N="OldestActiveRecord">78</I32>
      <I32 N="OldestInactiveRecord">444</I32>
      <I32 N="NewestInactiveRecord">79</I32>
    </MS>
  </Obj>
  <Obj RefId="446">
    <TNRef RefId="0" />
    <MS>
      <I32 N="Day">447</I32>
      <I32 N="ActiveTableSize">800</I32>
      <I32 N="InactiveTableSize">3660</I32>
      <I32 N="TotalRecords">4460</I32>
      <I32 N="PercentNotExpired">78</I32>
      <B N="TableSwapOccurred">false</B>
      <Nil N="TableSwapTrigger" />
      <I32 N="RowsCopied">0</I32>
      <I32 N="NextTableSwapOnOrBefore">733</I32>
      <I32 N="OldestActiveRecord">79</I32>
      <I32 N="OldestInactiveRecord">445</I32>
      <I32 N="NewestInactiveRecord">80</I32>
    </MS>
  </Obj>
  <Obj RefId="447">
    <TNRef RefId="0" />
    <MS>
      <I32 N="Day">448</I32>
      <I32 N="ActiveTableSize">810</I32>
      <I32 N="InactiveTableSize">3660</I32>
      <I32 N="TotalRecords">4470</I32>
      <I32 N="PercentNotExpired">78</I32>
      <B N="TableSwapOccurred">false</B>
      <Nil N="TableSwapTrigger" />
      <I32 N="RowsCopied">0</I32>
      <I32 N="NextTableSwapOnOrBefore">733</I32>
      <I32 N="OldestActiveRecord">80</I32>
      <I32 N="OldestInactiveRecord">446</I32>
      <I32 N="NewestInactiveRecord">81</I32>
    </MS>
  </Obj>
  <Obj RefId="448">
    <TNRef RefId="0" />
    <MS>
      <I32 N="Day">449</I32>
      <I32 N="ActiveTableSize">820</I32>
      <I32 N="InactiveTableSize">3660</I32>
      <I32 N="TotalRecords">4480</I32>
      <I32 N="PercentNotExpired">78</I32>
      <B N="TableSwapOccurred">false</B>
      <Nil N="TableSwapTrigger" />
      <I32 N="RowsCopied">0</I32>
      <I32 N="NextTableSwapOnOrBefore">733</I32>
      <I32 N="OldestActiveRecord">81</I32>
      <I32 N="OldestInactiveRecord">447</I32>
      <I32 N="NewestInactiveRecord">82</I32>
    </MS>
  </Obj>
  <Obj RefId="449">
    <TNRef RefId="0" />
    <MS>
      <I32 N="Day">450</I32>
      <I32 N="ActiveTableSize">830</I32>
      <I32 N="InactiveTableSize">3660</I32>
      <I32 N="TotalRecords">4490</I32>
      <I32 N="PercentNotExpired">77</I32>
      <B N="TableSwapOccurred">false</B>
      <Nil N="TableSwapTrigger" />
      <I32 N="RowsCopied">0</I32>
      <I32 N="NextTableSwapOnOrBefore">733</I32>
      <I32 N="OldestActiveRecord">82</I32>
      <I32 N="OldestInactiveRecord">448</I32>
      <I32 N="NewestInactiveRecord">83</I32>
    </MS>
  </Obj>
  <Obj RefId="450">
    <TNRef RefId="0" />
    <MS>
      <I32 N="Day">451</I32>
      <I32 N="ActiveTableSize">840</I32>
      <I32 N="InactiveTableSize">3660</I32>
      <I32 N="TotalRecords">4500</I32>
      <I32 N="PercentNotExpired">77</I32>
      <B N="TableSwapOccurred">false</B>
      <Nil N="TableSwapTrigger" />
      <I32 N="RowsCopied">0</I32>
      <I32 N="NextTableSwapOnOrBefore">733</I32>
      <I32 N="OldestActiveRecord">83</I32>
      <I32 N="OldestInactiveRecord">449</I32>
      <I32 N="NewestInactiveRecord">84</I32>
    </MS>
  </Obj>
  <Obj RefId="451">
    <TNRef RefId="0" />
    <MS>
      <I32 N="Day">452</I32>
      <I32 N="ActiveTableSize">850</I32>
      <I32 N="InactiveTableSize">3660</I32>
      <I32 N="TotalRecords">4510</I32>
      <I32 N="PercentNotExpired">77</I32>
      <B N="TableSwapOccurred">false</B>
      <Nil N="TableSwapTrigger" />
      <I32 N="RowsCopied">0</I32>
      <I32 N="NextTableSwapOnOrBefore">733</I32>
      <I32 N="OldestActiveRecord">84</I32>
      <I32 N="OldestInactiveRecord">450</I32>
      <I32 N="NewestInactiveRecord">85</I32>
    </MS>
  </Obj>
  <Obj RefId="452">
    <TNRef RefId="0" />
    <MS>
      <I32 N="Day">453</I32>
      <I32 N="ActiveTableSize">860</I32>
      <I32 N="InactiveTableSize">3660</I32>
      <I32 N="TotalRecords">4520</I32>
      <I32 N="PercentNotExpired">77</I32>
      <B N="TableSwapOccurred">false</B>
      <Nil N="TableSwapTrigger" />
      <I32 N="RowsCopied">0</I32>
      <I32 N="NextTableSwapOnOrBefore">733</I32>
      <I32 N="OldestActiveRecord">85</I32>
      <I32 N="OldestInactiveRecord">451</I32>
      <I32 N="NewestInactiveRecord">86</I32>
    </MS>
  </Obj>
  <Obj RefId="453">
    <TNRef RefId="0" />
    <MS>
      <I32 N="Day">454</I32>
      <I32 N="ActiveTableSize">870</I32>
      <I32 N="InactiveTableSize">3660</I32>
      <I32 N="TotalRecords">4530</I32>
      <I32 N="PercentNotExpired">76</I32>
      <B N="TableSwapOccurred">false</B>
      <Nil N="TableSwapTrigger" />
      <I32 N="RowsCopied">0</I32>
      <I32 N="NextTableSwapOnOrBefore">733</I32>
      <I32 N="OldestActiveRecord">86</I32>
      <I32 N="OldestInactiveRecord">452</I32>
      <I32 N="NewestInactiveRecord">87</I32>
    </MS>
  </Obj>
  <Obj RefId="454">
    <TNRef RefId="0" />
    <MS>
      <I32 N="Day">455</I32>
      <I32 N="ActiveTableSize">880</I32>
      <I32 N="InactiveTableSize">3660</I32>
      <I32 N="TotalRecords">4540</I32>
      <I32 N="PercentNotExpired">76</I32>
      <B N="TableSwapOccurred">false</B>
      <Nil N="TableSwapTrigger" />
      <I32 N="RowsCopied">0</I32>
      <I32 N="NextTableSwapOnOrBefore">733</I32>
      <I32 N="OldestActiveRecord">87</I32>
      <I32 N="OldestInactiveRecord">453</I32>
      <I32 N="NewestInactiveRecord">88</I32>
    </MS>
  </Obj>
  <Obj RefId="455">
    <TNRef RefId="0" />
    <MS>
      <I32 N="Day">456</I32>
      <I32 N="ActiveTableSize">890</I32>
      <I32 N="InactiveTableSize">3660</I32>
      <I32 N="TotalRecords">4550</I32>
      <I32 N="PercentNotExpired">76</I32>
      <B N="TableSwapOccurred">false</B>
      <Nil N="TableSwapTrigger" />
      <I32 N="RowsCopied">0</I32>
      <I32 N="NextTableSwapOnOrBefore">733</I32>
      <I32 N="OldestActiveRecord">88</I32>
      <I32 N="OldestInactiveRecord">454</I32>
      <I32 N="NewestInactiveRecord">89</I32>
    </MS>
  </Obj>
  <Obj RefId="456">
    <TNRef RefId="0" />
    <MS>
      <I32 N="Day">457</I32>
      <I32 N="ActiveTableSize">900</I32>
      <I32 N="InactiveTableSize">3660</I32>
      <I32 N="TotalRecords">4560</I32>
      <I32 N="PercentNotExpired">75</I32>
      <B N="TableSwapOccurred">false</B>
      <Nil N="TableSwapTrigger" />
      <I32 N="RowsCopied">0</I32>
      <I32 N="NextTableSwapOnOrBefore">733</I32>
      <I32 N="OldestActiveRecord">89</I32>
      <I32 N="OldestInactiveRecord">455</I32>
      <I32 N="NewestInactiveRecord">90</I32>
    </MS>
  </Obj>
  <Obj RefId="457">
    <TNRef RefId="0" />
    <MS>
      <I32 N="Day">458</I32>
      <I32 N="ActiveTableSize">910</I32>
      <I32 N="InactiveTableSize">3660</I32>
      <I32 N="TotalRecords">4570</I32>
      <I32 N="PercentNotExpired">75</I32>
      <B N="TableSwapOccurred">false</B>
      <Nil N="TableSwapTrigger" />
      <I32 N="RowsCopied">0</I32>
      <I32 N="NextTableSwapOnOrBefore">733</I32>
      <I32 N="OldestActiveRecord">90</I32>
      <I32 N="OldestInactiveRecord">456</I32>
      <I32 N="NewestInactiveRecord">91</I32>
    </MS>
  </Obj>
  <Obj RefId="458">
    <TNRef RefId="0" />
    <MS>
      <I32 N="Day">459</I32>
      <I32 N="ActiveTableSize">920</I32>
      <I32 N="InactiveTableSize">3660</I32>
      <I32 N="TotalRecords">4580</I32>
      <I32 N="PercentNotExpired">75</I32>
      <B N="TableSwapOccurred">false</B>
      <Nil N="TableSwapTrigger" />
      <I32 N="RowsCopied">0</I32>
      <I32 N="NextTableSwapOnOrBefore">733</I32>
      <I32 N="OldestActiveRecord">91</I32>
      <I32 N="OldestInactiveRecord">457</I32>
      <I32 N="NewestInactiveRecord">92</I32>
    </MS>
  </Obj>
  <Obj RefId="459">
    <TNRef RefId="0" />
    <MS>
      <I32 N="Day">460</I32>
      <I32 N="ActiveTableSize">930</I32>
      <I32 N="InactiveTableSize">3660</I32>
      <I32 N="TotalRecords">4590</I32>
      <I32 N="PercentNotExpired">75</I32>
      <B N="TableSwapOccurred">false</B>
      <Nil N="TableSwapTrigger" />
      <I32 N="RowsCopied">0</I32>
      <I32 N="NextTableSwapOnOrBefore">733</I32>
      <I32 N="OldestActiveRecord">92</I32>
      <I32 N="OldestInactiveRecord">458</I32>
      <I32 N="NewestInactiveRecord">93</I32>
    </MS>
  </Obj>
  <Obj RefId="460">
    <TNRef RefId="0" />
    <MS>
      <I32 N="Day">461</I32>
      <I32 N="ActiveTableSize">940</I32>
      <I32 N="InactiveTableSize">3660</I32>
      <I32 N="TotalRecords">4600</I32>
      <I32 N="PercentNotExpired">74</I32>
      <B N="TableSwapOccurred">false</B>
      <Nil N="TableSwapTrigger" />
      <I32 N="RowsCopied">0</I32>
      <I32 N="NextTableSwapOnOrBefore">733</I32>
      <I32 N="OldestActiveRecord">93</I32>
      <I32 N="OldestInactiveRecord">459</I32>
      <I32 N="NewestInactiveRecord">94</I32>
    </MS>
  </Obj>
  <Obj RefId="461">
    <TNRef RefId="0" />
    <MS>
      <I32 N="Day">462</I32>
      <I32 N="ActiveTableSize">950</I32>
      <I32 N="InactiveTableSize">3660</I32>
      <I32 N="TotalRecords">4610</I32>
      <I32 N="PercentNotExpired">74</I32>
      <B N="TableSwapOccurred">false</B>
      <Nil N="TableSwapTrigger" />
      <I32 N="RowsCopied">0</I32>
      <I32 N="NextTableSwapOnOrBefore">733</I32>
      <I32 N="OldestActiveRecord">94</I32>
      <I32 N="OldestInactiveRecord">460</I32>
      <I32 N="NewestInactiveRecord">95</I32>
    </MS>
  </Obj>
  <Obj RefId="462">
    <TNRef RefId="0" />
    <MS>
      <I32 N="Day">463</I32>
      <I32 N="ActiveTableSize">960</I32>
      <I32 N="InactiveTableSize">3660</I32>
      <I32 N="TotalRecords">4620</I32>
      <I32 N="PercentNotExpired">74</I32>
      <B N="TableSwapOccurred">false</B>
      <Nil N="TableSwapTrigger" />
      <I32 N="RowsCopied">0</I32>
      <I32 N="NextTableSwapOnOrBefore">733</I32>
      <I32 N="OldestActiveRecord">95</I32>
      <I32 N="OldestInactiveRecord">461</I32>
      <I32 N="NewestInactiveRecord">96</I32>
    </MS>
  </Obj>
  <Obj RefId="463">
    <TNRef RefId="0" />
    <MS>
      <I32 N="Day">464</I32>
      <I32 N="ActiveTableSize">970</I32>
      <I32 N="InactiveTableSize">3660</I32>
      <I32 N="TotalRecords">4630</I32>
      <I32 N="PercentNotExpired">73</I32>
      <B N="TableSwapOccurred">false</B>
      <Nil N="TableSwapTrigger" />
      <I32 N="RowsCopied">0</I32>
      <I32 N="NextTableSwapOnOrBefore">733</I32>
      <I32 N="OldestActiveRecord">96</I32>
      <I32 N="OldestInactiveRecord">462</I32>
      <I32 N="NewestInactiveRecord">97</I32>
    </MS>
  </Obj>
  <Obj RefId="464">
    <TNRef RefId="0" />
    <MS>
      <I32 N="Day">465</I32>
      <I32 N="ActiveTableSize">980</I32>
      <I32 N="InactiveTableSize">3660</I32>
      <I32 N="TotalRecords">4640</I32>
      <I32 N="PercentNotExpired">73</I32>
      <B N="TableSwapOccurred">false</B>
      <Nil N="TableSwapTrigger" />
      <I32 N="RowsCopied">0</I32>
      <I32 N="NextTableSwapOnOrBefore">733</I32>
      <I32 N="OldestActiveRecord">97</I32>
      <I32 N="OldestInactiveRecord">463</I32>
      <I32 N="NewestInactiveRecord">98</I32>
    </MS>
  </Obj>
  <Obj RefId="465">
    <TNRef RefId="0" />
    <MS>
      <I32 N="Day">466</I32>
      <I32 N="ActiveTableSize">990</I32>
      <I32 N="InactiveTableSize">3660</I32>
      <I32 N="TotalRecords">4650</I32>
      <I32 N="PercentNotExpired">73</I32>
      <B N="TableSwapOccurred">false</B>
      <Nil N="TableSwapTrigger" />
      <I32 N="RowsCopied">0</I32>
      <I32 N="NextTableSwapOnOrBefore">733</I32>
      <I32 N="OldestActiveRecord">98</I32>
      <I32 N="OldestInactiveRecord">464</I32>
      <I32 N="NewestInactiveRecord">99</I32>
    </MS>
  </Obj>
  <Obj RefId="466">
    <TNRef RefId="0" />
    <MS>
      <I32 N="Day">467</I32>
      <I32 N="ActiveTableSize">1000</I32>
      <I32 N="InactiveTableSize">3660</I32>
      <I32 N="TotalRecords">4660</I32>
      <I32 N="PercentNotExpired">73</I32>
      <B N="TableSwapOccurred">false</B>
      <Nil N="TableSwapTrigger" />
      <I32 N="RowsCopied">0</I32>
      <I32 N="NextTableSwapOnOrBefore">733</I32>
      <I32 N="OldestActiveRecord">99</I32>
      <I32 N="OldestInactiveRecord">465</I32>
      <I32 N="NewestInactiveRecord">100</I32>
    </MS>
  </Obj>
  <Obj RefId="467">
    <TNRef RefId="0" />
    <MS>
      <I32 N="Day">468</I32>
      <I32 N="ActiveTableSize">1010</I32>
      <I32 N="InactiveTableSize">3660</I32>
      <I32 N="TotalRecords">4670</I32>
      <I32 N="PercentNotExpired">72</I32>
      <B N="TableSwapOccurred">false</B>
      <Nil N="TableSwapTrigger" />
      <I32 N="RowsCopied">0</I32>
      <I32 N="NextTableSwapOnOrBefore">733</I32>
      <I32 N="OldestActiveRecord">100</I32>
      <I32 N="OldestInactiveRecord">466</I32>
      <I32 N="NewestInactiveRecord">101</I32>
    </MS>
  </Obj>
  <Obj RefId="468">
    <TNRef RefId="0" />
    <MS>
      <I32 N="Day">469</I32>
      <I32 N="ActiveTableSize">1020</I32>
      <I32 N="InactiveTableSize">3660</I32>
      <I32 N="TotalRecords">4680</I32>
      <I32 N="PercentNotExpired">72</I32>
      <B N="TableSwapOccurred">false</B>
      <Nil N="TableSwapTrigger" />
      <I32 N="RowsCopied">0</I32>
      <I32 N="NextTableSwapOnOrBefore">733</I32>
      <I32 N="OldestActiveRecord">101</I32>
      <I32 N="OldestInactiveRecord">467</I32>
      <I32 N="NewestInactiveRecord">102</I32>
    </MS>
  </Obj>
  <Obj RefId="469">
    <TNRef RefId="0" />
    <MS>
      <I32 N="Day">470</I32>
      <I32 N="ActiveTableSize">1030</I32>
      <I32 N="InactiveTableSize">3660</I32>
      <I32 N="TotalRecords">4690</I32>
      <I32 N="PercentNotExpired">72</I32>
      <B N="TableSwapOccurred">false</B>
      <Nil N="TableSwapTrigger" />
      <I32 N="RowsCopied">0</I32>
      <I32 N="NextTableSwapOnOrBefore">733</I32>
      <I32 N="OldestActiveRecord">102</I32>
      <I32 N="OldestInactiveRecord">468</I32>
      <I32 N="NewestInactiveRecord">103</I32>
    </MS>
  </Obj>
  <Obj RefId="470">
    <TNRef RefId="0" />
    <MS>
      <I32 N="Day">471</I32>
      <I32 N="ActiveTableSize">1040</I32>
      <I32 N="InactiveTableSize">3660</I32>
      <I32 N="TotalRecords">4700</I32>
      <I32 N="PercentNotExpired">72</I32>
      <B N="TableSwapOccurred">false</B>
      <Nil N="TableSwapTrigger" />
      <I32 N="RowsCopied">0</I32>
      <I32 N="NextTableSwapOnOrBefore">733</I32>
      <I32 N="OldestActiveRecord">103</I32>
      <I32 N="OldestInactiveRecord">469</I32>
      <I32 N="NewestInactiveRecord">104</I32>
    </MS>
  </Obj>
  <Obj RefId="471">
    <TNRef RefId="0" />
    <MS>
      <I32 N="Day">472</I32>
      <I32 N="ActiveTableSize">1050</I32>
      <I32 N="InactiveTableSize">3660</I32>
      <I32 N="TotalRecords">4710</I32>
      <I32 N="PercentNotExpired">71</I32>
      <B N="TableSwapOccurred">false</B>
      <Nil N="TableSwapTrigger" />
      <I32 N="RowsCopied">0</I32>
      <I32 N="NextTableSwapOnOrBefore">733</I32>
      <I32 N="OldestActiveRecord">104</I32>
      <I32 N="OldestInactiveRecord">470</I32>
      <I32 N="NewestInactiveRecord">105</I32>
    </MS>
  </Obj>
  <Obj RefId="472">
    <TNRef RefId="0" />
    <MS>
      <I32 N="Day">473</I32>
      <I32 N="ActiveTableSize">1060</I32>
      <I32 N="InactiveTableSize">3660</I32>
      <I32 N="TotalRecords">4720</I32>
      <I32 N="PercentNotExpired">71</I32>
      <B N="TableSwapOccurred">false</B>
      <Nil N="TableSwapTrigger" />
      <I32 N="RowsCopied">0</I32>
      <I32 N="NextTableSwapOnOrBefore">733</I32>
      <I32 N="OldestActiveRecord">105</I32>
      <I32 N="OldestInactiveRecord">471</I32>
      <I32 N="NewestInactiveRecord">106</I32>
    </MS>
  </Obj>
  <Obj RefId="473">
    <TNRef RefId="0" />
    <MS>
      <I32 N="Day">474</I32>
      <I32 N="ActiveTableSize">1070</I32>
      <I32 N="InactiveTableSize">3660</I32>
      <I32 N="TotalRecords">4730</I32>
      <I32 N="PercentNotExpired">71</I32>
      <B N="TableSwapOccurred">false</B>
      <Nil N="TableSwapTrigger" />
      <I32 N="RowsCopied">0</I32>
      <I32 N="NextTableSwapOnOrBefore">733</I32>
      <I32 N="OldestActiveRecord">106</I32>
      <I32 N="OldestInactiveRecord">472</I32>
      <I32 N="NewestInactiveRecord">107</I32>
    </MS>
  </Obj>
  <Obj RefId="474">
    <TNRef RefId="0" />
    <MS>
      <I32 N="Day">475</I32>
      <I32 N="ActiveTableSize">1080</I32>
      <I32 N="InactiveTableSize">3660</I32>
      <I32 N="TotalRecords">4740</I32>
      <I32 N="PercentNotExpired">70</I32>
      <B N="TableSwapOccurred">false</B>
      <Nil N="TableSwapTrigger" />
      <I32 N="RowsCopied">0</I32>
      <I32 N="NextTableSwapOnOrBefore">733</I32>
      <I32 N="OldestActiveRecord">107</I32>
      <I32 N="OldestInactiveRecord">473</I32>
      <I32 N="NewestInactiveRecord">108</I32>
    </MS>
  </Obj>
  <Obj RefId="475">
    <TNRef RefId="0" />
    <MS>
      <I32 N="Day">476</I32>
      <I32 N="ActiveTableSize">1090</I32>
      <I32 N="InactiveTableSize">3660</I32>
      <I32 N="TotalRecords">4750</I32>
      <I32 N="PercentNotExpired">70</I32>
      <B N="TableSwapOccurred">false</B>
      <Nil N="TableSwapTrigger" />
      <I32 N="RowsCopied">0</I32>
      <I32 N="NextTableSwapOnOrBefore">733</I32>
      <I32 N="OldestActiveRecord">108</I32>
      <I32 N="OldestInactiveRecord">474</I32>
      <I32 N="NewestInactiveRecord">109</I32>
    </MS>
  </Obj>
  <Obj RefId="476">
    <TNRef RefId="0" />
    <MS>
      <I32 N="Day">477</I32>
      <I32 N="ActiveTableSize">1100</I32>
      <I32 N="InactiveTableSize">3660</I32>
      <I32 N="TotalRecords">4760</I32>
      <I32 N="PercentNotExpired">70</I32>
      <B N="TableSwapOccurred">false</B>
      <Nil N="TableSwapTrigger" />
      <I32 N="RowsCopied">0</I32>
      <I32 N="NextTableSwapOnOrBefore">733</I32>
      <I32 N="OldestActiveRecord">109</I32>
      <I32 N="OldestInactiveRecord">475</I32>
      <I32 N="NewestInactiveRecord">110</I32>
    </MS>
  </Obj>
  <Obj RefId="477">
    <TNRef RefId="0" />
    <MS>
      <I32 N="Day">478</I32>
      <I32 N="ActiveTableSize">1110</I32>
      <I32 N="InactiveTableSize">3660</I32>
      <I32 N="TotalRecords">4770</I32>
      <I32 N="PercentNotExpired">70</I32>
      <B N="TableSwapOccurred">false</B>
      <Nil N="TableSwapTrigger" />
      <I32 N="RowsCopied">0</I32>
      <I32 N="NextTableSwapOnOrBefore">733</I32>
      <I32 N="OldestActiveRecord">110</I32>
      <I32 N="OldestInactiveRecord">476</I32>
      <I32 N="NewestInactiveRecord">111</I32>
    </MS>
  </Obj>
  <Obj RefId="478">
    <TNRef RefId="0" />
    <MS>
      <I32 N="Day">479</I32>
      <I32 N="ActiveTableSize">1120</I32>
      <I32 N="InactiveTableSize">3660</I32>
      <I32 N="TotalRecords">4780</I32>
      <I32 N="PercentNotExpired">69</I32>
      <B N="TableSwapOccurred">false</B>
      <Nil N="TableSwapTrigger" />
      <I32 N="RowsCopied">0</I32>
      <I32 N="NextTableSwapOnOrBefore">733</I32>
      <I32 N="OldestActiveRecord">111</I32>
      <I32 N="OldestInactiveRecord">477</I32>
      <I32 N="NewestInactiveRecord">112</I32>
    </MS>
  </Obj>
  <Obj RefId="479">
    <TNRef RefId="0" />
    <MS>
      <I32 N="Day">480</I32>
      <I32 N="ActiveTableSize">1130</I32>
      <I32 N="InactiveTableSize">3660</I32>
      <I32 N="TotalRecords">4790</I32>
      <I32 N="PercentNotExpired">69</I32>
      <B N="TableSwapOccurred">false</B>
      <Nil N="TableSwapTrigger" />
      <I32 N="RowsCopied">0</I32>
      <I32 N="NextTableSwapOnOrBefore">733</I32>
      <I32 N="OldestActiveRecord">112</I32>
      <I32 N="OldestInactiveRecord">478</I32>
      <I32 N="NewestInactiveRecord">113</I32>
    </MS>
  </Obj>
  <Obj RefId="480">
    <TNRef RefId="0" />
    <MS>
      <I32 N="Day">481</I32>
      <I32 N="ActiveTableSize">1140</I32>
      <I32 N="InactiveTableSize">3660</I32>
      <I32 N="TotalRecords">4800</I32>
      <I32 N="PercentNotExpired">69</I32>
      <B N="TableSwapOccurred">false</B>
      <Nil N="TableSwapTrigger" />
      <I32 N="RowsCopied">0</I32>
      <I32 N="NextTableSwapOnOrBefore">733</I32>
      <I32 N="OldestActiveRecord">113</I32>
      <I32 N="OldestInactiveRecord">479</I32>
      <I32 N="NewestInactiveRecord">114</I32>
    </MS>
  </Obj>
  <Obj RefId="481">
    <TNRef RefId="0" />
    <MS>
      <I32 N="Day">482</I32>
      <I32 N="ActiveTableSize">1150</I32>
      <I32 N="InactiveTableSize">3660</I32>
      <I32 N="TotalRecords">4810</I32>
      <I32 N="PercentNotExpired">69</I32>
      <B N="TableSwapOccurred">false</B>
      <Nil N="TableSwapTrigger" />
      <I32 N="RowsCopied">0</I32>
      <I32 N="NextTableSwapOnOrBefore">733</I32>
      <I32 N="OldestActiveRecord">114</I32>
      <I32 N="OldestInactiveRecord">480</I32>
      <I32 N="NewestInactiveRecord">115</I32>
    </MS>
  </Obj>
  <Obj RefId="482">
    <TNRef RefId="0" />
    <MS>
      <I32 N="Day">483</I32>
      <I32 N="ActiveTableSize">1160</I32>
      <I32 N="InactiveTableSize">3660</I32>
      <I32 N="TotalRecords">4820</I32>
      <I32 N="PercentNotExpired">68</I32>
      <B N="TableSwapOccurred">false</B>
      <Nil N="TableSwapTrigger" />
      <I32 N="RowsCopied">0</I32>
      <I32 N="NextTableSwapOnOrBefore">733</I32>
      <I32 N="OldestActiveRecord">115</I32>
      <I32 N="OldestInactiveRecord">481</I32>
      <I32 N="NewestInactiveRecord">116</I32>
    </MS>
  </Obj>
  <Obj RefId="483">
    <TNRef RefId="0" />
    <MS>
      <I32 N="Day">484</I32>
      <I32 N="ActiveTableSize">1170</I32>
      <I32 N="InactiveTableSize">3660</I32>
      <I32 N="TotalRecords">4830</I32>
      <I32 N="PercentNotExpired">68</I32>
      <B N="TableSwapOccurred">false</B>
      <Nil N="TableSwapTrigger" />
      <I32 N="RowsCopied">0</I32>
      <I32 N="NextTableSwapOnOrBefore">733</I32>
      <I32 N="OldestActiveRecord">116</I32>
      <I32 N="OldestInactiveRecord">482</I32>
      <I32 N="NewestInactiveRecord">117</I32>
    </MS>
  </Obj>
  <Obj RefId="484">
    <TNRef RefId="0" />
    <MS>
      <I32 N="Day">485</I32>
      <I32 N="ActiveTableSize">1180</I32>
      <I32 N="InactiveTableSize">3660</I32>
      <I32 N="TotalRecords">4840</I32>
      <I32 N="PercentNotExpired">68</I32>
      <B N="TableSwapOccurred">false</B>
      <Nil N="TableSwapTrigger" />
      <I32 N="RowsCopied">0</I32>
      <I32 N="NextTableSwapOnOrBefore">733</I32>
      <I32 N="OldestActiveRecord">117</I32>
      <I32 N="OldestInactiveRecord">483</I32>
      <I32 N="NewestInactiveRecord">118</I32>
    </MS>
  </Obj>
  <Obj RefId="485">
    <TNRef RefId="0" />
    <MS>
      <I32 N="Day">486</I32>
      <I32 N="ActiveTableSize">1190</I32>
      <I32 N="InactiveTableSize">3660</I32>
      <I32 N="TotalRecords">4850</I32>
      <I32 N="PercentNotExpired">67</I32>
      <B N="TableSwapOccurred">false</B>
      <Nil N="TableSwapTrigger" />
      <I32 N="RowsCopied">0</I32>
      <I32 N="NextTableSwapOnOrBefore">733</I32>
      <I32 N="OldestActiveRecord">118</I32>
      <I32 N="OldestInactiveRecord">484</I32>
      <I32 N="NewestInactiveRecord">119</I32>
    </MS>
  </Obj>
  <Obj RefId="486">
    <TNRef RefId="0" />
    <MS>
      <I32 N="Day">487</I32>
      <I32 N="ActiveTableSize">1200</I32>
      <I32 N="InactiveTableSize">3660</I32>
      <I32 N="TotalRecords">4860</I32>
      <I32 N="PercentNotExpired">67</I32>
      <B N="TableSwapOccurred">false</B>
      <Nil N="TableSwapTrigger" />
      <I32 N="RowsCopied">0</I32>
      <I32 N="NextTableSwapOnOrBefore">733</I32>
      <I32 N="OldestActiveRecord">119</I32>
      <I32 N="OldestInactiveRecord">485</I32>
      <I32 N="NewestInactiveRecord">120</I32>
    </MS>
  </Obj>
  <Obj RefId="487">
    <TNRef RefId="0" />
    <MS>
      <I32 N="Day">488</I32>
      <I32 N="ActiveTableSize">1210</I32>
      <I32 N="InactiveTableSize">3660</I32>
      <I32 N="TotalRecords">4870</I32>
      <I32 N="PercentNotExpired">67</I32>
      <B N="TableSwapOccurred">false</B>
      <Nil N="TableSwapTrigger" />
      <I32 N="RowsCopied">0</I32>
      <I32 N="NextTableSwapOnOrBefore">733</I32>
      <I32 N="OldestActiveRecord">120</I32>
      <I32 N="OldestInactiveRecord">486</I32>
      <I32 N="NewestInactiveRecord">121</I32>
    </MS>
  </Obj>
  <Obj RefId="488">
    <TNRef RefId="0" />
    <MS>
      <I32 N="Day">489</I32>
      <I32 N="ActiveTableSize">1220</I32>
      <I32 N="InactiveTableSize">3660</I32>
      <I32 N="TotalRecords">4880</I32>
      <I32 N="PercentNotExpired">67</I32>
      <B N="TableSwapOccurred">false</B>
      <Nil N="TableSwapTrigger" />
      <I32 N="RowsCopied">0</I32>
      <I32 N="NextTableSwapOnOrBefore">733</I32>
      <I32 N="OldestActiveRecord">121</I32>
      <I32 N="OldestInactiveRecord">487</I32>
      <I32 N="NewestInactiveRecord">122</I32>
    </MS>
  </Obj>
  <Obj RefId="489">
    <TNRef RefId="0" />
    <MS>
      <I32 N="Day">490</I32>
      <I32 N="ActiveTableSize">1230</I32>
      <I32 N="InactiveTableSize">3660</I32>
      <I32 N="TotalRecords">4890</I32>
      <I32 N="PercentNotExpired">66</I32>
      <B N="TableSwapOccurred">false</B>
      <Nil N="TableSwapTrigger" />
      <I32 N="RowsCopied">0</I32>
      <I32 N="NextTableSwapOnOrBefore">733</I32>
      <I32 N="OldestActiveRecord">122</I32>
      <I32 N="OldestInactiveRecord">488</I32>
      <I32 N="NewestInactiveRecord">123</I32>
    </MS>
  </Obj>
  <Obj RefId="490">
    <TNRef RefId="0" />
    <MS>
      <I32 N="Day">491</I32>
      <I32 N="ActiveTableSize">1240</I32>
      <I32 N="InactiveTableSize">3660</I32>
      <I32 N="TotalRecords">4900</I32>
      <I32 N="PercentNotExpired">66</I32>
      <B N="TableSwapOccurred">false</B>
      <Nil N="TableSwapTrigger" />
      <I32 N="RowsCopied">0</I32>
      <I32 N="NextTableSwapOnOrBefore">733</I32>
      <I32 N="OldestActiveRecord">123</I32>
      <I32 N="OldestInactiveRecord">489</I32>
      <I32 N="NewestInactiveRecord">124</I32>
    </MS>
  </Obj>
  <Obj RefId="491">
    <TNRef RefId="0" />
    <MS>
      <I32 N="Day">492</I32>
      <I32 N="ActiveTableSize">1250</I32>
      <I32 N="InactiveTableSize">3660</I32>
      <I32 N="TotalRecords">4910</I32>
      <I32 N="PercentNotExpired">66</I32>
      <B N="TableSwapOccurred">false</B>
      <Nil N="TableSwapTrigger" />
      <I32 N="RowsCopied">0</I32>
      <I32 N="NextTableSwapOnOrBefore">733</I32>
      <I32 N="OldestActiveRecord">124</I32>
      <I32 N="OldestInactiveRecord">490</I32>
      <I32 N="NewestInactiveRecord">125</I32>
    </MS>
  </Obj>
  <Obj RefId="492">
    <TNRef RefId="0" />
    <MS>
      <I32 N="Day">493</I32>
      <I32 N="ActiveTableSize">1260</I32>
      <I32 N="InactiveTableSize">3660</I32>
      <I32 N="TotalRecords">4920</I32>
      <I32 N="PercentNotExpired">66</I32>
      <B N="TableSwapOccurred">false</B>
      <Nil N="TableSwapTrigger" />
      <I32 N="RowsCopied">0</I32>
      <I32 N="NextTableSwapOnOrBefore">733</I32>
      <I32 N="OldestActiveRecord">125</I32>
      <I32 N="OldestInactiveRecord">491</I32>
      <I32 N="NewestInactiveRecord">126</I32>
    </MS>
  </Obj>
  <Obj RefId="493">
    <TNRef RefId="0" />
    <MS>
      <I32 N="Day">494</I32>
      <I32 N="ActiveTableSize">1270</I32>
      <I32 N="InactiveTableSize">3660</I32>
      <I32 N="TotalRecords">4930</I32>
      <I32 N="PercentNotExpired">65</I32>
      <B N="TableSwapOccurred">false</B>
      <Nil N="TableSwapTrigger" />
      <I32 N="RowsCopied">0</I32>
      <I32 N="NextTableSwapOnOrBefore">733</I32>
      <I32 N="OldestActiveRecord">126</I32>
      <I32 N="OldestInactiveRecord">492</I32>
      <I32 N="NewestInactiveRecord">127</I32>
    </MS>
  </Obj>
  <Obj RefId="494">
    <TNRef RefId="0" />
    <MS>
      <I32 N="Day">495</I32>
      <I32 N="ActiveTableSize">1280</I32>
      <I32 N="InactiveTableSize">3660</I32>
      <I32 N="TotalRecords">4940</I32>
      <I32 N="PercentNotExpired">65</I32>
      <B N="TableSwapOccurred">false</B>
      <Nil N="TableSwapTrigger" />
      <I32 N="RowsCopied">0</I32>
      <I32 N="NextTableSwapOnOrBefore">733</I32>
      <I32 N="OldestActiveRecord">127</I32>
      <I32 N="OldestInactiveRecord">493</I32>
      <I32 N="NewestInactiveRecord">128</I32>
    </MS>
  </Obj>
  <Obj RefId="495">
    <TNRef RefId="0" />
    <MS>
      <I32 N="Day">496</I32>
      <I32 N="ActiveTableSize">1290</I32>
      <I32 N="InactiveTableSize">3660</I32>
      <I32 N="TotalRecords">4950</I32>
      <I32 N="PercentNotExpired">65</I32>
      <B N="TableSwapOccurred">false</B>
      <Nil N="TableSwapTrigger" />
      <I32 N="RowsCopied">0</I32>
      <I32 N="NextTableSwapOnOrBefore">733</I32>
      <I32 N="OldestActiveRecord">128</I32>
      <I32 N="OldestInactiveRecord">494</I32>
      <I32 N="NewestInactiveRecord">129</I32>
    </MS>
  </Obj>
  <Obj RefId="496">
    <TNRef RefId="0" />
    <MS>
      <I32 N="Day">497</I32>
      <I32 N="ActiveTableSize">1300</I32>
      <I32 N="InactiveTableSize">3660</I32>
      <I32 N="TotalRecords">4960</I32>
      <I32 N="PercentNotExpired">64</I32>
      <B N="TableSwapOccurred">false</B>
      <Nil N="TableSwapTrigger" />
      <I32 N="RowsCopied">0</I32>
      <I32 N="NextTableSwapOnOrBefore">733</I32>
      <I32 N="OldestActiveRecord">129</I32>
      <I32 N="OldestInactiveRecord">495</I32>
      <I32 N="NewestInactiveRecord">130</I32>
    </MS>
  </Obj>
  <Obj RefId="497">
    <TNRef RefId="0" />
    <MS>
      <I32 N="Day">498</I32>
      <I32 N="ActiveTableSize">1310</I32>
      <I32 N="InactiveTableSize">3660</I32>
      <I32 N="TotalRecords">4970</I32>
      <I32 N="PercentNotExpired">64</I32>
      <B N="TableSwapOccurred">false</B>
      <Nil N="TableSwapTrigger" />
      <I32 N="RowsCopied">0</I32>
      <I32 N="NextTableSwapOnOrBefore">733</I32>
      <I32 N="OldestActiveRecord">130</I32>
      <I32 N="OldestInactiveRecord">496</I32>
      <I32 N="NewestInactiveRecord">131</I32>
    </MS>
  </Obj>
  <Obj RefId="498">
    <TNRef RefId="0" />
    <MS>
      <I32 N="Day">499</I32>
      <I32 N="ActiveTableSize">1320</I32>
      <I32 N="InactiveTableSize">3660</I32>
      <I32 N="TotalRecords">4980</I32>
      <I32 N="PercentNotExpired">64</I32>
      <B N="TableSwapOccurred">false</B>
      <Nil N="TableSwapTrigger" />
      <I32 N="RowsCopied">0</I32>
      <I32 N="NextTableSwapOnOrBefore">733</I32>
      <I32 N="OldestActiveRecord">131</I32>
      <I32 N="OldestInactiveRecord">497</I32>
      <I32 N="NewestInactiveRecord">132</I32>
    </MS>
  </Obj>
  <Obj RefId="499">
    <TNRef RefId="0" />
    <MS>
      <I32 N="Day">500</I32>
      <I32 N="ActiveTableSize">1330</I32>
      <I32 N="InactiveTableSize">3660</I32>
      <I32 N="TotalRecords">4990</I32>
      <I32 N="PercentNotExpired">64</I32>
      <B N="TableSwapOccurred">false</B>
      <Nil N="TableSwapTrigger" />
      <I32 N="RowsCopied">0</I32>
      <I32 N="NextTableSwapOnOrBefore">733</I32>
      <I32 N="OldestActiveRecord">132</I32>
      <I32 N="OldestInactiveRecord">498</I32>
      <I32 N="NewestInactiveRecord">133</I32>
    </MS>
  </Obj>
  <Obj RefId="500">
    <TNRef RefId="0" />
    <MS>
      <I32 N="Day">501</I32>
      <I32 N="ActiveTableSize">1340</I32>
      <I32 N="InactiveTableSize">3660</I32>
      <I32 N="TotalRecords">5000</I32>
      <I32 N="PercentNotExpired">63</I32>
      <B N="TableSwapOccurred">false</B>
      <Nil N="TableSwapTrigger" />
      <I32 N="RowsCopied">0</I32>
      <I32 N="NextTableSwapOnOrBefore">733</I32>
      <I32 N="OldestActiveRecord">133</I32>
      <I32 N="OldestInactiveRecord">499</I32>
      <I32 N="NewestInactiveRecord">134</I32>
    </MS>
  </Obj>
  <Obj RefId="501">
    <TNRef RefId="0" />
    <MS>
      <I32 N="Day">502</I32>
      <I32 N="ActiveTableSize">1350</I32>
      <I32 N="InactiveTableSize">3660</I32>
      <I32 N="TotalRecords">5010</I32>
      <I32 N="PercentNotExpired">63</I32>
      <B N="TableSwapOccurred">false</B>
      <Nil N="TableSwapTrigger" />
      <I32 N="RowsCopied">0</I32>
      <I32 N="NextTableSwapOnOrBefore">733</I32>
      <I32 N="OldestActiveRecord">134</I32>
      <I32 N="OldestInactiveRecord">500</I32>
      <I32 N="NewestInactiveRecord">135</I32>
    </MS>
  </Obj>
  <Obj RefId="502">
    <TNRef RefId="0" />
    <MS>
      <I32 N="Day">503</I32>
      <I32 N="ActiveTableSize">1360</I32>
      <I32 N="InactiveTableSize">3660</I32>
      <I32 N="TotalRecords">5020</I32>
      <I32 N="PercentNotExpired">63</I32>
      <B N="TableSwapOccurred">false</B>
      <Nil N="TableSwapTrigger" />
      <I32 N="RowsCopied">0</I32>
      <I32 N="NextTableSwapOnOrBefore">733</I32>
      <I32 N="OldestActiveRecord">135</I32>
      <I32 N="OldestInactiveRecord">501</I32>
      <I32 N="NewestInactiveRecord">136</I32>
    </MS>
  </Obj>
  <Obj RefId="503">
    <TNRef RefId="0" />
    <MS>
      <I32 N="Day">504</I32>
      <I32 N="ActiveTableSize">1370</I32>
      <I32 N="InactiveTableSize">3660</I32>
      <I32 N="TotalRecords">5030</I32>
      <I32 N="PercentNotExpired">63</I32>
      <B N="TableSwapOccurred">false</B>
      <Nil N="TableSwapTrigger" />
      <I32 N="RowsCopied">0</I32>
      <I32 N="NextTableSwapOnOrBefore">733</I32>
      <I32 N="OldestActiveRecord">136</I32>
      <I32 N="OldestInactiveRecord">502</I32>
      <I32 N="NewestInactiveRecord">137</I32>
    </MS>
  </Obj>
  <Obj RefId="504">
    <TNRef RefId="0" />
    <MS>
      <I32 N="Day">505</I32>
      <I32 N="ActiveTableSize">1380</I32>
      <I32 N="InactiveTableSize">3660</I32>
      <I32 N="TotalRecords">5040</I32>
      <I32 N="PercentNotExpired">62</I32>
      <B N="TableSwapOccurred">false</B>
      <Nil N="TableSwapTrigger" />
      <I32 N="RowsCopied">0</I32>
      <I32 N="NextTableSwapOnOrBefore">733</I32>
      <I32 N="OldestActiveRecord">137</I32>
      <I32 N="OldestInactiveRecord">503</I32>
      <I32 N="NewestInactiveRecord">138</I32>
    </MS>
  </Obj>
  <Obj RefId="505">
    <TNRef RefId="0" />
    <MS>
      <I32 N="Day">506</I32>
      <I32 N="ActiveTableSize">1390</I32>
      <I32 N="InactiveTableSize">3660</I32>
      <I32 N="TotalRecords">5050</I32>
      <I32 N="PercentNotExpired">62</I32>
      <B N="TableSwapOccurred">false</B>
      <Nil N="TableSwapTrigger" />
      <I32 N="RowsCopied">0</I32>
      <I32 N="NextTableSwapOnOrBefore">733</I32>
      <I32 N="OldestActiveRecord">138</I32>
      <I32 N="OldestInactiveRecord">504</I32>
      <I32 N="NewestInactiveRecord">139</I32>
    </MS>
  </Obj>
  <Obj RefId="506">
    <TNRef RefId="0" />
    <MS>
      <I32 N="Day">507</I32>
      <I32 N="ActiveTableSize">1400</I32>
      <I32 N="InactiveTableSize">3660</I32>
      <I32 N="TotalRecords">5060</I32>
      <I32 N="PercentNotExpired">62</I32>
      <B N="TableSwapOccurred">false</B>
      <Nil N="TableSwapTrigger" />
      <I32 N="RowsCopied">0</I32>
      <I32 N="NextTableSwapOnOrBefore">733</I32>
      <I32 N="OldestActiveRecord">139</I32>
      <I32 N="OldestInactiveRecord">505</I32>
      <I32 N="NewestInactiveRecord">140</I32>
    </MS>
  </Obj>
  <Obj RefId="507">
    <TNRef RefId="0" />
    <MS>
      <I32 N="Day">508</I32>
      <I32 N="ActiveTableSize">1410</I32>
      <I32 N="InactiveTableSize">3660</I32>
      <I32 N="TotalRecords">5070</I32>
      <I32 N="PercentNotExpired">61</I32>
      <B N="TableSwapOccurred">false</B>
      <Nil N="TableSwapTrigger" />
      <I32 N="RowsCopied">0</I32>
      <I32 N="NextTableSwapOnOrBefore">733</I32>
      <I32 N="OldestActiveRecord">140</I32>
      <I32 N="OldestInactiveRecord">506</I32>
      <I32 N="NewestInactiveRecord">141</I32>
    </MS>
  </Obj>
  <Obj RefId="508">
    <TNRef RefId="0" />
    <MS>
      <I32 N="Day">509</I32>
      <I32 N="ActiveTableSize">1420</I32>
      <I32 N="InactiveTableSize">3660</I32>
      <I32 N="TotalRecords">5080</I32>
      <I32 N="PercentNotExpired">61</I32>
      <B N="TableSwapOccurred">false</B>
      <Nil N="TableSwapTrigger" />
      <I32 N="RowsCopied">0</I32>
      <I32 N="NextTableSwapOnOrBefore">733</I32>
      <I32 N="OldestActiveRecord">141</I32>
      <I32 N="OldestInactiveRecord">507</I32>
      <I32 N="NewestInactiveRecord">142</I32>
    </MS>
  </Obj>
  <Obj RefId="509">
    <TNRef RefId="0" />
    <MS>
      <I32 N="Day">510</I32>
      <I32 N="ActiveTableSize">1430</I32>
      <I32 N="InactiveTableSize">3660</I32>
      <I32 N="TotalRecords">5090</I32>
      <I32 N="PercentNotExpired">61</I32>
      <B N="TableSwapOccurred">false</B>
      <Nil N="TableSwapTrigger" />
      <I32 N="RowsCopied">0</I32>
      <I32 N="NextTableSwapOnOrBefore">733</I32>
      <I32 N="OldestActiveRecord">142</I32>
      <I32 N="OldestInactiveRecord">508</I32>
      <I32 N="NewestInactiveRecord">143</I32>
    </MS>
  </Obj>
  <Obj RefId="510">
    <TNRef RefId="0" />
    <MS>
      <I32 N="Day">511</I32>
      <I32 N="ActiveTableSize">1440</I32>
      <I32 N="InactiveTableSize">3660</I32>
      <I32 N="TotalRecords">5100</I32>
      <I32 N="PercentNotExpired">61</I32>
      <B N="TableSwapOccurred">false</B>
      <Nil N="TableSwapTrigger" />
      <I32 N="RowsCopied">0</I32>
      <I32 N="NextTableSwapOnOrBefore">733</I32>
      <I32 N="OldestActiveRecord">143</I32>
      <I32 N="OldestInactiveRecord">509</I32>
      <I32 N="NewestInactiveRecord">144</I32>
    </MS>
  </Obj>
  <Obj RefId="511">
    <TNRef RefId="0" />
    <MS>
      <I32 N="Day">512</I32>
      <I32 N="ActiveTableSize">1450</I32>
      <I32 N="InactiveTableSize">3660</I32>
      <I32 N="TotalRecords">5110</I32>
      <I32 N="PercentNotExpired">60</I32>
      <B N="TableSwapOccurred">false</B>
      <Nil N="TableSwapTrigger" />
      <I32 N="RowsCopied">0</I32>
      <I32 N="NextTableSwapOnOrBefore">733</I32>
      <I32 N="OldestActiveRecord">144</I32>
      <I32 N="OldestInactiveRecord">510</I32>
      <I32 N="NewestInactiveRecord">145</I32>
    </MS>
  </Obj>
  <Obj RefId="512">
    <TNRef RefId="0" />
    <MS>
      <I32 N="Day">513</I32>
      <I32 N="ActiveTableSize">1460</I32>
      <I32 N="InactiveTableSize">3660</I32>
      <I32 N="TotalRecords">5120</I32>
      <I32 N="PercentNotExpired">60</I32>
      <B N="TableSwapOccurred">false</B>
      <Nil N="TableSwapTrigger" />
      <I32 N="RowsCopied">0</I32>
      <I32 N="NextTableSwapOnOrBefore">733</I32>
      <I32 N="OldestActiveRecord">145</I32>
      <I32 N="OldestInactiveRecord">511</I32>
      <I32 N="NewestInactiveRecord">146</I32>
    </MS>
  </Obj>
  <Obj RefId="513">
    <TNRef RefId="0" />
    <MS>
      <I32 N="Day">514</I32>
      <I32 N="ActiveTableSize">1470</I32>
      <I32 N="InactiveTableSize">3660</I32>
      <I32 N="TotalRecords">5130</I32>
      <I32 N="PercentNotExpired">60</I32>
      <B N="TableSwapOccurred">false</B>
      <Nil N="TableSwapTrigger" />
      <I32 N="RowsCopied">0</I32>
      <I32 N="NextTableSwapOnOrBefore">733</I32>
      <I32 N="OldestActiveRecord">146</I32>
      <I32 N="OldestInactiveRecord">512</I32>
      <I32 N="NewestInactiveRecord">147</I32>
    </MS>
  </Obj>
  <Obj RefId="514">
    <TNRef RefId="0" />
    <MS>
      <I32 N="Day">515</I32>
      <I32 N="ActiveTableSize">1480</I32>
      <I32 N="InactiveTableSize">3660</I32>
      <I32 N="TotalRecords">5140</I32>
      <I32 N="PercentNotExpired">60</I32>
      <B N="TableSwapOccurred">false</B>
      <Nil N="TableSwapTrigger" />
      <I32 N="RowsCopied">0</I32>
      <I32 N="NextTableSwapOnOrBefore">733</I32>
      <I32 N="OldestActiveRecord">147</I32>
      <I32 N="OldestInactiveRecord">513</I32>
      <I32 N="NewestInactiveRecord">148</I32>
    </MS>
  </Obj>
  <Obj RefId="515">
    <TNRef RefId="0" />
    <MS>
      <I32 N="Day">516</I32>
      <I32 N="ActiveTableSize">1490</I32>
      <I32 N="InactiveTableSize">3660</I32>
      <I32 N="TotalRecords">5150</I32>
      <I32 N="PercentNotExpired">59</I32>
      <B N="TableSwapOccurred">false</B>
      <Nil N="TableSwapTrigger" />
      <I32 N="RowsCopied">0</I32>
      <I32 N="NextTableSwapOnOrBefore">733</I32>
      <I32 N="OldestActiveRecord">148</I32>
      <I32 N="OldestInactiveRecord">514</I32>
      <I32 N="NewestInactiveRecord">149</I32>
    </MS>
  </Obj>
  <Obj RefId="516">
    <TNRef RefId="0" />
    <MS>
      <I32 N="Day">517</I32>
      <I32 N="ActiveTableSize">1500</I32>
      <I32 N="InactiveTableSize">3660</I32>
      <I32 N="TotalRecords">5160</I32>
      <I32 N="PercentNotExpired">59</I32>
      <B N="TableSwapOccurred">false</B>
      <Nil N="TableSwapTrigger" />
      <I32 N="RowsCopied">0</I32>
      <I32 N="NextTableSwapOnOrBefore">733</I32>
      <I32 N="OldestActiveRecord">149</I32>
      <I32 N="OldestInactiveRecord">515</I32>
      <I32 N="NewestInactiveRecord">150</I32>
    </MS>
  </Obj>
  <Obj RefId="517">
    <TNRef RefId="0" />
    <MS>
      <I32 N="Day">518</I32>
      <I32 N="ActiveTableSize">1510</I32>
      <I32 N="InactiveTableSize">3660</I32>
      <I32 N="TotalRecords">5170</I32>
      <I32 N="PercentNotExpired">59</I32>
      <B N="TableSwapOccurred">false</B>
      <Nil N="TableSwapTrigger" />
      <I32 N="RowsCopied">0</I32>
      <I32 N="NextTableSwapOnOrBefore">733</I32>
      <I32 N="OldestActiveRecord">150</I32>
      <I32 N="OldestInactiveRecord">516</I32>
      <I32 N="NewestInactiveRecord">151</I32>
    </MS>
  </Obj>
  <Obj RefId="518">
    <TNRef RefId="0" />
    <MS>
      <I32 N="Day">519</I32>
      <I32 N="ActiveTableSize">1520</I32>
      <I32 N="InactiveTableSize">3660</I32>
      <I32 N="TotalRecords">5180</I32>
      <I32 N="PercentNotExpired">58</I32>
      <B N="TableSwapOccurred">false</B>
      <Nil N="TableSwapTrigger" />
      <I32 N="RowsCopied">0</I32>
      <I32 N="NextTableSwapOnOrBefore">733</I32>
      <I32 N="OldestActiveRecord">151</I32>
      <I32 N="OldestInactiveRecord">517</I32>
      <I32 N="NewestInactiveRecord">152</I32>
    </MS>
  </Obj>
  <Obj RefId="519">
    <TNRef RefId="0" />
    <MS>
      <I32 N="Day">520</I32>
      <I32 N="ActiveTableSize">1530</I32>
      <I32 N="InactiveTableSize">3660</I32>
      <I32 N="TotalRecords">5190</I32>
      <I32 N="PercentNotExpired">58</I32>
      <B N="TableSwapOccurred">false</B>
      <Nil N="TableSwapTrigger" />
      <I32 N="RowsCopied">0</I32>
      <I32 N="NextTableSwapOnOrBefore">733</I32>
      <I32 N="OldestActiveRecord">152</I32>
      <I32 N="OldestInactiveRecord">518</I32>
      <I32 N="NewestInactiveRecord">153</I32>
    </MS>
  </Obj>
  <Obj RefId="520">
    <TNRef RefId="0" />
    <MS>
      <I32 N="Day">521</I32>
      <I32 N="ActiveTableSize">1540</I32>
      <I32 N="InactiveTableSize">3660</I32>
      <I32 N="TotalRecords">5200</I32>
      <I32 N="PercentNotExpired">58</I32>
      <B N="TableSwapOccurred">false</B>
      <Nil N="TableSwapTrigger" />
      <I32 N="RowsCopied">0</I32>
      <I32 N="NextTableSwapOnOrBefore">733</I32>
      <I32 N="OldestActiveRecord">153</I32>
      <I32 N="OldestInactiveRecord">519</I32>
      <I32 N="NewestInactiveRecord">154</I32>
    </MS>
  </Obj>
  <Obj RefId="521">
    <TNRef RefId="0" />
    <MS>
      <I32 N="Day">522</I32>
      <I32 N="ActiveTableSize">1550</I32>
      <I32 N="InactiveTableSize">3660</I32>
      <I32 N="TotalRecords">5210</I32>
      <I32 N="PercentNotExpired">58</I32>
      <B N="TableSwapOccurred">false</B>
      <Nil N="TableSwapTrigger" />
      <I32 N="RowsCopied">0</I32>
      <I32 N="NextTableSwapOnOrBefore">733</I32>
      <I32 N="OldestActiveRecord">154</I32>
      <I32 N="OldestInactiveRecord">520</I32>
      <I32 N="NewestInactiveRecord">155</I32>
    </MS>
  </Obj>
  <Obj RefId="522">
    <TNRef RefId="0" />
    <MS>
      <I32 N="Day">523</I32>
      <I32 N="ActiveTableSize">1560</I32>
      <I32 N="InactiveTableSize">3660</I32>
      <I32 N="TotalRecords">5220</I32>
      <I32 N="PercentNotExpired">57</I32>
      <B N="TableSwapOccurred">false</B>
      <Nil N="TableSwapTrigger" />
      <I32 N="RowsCopied">0</I32>
      <I32 N="NextTableSwapOnOrBefore">733</I32>
      <I32 N="OldestActiveRecord">155</I32>
      <I32 N="OldestInactiveRecord">521</I32>
      <I32 N="NewestInactiveRecord">156</I32>
    </MS>
  </Obj>
  <Obj RefId="523">
    <TNRef RefId="0" />
    <MS>
      <I32 N="Day">524</I32>
      <I32 N="ActiveTableSize">1570</I32>
      <I32 N="InactiveTableSize">3660</I32>
      <I32 N="TotalRecords">5230</I32>
      <I32 N="PercentNotExpired">57</I32>
      <B N="TableSwapOccurred">false</B>
      <Nil N="TableSwapTrigger" />
      <I32 N="RowsCopied">0</I32>
      <I32 N="NextTableSwapOnOrBefore">733</I32>
      <I32 N="OldestActiveRecord">156</I32>
      <I32 N="OldestInactiveRecord">522</I32>
      <I32 N="NewestInactiveRecord">157</I32>
    </MS>
  </Obj>
  <Obj RefId="524">
    <TNRef RefId="0" />
    <MS>
      <I32 N="Day">525</I32>
      <I32 N="ActiveTableSize">1580</I32>
      <I32 N="InactiveTableSize">3660</I32>
      <I32 N="TotalRecords">5240</I32>
      <I32 N="PercentNotExpired">57</I32>
      <B N="TableSwapOccurred">false</B>
      <Nil N="TableSwapTrigger" />
      <I32 N="RowsCopied">0</I32>
      <I32 N="NextTableSwapOnOrBefore">733</I32>
      <I32 N="OldestActiveRecord">157</I32>
      <I32 N="OldestInactiveRecord">523</I32>
      <I32 N="NewestInactiveRecord">158</I32>
    </MS>
  </Obj>
  <Obj RefId="525">
    <TNRef RefId="0" />
    <MS>
      <I32 N="Day">526</I32>
      <I32 N="ActiveTableSize">1590</I32>
      <I32 N="InactiveTableSize">3660</I32>
      <I32 N="TotalRecords">5250</I32>
      <I32 N="PercentNotExpired">57</I32>
      <B N="TableSwapOccurred">false</B>
      <Nil N="TableSwapTrigger" />
      <I32 N="RowsCopied">0</I32>
      <I32 N="NextTableSwapOnOrBefore">733</I32>
      <I32 N="OldestActiveRecord">158</I32>
      <I32 N="OldestInactiveRecord">524</I32>
      <I32 N="NewestInactiveRecord">159</I32>
    </MS>
  </Obj>
  <Obj RefId="526">
    <TNRef RefId="0" />
    <MS>
      <I32 N="Day">527</I32>
      <I32 N="ActiveTableSize">1600</I32>
      <I32 N="InactiveTableSize">3660</I32>
      <I32 N="TotalRecords">5260</I32>
      <I32 N="PercentNotExpired">56</I32>
      <B N="TableSwapOccurred">false</B>
      <Nil N="TableSwapTrigger" />
      <I32 N="RowsCopied">0</I32>
      <I32 N="NextTableSwapOnOrBefore">733</I32>
      <I32 N="OldestActiveRecord">159</I32>
      <I32 N="OldestInactiveRecord">525</I32>
      <I32 N="NewestInactiveRecord">160</I32>
    </MS>
  </Obj>
  <Obj RefId="527">
    <TNRef RefId="0" />
    <MS>
      <I32 N="Day">528</I32>
      <I32 N="ActiveTableSize">1610</I32>
      <I32 N="InactiveTableSize">3660</I32>
      <I32 N="TotalRecords">5270</I32>
      <I32 N="PercentNotExpired">56</I32>
      <B N="TableSwapOccurred">false</B>
      <Nil N="TableSwapTrigger" />
      <I32 N="RowsCopied">0</I32>
      <I32 N="NextTableSwapOnOrBefore">733</I32>
      <I32 N="OldestActiveRecord">160</I32>
      <I32 N="OldestInactiveRecord">526</I32>
      <I32 N="NewestInactiveRecord">161</I32>
    </MS>
  </Obj>
  <Obj RefId="528">
    <TNRef RefId="0" />
    <MS>
      <I32 N="Day">529</I32>
      <I32 N="ActiveTableSize">1620</I32>
      <I32 N="InactiveTableSize">3660</I32>
      <I32 N="TotalRecords">5280</I32>
      <I32 N="PercentNotExpired">56</I32>
      <B N="TableSwapOccurred">false</B>
      <Nil N="TableSwapTrigger" />
      <I32 N="RowsCopied">0</I32>
      <I32 N="NextTableSwapOnOrBefore">733</I32>
      <I32 N="OldestActiveRecord">161</I32>
      <I32 N="OldestInactiveRecord">527</I32>
      <I32 N="NewestInactiveRecord">162</I32>
    </MS>
  </Obj>
  <Obj RefId="529">
    <TNRef RefId="0" />
    <MS>
      <I32 N="Day">530</I32>
      <I32 N="ActiveTableSize">1630</I32>
      <I32 N="InactiveTableSize">3660</I32>
      <I32 N="TotalRecords">5290</I32>
      <I32 N="PercentNotExpired">55</I32>
      <B N="TableSwapOccurred">false</B>
      <Nil N="TableSwapTrigger" />
      <I32 N="RowsCopied">0</I32>
      <I32 N="NextTableSwapOnOrBefore">733</I32>
      <I32 N="OldestActiveRecord">162</I32>
      <I32 N="OldestInactiveRecord">528</I32>
      <I32 N="NewestInactiveRecord">163</I32>
    </MS>
  </Obj>
  <Obj RefId="530">
    <TNRef RefId="0" />
    <MS>
      <I32 N="Day">531</I32>
      <I32 N="ActiveTableSize">1640</I32>
      <I32 N="InactiveTableSize">3660</I32>
      <I32 N="TotalRecords">5300</I32>
      <I32 N="PercentNotExpired">55</I32>
      <B N="TableSwapOccurred">false</B>
      <Nil N="TableSwapTrigger" />
      <I32 N="RowsCopied">0</I32>
      <I32 N="NextTableSwapOnOrBefore">733</I32>
      <I32 N="OldestActiveRecord">163</I32>
      <I32 N="OldestInactiveRecord">529</I32>
      <I32 N="NewestInactiveRecord">164</I32>
    </MS>
  </Obj>
  <Obj RefId="531">
    <TNRef RefId="0" />
    <MS>
      <I32 N="Day">532</I32>
      <I32 N="ActiveTableSize">1650</I32>
      <I32 N="InactiveTableSize">3660</I32>
      <I32 N="TotalRecords">5310</I32>
      <I32 N="PercentNotExpired">55</I32>
      <B N="TableSwapOccurred">false</B>
      <Nil N="TableSwapTrigger" />
      <I32 N="RowsCopied">0</I32>
      <I32 N="NextTableSwapOnOrBefore">733</I32>
      <I32 N="OldestActiveRecord">164</I32>
      <I32 N="OldestInactiveRecord">530</I32>
      <I32 N="NewestInactiveRecord">165</I32>
    </MS>
  </Obj>
  <Obj RefId="532">
    <TNRef RefId="0" />
    <MS>
      <I32 N="Day">533</I32>
      <I32 N="ActiveTableSize">1660</I32>
      <I32 N="InactiveTableSize">3660</I32>
      <I32 N="TotalRecords">5320</I32>
      <I32 N="PercentNotExpired">55</I32>
      <B N="TableSwapOccurred">false</B>
      <Nil N="TableSwapTrigger" />
      <I32 N="RowsCopied">0</I32>
      <I32 N="NextTableSwapOnOrBefore">733</I32>
      <I32 N="OldestActiveRecord">165</I32>
      <I32 N="OldestInactiveRecord">531</I32>
      <I32 N="NewestInactiveRecord">166</I32>
    </MS>
  </Obj>
  <Obj RefId="533">
    <TNRef RefId="0" />
    <MS>
      <I32 N="Day">534</I32>
      <I32 N="ActiveTableSize">1670</I32>
      <I32 N="InactiveTableSize">3660</I32>
      <I32 N="TotalRecords">5330</I32>
      <I32 N="PercentNotExpired">54</I32>
      <B N="TableSwapOccurred">false</B>
      <Nil N="TableSwapTrigger" />
      <I32 N="RowsCopied">0</I32>
      <I32 N="NextTableSwapOnOrBefore">733</I32>
      <I32 N="OldestActiveRecord">166</I32>
      <I32 N="OldestInactiveRecord">532</I32>
      <I32 N="NewestInactiveRecord">167</I32>
    </MS>
  </Obj>
  <Obj RefId="534">
    <TNRef RefId="0" />
    <MS>
      <I32 N="Day">535</I32>
      <I32 N="ActiveTableSize">1680</I32>
      <I32 N="InactiveTableSize">3660</I32>
      <I32 N="TotalRecords">5340</I32>
      <I32 N="PercentNotExpired">54</I32>
      <B N="TableSwapOccurred">false</B>
      <Nil N="TableSwapTrigger" />
      <I32 N="RowsCopied">0</I32>
      <I32 N="NextTableSwapOnOrBefore">733</I32>
      <I32 N="OldestActiveRecord">167</I32>
      <I32 N="OldestInactiveRecord">533</I32>
      <I32 N="NewestInactiveRecord">168</I32>
    </MS>
  </Obj>
  <Obj RefId="535">
    <TNRef RefId="0" />
    <MS>
      <I32 N="Day">536</I32>
      <I32 N="ActiveTableSize">1690</I32>
      <I32 N="InactiveTableSize">3660</I32>
      <I32 N="TotalRecords">5350</I32>
      <I32 N="PercentNotExpired">54</I32>
      <B N="TableSwapOccurred">false</B>
      <Nil N="TableSwapTrigger" />
      <I32 N="RowsCopied">0</I32>
      <I32 N="NextTableSwapOnOrBefore">733</I32>
      <I32 N="OldestActiveRecord">168</I32>
      <I32 N="OldestInactiveRecord">534</I32>
      <I32 N="NewestInactiveRecord">169</I32>
    </MS>
  </Obj>
  <Obj RefId="536">
    <TNRef RefId="0" />
    <MS>
      <I32 N="Day">537</I32>
      <I32 N="ActiveTableSize">1700</I32>
      <I32 N="InactiveTableSize">3660</I32>
      <I32 N="TotalRecords">5360</I32>
      <I32 N="PercentNotExpired">54</I32>
      <B N="TableSwapOccurred">false</B>
      <Nil N="TableSwapTrigger" />
      <I32 N="RowsCopied">0</I32>
      <I32 N="NextTableSwapOnOrBefore">733</I32>
      <I32 N="OldestActiveRecord">169</I32>
      <I32 N="OldestInactiveRecord">535</I32>
      <I32 N="NewestInactiveRecord">170</I32>
    </MS>
  </Obj>
  <Obj RefId="537">
    <TNRef RefId="0" />
    <MS>
      <I32 N="Day">538</I32>
      <I32 N="ActiveTableSize">1710</I32>
      <I32 N="InactiveTableSize">3660</I32>
      <I32 N="TotalRecords">5370</I32>
      <I32 N="PercentNotExpired">53</I32>
      <B N="TableSwapOccurred">false</B>
      <Nil N="TableSwapTrigger" />
      <I32 N="RowsCopied">0</I32>
      <I32 N="NextTableSwapOnOrBefore">733</I32>
      <I32 N="OldestActiveRecord">170</I32>
      <I32 N="OldestInactiveRecord">536</I32>
      <I32 N="NewestInactiveRecord">171</I32>
    </MS>
  </Obj>
  <Obj RefId="538">
    <TNRef RefId="0" />
    <MS>
      <I32 N="Day">539</I32>
      <I32 N="ActiveTableSize">1720</I32>
      <I32 N="InactiveTableSize">3660</I32>
      <I32 N="TotalRecords">5380</I32>
      <I32 N="PercentNotExpired">53</I32>
      <B N="TableSwapOccurred">false</B>
      <Nil N="TableSwapTrigger" />
      <I32 N="RowsCopied">0</I32>
      <I32 N="NextTableSwapOnOrBefore">733</I32>
      <I32 N="OldestActiveRecord">171</I32>
      <I32 N="OldestInactiveRecord">537</I32>
      <I32 N="NewestInactiveRecord">172</I32>
    </MS>
  </Obj>
  <Obj RefId="539">
    <TNRef RefId="0" />
    <MS>
      <I32 N="Day">540</I32>
      <I32 N="ActiveTableSize">1730</I32>
      <I32 N="InactiveTableSize">3660</I32>
      <I32 N="TotalRecords">5390</I32>
      <I32 N="PercentNotExpired">53</I32>
      <B N="TableSwapOccurred">false</B>
      <Nil N="TableSwapTrigger" />
      <I32 N="RowsCopied">0</I32>
      <I32 N="NextTableSwapOnOrBefore">733</I32>
      <I32 N="OldestActiveRecord">172</I32>
      <I32 N="OldestInactiveRecord">538</I32>
      <I32 N="NewestInactiveRecord">173</I32>
    </MS>
  </Obj>
  <Obj RefId="540">
    <TNRef RefId="0" />
    <MS>
      <I32 N="Day">541</I32>
      <I32 N="ActiveTableSize">1740</I32>
      <I32 N="InactiveTableSize">3660</I32>
      <I32 N="TotalRecords">5400</I32>
      <I32 N="PercentNotExpired">52</I32>
      <B N="TableSwapOccurred">false</B>
      <Nil N="TableSwapTrigger" />
      <I32 N="RowsCopied">0</I32>
      <I32 N="NextTableSwapOnOrBefore">733</I32>
      <I32 N="OldestActiveRecord">173</I32>
      <I32 N="OldestInactiveRecord">539</I32>
      <I32 N="NewestInactiveRecord">174</I32>
    </MS>
  </Obj>
  <Obj RefId="541">
    <TNRef RefId="0" />
    <MS>
      <I32 N="Day">542</I32>
      <I32 N="ActiveTableSize">1750</I32>
      <I32 N="InactiveTableSize">3660</I32>
      <I32 N="TotalRecords">5410</I32>
      <I32 N="PercentNotExpired">52</I32>
      <B N="TableSwapOccurred">false</B>
      <Nil N="TableSwapTrigger" />
      <I32 N="RowsCopied">0</I32>
      <I32 N="NextTableSwapOnOrBefore">733</I32>
      <I32 N="OldestActiveRecord">174</I32>
      <I32 N="OldestInactiveRecord">540</I32>
      <I32 N="NewestInactiveRecord">175</I32>
    </MS>
  </Obj>
  <Obj RefId="542">
    <TNRef RefId="0" />
    <MS>
      <I32 N="Day">543</I32>
      <I32 N="ActiveTableSize">1760</I32>
      <I32 N="InactiveTableSize">3660</I32>
      <I32 N="TotalRecords">5420</I32>
      <I32 N="PercentNotExpired">52</I32>
      <B N="TableSwapOccurred">false</B>
      <Nil N="TableSwapTrigger" />
      <I32 N="RowsCopied">0</I32>
      <I32 N="NextTableSwapOnOrBefore">733</I32>
      <I32 N="OldestActiveRecord">175</I32>
      <I32 N="OldestInactiveRecord">541</I32>
      <I32 N="NewestInactiveRecord">176</I32>
    </MS>
  </Obj>
  <Obj RefId="543">
    <TNRef RefId="0" />
    <MS>
      <I32 N="Day">544</I32>
      <I32 N="ActiveTableSize">1770</I32>
      <I32 N="InactiveTableSize">3660</I32>
      <I32 N="TotalRecords">5430</I32>
      <I32 N="PercentNotExpired">52</I32>
      <B N="TableSwapOccurred">false</B>
      <Nil N="TableSwapTrigger" />
      <I32 N="RowsCopied">0</I32>
      <I32 N="NextTableSwapOnOrBefore">733</I32>
      <I32 N="OldestActiveRecord">176</I32>
      <I32 N="OldestInactiveRecord">542</I32>
      <I32 N="NewestInactiveRecord">177</I32>
    </MS>
  </Obj>
  <Obj RefId="544">
    <TNRef RefId="0" />
    <MS>
      <I32 N="Day">545</I32>
      <I32 N="ActiveTableSize">1780</I32>
      <I32 N="InactiveTableSize">3660</I32>
      <I32 N="TotalRecords">5440</I32>
      <I32 N="PercentNotExpired">51</I32>
      <B N="TableSwapOccurred">false</B>
      <Nil N="TableSwapTrigger" />
      <I32 N="RowsCopied">0</I32>
      <I32 N="NextTableSwapOnOrBefore">733</I32>
      <I32 N="OldestActiveRecord">177</I32>
      <I32 N="OldestInactiveRecord">543</I32>
      <I32 N="NewestInactiveRecord">178</I32>
    </MS>
  </Obj>
  <Obj RefId="545">
    <TNRef RefId="0" />
    <MS>
      <I32 N="Day">546</I32>
      <I32 N="ActiveTableSize">1790</I32>
      <I32 N="InactiveTableSize">3660</I32>
      <I32 N="TotalRecords">5450</I32>
      <I32 N="PercentNotExpired">51</I32>
      <B N="TableSwapOccurred">false</B>
      <Nil N="TableSwapTrigger" />
      <I32 N="RowsCopied">0</I32>
      <I32 N="NextTableSwapOnOrBefore">733</I32>
      <I32 N="OldestActiveRecord">178</I32>
      <I32 N="OldestInactiveRecord">544</I32>
      <I32 N="NewestInactiveRecord">179</I32>
    </MS>
  </Obj>
  <Obj RefId="546">
    <TNRef RefId="0" />
    <MS>
      <I32 N="Day">547</I32>
      <I32 N="ActiveTableSize">1800</I32>
      <I32 N="InactiveTableSize">3660</I32>
      <I32 N="TotalRecords">5460</I32>
      <I32 N="PercentNotExpired">51</I32>
      <B N="TableSwapOccurred">false</B>
      <Nil N="TableSwapTrigger" />
      <I32 N="RowsCopied">0</I32>
      <I32 N="NextTableSwapOnOrBefore">733</I32>
      <I32 N="OldestActiveRecord">179</I32>
      <I32 N="OldestInactiveRecord">545</I32>
      <I32 N="NewestInactiveRecord">180</I32>
    </MS>
  </Obj>
  <Obj RefId="547">
    <TNRef RefId="0" />
    <MS>
      <I32 N="Day">548</I32>
      <I32 N="ActiveTableSize">1810</I32>
      <I32 N="InactiveTableSize">3660</I32>
      <I32 N="TotalRecords">5470</I32>
      <I32 N="PercentNotExpired">51</I32>
      <B N="TableSwapOccurred">false</B>
      <Nil N="TableSwapTrigger" />
      <I32 N="RowsCopied">0</I32>
      <I32 N="NextTableSwapOnOrBefore">733</I32>
      <I32 N="OldestActiveRecord">180</I32>
      <I32 N="OldestInactiveRecord">546</I32>
      <I32 N="NewestInactiveRecord">181</I32>
    </MS>
  </Obj>
  <Obj RefId="548">
    <TNRef RefId="0" />
    <MS>
      <I32 N="Day">549</I32>
      <I32 N="ActiveTableSize">1820</I32>
      <I32 N="InactiveTableSize">3660</I32>
      <I32 N="TotalRecords">5480</I32>
      <I32 N="PercentNotExpired">50</I32>
      <B N="TableSwapOccurred">false</B>
      <Nil N="TableSwapTrigger" />
      <I32 N="RowsCopied">0</I32>
      <I32 N="NextTableSwapOnOrBefore">733</I32>
      <I32 N="OldestActiveRecord">181</I32>
      <I32 N="OldestInactiveRecord">547</I32>
      <I32 N="NewestInactiveRecord">182</I32>
    </MS>
  </Obj>
  <Obj RefId="549">
    <TNRef RefId="0" />
    <MS>
      <I32 N="Day">550</I32>
      <I32 N="ActiveTableSize">1830</I32>
      <I32 N="InactiveTableSize">3660</I32>
      <I32 N="TotalRecords">5490</I32>
      <I32 N="PercentNotExpired">50</I32>
      <B N="TableSwapOccurred">false</B>
      <Nil N="TableSwapTrigger" />
      <I32 N="RowsCopied">0</I32>
      <I32 N="NextTableSwapOnOrBefore">733</I32>
      <I32 N="OldestActiveRecord">182</I32>
      <I32 N="OldestInactiveRecord">548</I32>
      <I32 N="NewestInactiveRecord">183</I32>
    </MS>
  </Obj>
  <Obj RefId="550">
    <TNRef RefId="0" />
    <MS>
      <I32 N="Day">551</I32>
      <I32 N="ActiveTableSize">1840</I32>
      <I32 N="InactiveTableSize">3660</I32>
      <I32 N="TotalRecords">5500</I32>
      <I32 N="PercentNotExpired">50</I32>
      <B N="TableSwapOccurred">false</B>
      <Nil N="TableSwapTrigger" />
      <I32 N="RowsCopied">0</I32>
      <I32 N="NextTableSwapOnOrBefore">733</I32>
      <I32 N="OldestActiveRecord">183</I32>
      <I32 N="OldestInactiveRecord">549</I32>
      <I32 N="NewestInactiveRecord">184</I32>
    </MS>
  </Obj>
  <Obj RefId="551">
    <TNRef RefId="0" />
    <MS>
      <I32 N="Day">552</I32>
      <I32 N="ActiveTableSize">1850</I32>
      <I32 N="InactiveTableSize">3660</I32>
      <I32 N="TotalRecords">5510</I32>
      <I32 N="PercentNotExpired">49</I32>
      <B N="TableSwapOccurred">false</B>
      <Nil N="TableSwapTrigger" />
      <I32 N="RowsCopied">0</I32>
      <I32 N="NextTableSwapOnOrBefore">733</I32>
      <I32 N="OldestActiveRecord">184</I32>
      <I32 N="OldestInactiveRecord">550</I32>
      <I32 N="NewestInactiveRecord">185</I32>
    </MS>
  </Obj>
  <Obj RefId="552">
    <TNRef RefId="0" />
    <MS>
      <I32 N="Day">553</I32>
      <I32 N="ActiveTableSize">1860</I32>
      <I32 N="InactiveTableSize">3660</I32>
      <I32 N="TotalRecords">5520</I32>
      <I32 N="PercentNotExpired">49</I32>
      <B N="TableSwapOccurred">false</B>
      <Nil N="TableSwapTrigger" />
      <I32 N="RowsCopied">0</I32>
      <I32 N="NextTableSwapOnOrBefore">733</I32>
      <I32 N="OldestActiveRecord">185</I32>
      <I32 N="OldestInactiveRecord">551</I32>
      <I32 N="NewestInactiveRecord">186</I32>
    </MS>
  </Obj>
  <Obj RefId="553">
    <TNRef RefId="0" />
    <MS>
      <I32 N="Day">554</I32>
      <I32 N="ActiveTableSize">1870</I32>
      <I32 N="InactiveTableSize">3660</I32>
      <I32 N="TotalRecords">5530</I32>
      <I32 N="PercentNotExpired">49</I32>
      <B N="TableSwapOccurred">false</B>
      <Nil N="TableSwapTrigger" />
      <I32 N="RowsCopied">0</I32>
      <I32 N="NextTableSwapOnOrBefore">733</I32>
      <I32 N="OldestActiveRecord">186</I32>
      <I32 N="OldestInactiveRecord">552</I32>
      <I32 N="NewestInactiveRecord">187</I32>
    </MS>
  </Obj>
  <Obj RefId="554">
    <TNRef RefId="0" />
    <MS>
      <I32 N="Day">555</I32>
      <I32 N="ActiveTableSize">1880</I32>
      <I32 N="InactiveTableSize">3660</I32>
      <I32 N="TotalRecords">5540</I32>
      <I32 N="PercentNotExpired">49</I32>
      <B N="TableSwapOccurred">false</B>
      <Nil N="TableSwapTrigger" />
      <I32 N="RowsCopied">0</I32>
      <I32 N="NextTableSwapOnOrBefore">733</I32>
      <I32 N="OldestActiveRecord">187</I32>
      <I32 N="OldestInactiveRecord">553</I32>
      <I32 N="NewestInactiveRecord">188</I32>
    </MS>
  </Obj>
  <Obj RefId="555">
    <TNRef RefId="0" />
    <MS>
      <I32 N="Day">556</I32>
      <I32 N="ActiveTableSize">1890</I32>
      <I32 N="InactiveTableSize">3660</I32>
      <I32 N="TotalRecords">5550</I32>
      <I32 N="PercentNotExpired">48</I32>
      <B N="TableSwapOccurred">false</B>
      <Nil N="TableSwapTrigger" />
      <I32 N="RowsCopied">0</I32>
      <I32 N="NextTableSwapOnOrBefore">733</I32>
      <I32 N="OldestActiveRecord">188</I32>
      <I32 N="OldestInactiveRecord">554</I32>
      <I32 N="NewestInactiveRecord">189</I32>
    </MS>
  </Obj>
  <Obj RefId="556">
    <TNRef RefId="0" />
    <MS>
      <I32 N="Day">557</I32>
      <I32 N="ActiveTableSize">1900</I32>
      <I32 N="InactiveTableSize">3660</I32>
      <I32 N="TotalRecords">5560</I32>
      <I32 N="PercentNotExpired">48</I32>
      <B N="TableSwapOccurred">false</B>
      <Nil N="TableSwapTrigger" />
      <I32 N="RowsCopied">0</I32>
      <I32 N="NextTableSwapOnOrBefore">733</I32>
      <I32 N="OldestActiveRecord">189</I32>
      <I32 N="OldestInactiveRecord">555</I32>
      <I32 N="NewestInactiveRecord">190</I32>
    </MS>
  </Obj>
  <Obj RefId="557">
    <TNRef RefId="0" />
    <MS>
      <I32 N="Day">558</I32>
      <I32 N="ActiveTableSize">1910</I32>
      <I32 N="InactiveTableSize">3660</I32>
      <I32 N="TotalRecords">5570</I32>
      <I32 N="PercentNotExpired">48</I32>
      <B N="TableSwapOccurred">false</B>
      <Nil N="TableSwapTrigger" />
      <I32 N="RowsCopied">0</I32>
      <I32 N="NextTableSwapOnOrBefore">733</I32>
      <I32 N="OldestActiveRecord">190</I32>
      <I32 N="OldestInactiveRecord">556</I32>
      <I32 N="NewestInactiveRecord">191</I32>
    </MS>
  </Obj>
  <Obj RefId="558">
    <TNRef RefId="0" />
    <MS>
      <I32 N="Day">559</I32>
      <I32 N="ActiveTableSize">1920</I32>
      <I32 N="InactiveTableSize">3660</I32>
      <I32 N="TotalRecords">5580</I32>
      <I32 N="PercentNotExpired">48</I32>
      <B N="TableSwapOccurred">false</B>
      <Nil N="TableSwapTrigger" />
      <I32 N="RowsCopied">0</I32>
      <I32 N="NextTableSwapOnOrBefore">733</I32>
      <I32 N="OldestActiveRecord">191</I32>
      <I32 N="OldestInactiveRecord">557</I32>
      <I32 N="NewestInactiveRecord">192</I32>
    </MS>
  </Obj>
  <Obj RefId="559">
    <TNRef RefId="0" />
    <MS>
      <I32 N="Day">560</I32>
      <I32 N="ActiveTableSize">1930</I32>
      <I32 N="InactiveTableSize">3660</I32>
      <I32 N="TotalRecords">5590</I32>
      <I32 N="PercentNotExpired">47</I32>
      <B N="TableSwapOccurred">false</B>
      <Nil N="TableSwapTrigger" />
      <I32 N="RowsCopied">0</I32>
      <I32 N="NextTableSwapOnOrBefore">733</I32>
      <I32 N="OldestActiveRecord">192</I32>
      <I32 N="OldestInactiveRecord">558</I32>
      <I32 N="NewestInactiveRecord">193</I32>
    </MS>
  </Obj>
  <Obj RefId="560">
    <TNRef RefId="0" />
    <MS>
      <I32 N="Day">561</I32>
      <I32 N="ActiveTableSize">1940</I32>
      <I32 N="InactiveTableSize">3660</I32>
      <I32 N="TotalRecords">5600</I32>
      <I32 N="PercentNotExpired">47</I32>
      <B N="TableSwapOccurred">false</B>
      <Nil N="TableSwapTrigger" />
      <I32 N="RowsCopied">0</I32>
      <I32 N="NextTableSwapOnOrBefore">733</I32>
      <I32 N="OldestActiveRecord">193</I32>
      <I32 N="OldestInactiveRecord">559</I32>
      <I32 N="NewestInactiveRecord">194</I32>
    </MS>
  </Obj>
  <Obj RefId="561">
    <TNRef RefId="0" />
    <MS>
      <I32 N="Day">562</I32>
      <I32 N="ActiveTableSize">1950</I32>
      <I32 N="InactiveTableSize">3660</I32>
      <I32 N="TotalRecords">5610</I32>
      <I32 N="PercentNotExpired">47</I32>
      <B N="TableSwapOccurred">false</B>
      <Nil N="TableSwapTrigger" />
      <I32 N="RowsCopied">0</I32>
      <I32 N="NextTableSwapOnOrBefore">733</I32>
      <I32 N="OldestActiveRecord">194</I32>
      <I32 N="OldestInactiveRecord">560</I32>
      <I32 N="NewestInactiveRecord">195</I32>
    </MS>
  </Obj>
  <Obj RefId="562">
    <TNRef RefId="0" />
    <MS>
      <I32 N="Day">563</I32>
      <I32 N="ActiveTableSize">1960</I32>
      <I32 N="InactiveTableSize">3660</I32>
      <I32 N="TotalRecords">5620</I32>
      <I32 N="PercentNotExpired">46</I32>
      <B N="TableSwapOccurred">false</B>
      <Nil N="TableSwapTrigger" />
      <I32 N="RowsCopied">0</I32>
      <I32 N="NextTableSwapOnOrBefore">733</I32>
      <I32 N="OldestActiveRecord">195</I32>
      <I32 N="OldestInactiveRecord">561</I32>
      <I32 N="NewestInactiveRecord">196</I32>
    </MS>
  </Obj>
  <Obj RefId="563">
    <TNRef RefId="0" />
    <MS>
      <I32 N="Day">564</I32>
      <I32 N="ActiveTableSize">1970</I32>
      <I32 N="InactiveTableSize">3660</I32>
      <I32 N="TotalRecords">5630</I32>
      <I32 N="PercentNotExpired">46</I32>
      <B N="TableSwapOccurred">false</B>
      <Nil N="TableSwapTrigger" />
      <I32 N="RowsCopied">0</I32>
      <I32 N="NextTableSwapOnOrBefore">733</I32>
      <I32 N="OldestActiveRecord">196</I32>
      <I32 N="OldestInactiveRecord">562</I32>
      <I32 N="NewestInactiveRecord">197</I32>
    </MS>
  </Obj>
  <Obj RefId="564">
    <TNRef RefId="0" />
    <MS>
      <I32 N="Day">565</I32>
      <I32 N="ActiveTableSize">1980</I32>
      <I32 N="InactiveTableSize">3660</I32>
      <I32 N="TotalRecords">5640</I32>
      <I32 N="PercentNotExpired">46</I32>
      <B N="TableSwapOccurred">false</B>
      <Nil N="TableSwapTrigger" />
      <I32 N="RowsCopied">0</I32>
      <I32 N="NextTableSwapOnOrBefore">733</I32>
      <I32 N="OldestActiveRecord">197</I32>
      <I32 N="OldestInactiveRecord">563</I32>
      <I32 N="NewestInactiveRecord">198</I32>
    </MS>
  </Obj>
  <Obj RefId="565">
    <TNRef RefId="0" />
    <MS>
      <I32 N="Day">566</I32>
      <I32 N="ActiveTableSize">1990</I32>
      <I32 N="InactiveTableSize">3660</I32>
      <I32 N="TotalRecords">5650</I32>
      <I32 N="PercentNotExpired">46</I32>
      <B N="TableSwapOccurred">false</B>
      <Nil N="TableSwapTrigger" />
      <I32 N="RowsCopied">0</I32>
      <I32 N="NextTableSwapOnOrBefore">733</I32>
      <I32 N="OldestActiveRecord">198</I32>
      <I32 N="OldestInactiveRecord">564</I32>
      <I32 N="NewestInactiveRecord">199</I32>
    </MS>
  </Obj>
  <Obj RefId="566">
    <TNRef RefId="0" />
    <MS>
      <I32 N="Day">567</I32>
      <I32 N="ActiveTableSize">2000</I32>
      <I32 N="InactiveTableSize">3660</I32>
      <I32 N="TotalRecords">5660</I32>
      <I32 N="PercentNotExpired">45</I32>
      <B N="TableSwapOccurred">false</B>
      <Nil N="TableSwapTrigger" />
      <I32 N="RowsCopied">0</I32>
      <I32 N="NextTableSwapOnOrBefore">733</I32>
      <I32 N="OldestActiveRecord">199</I32>
      <I32 N="OldestInactiveRecord">565</I32>
      <I32 N="NewestInactiveRecord">200</I32>
    </MS>
  </Obj>
  <Obj RefId="567">
    <TNRef RefId="0" />
    <MS>
      <I32 N="Day">568</I32>
      <I32 N="ActiveTableSize">2010</I32>
      <I32 N="InactiveTableSize">3660</I32>
      <I32 N="TotalRecords">5670</I32>
      <I32 N="PercentNotExpired">45</I32>
      <B N="TableSwapOccurred">false</B>
      <Nil N="TableSwapTrigger" />
      <I32 N="RowsCopied">0</I32>
      <I32 N="NextTableSwapOnOrBefore">733</I32>
      <I32 N="OldestActiveRecord">200</I32>
      <I32 N="OldestInactiveRecord">566</I32>
      <I32 N="NewestInactiveRecord">201</I32>
    </MS>
  </Obj>
  <Obj RefId="568">
    <TNRef RefId="0" />
    <MS>
      <I32 N="Day">569</I32>
      <I32 N="ActiveTableSize">2020</I32>
      <I32 N="InactiveTableSize">3660</I32>
      <I32 N="TotalRecords">5680</I32>
      <I32 N="PercentNotExpired">45</I32>
      <B N="TableSwapOccurred">false</B>
      <Nil N="TableSwapTrigger" />
      <I32 N="RowsCopied">0</I32>
      <I32 N="NextTableSwapOnOrBefore">733</I32>
      <I32 N="OldestActiveRecord">201</I32>
      <I32 N="OldestInactiveRecord">567</I32>
      <I32 N="NewestInactiveRecord">202</I32>
    </MS>
  </Obj>
  <Obj RefId="569">
    <TNRef RefId="0" />
    <MS>
      <I32 N="Day">570</I32>
      <I32 N="ActiveTableSize">2030</I32>
      <I32 N="InactiveTableSize">3660</I32>
      <I32 N="TotalRecords">5690</I32>
      <I32 N="PercentNotExpired">45</I32>
      <B N="TableSwapOccurred">false</B>
      <Nil N="TableSwapTrigger" />
      <I32 N="RowsCopied">0</I32>
      <I32 N="NextTableSwapOnOrBefore">733</I32>
      <I32 N="OldestActiveRecord">202</I32>
      <I32 N="OldestInactiveRecord">568</I32>
      <I32 N="NewestInactiveRecord">203</I32>
    </MS>
  </Obj>
  <Obj RefId="570">
    <TNRef RefId="0" />
    <MS>
      <I32 N="Day">571</I32>
      <I32 N="ActiveTableSize">2040</I32>
      <I32 N="InactiveTableSize">3660</I32>
      <I32 N="TotalRecords">5700</I32>
      <I32 N="PercentNotExpired">44</I32>
      <B N="TableSwapOccurred">false</B>
      <Nil N="TableSwapTrigger" />
      <I32 N="RowsCopied">0</I32>
      <I32 N="NextTableSwapOnOrBefore">733</I32>
      <I32 N="OldestActiveRecord">203</I32>
      <I32 N="OldestInactiveRecord">569</I32>
      <I32 N="NewestInactiveRecord">204</I32>
    </MS>
  </Obj>
  <Obj RefId="571">
    <TNRef RefId="0" />
    <MS>
      <I32 N="Day">572</I32>
      <I32 N="ActiveTableSize">2050</I32>
      <I32 N="InactiveTableSize">3660</I32>
      <I32 N="TotalRecords">5710</I32>
      <I32 N="PercentNotExpired">44</I32>
      <B N="TableSwapOccurred">false</B>
      <Nil N="TableSwapTrigger" />
      <I32 N="RowsCopied">0</I32>
      <I32 N="NextTableSwapOnOrBefore">733</I32>
      <I32 N="OldestActiveRecord">204</I32>
      <I32 N="OldestInactiveRecord">570</I32>
      <I32 N="NewestInactiveRecord">205</I32>
    </MS>
  </Obj>
  <Obj RefId="572">
    <TNRef RefId="0" />
    <MS>
      <I32 N="Day">573</I32>
      <I32 N="ActiveTableSize">2060</I32>
      <I32 N="InactiveTableSize">3660</I32>
      <I32 N="TotalRecords">5720</I32>
      <I32 N="PercentNotExpired">44</I32>
      <B N="TableSwapOccurred">false</B>
      <Nil N="TableSwapTrigger" />
      <I32 N="RowsCopied">0</I32>
      <I32 N="NextTableSwapOnOrBefore">733</I32>
      <I32 N="OldestActiveRecord">205</I32>
      <I32 N="OldestInactiveRecord">571</I32>
      <I32 N="NewestInactiveRecord">206</I32>
    </MS>
  </Obj>
  <Obj RefId="573">
    <TNRef RefId="0" />
    <MS>
      <I32 N="Day">574</I32>
      <I32 N="ActiveTableSize">2070</I32>
      <I32 N="InactiveTableSize">3660</I32>
      <I32 N="TotalRecords">5730</I32>
      <I32 N="PercentNotExpired">43</I32>
      <B N="TableSwapOccurred">false</B>
      <Nil N="TableSwapTrigger" />
      <I32 N="RowsCopied">0</I32>
      <I32 N="NextTableSwapOnOrBefore">733</I32>
      <I32 N="OldestActiveRecord">206</I32>
      <I32 N="OldestInactiveRecord">572</I32>
      <I32 N="NewestInactiveRecord">207</I32>
    </MS>
  </Obj>
  <Obj RefId="574">
    <TNRef RefId="0" />
    <MS>
      <I32 N="Day">575</I32>
      <I32 N="ActiveTableSize">2080</I32>
      <I32 N="InactiveTableSize">3660</I32>
      <I32 N="TotalRecords">5740</I32>
      <I32 N="PercentNotExpired">43</I32>
      <B N="TableSwapOccurred">false</B>
      <Nil N="TableSwapTrigger" />
      <I32 N="RowsCopied">0</I32>
      <I32 N="NextTableSwapOnOrBefore">733</I32>
      <I32 N="OldestActiveRecord">207</I32>
      <I32 N="OldestInactiveRecord">573</I32>
      <I32 N="NewestInactiveRecord">208</I32>
    </MS>
  </Obj>
  <Obj RefId="575">
    <TNRef RefId="0" />
    <MS>
      <I32 N="Day">576</I32>
      <I32 N="ActiveTableSize">2090</I32>
      <I32 N="InactiveTableSize">3660</I32>
      <I32 N="TotalRecords">5750</I32>
      <I32 N="PercentNotExpired">43</I32>
      <B N="TableSwapOccurred">false</B>
      <Nil N="TableSwapTrigger" />
      <I32 N="RowsCopied">0</I32>
      <I32 N="NextTableSwapOnOrBefore">733</I32>
      <I32 N="OldestActiveRecord">208</I32>
      <I32 N="OldestInactiveRecord">574</I32>
      <I32 N="NewestInactiveRecord">209</I32>
    </MS>
  </Obj>
  <Obj RefId="576">
    <TNRef RefId="0" />
    <MS>
      <I32 N="Day">577</I32>
      <I32 N="ActiveTableSize">2100</I32>
      <I32 N="InactiveTableSize">3660</I32>
      <I32 N="TotalRecords">5760</I32>
      <I32 N="PercentNotExpired">43</I32>
      <B N="TableSwapOccurred">false</B>
      <Nil N="TableSwapTrigger" />
      <I32 N="RowsCopied">0</I32>
      <I32 N="NextTableSwapOnOrBefore">733</I32>
      <I32 N="OldestActiveRecord">209</I32>
      <I32 N="OldestInactiveRecord">575</I32>
      <I32 N="NewestInactiveRecord">210</I32>
    </MS>
  </Obj>
  <Obj RefId="577">
    <TNRef RefId="0" />
    <MS>
      <I32 N="Day">578</I32>
      <I32 N="ActiveTableSize">2110</I32>
      <I32 N="InactiveTableSize">3660</I32>
      <I32 N="TotalRecords">5770</I32>
      <I32 N="PercentNotExpired">42</I32>
      <B N="TableSwapOccurred">false</B>
      <Nil N="TableSwapTrigger" />
      <I32 N="RowsCopied">0</I32>
      <I32 N="NextTableSwapOnOrBefore">733</I32>
      <I32 N="OldestActiveRecord">210</I32>
      <I32 N="OldestInactiveRecord">576</I32>
      <I32 N="NewestInactiveRecord">211</I32>
    </MS>
  </Obj>
  <Obj RefId="578">
    <TNRef RefId="0" />
    <MS>
      <I32 N="Day">579</I32>
      <I32 N="ActiveTableSize">2120</I32>
      <I32 N="InactiveTableSize">3660</I32>
      <I32 N="TotalRecords">5780</I32>
      <I32 N="PercentNotExpired">42</I32>
      <B N="TableSwapOccurred">false</B>
      <Nil N="TableSwapTrigger" />
      <I32 N="RowsCopied">0</I32>
      <I32 N="NextTableSwapOnOrBefore">733</I32>
      <I32 N="OldestActiveRecord">211</I32>
      <I32 N="OldestInactiveRecord">577</I32>
      <I32 N="NewestInactiveRecord">212</I32>
    </MS>
  </Obj>
  <Obj RefId="579">
    <TNRef RefId="0" />
    <MS>
      <I32 N="Day">580</I32>
      <I32 N="ActiveTableSize">2130</I32>
      <I32 N="InactiveTableSize">3660</I32>
      <I32 N="TotalRecords">5790</I32>
      <I32 N="PercentNotExpired">42</I32>
      <B N="TableSwapOccurred">false</B>
      <Nil N="TableSwapTrigger" />
      <I32 N="RowsCopied">0</I32>
      <I32 N="NextTableSwapOnOrBefore">733</I32>
      <I32 N="OldestActiveRecord">212</I32>
      <I32 N="OldestInactiveRecord">578</I32>
      <I32 N="NewestInactiveRecord">213</I32>
    </MS>
  </Obj>
  <Obj RefId="580">
    <TNRef RefId="0" />
    <MS>
      <I32 N="Day">581</I32>
      <I32 N="ActiveTableSize">2140</I32>
      <I32 N="InactiveTableSize">3660</I32>
      <I32 N="TotalRecords">5800</I32>
      <I32 N="PercentNotExpired">42</I32>
      <B N="TableSwapOccurred">false</B>
      <Nil N="TableSwapTrigger" />
      <I32 N="RowsCopied">0</I32>
      <I32 N="NextTableSwapOnOrBefore">733</I32>
      <I32 N="OldestActiveRecord">213</I32>
      <I32 N="OldestInactiveRecord">579</I32>
      <I32 N="NewestInactiveRecord">214</I32>
    </MS>
  </Obj>
  <Obj RefId="581">
    <TNRef RefId="0" />
    <MS>
      <I32 N="Day">582</I32>
      <I32 N="ActiveTableSize">2150</I32>
      <I32 N="InactiveTableSize">3660</I32>
      <I32 N="TotalRecords">5810</I32>
      <I32 N="PercentNotExpired">41</I32>
      <B N="TableSwapOccurred">false</B>
      <Nil N="TableSwapTrigger" />
      <I32 N="RowsCopied">0</I32>
      <I32 N="NextTableSwapOnOrBefore">733</I32>
      <I32 N="OldestActiveRecord">214</I32>
      <I32 N="OldestInactiveRecord">580</I32>
      <I32 N="NewestInactiveRecord">215</I32>
    </MS>
  </Obj>
  <Obj RefId="582">
    <TNRef RefId="0" />
    <MS>
      <I32 N="Day">583</I32>
      <I32 N="ActiveTableSize">2160</I32>
      <I32 N="InactiveTableSize">3660</I32>
      <I32 N="TotalRecords">5820</I32>
      <I32 N="PercentNotExpired">41</I32>
      <B N="TableSwapOccurred">false</B>
      <Nil N="TableSwapTrigger" />
      <I32 N="RowsCopied">0</I32>
      <I32 N="NextTableSwapOnOrBefore">733</I32>
      <I32 N="OldestActiveRecord">215</I32>
      <I32 N="OldestInactiveRecord">581</I32>
      <I32 N="NewestInactiveRecord">216</I32>
    </MS>
  </Obj>
  <Obj RefId="583">
    <TNRef RefId="0" />
    <MS>
      <I32 N="Day">584</I32>
      <I32 N="ActiveTableSize">2170</I32>
      <I32 N="InactiveTableSize">3660</I32>
      <I32 N="TotalRecords">5830</I32>
      <I32 N="PercentNotExpired">41</I32>
      <B N="TableSwapOccurred">false</B>
      <Nil N="TableSwapTrigger" />
      <I32 N="RowsCopied">0</I32>
      <I32 N="NextTableSwapOnOrBefore">733</I32>
      <I32 N="OldestActiveRecord">216</I32>
      <I32 N="OldestInactiveRecord">582</I32>
      <I32 N="NewestInactiveRecord">217</I32>
    </MS>
  </Obj>
  <Obj RefId="584">
    <TNRef RefId="0" />
    <MS>
      <I32 N="Day">585</I32>
      <I32 N="ActiveTableSize">2180</I32>
      <I32 N="InactiveTableSize">3660</I32>
      <I32 N="TotalRecords">5840</I32>
      <I32 N="PercentNotExpired">40</I32>
      <B N="TableSwapOccurred">false</B>
      <Nil N="TableSwapTrigger" />
      <I32 N="RowsCopied">0</I32>
      <I32 N="NextTableSwapOnOrBefore">733</I32>
      <I32 N="OldestActiveRecord">217</I32>
      <I32 N="OldestInactiveRecord">583</I32>
      <I32 N="NewestInactiveRecord">218</I32>
    </MS>
  </Obj>
  <Obj RefId="585">
    <TNRef RefId="0" />
    <MS>
      <I32 N="Day">586</I32>
      <I32 N="ActiveTableSize">2190</I32>
      <I32 N="InactiveTableSize">3660</I32>
      <I32 N="TotalRecords">5850</I32>
      <I32 N="PercentNotExpired">40</I32>
      <B N="TableSwapOccurred">false</B>
      <Nil N="TableSwapTrigger" />
      <I32 N="RowsCopied">0</I32>
      <I32 N="NextTableSwapOnOrBefore">733</I32>
      <I32 N="OldestActiveRecord">218</I32>
      <I32 N="OldestInactiveRecord">584</I32>
      <I32 N="NewestInactiveRecord">219</I32>
    </MS>
  </Obj>
  <Obj RefId="586">
    <TNRef RefId="0" />
    <MS>
      <I32 N="Day">587</I32>
      <I32 N="ActiveTableSize">2200</I32>
      <I32 N="InactiveTableSize">3660</I32>
      <I32 N="TotalRecords">5860</I32>
      <I32 N="PercentNotExpired">40</I32>
      <B N="TableSwapOccurred">false</B>
      <Nil N="TableSwapTrigger" />
      <I32 N="RowsCopied">0</I32>
      <I32 N="NextTableSwapOnOrBefore">733</I32>
      <I32 N="OldestActiveRecord">219</I32>
      <I32 N="OldestInactiveRecord">585</I32>
      <I32 N="NewestInactiveRecord">220</I32>
    </MS>
  </Obj>
  <Obj RefId="587">
    <TNRef RefId="0" />
    <MS>
      <I32 N="Day">588</I32>
      <I32 N="ActiveTableSize">2210</I32>
      <I32 N="InactiveTableSize">3660</I32>
      <I32 N="TotalRecords">5870</I32>
      <I32 N="PercentNotExpired">40</I32>
      <B N="TableSwapOccurred">false</B>
      <Nil N="TableSwapTrigger" />
      <I32 N="RowsCopied">0</I32>
      <I32 N="NextTableSwapOnOrBefore">733</I32>
      <I32 N="OldestActiveRecord">220</I32>
      <I32 N="OldestInactiveRecord">586</I32>
      <I32 N="NewestInactiveRecord">221</I32>
    </MS>
  </Obj>
  <Obj RefId="588">
    <TNRef RefId="0" />
    <MS>
      <I32 N="Day">589</I32>
      <I32 N="ActiveTableSize">2220</I32>
      <I32 N="InactiveTableSize">3660</I32>
      <I32 N="TotalRecords">5880</I32>
      <I32 N="PercentNotExpired">39</I32>
      <B N="TableSwapOccurred">false</B>
      <Nil N="TableSwapTrigger" />
      <I32 N="RowsCopied">0</I32>
      <I32 N="NextTableSwapOnOrBefore">733</I32>
      <I32 N="OldestActiveRecord">221</I32>
      <I32 N="OldestInactiveRecord">587</I32>
      <I32 N="NewestInactiveRecord">222</I32>
    </MS>
  </Obj>
  <Obj RefId="589">
    <TNRef RefId="0" />
    <MS>
      <I32 N="Day">590</I32>
      <I32 N="ActiveTableSize">2230</I32>
      <I32 N="InactiveTableSize">3660</I32>
      <I32 N="TotalRecords">5890</I32>
      <I32 N="PercentNotExpired">39</I32>
      <B N="TableSwapOccurred">false</B>
      <Nil N="TableSwapTrigger" />
      <I32 N="RowsCopied">0</I32>
      <I32 N="NextTableSwapOnOrBefore">733</I32>
      <I32 N="OldestActiveRecord">222</I32>
      <I32 N="OldestInactiveRecord">588</I32>
      <I32 N="NewestInactiveRecord">223</I32>
    </MS>
  </Obj>
  <Obj RefId="590">
    <TNRef RefId="0" />
    <MS>
      <I32 N="Day">591</I32>
      <I32 N="ActiveTableSize">2240</I32>
      <I32 N="InactiveTableSize">3660</I32>
      <I32 N="TotalRecords">5900</I32>
      <I32 N="PercentNotExpired">39</I32>
      <B N="TableSwapOccurred">false</B>
      <Nil N="TableSwapTrigger" />
      <I32 N="RowsCopied">0</I32>
      <I32 N="NextTableSwapOnOrBefore">733</I32>
      <I32 N="OldestActiveRecord">223</I32>
      <I32 N="OldestInactiveRecord">589</I32>
      <I32 N="NewestInactiveRecord">224</I32>
    </MS>
  </Obj>
  <Obj RefId="591">
    <TNRef RefId="0" />
    <MS>
      <I32 N="Day">592</I32>
      <I32 N="ActiveTableSize">2250</I32>
      <I32 N="InactiveTableSize">3660</I32>
      <I32 N="TotalRecords">5910</I32>
      <I32 N="PercentNotExpired">39</I32>
      <B N="TableSwapOccurred">false</B>
      <Nil N="TableSwapTrigger" />
      <I32 N="RowsCopied">0</I32>
      <I32 N="NextTableSwapOnOrBefore">733</I32>
      <I32 N="OldestActiveRecord">224</I32>
      <I32 N="OldestInactiveRecord">590</I32>
      <I32 N="NewestInactiveRecord">225</I32>
    </MS>
  </Obj>
  <Obj RefId="592">
    <TNRef RefId="0" />
    <MS>
      <I32 N="Day">593</I32>
      <I32 N="ActiveTableSize">2260</I32>
      <I32 N="InactiveTableSize">3660</I32>
      <I32 N="TotalRecords">5920</I32>
      <I32 N="PercentNotExpired">38</I32>
      <B N="TableSwapOccurred">false</B>
      <Nil N="TableSwapTrigger" />
      <I32 N="RowsCopied">0</I32>
      <I32 N="NextTableSwapOnOrBefore">733</I32>
      <I32 N="OldestActiveRecord">225</I32>
      <I32 N="OldestInactiveRecord">591</I32>
      <I32 N="NewestInactiveRecord">226</I32>
    </MS>
  </Obj>
  <Obj RefId="593">
    <TNRef RefId="0" />
    <MS>
      <I32 N="Day">594</I32>
      <I32 N="ActiveTableSize">2270</I32>
      <I32 N="InactiveTableSize">3660</I32>
      <I32 N="TotalRecords">5930</I32>
      <I32 N="PercentNotExpired">38</I32>
      <B N="TableSwapOccurred">false</B>
      <Nil N="TableSwapTrigger" />
      <I32 N="RowsCopied">0</I32>
      <I32 N="NextTableSwapOnOrBefore">733</I32>
      <I32 N="OldestActiveRecord">226</I32>
      <I32 N="OldestInactiveRecord">592</I32>
      <I32 N="NewestInactiveRecord">227</I32>
    </MS>
  </Obj>
  <Obj RefId="594">
    <TNRef RefId="0" />
    <MS>
      <I32 N="Day">595</I32>
      <I32 N="ActiveTableSize">2280</I32>
      <I32 N="InactiveTableSize">3660</I32>
      <I32 N="TotalRecords">5940</I32>
      <I32 N="PercentNotExpired">38</I32>
      <B N="TableSwapOccurred">false</B>
      <Nil N="TableSwapTrigger" />
      <I32 N="RowsCopied">0</I32>
      <I32 N="NextTableSwapOnOrBefore">733</I32>
      <I32 N="OldestActiveRecord">227</I32>
      <I32 N="OldestInactiveRecord">593</I32>
      <I32 N="NewestInactiveRecord">228</I32>
    </MS>
  </Obj>
  <Obj RefId="595">
    <TNRef RefId="0" />
    <MS>
      <I32 N="Day">596</I32>
      <I32 N="ActiveTableSize">2290</I32>
      <I32 N="InactiveTableSize">3660</I32>
      <I32 N="TotalRecords">5950</I32>
      <I32 N="PercentNotExpired">37</I32>
      <B N="TableSwapOccurred">false</B>
      <Nil N="TableSwapTrigger" />
      <I32 N="RowsCopied">0</I32>
      <I32 N="NextTableSwapOnOrBefore">733</I32>
      <I32 N="OldestActiveRecord">228</I32>
      <I32 N="OldestInactiveRecord">594</I32>
      <I32 N="NewestInactiveRecord">229</I32>
    </MS>
  </Obj>
  <Obj RefId="596">
    <TNRef RefId="0" />
    <MS>
      <I32 N="Day">597</I32>
      <I32 N="ActiveTableSize">2300</I32>
      <I32 N="InactiveTableSize">3660</I32>
      <I32 N="TotalRecords">5960</I32>
      <I32 N="PercentNotExpired">37</I32>
      <B N="TableSwapOccurred">false</B>
      <Nil N="TableSwapTrigger" />
      <I32 N="RowsCopied">0</I32>
      <I32 N="NextTableSwapOnOrBefore">733</I32>
      <I32 N="OldestActiveRecord">229</I32>
      <I32 N="OldestInactiveRecord">595</I32>
      <I32 N="NewestInactiveRecord">230</I32>
    </MS>
  </Obj>
  <Obj RefId="597">
    <TNRef RefId="0" />
    <MS>
      <I32 N="Day">598</I32>
      <I32 N="ActiveTableSize">2310</I32>
      <I32 N="InactiveTableSize">3660</I32>
      <I32 N="TotalRecords">5970</I32>
      <I32 N="PercentNotExpired">37</I32>
      <B N="TableSwapOccurred">false</B>
      <Nil N="TableSwapTrigger" />
      <I32 N="RowsCopied">0</I32>
      <I32 N="NextTableSwapOnOrBefore">733</I32>
      <I32 N="OldestActiveRecord">230</I32>
      <I32 N="OldestInactiveRecord">596</I32>
      <I32 N="NewestInactiveRecord">231</I32>
    </MS>
  </Obj>
  <Obj RefId="598">
    <TNRef RefId="0" />
    <MS>
      <I32 N="Day">599</I32>
      <I32 N="ActiveTableSize">2320</I32>
      <I32 N="InactiveTableSize">3660</I32>
      <I32 N="TotalRecords">5980</I32>
      <I32 N="PercentNotExpired">37</I32>
      <B N="TableSwapOccurred">false</B>
      <Nil N="TableSwapTrigger" />
      <I32 N="RowsCopied">0</I32>
      <I32 N="NextTableSwapOnOrBefore">733</I32>
      <I32 N="OldestActiveRecord">231</I32>
      <I32 N="OldestInactiveRecord">597</I32>
      <I32 N="NewestInactiveRecord">232</I32>
    </MS>
  </Obj>
  <Obj RefId="599">
    <TNRef RefId="0" />
    <MS>
      <I32 N="Day">600</I32>
      <I32 N="ActiveTableSize">2330</I32>
      <I32 N="InactiveTableSize">3660</I32>
      <I32 N="TotalRecords">5990</I32>
      <I32 N="PercentNotExpired">36</I32>
      <B N="TableSwapOccurred">false</B>
      <Nil N="TableSwapTrigger" />
      <I32 N="RowsCopied">0</I32>
      <I32 N="NextTableSwapOnOrBefore">733</I32>
      <I32 N="OldestActiveRecord">232</I32>
      <I32 N="OldestInactiveRecord">598</I32>
      <I32 N="NewestInactiveRecord">233</I32>
    </MS>
  </Obj>
  <Obj RefId="600">
    <TNRef RefId="0" />
    <MS>
      <I32 N="Day">601</I32>
      <I32 N="ActiveTableSize">2340</I32>
      <I32 N="InactiveTableSize">3660</I32>
      <I32 N="TotalRecords">6000</I32>
      <I32 N="PercentNotExpired">36</I32>
      <B N="TableSwapOccurred">false</B>
      <Nil N="TableSwapTrigger" />
      <I32 N="RowsCopied">0</I32>
      <I32 N="NextTableSwapOnOrBefore">733</I32>
      <I32 N="OldestActiveRecord">233</I32>
      <I32 N="OldestInactiveRecord">599</I32>
      <I32 N="NewestInactiveRecord">234</I32>
    </MS>
  </Obj>
  <Obj RefId="601">
    <TNRef RefId="0" />
    <MS>
      <I32 N="Day">602</I32>
      <I32 N="ActiveTableSize">2350</I32>
      <I32 N="InactiveTableSize">3660</I32>
      <I32 N="TotalRecords">6010</I32>
      <I32 N="PercentNotExpired">36</I32>
      <B N="TableSwapOccurred">false</B>
      <Nil N="TableSwapTrigger" />
      <I32 N="RowsCopied">0</I32>
      <I32 N="NextTableSwapOnOrBefore">733</I32>
      <I32 N="OldestActiveRecord">234</I32>
      <I32 N="OldestInactiveRecord">600</I32>
      <I32 N="NewestInactiveRecord">235</I32>
    </MS>
  </Obj>
  <Obj RefId="602">
    <TNRef RefId="0" />
    <MS>
      <I32 N="Day">603</I32>
      <I32 N="ActiveTableSize">2360</I32>
      <I32 N="InactiveTableSize">3660</I32>
      <I32 N="TotalRecords">6020</I32>
      <I32 N="PercentNotExpired">36</I32>
      <B N="TableSwapOccurred">false</B>
      <Nil N="TableSwapTrigger" />
      <I32 N="RowsCopied">0</I32>
      <I32 N="NextTableSwapOnOrBefore">733</I32>
      <I32 N="OldestActiveRecord">235</I32>
      <I32 N="OldestInactiveRecord">601</I32>
      <I32 N="NewestInactiveRecord">236</I32>
    </MS>
  </Obj>
  <Obj RefId="603">
    <TNRef RefId="0" />
    <MS>
      <I32 N="Day">604</I32>
      <I32 N="ActiveTableSize">2370</I32>
      <I32 N="InactiveTableSize">3660</I32>
      <I32 N="TotalRecords">6030</I32>
      <I32 N="PercentNotExpired">35</I32>
      <B N="TableSwapOccurred">false</B>
      <Nil N="TableSwapTrigger" />
      <I32 N="RowsCopied">0</I32>
      <I32 N="NextTableSwapOnOrBefore">733</I32>
      <I32 N="OldestActiveRecord">236</I32>
      <I32 N="OldestInactiveRecord">602</I32>
      <I32 N="NewestInactiveRecord">237</I32>
    </MS>
  </Obj>
  <Obj RefId="604">
    <TNRef RefId="0" />
    <MS>
      <I32 N="Day">605</I32>
      <I32 N="ActiveTableSize">2380</I32>
      <I32 N="InactiveTableSize">3660</I32>
      <I32 N="TotalRecords">6040</I32>
      <I32 N="PercentNotExpired">35</I32>
      <B N="TableSwapOccurred">false</B>
      <Nil N="TableSwapTrigger" />
      <I32 N="RowsCopied">0</I32>
      <I32 N="NextTableSwapOnOrBefore">733</I32>
      <I32 N="OldestActiveRecord">237</I32>
      <I32 N="OldestInactiveRecord">603</I32>
      <I32 N="NewestInactiveRecord">238</I32>
    </MS>
  </Obj>
  <Obj RefId="605">
    <TNRef RefId="0" />
    <MS>
      <I32 N="Day">606</I32>
      <I32 N="ActiveTableSize">2390</I32>
      <I32 N="InactiveTableSize">3660</I32>
      <I32 N="TotalRecords">6050</I32>
      <I32 N="PercentNotExpired">35</I32>
      <B N="TableSwapOccurred">false</B>
      <Nil N="TableSwapTrigger" />
      <I32 N="RowsCopied">0</I32>
      <I32 N="NextTableSwapOnOrBefore">733</I32>
      <I32 N="OldestActiveRecord">238</I32>
      <I32 N="OldestInactiveRecord">604</I32>
      <I32 N="NewestInactiveRecord">239</I32>
    </MS>
  </Obj>
  <Obj RefId="606">
    <TNRef RefId="0" />
    <MS>
      <I32 N="Day">607</I32>
      <I32 N="ActiveTableSize">2400</I32>
      <I32 N="InactiveTableSize">3660</I32>
      <I32 N="TotalRecords">6060</I32>
      <I32 N="PercentNotExpired">34</I32>
      <B N="TableSwapOccurred">false</B>
      <Nil N="TableSwapTrigger" />
      <I32 N="RowsCopied">0</I32>
      <I32 N="NextTableSwapOnOrBefore">733</I32>
      <I32 N="OldestActiveRecord">239</I32>
      <I32 N="OldestInactiveRecord">605</I32>
      <I32 N="NewestInactiveRecord">240</I32>
    </MS>
  </Obj>
  <Obj RefId="607">
    <TNRef RefId="0" />
    <MS>
      <I32 N="Day">608</I32>
      <I32 N="ActiveTableSize">2410</I32>
      <I32 N="InactiveTableSize">3660</I32>
      <I32 N="TotalRecords">6070</I32>
      <I32 N="PercentNotExpired">34</I32>
      <B N="TableSwapOccurred">false</B>
      <Nil N="TableSwapTrigger" />
      <I32 N="RowsCopied">0</I32>
      <I32 N="NextTableSwapOnOrBefore">733</I32>
      <I32 N="OldestActiveRecord">240</I32>
      <I32 N="OldestInactiveRecord">606</I32>
      <I32 N="NewestInactiveRecord">241</I32>
    </MS>
  </Obj>
  <Obj RefId="608">
    <TNRef RefId="0" />
    <MS>
      <I32 N="Day">609</I32>
      <I32 N="ActiveTableSize">2420</I32>
      <I32 N="InactiveTableSize">3660</I32>
      <I32 N="TotalRecords">6080</I32>
      <I32 N="PercentNotExpired">34</I32>
      <B N="TableSwapOccurred">false</B>
      <Nil N="TableSwapTrigger" />
      <I32 N="RowsCopied">0</I32>
      <I32 N="NextTableSwapOnOrBefore">733</I32>
      <I32 N="OldestActiveRecord">241</I32>
      <I32 N="OldestInactiveRecord">607</I32>
      <I32 N="NewestInactiveRecord">242</I32>
    </MS>
  </Obj>
  <Obj RefId="609">
    <TNRef RefId="0" />
    <MS>
      <I32 N="Day">610</I32>
      <I32 N="ActiveTableSize">2430</I32>
      <I32 N="InactiveTableSize">3660</I32>
      <I32 N="TotalRecords">6090</I32>
      <I32 N="PercentNotExpired">34</I32>
      <B N="TableSwapOccurred">false</B>
      <Nil N="TableSwapTrigger" />
      <I32 N="RowsCopied">0</I32>
      <I32 N="NextTableSwapOnOrBefore">733</I32>
      <I32 N="OldestActiveRecord">242</I32>
      <I32 N="OldestInactiveRecord">608</I32>
      <I32 N="NewestInactiveRecord">243</I32>
    </MS>
  </Obj>
  <Obj RefId="610">
    <TNRef RefId="0" />
    <MS>
      <I32 N="Day">611</I32>
      <I32 N="ActiveTableSize">2440</I32>
      <I32 N="InactiveTableSize">3660</I32>
      <I32 N="TotalRecords">6100</I32>
      <I32 N="PercentNotExpired">33</I32>
      <B N="TableSwapOccurred">false</B>
      <Nil N="TableSwapTrigger" />
      <I32 N="RowsCopied">0</I32>
      <I32 N="NextTableSwapOnOrBefore">733</I32>
      <I32 N="OldestActiveRecord">243</I32>
      <I32 N="OldestInactiveRecord">609</I32>
      <I32 N="NewestInactiveRecord">244</I32>
    </MS>
  </Obj>
  <Obj RefId="611">
    <TNRef RefId="0" />
    <MS>
      <I32 N="Day">612</I32>
      <I32 N="ActiveTableSize">2450</I32>
      <I32 N="InactiveTableSize">3660</I32>
      <I32 N="TotalRecords">6110</I32>
      <I32 N="PercentNotExpired">33</I32>
      <B N="TableSwapOccurred">false</B>
      <Nil N="TableSwapTrigger" />
      <I32 N="RowsCopied">0</I32>
      <I32 N="NextTableSwapOnOrBefore">733</I32>
      <I32 N="OldestActiveRecord">244</I32>
      <I32 N="OldestInactiveRecord">610</I32>
      <I32 N="NewestInactiveRecord">245</I32>
    </MS>
  </Obj>
  <Obj RefId="612">
    <TNRef RefId="0" />
    <MS>
      <I32 N="Day">613</I32>
      <I32 N="ActiveTableSize">2460</I32>
      <I32 N="InactiveTableSize">3660</I32>
      <I32 N="TotalRecords">6120</I32>
      <I32 N="PercentNotExpired">33</I32>
      <B N="TableSwapOccurred">false</B>
      <Nil N="TableSwapTrigger" />
      <I32 N="RowsCopied">0</I32>
      <I32 N="NextTableSwapOnOrBefore">733</I32>
      <I32 N="OldestActiveRecord">245</I32>
      <I32 N="OldestInactiveRecord">611</I32>
      <I32 N="NewestInactiveRecord">246</I32>
    </MS>
  </Obj>
  <Obj RefId="613">
    <TNRef RefId="0" />
    <MS>
      <I32 N="Day">614</I32>
      <I32 N="ActiveTableSize">2470</I32>
      <I32 N="InactiveTableSize">3660</I32>
      <I32 N="TotalRecords">6130</I32>
      <I32 N="PercentNotExpired">33</I32>
      <B N="TableSwapOccurred">false</B>
      <Nil N="TableSwapTrigger" />
      <I32 N="RowsCopied">0</I32>
      <I32 N="NextTableSwapOnOrBefore">733</I32>
      <I32 N="OldestActiveRecord">246</I32>
      <I32 N="OldestInactiveRecord">612</I32>
      <I32 N="NewestInactiveRecord">247</I32>
    </MS>
  </Obj>
  <Obj RefId="614">
    <TNRef RefId="0" />
    <MS>
      <I32 N="Day">615</I32>
      <I32 N="ActiveTableSize">2480</I32>
      <I32 N="InactiveTableSize">3660</I32>
      <I32 N="TotalRecords">6140</I32>
      <I32 N="PercentNotExpired">32</I32>
      <B N="TableSwapOccurred">false</B>
      <Nil N="TableSwapTrigger" />
      <I32 N="RowsCopied">0</I32>
      <I32 N="NextTableSwapOnOrBefore">733</I32>
      <I32 N="OldestActiveRecord">247</I32>
      <I32 N="OldestInactiveRecord">613</I32>
      <I32 N="NewestInactiveRecord">248</I32>
    </MS>
  </Obj>
  <Obj RefId="615">
    <TNRef RefId="0" />
    <MS>
      <I32 N="Day">616</I32>
      <I32 N="ActiveTableSize">2490</I32>
      <I32 N="InactiveTableSize">3660</I32>
      <I32 N="TotalRecords">6150</I32>
      <I32 N="PercentNotExpired">32</I32>
      <B N="TableSwapOccurred">false</B>
      <Nil N="TableSwapTrigger" />
      <I32 N="RowsCopied">0</I32>
      <I32 N="NextTableSwapOnOrBefore">733</I32>
      <I32 N="OldestActiveRecord">248</I32>
      <I32 N="OldestInactiveRecord">614</I32>
      <I32 N="NewestInactiveRecord">249</I32>
    </MS>
  </Obj>
  <Obj RefId="616">
    <TNRef RefId="0" />
    <MS>
      <I32 N="Day">617</I32>
      <I32 N="ActiveTableSize">2500</I32>
      <I32 N="InactiveTableSize">3660</I32>
      <I32 N="TotalRecords">6160</I32>
      <I32 N="PercentNotExpired">32</I32>
      <B N="TableSwapOccurred">false</B>
      <Nil N="TableSwapTrigger" />
      <I32 N="RowsCopied">0</I32>
      <I32 N="NextTableSwapOnOrBefore">733</I32>
      <I32 N="OldestActiveRecord">249</I32>
      <I32 N="OldestInactiveRecord">615</I32>
      <I32 N="NewestInactiveRecord">250</I32>
    </MS>
  </Obj>
  <Obj RefId="617">
    <TNRef RefId="0" />
    <MS>
      <I32 N="Day">618</I32>
      <I32 N="ActiveTableSize">2510</I32>
      <I32 N="InactiveTableSize">3660</I32>
      <I32 N="TotalRecords">6170</I32>
      <I32 N="PercentNotExpired">31</I32>
      <B N="TableSwapOccurred">false</B>
      <Nil N="TableSwapTrigger" />
      <I32 N="RowsCopied">0</I32>
      <I32 N="NextTableSwapOnOrBefore">733</I32>
      <I32 N="OldestActiveRecord">250</I32>
      <I32 N="OldestInactiveRecord">616</I32>
      <I32 N="NewestInactiveRecord">251</I32>
    </MS>
  </Obj>
  <Obj RefId="618">
    <TNRef RefId="0" />
    <MS>
      <I32 N="Day">619</I32>
      <I32 N="ActiveTableSize">2520</I32>
      <I32 N="InactiveTableSize">3660</I32>
      <I32 N="TotalRecords">6180</I32>
      <I32 N="PercentNotExpired">31</I32>
      <B N="TableSwapOccurred">false</B>
      <Nil N="TableSwapTrigger" />
      <I32 N="RowsCopied">0</I32>
      <I32 N="NextTableSwapOnOrBefore">733</I32>
      <I32 N="OldestActiveRecord">251</I32>
      <I32 N="OldestInactiveRecord">617</I32>
      <I32 N="NewestInactiveRecord">252</I32>
    </MS>
  </Obj>
  <Obj RefId="619">
    <TNRef RefId="0" />
    <MS>
      <I32 N="Day">620</I32>
      <I32 N="ActiveTableSize">2530</I32>
      <I32 N="InactiveTableSize">3660</I32>
      <I32 N="TotalRecords">6190</I32>
      <I32 N="PercentNotExpired">31</I32>
      <B N="TableSwapOccurred">false</B>
      <Nil N="TableSwapTrigger" />
      <I32 N="RowsCopied">0</I32>
      <I32 N="NextTableSwapOnOrBefore">733</I32>
      <I32 N="OldestActiveRecord">252</I32>
      <I32 N="OldestInactiveRecord">618</I32>
      <I32 N="NewestInactiveRecord">253</I32>
    </MS>
  </Obj>
  <Obj RefId="620">
    <TNRef RefId="0" />
    <MS>
      <I32 N="Day">621</I32>
      <I32 N="ActiveTableSize">2540</I32>
      <I32 N="InactiveTableSize">3660</I32>
      <I32 N="TotalRecords">6200</I32>
      <I32 N="PercentNotExpired">31</I32>
      <B N="TableSwapOccurred">false</B>
      <Nil N="TableSwapTrigger" />
      <I32 N="RowsCopied">0</I32>
      <I32 N="NextTableSwapOnOrBefore">733</I32>
      <I32 N="OldestActiveRecord">253</I32>
      <I32 N="OldestInactiveRecord">619</I32>
      <I32 N="NewestInactiveRecord">254</I32>
    </MS>
  </Obj>
  <Obj RefId="621">
    <TNRef RefId="0" />
    <MS>
      <I32 N="Day">622</I32>
      <I32 N="ActiveTableSize">2550</I32>
      <I32 N="InactiveTableSize">3660</I32>
      <I32 N="TotalRecords">6210</I32>
      <I32 N="PercentNotExpired">30</I32>
      <B N="TableSwapOccurred">false</B>
      <Nil N="TableSwapTrigger" />
      <I32 N="RowsCopied">0</I32>
      <I32 N="NextTableSwapOnOrBefore">733</I32>
      <I32 N="OldestActiveRecord">254</I32>
      <I32 N="OldestInactiveRecord">620</I32>
      <I32 N="NewestInactiveRecord">255</I32>
    </MS>
  </Obj>
  <Obj RefId="622">
    <TNRef RefId="0" />
    <MS>
      <I32 N="Day">623</I32>
      <I32 N="ActiveTableSize">2560</I32>
      <I32 N="InactiveTableSize">3660</I32>
      <I32 N="TotalRecords">6220</I32>
      <I32 N="PercentNotExpired">30</I32>
      <B N="TableSwapOccurred">false</B>
      <Nil N="TableSwapTrigger" />
      <I32 N="RowsCopied">0</I32>
      <I32 N="NextTableSwapOnOrBefore">733</I32>
      <I32 N="OldestActiveRecord">255</I32>
      <I32 N="OldestInactiveRecord">621</I32>
      <I32 N="NewestInactiveRecord">256</I32>
    </MS>
  </Obj>
  <Obj RefId="623">
    <TNRef RefId="0" />
    <MS>
      <I32 N="Day">624</I32>
      <I32 N="ActiveTableSize">2570</I32>
      <I32 N="InactiveTableSize">3660</I32>
      <I32 N="TotalRecords">6230</I32>
      <I32 N="PercentNotExpired">30</I32>
      <B N="TableSwapOccurred">false</B>
      <Nil N="TableSwapTrigger" />
      <I32 N="RowsCopied">0</I32>
      <I32 N="NextTableSwapOnOrBefore">733</I32>
      <I32 N="OldestActiveRecord">256</I32>
      <I32 N="OldestInactiveRecord">622</I32>
      <I32 N="NewestInactiveRecord">257</I32>
    </MS>
  </Obj>
  <Obj RefId="624">
    <TNRef RefId="0" />
    <MS>
      <I32 N="Day">625</I32>
      <I32 N="ActiveTableSize">2580</I32>
      <I32 N="InactiveTableSize">3660</I32>
      <I32 N="TotalRecords">6240</I32>
      <I32 N="PercentNotExpired">30</I32>
      <B N="TableSwapOccurred">false</B>
      <Nil N="TableSwapTrigger" />
      <I32 N="RowsCopied">0</I32>
      <I32 N="NextTableSwapOnOrBefore">733</I32>
      <I32 N="OldestActiveRecord">257</I32>
      <I32 N="OldestInactiveRecord">623</I32>
      <I32 N="NewestInactiveRecord">258</I32>
    </MS>
  </Obj>
  <Obj RefId="625">
    <TNRef RefId="0" />
    <MS>
      <I32 N="Day">626</I32>
      <I32 N="ActiveTableSize">2590</I32>
      <I32 N="InactiveTableSize">3660</I32>
      <I32 N="TotalRecords">6250</I32>
      <I32 N="PercentNotExpired">29</I32>
      <B N="TableSwapOccurred">false</B>
      <Nil N="TableSwapTrigger" />
      <I32 N="RowsCopied">0</I32>
      <I32 N="NextTableSwapOnOrBefore">733</I32>
      <I32 N="OldestActiveRecord">258</I32>
      <I32 N="OldestInactiveRecord">624</I32>
      <I32 N="NewestInactiveRecord">259</I32>
    </MS>
  </Obj>
  <Obj RefId="626">
    <TNRef RefId="0" />
    <MS>
      <I32 N="Day">627</I32>
      <I32 N="ActiveTableSize">2600</I32>
      <I32 N="InactiveTableSize">3660</I32>
      <I32 N="TotalRecords">6260</I32>
      <I32 N="PercentNotExpired">29</I32>
      <B N="TableSwapOccurred">false</B>
      <Nil N="TableSwapTrigger" />
      <I32 N="RowsCopied">0</I32>
      <I32 N="NextTableSwapOnOrBefore">733</I32>
      <I32 N="OldestActiveRecord">259</I32>
      <I32 N="OldestInactiveRecord">625</I32>
      <I32 N="NewestInactiveRecord">260</I32>
    </MS>
  </Obj>
  <Obj RefId="627">
    <TNRef RefId="0" />
    <MS>
      <I32 N="Day">628</I32>
      <I32 N="ActiveTableSize">2610</I32>
      <I32 N="InactiveTableSize">3660</I32>
      <I32 N="TotalRecords">6270</I32>
      <I32 N="PercentNotExpired">29</I32>
      <B N="TableSwapOccurred">false</B>
      <Nil N="TableSwapTrigger" />
      <I32 N="RowsCopied">0</I32>
      <I32 N="NextTableSwapOnOrBefore">733</I32>
      <I32 N="OldestActiveRecord">260</I32>
      <I32 N="OldestInactiveRecord">626</I32>
      <I32 N="NewestInactiveRecord">261</I32>
    </MS>
  </Obj>
  <Obj RefId="628">
    <TNRef RefId="0" />
    <MS>
      <I32 N="Day">629</I32>
      <I32 N="ActiveTableSize">2620</I32>
      <I32 N="InactiveTableSize">3660</I32>
      <I32 N="TotalRecords">6280</I32>
      <I32 N="PercentNotExpired">28</I32>
      <B N="TableSwapOccurred">false</B>
      <Nil N="TableSwapTrigger" />
      <I32 N="RowsCopied">0</I32>
      <I32 N="NextTableSwapOnOrBefore">733</I32>
      <I32 N="OldestActiveRecord">261</I32>
      <I32 N="OldestInactiveRecord">627</I32>
      <I32 N="NewestInactiveRecord">262</I32>
    </MS>
  </Obj>
  <Obj RefId="629">
    <TNRef RefId="0" />
    <MS>
      <I32 N="Day">630</I32>
      <I32 N="ActiveTableSize">2630</I32>
      <I32 N="InactiveTableSize">3660</I32>
      <I32 N="TotalRecords">6290</I32>
      <I32 N="PercentNotExpired">28</I32>
      <B N="TableSwapOccurred">false</B>
      <Nil N="TableSwapTrigger" />
      <I32 N="RowsCopied">0</I32>
      <I32 N="NextTableSwapOnOrBefore">733</I32>
      <I32 N="OldestActiveRecord">262</I32>
      <I32 N="OldestInactiveRecord">628</I32>
      <I32 N="NewestInactiveRecord">263</I32>
    </MS>
  </Obj>
  <Obj RefId="630">
    <TNRef RefId="0" />
    <MS>
      <I32 N="Day">631</I32>
      <I32 N="ActiveTableSize">2640</I32>
      <I32 N="InactiveTableSize">3660</I32>
      <I32 N="TotalRecords">6300</I32>
      <I32 N="PercentNotExpired">28</I32>
      <B N="TableSwapOccurred">false</B>
      <Nil N="TableSwapTrigger" />
      <I32 N="RowsCopied">0</I32>
      <I32 N="NextTableSwapOnOrBefore">733</I32>
      <I32 N="OldestActiveRecord">263</I32>
      <I32 N="OldestInactiveRecord">629</I32>
      <I32 N="NewestInactiveRecord">264</I32>
    </MS>
  </Obj>
  <Obj RefId="631">
    <TNRef RefId="0" />
    <MS>
      <I32 N="Day">632</I32>
      <I32 N="ActiveTableSize">2650</I32>
      <I32 N="InactiveTableSize">3660</I32>
      <I32 N="TotalRecords">6310</I32>
      <I32 N="PercentNotExpired">28</I32>
      <B N="TableSwapOccurred">false</B>
      <Nil N="TableSwapTrigger" />
      <I32 N="RowsCopied">0</I32>
      <I32 N="NextTableSwapOnOrBefore">733</I32>
      <I32 N="OldestActiveRecord">264</I32>
      <I32 N="OldestInactiveRecord">630</I32>
      <I32 N="NewestInactiveRecord">265</I32>
    </MS>
  </Obj>
  <Obj RefId="632">
    <TNRef RefId="0" />
    <MS>
      <I32 N="Day">633</I32>
      <I32 N="ActiveTableSize">2660</I32>
      <I32 N="InactiveTableSize">3660</I32>
      <I32 N="TotalRecords">6320</I32>
      <I32 N="PercentNotExpired">27</I32>
      <B N="TableSwapOccurred">false</B>
      <Nil N="TableSwapTrigger" />
      <I32 N="RowsCopied">0</I32>
      <I32 N="NextTableSwapOnOrBefore">733</I32>
      <I32 N="OldestActiveRecord">265</I32>
      <I32 N="OldestInactiveRecord">631</I32>
      <I32 N="NewestInactiveRecord">266</I32>
    </MS>
  </Obj>
  <Obj RefId="633">
    <TNRef RefId="0" />
    <MS>
      <I32 N="Day">634</I32>
      <I32 N="ActiveTableSize">2670</I32>
      <I32 N="InactiveTableSize">3660</I32>
      <I32 N="TotalRecords">6330</I32>
      <I32 N="PercentNotExpired">27</I32>
      <B N="TableSwapOccurred">false</B>
      <Nil N="TableSwapTrigger" />
      <I32 N="RowsCopied">0</I32>
      <I32 N="NextTableSwapOnOrBefore">733</I32>
      <I32 N="OldestActiveRecord">266</I32>
      <I32 N="OldestInactiveRecord">632</I32>
      <I32 N="NewestInactiveRecord">267</I32>
    </MS>
  </Obj>
  <Obj RefId="634">
    <TNRef RefId="0" />
    <MS>
      <I32 N="Day">635</I32>
      <I32 N="ActiveTableSize">2680</I32>
      <I32 N="InactiveTableSize">3660</I32>
      <I32 N="TotalRecords">6340</I32>
      <I32 N="PercentNotExpired">27</I32>
      <B N="TableSwapOccurred">false</B>
      <Nil N="TableSwapTrigger" />
      <I32 N="RowsCopied">0</I32>
      <I32 N="NextTableSwapOnOrBefore">733</I32>
      <I32 N="OldestActiveRecord">267</I32>
      <I32 N="OldestInactiveRecord">633</I32>
      <I32 N="NewestInactiveRecord">268</I32>
    </MS>
  </Obj>
  <Obj RefId="635">
    <TNRef RefId="0" />
    <MS>
      <I32 N="Day">636</I32>
      <I32 N="ActiveTableSize">2690</I32>
      <I32 N="InactiveTableSize">3660</I32>
      <I32 N="TotalRecords">6350</I32>
      <I32 N="PercentNotExpired">27</I32>
      <B N="TableSwapOccurred">false</B>
      <Nil N="TableSwapTrigger" />
      <I32 N="RowsCopied">0</I32>
      <I32 N="NextTableSwapOnOrBefore">733</I32>
      <I32 N="OldestActiveRecord">268</I32>
      <I32 N="OldestInactiveRecord">634</I32>
      <I32 N="NewestInactiveRecord">269</I32>
    </MS>
  </Obj>
  <Obj RefId="636">
    <TNRef RefId="0" />
    <MS>
      <I32 N="Day">637</I32>
      <I32 N="ActiveTableSize">2700</I32>
      <I32 N="InactiveTableSize">3660</I32>
      <I32 N="TotalRecords">6360</I32>
      <I32 N="PercentNotExpired">26</I32>
      <B N="TableSwapOccurred">false</B>
      <Nil N="TableSwapTrigger" />
      <I32 N="RowsCopied">0</I32>
      <I32 N="NextTableSwapOnOrBefore">733</I32>
      <I32 N="OldestActiveRecord">269</I32>
      <I32 N="OldestInactiveRecord">635</I32>
      <I32 N="NewestInactiveRecord">270</I32>
    </MS>
  </Obj>
  <Obj RefId="637">
    <TNRef RefId="0" />
    <MS>
      <I32 N="Day">638</I32>
      <I32 N="ActiveTableSize">2710</I32>
      <I32 N="InactiveTableSize">3660</I32>
      <I32 N="TotalRecords">6370</I32>
      <I32 N="PercentNotExpired">26</I32>
      <B N="TableSwapOccurred">false</B>
      <Nil N="TableSwapTrigger" />
      <I32 N="RowsCopied">0</I32>
      <I32 N="NextTableSwapOnOrBefore">733</I32>
      <I32 N="OldestActiveRecord">270</I32>
      <I32 N="OldestInactiveRecord">636</I32>
      <I32 N="NewestInactiveRecord">271</I32>
    </MS>
  </Obj>
  <Obj RefId="638">
    <TNRef RefId="0" />
    <MS>
      <I32 N="Day">639</I32>
      <I32 N="ActiveTableSize">2720</I32>
      <I32 N="InactiveTableSize">3660</I32>
      <I32 N="TotalRecords">6380</I32>
      <I32 N="PercentNotExpired">26</I32>
      <B N="TableSwapOccurred">false</B>
      <Nil N="TableSwapTrigger" />
      <I32 N="RowsCopied">0</I32>
      <I32 N="NextTableSwapOnOrBefore">733</I32>
      <I32 N="OldestActiveRecord">271</I32>
      <I32 N="OldestInactiveRecord">637</I32>
      <I32 N="NewestInactiveRecord">272</I32>
    </MS>
  </Obj>
  <Obj RefId="639">
    <TNRef RefId="0" />
    <MS>
      <I32 N="Day">640</I32>
      <I32 N="ActiveTableSize">2730</I32>
      <I32 N="InactiveTableSize">3660</I32>
      <I32 N="TotalRecords">6390</I32>
      <I32 N="PercentNotExpired">25</I32>
      <B N="TableSwapOccurred">false</B>
      <Nil N="TableSwapTrigger" />
      <I32 N="RowsCopied">0</I32>
      <I32 N="NextTableSwapOnOrBefore">733</I32>
      <I32 N="OldestActiveRecord">272</I32>
      <I32 N="OldestInactiveRecord">638</I32>
      <I32 N="NewestInactiveRecord">273</I32>
    </MS>
  </Obj>
  <Obj RefId="640">
    <TNRef RefId="0" />
    <MS>
      <I32 N="Day">641</I32>
      <I32 N="ActiveTableSize">2740</I32>
      <I32 N="InactiveTableSize">3660</I32>
      <I32 N="TotalRecords">6400</I32>
      <I32 N="PercentNotExpired">25</I32>
      <B N="TableSwapOccurred">false</B>
      <Nil N="TableSwapTrigger" />
      <I32 N="RowsCopied">0</I32>
      <I32 N="NextTableSwapOnOrBefore">733</I32>
      <I32 N="OldestActiveRecord">273</I32>
      <I32 N="OldestInactiveRecord">639</I32>
      <I32 N="NewestInactiveRecord">274</I32>
    </MS>
  </Obj>
  <Obj RefId="641">
    <TNRef RefId="0" />
    <MS>
      <I32 N="Day">642</I32>
      <I32 N="ActiveTableSize">2750</I32>
      <I32 N="InactiveTableSize">3660</I32>
      <I32 N="TotalRecords">6410</I32>
      <I32 N="PercentNotExpired">25</I32>
      <B N="TableSwapOccurred">false</B>
      <Nil N="TableSwapTrigger" />
      <I32 N="RowsCopied">0</I32>
      <I32 N="NextTableSwapOnOrBefore">733</I32>
      <I32 N="OldestActiveRecord">274</I32>
      <I32 N="OldestInactiveRecord">640</I32>
      <I32 N="NewestInactiveRecord">275</I32>
    </MS>
  </Obj>
  <Obj RefId="642">
    <TNRef RefId="0" />
    <MS>
      <I32 N="Day">643</I32>
      <I32 N="ActiveTableSize">2760</I32>
      <I32 N="InactiveTableSize">3660</I32>
      <I32 N="TotalRecords">6420</I32>
      <I32 N="PercentNotExpired">25</I32>
      <B N="TableSwapOccurred">false</B>
      <Nil N="TableSwapTrigger" />
      <I32 N="RowsCopied">0</I32>
      <I32 N="NextTableSwapOnOrBefore">733</I32>
      <I32 N="OldestActiveRecord">275</I32>
      <I32 N="OldestInactiveRecord">641</I32>
      <I32 N="NewestInactiveRecord">276</I32>
    </MS>
  </Obj>
  <Obj RefId="643">
    <TNRef RefId="0" />
    <MS>
      <I32 N="Day">644</I32>
      <I32 N="ActiveTableSize">2770</I32>
      <I32 N="InactiveTableSize">3660</I32>
      <I32 N="TotalRecords">6430</I32>
      <I32 N="PercentNotExpired">24</I32>
      <B N="TableSwapOccurred">false</B>
      <Nil N="TableSwapTrigger" />
      <I32 N="RowsCopied">0</I32>
      <I32 N="NextTableSwapOnOrBefore">733</I32>
      <I32 N="OldestActiveRecord">276</I32>
      <I32 N="OldestInactiveRecord">642</I32>
      <I32 N="NewestInactiveRecord">277</I32>
    </MS>
  </Obj>
  <Obj RefId="644">
    <TNRef RefId="0" />
    <MS>
      <I32 N="Day">645</I32>
      <I32 N="ActiveTableSize">2780</I32>
      <I32 N="InactiveTableSize">3660</I32>
      <I32 N="TotalRecords">6440</I32>
      <I32 N="PercentNotExpired">24</I32>
      <B N="TableSwapOccurred">false</B>
      <Nil N="TableSwapTrigger" />
      <I32 N="RowsCopied">0</I32>
      <I32 N="NextTableSwapOnOrBefore">733</I32>
      <I32 N="OldestActiveRecord">277</I32>
      <I32 N="OldestInactiveRecord">643</I32>
      <I32 N="NewestInactiveRecord">278</I32>
    </MS>
  </Obj>
  <Obj RefId="645">
    <TNRef RefId="0" />
    <MS>
      <I32 N="Day">646</I32>
      <I32 N="ActiveTableSize">2790</I32>
      <I32 N="InactiveTableSize">3660</I32>
      <I32 N="TotalRecords">6450</I32>
      <I32 N="PercentNotExpired">24</I32>
      <B N="TableSwapOccurred">false</B>
      <Nil N="TableSwapTrigger" />
      <I32 N="RowsCopied">0</I32>
      <I32 N="NextTableSwapOnOrBefore">733</I32>
      <I32 N="OldestActiveRecord">278</I32>
      <I32 N="OldestInactiveRecord">644</I32>
      <I32 N="NewestInactiveRecord">279</I32>
    </MS>
  </Obj>
  <Obj RefId="646">
    <TNRef RefId="0" />
    <MS>
      <I32 N="Day">647</I32>
      <I32 N="ActiveTableSize">2800</I32>
      <I32 N="InactiveTableSize">3660</I32>
      <I32 N="TotalRecords">6460</I32>
      <I32 N="PercentNotExpired">23</I32>
      <B N="TableSwapOccurred">false</B>
      <Nil N="TableSwapTrigger" />
      <I32 N="RowsCopied">0</I32>
      <I32 N="NextTableSwapOnOrBefore">733</I32>
      <I32 N="OldestActiveRecord">279</I32>
      <I32 N="OldestInactiveRecord">645</I32>
      <I32 N="NewestInactiveRecord">280</I32>
    </MS>
  </Obj>
  <Obj RefId="647">
    <TNRef RefId="0" />
    <MS>
      <I32 N="Day">648</I32>
      <I32 N="ActiveTableSize">2810</I32>
      <I32 N="InactiveTableSize">3660</I32>
      <I32 N="TotalRecords">6470</I32>
      <I32 N="PercentNotExpired">23</I32>
      <B N="TableSwapOccurred">false</B>
      <Nil N="TableSwapTrigger" />
      <I32 N="RowsCopied">0</I32>
      <I32 N="NextTableSwapOnOrBefore">733</I32>
      <I32 N="OldestActiveRecord">280</I32>
      <I32 N="OldestInactiveRecord">646</I32>
      <I32 N="NewestInactiveRecord">281</I32>
    </MS>
  </Obj>
  <Obj RefId="648">
    <TNRef RefId="0" />
    <MS>
      <I32 N="Day">649</I32>
      <I32 N="ActiveTableSize">2820</I32>
      <I32 N="InactiveTableSize">3660</I32>
      <I32 N="TotalRecords">6480</I32>
      <I32 N="PercentNotExpired">23</I32>
      <B N="TableSwapOccurred">false</B>
      <Nil N="TableSwapTrigger" />
      <I32 N="RowsCopied">0</I32>
      <I32 N="NextTableSwapOnOrBefore">733</I32>
      <I32 N="OldestActiveRecord">281</I32>
      <I32 N="OldestInactiveRecord">647</I32>
      <I32 N="NewestInactiveRecord">282</I32>
    </MS>
  </Obj>
  <Obj RefId="649">
    <TNRef RefId="0" />
    <MS>
      <I32 N="Day">650</I32>
      <I32 N="ActiveTableSize">2830</I32>
      <I32 N="InactiveTableSize">3660</I32>
      <I32 N="TotalRecords">6490</I32>
      <I32 N="PercentNotExpired">23</I32>
      <B N="TableSwapOccurred">false</B>
      <Nil N="TableSwapTrigger" />
      <I32 N="RowsCopied">0</I32>
      <I32 N="NextTableSwapOnOrBefore">733</I32>
      <I32 N="OldestActiveRecord">282</I32>
      <I32 N="OldestInactiveRecord">648</I32>
      <I32 N="NewestInactiveRecord">283</I32>
    </MS>
  </Obj>
  <Obj RefId="650">
    <TNRef RefId="0" />
    <MS>
      <I32 N="Day">651</I32>
      <I32 N="ActiveTableSize">2840</I32>
      <I32 N="InactiveTableSize">3660</I32>
      <I32 N="TotalRecords">6500</I32>
      <I32 N="PercentNotExpired">22</I32>
      <B N="TableSwapOccurred">false</B>
      <Nil N="TableSwapTrigger" />
      <I32 N="RowsCopied">0</I32>
      <I32 N="NextTableSwapOnOrBefore">733</I32>
      <I32 N="OldestActiveRecord">283</I32>
      <I32 N="OldestInactiveRecord">649</I32>
      <I32 N="NewestInactiveRecord">284</I32>
    </MS>
  </Obj>
  <Obj RefId="651">
    <TNRef RefId="0" />
    <MS>
      <I32 N="Day">652</I32>
      <I32 N="ActiveTableSize">2850</I32>
      <I32 N="InactiveTableSize">3660</I32>
      <I32 N="TotalRecords">6510</I32>
      <I32 N="PercentNotExpired">22</I32>
      <B N="TableSwapOccurred">false</B>
      <Nil N="TableSwapTrigger" />
      <I32 N="RowsCopied">0</I32>
      <I32 N="NextTableSwapOnOrBefore">733</I32>
      <I32 N="OldestActiveRecord">284</I32>
      <I32 N="OldestInactiveRecord">650</I32>
      <I32 N="NewestInactiveRecord">285</I32>
    </MS>
  </Obj>
  <Obj RefId="652">
    <TNRef RefId="0" />
    <MS>
      <I32 N="Day">653</I32>
      <I32 N="ActiveTableSize">2860</I32>
      <I32 N="InactiveTableSize">3660</I32>
      <I32 N="TotalRecords">6520</I32>
      <I32 N="PercentNotExpired">22</I32>
      <B N="TableSwapOccurred">false</B>
      <Nil N="TableSwapTrigger" />
      <I32 N="RowsCopied">0</I32>
      <I32 N="NextTableSwapOnOrBefore">733</I32>
      <I32 N="OldestActiveRecord">285</I32>
      <I32 N="OldestInactiveRecord">651</I32>
      <I32 N="NewestInactiveRecord">286</I32>
    </MS>
  </Obj>
  <Obj RefId="653">
    <TNRef RefId="0" />
    <MS>
      <I32 N="Day">654</I32>
      <I32 N="ActiveTableSize">2870</I32>
      <I32 N="InactiveTableSize">3660</I32>
      <I32 N="TotalRecords">6530</I32>
      <I32 N="PercentNotExpired">22</I32>
      <B N="TableSwapOccurred">false</B>
      <Nil N="TableSwapTrigger" />
      <I32 N="RowsCopied">0</I32>
      <I32 N="NextTableSwapOnOrBefore">733</I32>
      <I32 N="OldestActiveRecord">286</I32>
      <I32 N="OldestInactiveRecord">652</I32>
      <I32 N="NewestInactiveRecord">287</I32>
    </MS>
  </Obj>
  <Obj RefId="654">
    <TNRef RefId="0" />
    <MS>
      <I32 N="Day">655</I32>
      <I32 N="ActiveTableSize">2880</I32>
      <I32 N="InactiveTableSize">3660</I32>
      <I32 N="TotalRecords">6540</I32>
      <I32 N="PercentNotExpired">21</I32>
      <B N="TableSwapOccurred">false</B>
      <Nil N="TableSwapTrigger" />
      <I32 N="RowsCopied">0</I32>
      <I32 N="NextTableSwapOnOrBefore">733</I32>
      <I32 N="OldestActiveRecord">287</I32>
      <I32 N="OldestInactiveRecord">653</I32>
      <I32 N="NewestInactiveRecord">288</I32>
    </MS>
  </Obj>
  <Obj RefId="655">
    <TNRef RefId="0" />
    <MS>
      <I32 N="Day">656</I32>
      <I32 N="ActiveTableSize">2890</I32>
      <I32 N="InactiveTableSize">3660</I32>
      <I32 N="TotalRecords">6550</I32>
      <I32 N="PercentNotExpired">21</I32>
      <B N="TableSwapOccurred">false</B>
      <Nil N="TableSwapTrigger" />
      <I32 N="RowsCopied">0</I32>
      <I32 N="NextTableSwapOnOrBefore">733</I32>
      <I32 N="OldestActiveRecord">288</I32>
      <I32 N="OldestInactiveRecord">654</I32>
      <I32 N="NewestInactiveRecord">289</I32>
    </MS>
  </Obj>
  <Obj RefId="656">
    <TNRef RefId="0" />
    <MS>
      <I32 N="Day">657</I32>
      <I32 N="ActiveTableSize">2900</I32>
      <I32 N="InactiveTableSize">3660</I32>
      <I32 N="TotalRecords">6560</I32>
      <I32 N="PercentNotExpired">21</I32>
      <B N="TableSwapOccurred">false</B>
      <Nil N="TableSwapTrigger" />
      <I32 N="RowsCopied">0</I32>
      <I32 N="NextTableSwapOnOrBefore">733</I32>
      <I32 N="OldestActiveRecord">289</I32>
      <I32 N="OldestInactiveRecord">655</I32>
      <I32 N="NewestInactiveRecord">290</I32>
    </MS>
  </Obj>
  <Obj RefId="657">
    <TNRef RefId="0" />
    <MS>
      <I32 N="Day">658</I32>
      <I32 N="ActiveTableSize">2910</I32>
      <I32 N="InactiveTableSize">3660</I32>
      <I32 N="TotalRecords">6570</I32>
      <I32 N="PercentNotExpired">20</I32>
      <B N="TableSwapOccurred">false</B>
      <Nil N="TableSwapTrigger" />
      <I32 N="RowsCopied">0</I32>
      <I32 N="NextTableSwapOnOrBefore">733</I32>
      <I32 N="OldestActiveRecord">290</I32>
      <I32 N="OldestInactiveRecord">656</I32>
      <I32 N="NewestInactiveRecord">291</I32>
    </MS>
  </Obj>
  <Obj RefId="658">
    <TNRef RefId="0" />
    <MS>
      <I32 N="Day">659</I32>
      <I32 N="ActiveTableSize">2920</I32>
      <I32 N="InactiveTableSize">3660</I32>
      <I32 N="TotalRecords">6580</I32>
      <I32 N="PercentNotExpired">20</I32>
      <B N="TableSwapOccurred">false</B>
      <Nil N="TableSwapTrigger" />
      <I32 N="RowsCopied">0</I32>
      <I32 N="NextTableSwapOnOrBefore">733</I32>
      <I32 N="OldestActiveRecord">291</I32>
      <I32 N="OldestInactiveRecord">657</I32>
      <I32 N="NewestInactiveRecord">292</I32>
    </MS>
  </Obj>
  <Obj RefId="659">
    <TNRef RefId="0" />
    <MS>
      <I32 N="Day">660</I32>
      <I32 N="ActiveTableSize">2930</I32>
      <I32 N="InactiveTableSize">3660</I32>
      <I32 N="TotalRecords">6590</I32>
      <I32 N="PercentNotExpired">20</I32>
      <B N="TableSwapOccurred">false</B>
      <Nil N="TableSwapTrigger" />
      <I32 N="RowsCopied">0</I32>
      <I32 N="NextTableSwapOnOrBefore">733</I32>
      <I32 N="OldestActiveRecord">292</I32>
      <I32 N="OldestInactiveRecord">658</I32>
      <I32 N="NewestInactiveRecord">293</I32>
    </MS>
  </Obj>
  <Obj RefId="660">
    <TNRef RefId="0" />
    <MS>
      <I32 N="Day">661</I32>
      <I32 N="ActiveTableSize">2940</I32>
      <I32 N="InactiveTableSize">3660</I32>
      <I32 N="TotalRecords">6600</I32>
      <I32 N="PercentNotExpired">20</I32>
      <B N="TableSwapOccurred">false</B>
      <Nil N="TableSwapTrigger" />
      <I32 N="RowsCopied">0</I32>
      <I32 N="NextTableSwapOnOrBefore">733</I32>
      <I32 N="OldestActiveRecord">293</I32>
      <I32 N="OldestInactiveRecord">659</I32>
      <I32 N="NewestInactiveRecord">294</I32>
    </MS>
  </Obj>
  <Obj RefId="661">
    <TNRef RefId="0" />
    <MS>
      <I32 N="Day">662</I32>
      <I32 N="ActiveTableSize">2950</I32>
      <I32 N="InactiveTableSize">3660</I32>
      <I32 N="TotalRecords">6610</I32>
      <I32 N="PercentNotExpired">19</I32>
      <B N="TableSwapOccurred">false</B>
      <Nil N="TableSwapTrigger" />
      <I32 N="RowsCopied">0</I32>
      <I32 N="NextTableSwapOnOrBefore">733</I32>
      <I32 N="OldestActiveRecord">294</I32>
      <I32 N="OldestInactiveRecord">660</I32>
      <I32 N="NewestInactiveRecord">295</I32>
    </MS>
  </Obj>
  <Obj RefId="662">
    <TNRef RefId="0" />
    <MS>
      <I32 N="Day">663</I32>
      <I32 N="ActiveTableSize">2960</I32>
      <I32 N="InactiveTableSize">3660</I32>
      <I32 N="TotalRecords">6620</I32>
      <I32 N="PercentNotExpired">19</I32>
      <B N="TableSwapOccurred">false</B>
      <Nil N="TableSwapTrigger" />
      <I32 N="RowsCopied">0</I32>
      <I32 N="NextTableSwapOnOrBefore">733</I32>
      <I32 N="OldestActiveRecord">295</I32>
      <I32 N="OldestInactiveRecord">661</I32>
      <I32 N="NewestInactiveRecord">296</I32>
    </MS>
  </Obj>
  <Obj RefId="663">
    <TNRef RefId="0" />
    <MS>
      <I32 N="Day">664</I32>
      <I32 N="ActiveTableSize">2970</I32>
      <I32 N="InactiveTableSize">3660</I32>
      <I32 N="TotalRecords">6630</I32>
      <I32 N="PercentNotExpired">19</I32>
      <B N="TableSwapOccurred">false</B>
      <Nil N="TableSwapTrigger" />
      <I32 N="RowsCopied">0</I32>
      <I32 N="NextTableSwapOnOrBefore">733</I32>
      <I32 N="OldestActiveRecord">296</I32>
      <I32 N="OldestInactiveRecord">662</I32>
      <I32 N="NewestInactiveRecord">297</I32>
    </MS>
  </Obj>
  <Obj RefId="664">
    <TNRef RefId="0" />
    <MS>
      <I32 N="Day">665</I32>
      <I32 N="ActiveTableSize">2980</I32>
      <I32 N="InactiveTableSize">3660</I32>
      <I32 N="TotalRecords">6640</I32>
      <I32 N="PercentNotExpired">19</I32>
      <B N="TableSwapOccurred">false</B>
      <Nil N="TableSwapTrigger" />
      <I32 N="RowsCopied">0</I32>
      <I32 N="NextTableSwapOnOrBefore">733</I32>
      <I32 N="OldestActiveRecord">297</I32>
      <I32 N="OldestInactiveRecord">663</I32>
      <I32 N="NewestInactiveRecord">298</I32>
    </MS>
  </Obj>
  <Obj RefId="665">
    <TNRef RefId="0" />
    <MS>
      <I32 N="Day">666</I32>
      <I32 N="ActiveTableSize">2990</I32>
      <I32 N="InactiveTableSize">3660</I32>
      <I32 N="TotalRecords">6650</I32>
      <I32 N="PercentNotExpired">18</I32>
      <B N="TableSwapOccurred">false</B>
      <Nil N="TableSwapTrigger" />
      <I32 N="RowsCopied">0</I32>
      <I32 N="NextTableSwapOnOrBefore">733</I32>
      <I32 N="OldestActiveRecord">298</I32>
      <I32 N="OldestInactiveRecord">664</I32>
      <I32 N="NewestInactiveRecord">299</I32>
    </MS>
  </Obj>
  <Obj RefId="666">
    <TNRef RefId="0" />
    <MS>
      <I32 N="Day">667</I32>
      <I32 N="ActiveTableSize">3000</I32>
      <I32 N="InactiveTableSize">3660</I32>
      <I32 N="TotalRecords">6660</I32>
      <I32 N="PercentNotExpired">18</I32>
      <B N="TableSwapOccurred">false</B>
      <Nil N="TableSwapTrigger" />
      <I32 N="RowsCopied">0</I32>
      <I32 N="NextTableSwapOnOrBefore">733</I32>
      <I32 N="OldestActiveRecord">299</I32>
      <I32 N="OldestInactiveRecord">665</I32>
      <I32 N="NewestInactiveRecord">300</I32>
    </MS>
  </Obj>
  <Obj RefId="667">
    <TNRef RefId="0" />
    <MS>
      <I32 N="Day">668</I32>
      <I32 N="ActiveTableSize">3010</I32>
      <I32 N="InactiveTableSize">3660</I32>
      <I32 N="TotalRecords">6670</I32>
      <I32 N="PercentNotExpired">18</I32>
      <B N="TableSwapOccurred">false</B>
      <Nil N="TableSwapTrigger" />
      <I32 N="RowsCopied">0</I32>
      <I32 N="NextTableSwapOnOrBefore">733</I32>
      <I32 N="OldestActiveRecord">300</I32>
      <I32 N="OldestInactiveRecord">666</I32>
      <I32 N="NewestInactiveRecord">301</I32>
    </MS>
  </Obj>
  <Obj RefId="668">
    <TNRef RefId="0" />
    <MS>
      <I32 N="Day">669</I32>
      <I32 N="ActiveTableSize">3020</I32>
      <I32 N="InactiveTableSize">3660</I32>
      <I32 N="TotalRecords">6680</I32>
      <I32 N="PercentNotExpired">17</I32>
      <B N="TableSwapOccurred">false</B>
      <Nil N="TableSwapTrigger" />
      <I32 N="RowsCopied">0</I32>
      <I32 N="NextTableSwapOnOrBefore">733</I32>
      <I32 N="OldestActiveRecord">301</I32>
      <I32 N="OldestInactiveRecord">667</I32>
      <I32 N="NewestInactiveRecord">302</I32>
    </MS>
  </Obj>
  <Obj RefId="669">
    <TNRef RefId="0" />
    <MS>
      <I32 N="Day">670</I32>
      <I32 N="ActiveTableSize">3030</I32>
      <I32 N="InactiveTableSize">3660</I32>
      <I32 N="TotalRecords">6690</I32>
      <I32 N="PercentNotExpired">17</I32>
      <B N="TableSwapOccurred">false</B>
      <Nil N="TableSwapTrigger" />
      <I32 N="RowsCopied">0</I32>
      <I32 N="NextTableSwapOnOrBefore">733</I32>
      <I32 N="OldestActiveRecord">302</I32>
      <I32 N="OldestInactiveRecord">668</I32>
      <I32 N="NewestInactiveRecord">303</I32>
    </MS>
  </Obj>
  <Obj RefId="670">
    <TNRef RefId="0" />
    <MS>
      <I32 N="Day">671</I32>
      <I32 N="ActiveTableSize">3040</I32>
      <I32 N="InactiveTableSize">3660</I32>
      <I32 N="TotalRecords">6700</I32>
      <I32 N="PercentNotExpired">17</I32>
      <B N="TableSwapOccurred">false</B>
      <Nil N="TableSwapTrigger" />
      <I32 N="RowsCopied">0</I32>
      <I32 N="NextTableSwapOnOrBefore">733</I32>
      <I32 N="OldestActiveRecord">303</I32>
      <I32 N="OldestInactiveRecord">669</I32>
      <I32 N="NewestInactiveRecord">304</I32>
    </MS>
  </Obj>
  <Obj RefId="671">
    <TNRef RefId="0" />
    <MS>
      <I32 N="Day">672</I32>
      <I32 N="ActiveTableSize">3050</I32>
      <I32 N="InactiveTableSize">3660</I32>
      <I32 N="TotalRecords">6710</I32>
      <I32 N="PercentNotExpired">17</I32>
      <B N="TableSwapOccurred">false</B>
      <Nil N="TableSwapTrigger" />
      <I32 N="RowsCopied">0</I32>
      <I32 N="NextTableSwapOnOrBefore">733</I32>
      <I32 N="OldestActiveRecord">304</I32>
      <I32 N="OldestInactiveRecord">670</I32>
      <I32 N="NewestInactiveRecord">305</I32>
    </MS>
  </Obj>
  <Obj RefId="672">
    <TNRef RefId="0" />
    <MS>
      <I32 N="Day">673</I32>
      <I32 N="ActiveTableSize">3060</I32>
      <I32 N="InactiveTableSize">3660</I32>
      <I32 N="TotalRecords">6720</I32>
      <I32 N="PercentNotExpired">16</I32>
      <B N="TableSwapOccurred">false</B>
      <Nil N="TableSwapTrigger" />
      <I32 N="RowsCopied">0</I32>
      <I32 N="NextTableSwapOnOrBefore">733</I32>
      <I32 N="OldestActiveRecord">305</I32>
      <I32 N="OldestInactiveRecord">671</I32>
      <I32 N="NewestInactiveRecord">306</I32>
    </MS>
  </Obj>
  <Obj RefId="673">
    <TNRef RefId="0" />
    <MS>
      <I32 N="Day">674</I32>
      <I32 N="ActiveTableSize">3070</I32>
      <I32 N="InactiveTableSize">3660</I32>
      <I32 N="TotalRecords">6730</I32>
      <I32 N="PercentNotExpired">16</I32>
      <B N="TableSwapOccurred">false</B>
      <Nil N="TableSwapTrigger" />
      <I32 N="RowsCopied">0</I32>
      <I32 N="NextTableSwapOnOrBefore">733</I32>
      <I32 N="OldestActiveRecord">306</I32>
      <I32 N="OldestInactiveRecord">672</I32>
      <I32 N="NewestInactiveRecord">307</I32>
    </MS>
  </Obj>
  <Obj RefId="674">
    <TNRef RefId="0" />
    <MS>
      <I32 N="Day">675</I32>
      <I32 N="ActiveTableSize">3080</I32>
      <I32 N="InactiveTableSize">3660</I32>
      <I32 N="TotalRecords">6740</I32>
      <I32 N="PercentNotExpired">16</I32>
      <B N="TableSwapOccurred">false</B>
      <Nil N="TableSwapTrigger" />
      <I32 N="RowsCopied">0</I32>
      <I32 N="NextTableSwapOnOrBefore">733</I32>
      <I32 N="OldestActiveRecord">307</I32>
      <I32 N="OldestInactiveRecord">673</I32>
      <I32 N="NewestInactiveRecord">308</I32>
    </MS>
  </Obj>
  <Obj RefId="675">
    <TNRef RefId="0" />
    <MS>
      <I32 N="Day">676</I32>
      <I32 N="ActiveTableSize">3090</I32>
      <I32 N="InactiveTableSize">3660</I32>
      <I32 N="TotalRecords">6750</I32>
      <I32 N="PercentNotExpired">16</I32>
      <B N="TableSwapOccurred">false</B>
      <Nil N="TableSwapTrigger" />
      <I32 N="RowsCopied">0</I32>
      <I32 N="NextTableSwapOnOrBefore">733</I32>
      <I32 N="OldestActiveRecord">308</I32>
      <I32 N="OldestInactiveRecord">674</I32>
      <I32 N="NewestInactiveRecord">309</I32>
    </MS>
  </Obj>
  <Obj RefId="676">
    <TNRef RefId="0" />
    <MS>
      <I32 N="Day">677</I32>
      <I32 N="ActiveTableSize">3100</I32>
      <I32 N="InactiveTableSize">3660</I32>
      <I32 N="TotalRecords">6760</I32>
      <I32 N="PercentNotExpired">15</I32>
      <B N="TableSwapOccurred">false</B>
      <Nil N="TableSwapTrigger" />
      <I32 N="RowsCopied">0</I32>
      <I32 N="NextTableSwapOnOrBefore">733</I32>
      <I32 N="OldestActiveRecord">309</I32>
      <I32 N="OldestInactiveRecord">675</I32>
      <I32 N="NewestInactiveRecord">310</I32>
    </MS>
  </Obj>
  <Obj RefId="677">
    <TNRef RefId="0" />
    <MS>
      <I32 N="Day">678</I32>
      <I32 N="ActiveTableSize">3110</I32>
      <I32 N="InactiveTableSize">3660</I32>
      <I32 N="TotalRecords">6770</I32>
      <I32 N="PercentNotExpired">15</I32>
      <B N="TableSwapOccurred">false</B>
      <Nil N="TableSwapTrigger" />
      <I32 N="RowsCopied">0</I32>
      <I32 N="NextTableSwapOnOrBefore">733</I32>
      <I32 N="OldestActiveRecord">310</I32>
      <I32 N="OldestInactiveRecord">676</I32>
      <I32 N="NewestInactiveRecord">311</I32>
    </MS>
  </Obj>
  <Obj RefId="678">
    <TNRef RefId="0" />
    <MS>
      <I32 N="Day">679</I32>
      <I32 N="ActiveTableSize">3120</I32>
      <I32 N="InactiveTableSize">3660</I32>
      <I32 N="TotalRecords">6780</I32>
      <I32 N="PercentNotExpired">15</I32>
      <B N="TableSwapOccurred">false</B>
      <Nil N="TableSwapTrigger" />
      <I32 N="RowsCopied">0</I32>
      <I32 N="NextTableSwapOnOrBefore">733</I32>
      <I32 N="OldestActiveRecord">311</I32>
      <I32 N="OldestInactiveRecord">677</I32>
      <I32 N="NewestInactiveRecord">312</I32>
    </MS>
  </Obj>
  <Obj RefId="679">
    <TNRef RefId="0" />
    <MS>
      <I32 N="Day">680</I32>
      <I32 N="ActiveTableSize">3130</I32>
      <I32 N="InactiveTableSize">3660</I32>
      <I32 N="TotalRecords">6790</I32>
      <I32 N="PercentNotExpired">14</I32>
      <B N="TableSwapOccurred">false</B>
      <Nil N="TableSwapTrigger" />
      <I32 N="RowsCopied">0</I32>
      <I32 N="NextTableSwapOnOrBefore">733</I32>
      <I32 N="OldestActiveRecord">312</I32>
      <I32 N="OldestInactiveRecord">678</I32>
      <I32 N="NewestInactiveRecord">313</I32>
    </MS>
  </Obj>
  <Obj RefId="680">
    <TNRef RefId="0" />
    <MS>
      <I32 N="Day">681</I32>
      <I32 N="ActiveTableSize">3140</I32>
      <I32 N="InactiveTableSize">3660</I32>
      <I32 N="TotalRecords">6800</I32>
      <I32 N="PercentNotExpired">14</I32>
      <B N="TableSwapOccurred">false</B>
      <Nil N="TableSwapTrigger" />
      <I32 N="RowsCopied">0</I32>
      <I32 N="NextTableSwapOnOrBefore">733</I32>
      <I32 N="OldestActiveRecord">313</I32>
      <I32 N="OldestInactiveRecord">679</I32>
      <I32 N="NewestInactiveRecord">314</I32>
    </MS>
  </Obj>
  <Obj RefId="681">
    <TNRef RefId="0" />
    <MS>
      <I32 N="Day">682</I32>
      <I32 N="ActiveTableSize">3150</I32>
      <I32 N="InactiveTableSize">3660</I32>
      <I32 N="TotalRecords">6810</I32>
      <I32 N="PercentNotExpired">14</I32>
      <B N="TableSwapOccurred">false</B>
      <Nil N="TableSwapTrigger" />
      <I32 N="RowsCopied">0</I32>
      <I32 N="NextTableSwapOnOrBefore">733</I32>
      <I32 N="OldestActiveRecord">314</I32>
      <I32 N="OldestInactiveRecord">680</I32>
      <I32 N="NewestInactiveRecord">315</I32>
    </MS>
  </Obj>
  <Obj RefId="682">
    <TNRef RefId="0" />
    <MS>
      <I32 N="Day">683</I32>
      <I32 N="ActiveTableSize">3160</I32>
      <I32 N="InactiveTableSize">3660</I32>
      <I32 N="TotalRecords">6820</I32>
      <I32 N="PercentNotExpired">14</I32>
      <B N="TableSwapOccurred">false</B>
      <Nil N="TableSwapTrigger" />
      <I32 N="RowsCopied">0</I32>
      <I32 N="NextTableSwapOnOrBefore">733</I32>
      <I32 N="OldestActiveRecord">315</I32>
      <I32 N="OldestInactiveRecord">681</I32>
      <I32 N="NewestInactiveRecord">316</I32>
    </MS>
  </Obj>
  <Obj RefId="683">
    <TNRef RefId="0" />
    <MS>
      <I32 N="Day">684</I32>
      <I32 N="ActiveTableSize">3170</I32>
      <I32 N="InactiveTableSize">3660</I32>
      <I32 N="TotalRecords">6830</I32>
      <I32 N="PercentNotExpired">13</I32>
      <B N="TableSwapOccurred">false</B>
      <Nil N="TableSwapTrigger" />
      <I32 N="RowsCopied">0</I32>
      <I32 N="NextTableSwapOnOrBefore">733</I32>
      <I32 N="OldestActiveRecord">316</I32>
      <I32 N="OldestInactiveRecord">682</I32>
      <I32 N="NewestInactiveRecord">317</I32>
    </MS>
  </Obj>
  <Obj RefId="684">
    <TNRef RefId="0" />
    <MS>
      <I32 N="Day">685</I32>
      <I32 N="ActiveTableSize">3180</I32>
      <I32 N="InactiveTableSize">3660</I32>
      <I32 N="TotalRecords">6840</I32>
      <I32 N="PercentNotExpired">13</I32>
      <B N="TableSwapOccurred">false</B>
      <Nil N="TableSwapTrigger" />
      <I32 N="RowsCopied">0</I32>
      <I32 N="NextTableSwapOnOrBefore">733</I32>
      <I32 N="OldestActiveRecord">317</I32>
      <I32 N="OldestInactiveRecord">683</I32>
      <I32 N="NewestInactiveRecord">318</I32>
    </MS>
  </Obj>
  <Obj RefId="685">
    <TNRef RefId="0" />
    <MS>
      <I32 N="Day">686</I32>
      <I32 N="ActiveTableSize">3190</I32>
      <I32 N="InactiveTableSize">3660</I32>
      <I32 N="TotalRecords">6850</I32>
      <I32 N="PercentNotExpired">13</I32>
      <B N="TableSwapOccurred">false</B>
      <Nil N="TableSwapTrigger" />
      <I32 N="RowsCopied">0</I32>
      <I32 N="NextTableSwapOnOrBefore">733</I32>
      <I32 N="OldestActiveRecord">318</I32>
      <I32 N="OldestInactiveRecord">684</I32>
      <I32 N="NewestInactiveRecord">319</I32>
    </MS>
  </Obj>
  <Obj RefId="686">
    <TNRef RefId="0" />
    <MS>
      <I32 N="Day">687</I32>
      <I32 N="ActiveTableSize">3200</I32>
      <I32 N="InactiveTableSize">3660</I32>
      <I32 N="TotalRecords">6860</I32>
      <I32 N="PercentNotExpired">13</I32>
      <B N="TableSwapOccurred">false</B>
      <Nil N="TableSwapTrigger" />
      <I32 N="RowsCopied">0</I32>
      <I32 N="NextTableSwapOnOrBefore">733</I32>
      <I32 N="OldestActiveRecord">319</I32>
      <I32 N="OldestInactiveRecord">685</I32>
      <I32 N="NewestInactiveRecord">320</I32>
    </MS>
  </Obj>
  <Obj RefId="687">
    <TNRef RefId="0" />
    <MS>
      <I32 N="Day">688</I32>
      <I32 N="ActiveTableSize">3210</I32>
      <I32 N="InactiveTableSize">3660</I32>
      <I32 N="TotalRecords">6870</I32>
      <I32 N="PercentNotExpired">12</I32>
      <B N="TableSwapOccurred">false</B>
      <Nil N="TableSwapTrigger" />
      <I32 N="RowsCopied">0</I32>
      <I32 N="NextTableSwapOnOrBefore">733</I32>
      <I32 N="OldestActiveRecord">320</I32>
      <I32 N="OldestInactiveRecord">686</I32>
      <I32 N="NewestInactiveRecord">321</I32>
    </MS>
  </Obj>
  <Obj RefId="688">
    <TNRef RefId="0" />
    <MS>
      <I32 N="Day">689</I32>
      <I32 N="ActiveTableSize">3220</I32>
      <I32 N="InactiveTableSize">3660</I32>
      <I32 N="TotalRecords">6880</I32>
      <I32 N="PercentNotExpired">12</I32>
      <B N="TableSwapOccurred">false</B>
      <Nil N="TableSwapTrigger" />
      <I32 N="RowsCopied">0</I32>
      <I32 N="NextTableSwapOnOrBefore">733</I32>
      <I32 N="OldestActiveRecord">321</I32>
      <I32 N="OldestInactiveRecord">687</I32>
      <I32 N="NewestInactiveRecord">322</I32>
    </MS>
  </Obj>
  <Obj RefId="689">
    <TNRef RefId="0" />
    <MS>
      <I32 N="Day">690</I32>
      <I32 N="ActiveTableSize">3230</I32>
      <I32 N="InactiveTableSize">3660</I32>
      <I32 N="TotalRecords">6890</I32>
      <I32 N="PercentNotExpired">12</I32>
      <B N="TableSwapOccurred">false</B>
      <Nil N="TableSwapTrigger" />
      <I32 N="RowsCopied">0</I32>
      <I32 N="NextTableSwapOnOrBefore">733</I32>
      <I32 N="OldestActiveRecord">322</I32>
      <I32 N="OldestInactiveRecord">688</I32>
      <I32 N="NewestInactiveRecord">323</I32>
    </MS>
  </Obj>
  <Obj RefId="690">
    <TNRef RefId="0" />
    <MS>
      <I32 N="Day">691</I32>
      <I32 N="ActiveTableSize">3240</I32>
      <I32 N="InactiveTableSize">3660</I32>
      <I32 N="TotalRecords">6900</I32>
      <I32 N="PercentNotExpired">11</I32>
      <B N="TableSwapOccurred">false</B>
      <Nil N="TableSwapTrigger" />
      <I32 N="RowsCopied">0</I32>
      <I32 N="NextTableSwapOnOrBefore">733</I32>
      <I32 N="OldestActiveRecord">323</I32>
      <I32 N="OldestInactiveRecord">689</I32>
      <I32 N="NewestInactiveRecord">324</I32>
    </MS>
  </Obj>
  <Obj RefId="691">
    <TNRef RefId="0" />
    <MS>
      <I32 N="Day">692</I32>
      <I32 N="ActiveTableSize">3250</I32>
      <I32 N="InactiveTableSize">3660</I32>
      <I32 N="TotalRecords">6910</I32>
      <I32 N="PercentNotExpired">11</I32>
      <B N="TableSwapOccurred">false</B>
      <Nil N="TableSwapTrigger" />
      <I32 N="RowsCopied">0</I32>
      <I32 N="NextTableSwapOnOrBefore">733</I32>
      <I32 N="OldestActiveRecord">324</I32>
      <I32 N="OldestInactiveRecord">690</I32>
      <I32 N="NewestInactiveRecord">325</I32>
    </MS>
  </Obj>
  <Obj RefId="692">
    <TNRef RefId="0" />
    <MS>
      <I32 N="Day">693</I32>
      <I32 N="ActiveTableSize">3260</I32>
      <I32 N="InactiveTableSize">3660</I32>
      <I32 N="TotalRecords">6920</I32>
      <I32 N="PercentNotExpired">11</I32>
      <B N="TableSwapOccurred">false</B>
      <Nil N="TableSwapTrigger" />
      <I32 N="RowsCopied">0</I32>
      <I32 N="NextTableSwapOnOrBefore">733</I32>
      <I32 N="OldestActiveRecord">325</I32>
      <I32 N="OldestInactiveRecord">691</I32>
      <I32 N="NewestInactiveRecord">326</I32>
    </MS>
  </Obj>
  <Obj RefId="693">
    <TNRef RefId="0" />
    <MS>
      <I32 N="Day">694</I32>
      <I32 N="ActiveTableSize">3270</I32>
      <I32 N="InactiveTableSize">3660</I32>
      <I32 N="TotalRecords">6930</I32>
      <I32 N="PercentNotExpired">11</I32>
      <B N="TableSwapOccurred">false</B>
      <Nil N="TableSwapTrigger" />
      <I32 N="RowsCopied">0</I32>
      <I32 N="NextTableSwapOnOrBefore">733</I32>
      <I32 N="OldestActiveRecord">326</I32>
      <I32 N="OldestInactiveRecord">692</I32>
      <I32 N="NewestInactiveRecord">327</I32>
    </MS>
  </Obj>
  <Obj RefId="694">
    <TNRef RefId="0" />
    <MS>
      <I32 N="Day">695</I32>
      <I32 N="ActiveTableSize">3280</I32>
      <I32 N="InactiveTableSize">3660</I32>
      <I32 N="TotalRecords">6940</I32>
      <I32 N="PercentNotExpired">10</I32>
      <B N="TableSwapOccurred">false</B>
      <Nil N="TableSwapTrigger" />
      <I32 N="RowsCopied">0</I32>
      <I32 N="NextTableSwapOnOrBefore">733</I32>
      <I32 N="OldestActiveRecord">327</I32>
      <I32 N="OldestInactiveRecord">693</I32>
      <I32 N="NewestInactiveRecord">328</I32>
    </MS>
  </Obj>
  <Obj RefId="695">
    <TNRef RefId="0" />
    <MS>
      <I32 N="Day">696</I32>
      <I32 N="ActiveTableSize">3290</I32>
      <I32 N="InactiveTableSize">3660</I32>
      <I32 N="TotalRecords">6950</I32>
      <I32 N="PercentNotExpired">10</I32>
      <B N="TableSwapOccurred">false</B>
      <Nil N="TableSwapTrigger" />
      <I32 N="RowsCopied">0</I32>
      <I32 N="NextTableSwapOnOrBefore">733</I32>
      <I32 N="OldestActiveRecord">328</I32>
      <I32 N="OldestInactiveRecord">694</I32>
      <I32 N="NewestInactiveRecord">329</I32>
    </MS>
  </Obj>
  <Obj RefId="696">
    <TNRef RefId="0" />
    <MS>
      <I32 N="Day">697</I32>
      <I32 N="ActiveTableSize">3300</I32>
      <I32 N="InactiveTableSize">3660</I32>
      <I32 N="TotalRecords">6960</I32>
      <I32 N="PercentNotExpired">10</I32>
      <B N="TableSwapOccurred">false</B>
      <Nil N="TableSwapTrigger" />
      <I32 N="RowsCopied">0</I32>
      <I32 N="NextTableSwapOnOrBefore">733</I32>
      <I32 N="OldestActiveRecord">329</I32>
      <I32 N="OldestInactiveRecord">695</I32>
      <I32 N="NewestInactiveRecord">330</I32>
    </MS>
  </Obj>
  <Obj RefId="697">
    <TNRef RefId="0" />
    <MS>
      <I32 N="Day">698</I32>
      <I32 N="ActiveTableSize">3310</I32>
      <I32 N="InactiveTableSize">3660</I32>
      <I32 N="TotalRecords">6970</I32>
      <I32 N="PercentNotExpired">10</I32>
      <B N="TableSwapOccurred">false</B>
      <Nil N="TableSwapTrigger" />
      <I32 N="RowsCopied">0</I32>
      <I32 N="NextTableSwapOnOrBefore">733</I32>
      <I32 N="OldestActiveRecord">330</I32>
      <I32 N="OldestInactiveRecord">696</I32>
      <I32 N="NewestInactiveRecord">331</I32>
    </MS>
  </Obj>
  <Obj RefId="698">
    <TNRef RefId="0" />
    <MS>
      <I32 N="Day">699</I32>
      <I32 N="ActiveTableSize">3320</I32>
      <I32 N="InactiveTableSize">3660</I32>
      <I32 N="TotalRecords">6980</I32>
      <I32 N="PercentNotExpired">9</I32>
      <B N="TableSwapOccurred">false</B>
      <Nil N="TableSwapTrigger" />
      <I32 N="RowsCopied">0</I32>
      <I32 N="NextTableSwapOnOrBefore">733</I32>
      <I32 N="OldestActiveRecord">331</I32>
      <I32 N="OldestInactiveRecord">697</I32>
      <I32 N="NewestInactiveRecord">332</I32>
    </MS>
  </Obj>
  <Obj RefId="699">
    <TNRef RefId="0" />
    <MS>
      <I32 N="Day">700</I32>
      <I32 N="ActiveTableSize">3330</I32>
      <I32 N="InactiveTableSize">3660</I32>
      <I32 N="TotalRecords">6990</I32>
      <I32 N="PercentNotExpired">9</I32>
      <B N="TableSwapOccurred">false</B>
      <Nil N="TableSwapTrigger" />
      <I32 N="RowsCopied">0</I32>
      <I32 N="NextTableSwapOnOrBefore">733</I32>
      <I32 N="OldestActiveRecord">332</I32>
      <I32 N="OldestInactiveRecord">698</I32>
      <I32 N="NewestInactiveRecord">333</I32>
    </MS>
  </Obj>
  <Obj RefId="700">
    <TNRef RefId="0" />
    <MS>
      <I32 N="Day">701</I32>
      <I32 N="ActiveTableSize">3340</I32>
      <I32 N="InactiveTableSize">3660</I32>
      <I32 N="TotalRecords">7000</I32>
      <I32 N="PercentNotExpired">9</I32>
      <B N="TableSwapOccurred">false</B>
      <Nil N="TableSwapTrigger" />
      <I32 N="RowsCopied">0</I32>
      <I32 N="NextTableSwapOnOrBefore">733</I32>
      <I32 N="OldestActiveRecord">333</I32>
      <I32 N="OldestInactiveRecord">699</I32>
      <I32 N="NewestInactiveRecord">334</I32>
    </MS>
  </Obj>
  <Obj RefId="701">
    <TNRef RefId="0" />
    <MS>
      <I32 N="Day">702</I32>
      <I32 N="ActiveTableSize">3350</I32>
      <I32 N="InactiveTableSize">3660</I32>
      <I32 N="TotalRecords">7010</I32>
      <I32 N="PercentNotExpired">8</I32>
      <B N="TableSwapOccurred">false</B>
      <Nil N="TableSwapTrigger" />
      <I32 N="RowsCopied">0</I32>
      <I32 N="NextTableSwapOnOrBefore">733</I32>
      <I32 N="OldestActiveRecord">334</I32>
      <I32 N="OldestInactiveRecord">700</I32>
      <I32 N="NewestInactiveRecord">335</I32>
    </MS>
  </Obj>
  <Obj RefId="702">
    <TNRef RefId="0" />
    <MS>
      <I32 N="Day">703</I32>
      <I32 N="ActiveTableSize">3360</I32>
      <I32 N="InactiveTableSize">3660</I32>
      <I32 N="TotalRecords">7020</I32>
      <I32 N="PercentNotExpired">8</I32>
      <B N="TableSwapOccurred">false</B>
      <Nil N="TableSwapTrigger" />
      <I32 N="RowsCopied">0</I32>
      <I32 N="NextTableSwapOnOrBefore">733</I32>
      <I32 N="OldestActiveRecord">335</I32>
      <I32 N="OldestInactiveRecord">701</I32>
      <I32 N="NewestInactiveRecord">336</I32>
    </MS>
  </Obj>
  <Obj RefId="703">
    <TNRef RefId="0" />
    <MS>
      <I32 N="Day">704</I32>
      <I32 N="ActiveTableSize">3370</I32>
      <I32 N="InactiveTableSize">3660</I32>
      <I32 N="TotalRecords">7030</I32>
      <I32 N="PercentNotExpired">8</I32>
      <B N="TableSwapOccurred">false</B>
      <Nil N="TableSwapTrigger" />
      <I32 N="RowsCopied">0</I32>
      <I32 N="NextTableSwapOnOrBefore">733</I32>
      <I32 N="OldestActiveRecord">336</I32>
      <I32 N="OldestInactiveRecord">702</I32>
      <I32 N="NewestInactiveRecord">337</I32>
    </MS>
  </Obj>
  <Obj RefId="704">
    <TNRef RefId="0" />
    <MS>
      <I32 N="Day">705</I32>
      <I32 N="ActiveTableSize">3380</I32>
      <I32 N="InactiveTableSize">3660</I32>
      <I32 N="TotalRecords">7040</I32>
      <I32 N="PercentNotExpired">8</I32>
      <B N="TableSwapOccurred">false</B>
      <Nil N="TableSwapTrigger" />
      <I32 N="RowsCopied">0</I32>
      <I32 N="NextTableSwapOnOrBefore">733</I32>
      <I32 N="OldestActiveRecord">337</I32>
      <I32 N="OldestInactiveRecord">703</I32>
      <I32 N="NewestInactiveRecord">338</I32>
    </MS>
  </Obj>
  <Obj RefId="705">
    <TNRef RefId="0" />
    <MS>
      <I32 N="Day">706</I32>
      <I32 N="ActiveTableSize">3390</I32>
      <I32 N="InactiveTableSize">3660</I32>
      <I32 N="TotalRecords">7050</I32>
      <I32 N="PercentNotExpired">7</I32>
      <B N="TableSwapOccurred">false</B>
      <Nil N="TableSwapTrigger" />
      <I32 N="RowsCopied">0</I32>
      <I32 N="NextTableSwapOnOrBefore">733</I32>
      <I32 N="OldestActiveRecord">338</I32>
      <I32 N="OldestInactiveRecord">704</I32>
      <I32 N="NewestInactiveRecord">339</I32>
    </MS>
  </Obj>
  <Obj RefId="706">
    <TNRef RefId="0" />
    <MS>
      <I32 N="Day">707</I32>
      <I32 N="ActiveTableSize">3400</I32>
      <I32 N="InactiveTableSize">3660</I32>
      <I32 N="TotalRecords">7060</I32>
      <I32 N="PercentNotExpired">7</I32>
      <B N="TableSwapOccurred">false</B>
      <Nil N="TableSwapTrigger" />
      <I32 N="RowsCopied">0</I32>
      <I32 N="NextTableSwapOnOrBefore">733</I32>
      <I32 N="OldestActiveRecord">339</I32>
      <I32 N="OldestInactiveRecord">705</I32>
      <I32 N="NewestInactiveRecord">340</I32>
    </MS>
  </Obj>
  <Obj RefId="707">
    <TNRef RefId="0" />
    <MS>
      <I32 N="Day">708</I32>
      <I32 N="ActiveTableSize">3410</I32>
      <I32 N="InactiveTableSize">3660</I32>
      <I32 N="TotalRecords">7070</I32>
      <I32 N="PercentNotExpired">7</I32>
      <B N="TableSwapOccurred">false</B>
      <Nil N="TableSwapTrigger" />
      <I32 N="RowsCopied">0</I32>
      <I32 N="NextTableSwapOnOrBefore">733</I32>
      <I32 N="OldestActiveRecord">340</I32>
      <I32 N="OldestInactiveRecord">706</I32>
      <I32 N="NewestInactiveRecord">341</I32>
    </MS>
  </Obj>
  <Obj RefId="708">
    <TNRef RefId="0" />
    <MS>
      <I32 N="Day">709</I32>
      <I32 N="ActiveTableSize">3420</I32>
      <I32 N="InactiveTableSize">3660</I32>
      <I32 N="TotalRecords">7080</I32>
      <I32 N="PercentNotExpired">7</I32>
      <B N="TableSwapOccurred">false</B>
      <Nil N="TableSwapTrigger" />
      <I32 N="RowsCopied">0</I32>
      <I32 N="NextTableSwapOnOrBefore">733</I32>
      <I32 N="OldestActiveRecord">341</I32>
      <I32 N="OldestInactiveRecord">707</I32>
      <I32 N="NewestInactiveRecord">342</I32>
    </MS>
  </Obj>
  <Obj RefId="709">
    <TNRef RefId="0" />
    <MS>
      <I32 N="Day">710</I32>
      <I32 N="ActiveTableSize">3430</I32>
      <I32 N="InactiveTableSize">3660</I32>
      <I32 N="TotalRecords">7090</I32>
      <I32 N="PercentNotExpired">6</I32>
      <B N="TableSwapOccurred">false</B>
      <Nil N="TableSwapTrigger" />
      <I32 N="RowsCopied">0</I32>
      <I32 N="NextTableSwapOnOrBefore">733</I32>
      <I32 N="OldestActiveRecord">342</I32>
      <I32 N="OldestInactiveRecord">708</I32>
      <I32 N="NewestInactiveRecord">343</I32>
    </MS>
  </Obj>
  <Obj RefId="710">
    <TNRef RefId="0" />
    <MS>
      <I32 N="Day">711</I32>
      <I32 N="ActiveTableSize">3440</I32>
      <I32 N="InactiveTableSize">3660</I32>
      <I32 N="TotalRecords">7100</I32>
      <I32 N="PercentNotExpired">6</I32>
      <B N="TableSwapOccurred">false</B>
      <Nil N="TableSwapTrigger" />
      <I32 N="RowsCopied">0</I32>
      <I32 N="NextTableSwapOnOrBefore">733</I32>
      <I32 N="OldestActiveRecord">343</I32>
      <I32 N="OldestInactiveRecord">709</I32>
      <I32 N="NewestInactiveRecord">344</I32>
    </MS>
  </Obj>
  <Obj RefId="711">
    <TNRef RefId="0" />
    <MS>
      <I32 N="Day">712</I32>
      <I32 N="ActiveTableSize">3450</I32>
      <I32 N="InactiveTableSize">3660</I32>
      <I32 N="TotalRecords">7110</I32>
      <I32 N="PercentNotExpired">6</I32>
      <B N="TableSwapOccurred">false</B>
      <Nil N="TableSwapTrigger" />
      <I32 N="RowsCopied">0</I32>
      <I32 N="NextTableSwapOnOrBefore">733</I32>
      <I32 N="OldestActiveRecord">344</I32>
      <I32 N="OldestInactiveRecord">710</I32>
      <I32 N="NewestInactiveRecord">345</I32>
    </MS>
  </Obj>
  <Obj RefId="712">
    <TNRef RefId="0" />
    <MS>
      <I32 N="Day">713</I32>
      <I32 N="ActiveTableSize">3460</I32>
      <I32 N="InactiveTableSize">3660</I32>
      <I32 N="TotalRecords">7120</I32>
      <I32 N="PercentNotExpired">5</I32>
      <B N="TableSwapOccurred">false</B>
      <Nil N="TableSwapTrigger" />
      <I32 N="RowsCopied">0</I32>
      <I32 N="NextTableSwapOnOrBefore">733</I32>
      <I32 N="OldestActiveRecord">345</I32>
      <I32 N="OldestInactiveRecord">711</I32>
      <I32 N="NewestInactiveRecord">346</I32>
    </MS>
  </Obj>
  <Obj RefId="713">
    <TNRef RefId="0" />
    <MS>
      <I32 N="Day">714</I32>
      <I32 N="ActiveTableSize">3470</I32>
      <I32 N="InactiveTableSize">3660</I32>
      <I32 N="TotalRecords">7130</I32>
      <I32 N="PercentNotExpired">5</I32>
      <B N="TableSwapOccurred">false</B>
      <Nil N="TableSwapTrigger" />
      <I32 N="RowsCopied">0</I32>
      <I32 N="NextTableSwapOnOrBefore">733</I32>
      <I32 N="OldestActiveRecord">346</I32>
      <I32 N="OldestInactiveRecord">712</I32>
      <I32 N="NewestInactiveRecord">347</I32>
    </MS>
  </Obj>
  <Obj RefId="714">
    <TNRef RefId="0" />
    <MS>
      <I32 N="Day">715</I32>
      <I32 N="ActiveTableSize">3480</I32>
      <I32 N="InactiveTableSize">3660</I32>
      <I32 N="TotalRecords">7140</I32>
      <I32 N="PercentNotExpired">5</I32>
      <B N="TableSwapOccurred">false</B>
      <Nil N="TableSwapTrigger" />
      <I32 N="RowsCopied">0</I32>
      <I32 N="NextTableSwapOnOrBefore">733</I32>
      <I32 N="OldestActiveRecord">347</I32>
      <I32 N="OldestInactiveRecord">713</I32>
      <I32 N="NewestInactiveRecord">348</I32>
    </MS>
  </Obj>
  <Obj RefId="715">
    <TNRef RefId="0" />
    <MS>
      <I32 N="Day">716</I32>
      <I32 N="ActiveTableSize">3490</I32>
      <I32 N="InactiveTableSize">3660</I32>
      <I32 N="TotalRecords">7150</I32>
      <I32 N="PercentNotExpired">5</I32>
      <B N="TableSwapOccurred">false</B>
      <Nil N="TableSwapTrigger" />
      <I32 N="RowsCopied">0</I32>
      <I32 N="NextTableSwapOnOrBefore">733</I32>
      <I32 N="OldestActiveRecord">348</I32>
      <I32 N="OldestInactiveRecord">714</I32>
      <I32 N="NewestInactiveRecord">349</I32>
    </MS>
  </Obj>
  <Obj RefId="716">
    <TNRef RefId="0" />
    <MS>
      <I32 N="Day">717</I32>
      <I32 N="ActiveTableSize">3500</I32>
      <I32 N="InactiveTableSize">3660</I32>
      <I32 N="TotalRecords">7160</I32>
      <I32 N="PercentNotExpired">4</I32>
      <B N="TableSwapOccurred">false</B>
      <Nil N="TableSwapTrigger" />
      <I32 N="RowsCopied">0</I32>
      <I32 N="NextTableSwapOnOrBefore">733</I32>
      <I32 N="OldestActiveRecord">349</I32>
      <I32 N="OldestInactiveRecord">715</I32>
      <I32 N="NewestInactiveRecord">350</I32>
    </MS>
  </Obj>
  <Obj RefId="717">
    <TNRef RefId="0" />
    <MS>
      <I32 N="Day">718</I32>
      <I32 N="ActiveTableSize">3510</I32>
      <I32 N="InactiveTableSize">3660</I32>
      <I32 N="TotalRecords">7170</I32>
      <I32 N="PercentNotExpired">4</I32>
      <B N="TableSwapOccurred">false</B>
      <Nil N="TableSwapTrigger" />
      <I32 N="RowsCopied">0</I32>
      <I32 N="NextTableSwapOnOrBefore">733</I32>
      <I32 N="OldestActiveRecord">350</I32>
      <I32 N="OldestInactiveRecord">716</I32>
      <I32 N="NewestInactiveRecord">351</I32>
    </MS>
  </Obj>
  <Obj RefId="718">
    <TNRef RefId="0" />
    <MS>
      <I32 N="Day">719</I32>
      <I32 N="ActiveTableSize">3520</I32>
      <I32 N="InactiveTableSize">3660</I32>
      <I32 N="TotalRecords">7180</I32>
      <I32 N="PercentNotExpired">4</I32>
      <B N="TableSwapOccurred">false</B>
      <Nil N="TableSwapTrigger" />
      <I32 N="RowsCopied">0</I32>
      <I32 N="NextTableSwapOnOrBefore">733</I32>
      <I32 N="OldestActiveRecord">351</I32>
      <I32 N="OldestInactiveRecord">717</I32>
      <I32 N="NewestInactiveRecord">352</I32>
    </MS>
  </Obj>
  <Obj RefId="719">
    <TNRef RefId="0" />
    <MS>
      <I32 N="Day">720</I32>
      <I32 N="ActiveTableSize">3530</I32>
      <I32 N="InactiveTableSize">3660</I32>
      <I32 N="TotalRecords">7190</I32>
      <I32 N="PercentNotExpired">4</I32>
      <B N="TableSwapOccurred">false</B>
      <Nil N="TableSwapTrigger" />
      <I32 N="RowsCopied">0</I32>
      <I32 N="NextTableSwapOnOrBefore">733</I32>
      <I32 N="OldestActiveRecord">352</I32>
      <I32 N="OldestInactiveRecord">718</I32>
      <I32 N="NewestInactiveRecord">353</I32>
    </MS>
  </Obj>
  <Obj RefId="720">
    <TNRef RefId="0" />
    <MS>
      <I32 N="Day">721</I32>
      <I32 N="ActiveTableSize">3540</I32>
      <I32 N="InactiveTableSize">3660</I32>
      <I32 N="TotalRecords">7200</I32>
      <I32 N="PercentNotExpired">3</I32>
      <B N="TableSwapOccurred">false</B>
      <Nil N="TableSwapTrigger" />
      <I32 N="RowsCopied">0</I32>
      <I32 N="NextTableSwapOnOrBefore">733</I32>
      <I32 N="OldestActiveRecord">353</I32>
      <I32 N="OldestInactiveRecord">719</I32>
      <I32 N="NewestInactiveRecord">354</I32>
    </MS>
  </Obj>
  <Obj RefId="721">
    <TNRef RefId="0" />
    <MS>
      <I32 N="Day">722</I32>
      <I32 N="ActiveTableSize">3550</I32>
      <I32 N="InactiveTableSize">3660</I32>
      <I32 N="TotalRecords">7210</I32>
      <I32 N="PercentNotExpired">3</I32>
      <B N="TableSwapOccurred">false</B>
      <Nil N="TableSwapTrigger" />
      <I32 N="RowsCopied">0</I32>
      <I32 N="NextTableSwapOnOrBefore">733</I32>
      <I32 N="OldestActiveRecord">354</I32>
      <I32 N="OldestInactiveRecord">720</I32>
      <I32 N="NewestInactiveRecord">355</I32>
    </MS>
  </Obj>
  <Obj RefId="722">
    <TNRef RefId="0" />
    <MS>
      <I32 N="Day">723</I32>
      <I32 N="ActiveTableSize">3560</I32>
      <I32 N="InactiveTableSize">3660</I32>
      <I32 N="TotalRecords">7220</I32>
      <I32 N="PercentNotExpired">3</I32>
      <B N="TableSwapOccurred">false</B>
      <Nil N="TableSwapTrigger" />
      <I32 N="RowsCopied">0</I32>
      <I32 N="NextTableSwapOnOrBefore">733</I32>
      <I32 N="OldestActiveRecord">355</I32>
      <I32 N="OldestInactiveRecord">721</I32>
      <I32 N="NewestInactiveRecord">356</I32>
    </MS>
  </Obj>
  <Obj RefId="723">
    <TNRef RefId="0" />
    <MS>
      <I32 N="Day">724</I32>
      <I32 N="ActiveTableSize">3570</I32>
      <I32 N="InactiveTableSize">3660</I32>
      <I32 N="TotalRecords">7230</I32>
      <I32 N="PercentNotExpired">2</I32>
      <B N="TableSwapOccurred">false</B>
      <Nil N="TableSwapTrigger" />
      <I32 N="RowsCopied">0</I32>
      <I32 N="NextTableSwapOnOrBefore">733</I32>
      <I32 N="OldestActiveRecord">356</I32>
      <I32 N="OldestInactiveRecord">722</I32>
      <I32 N="NewestInactiveRecord">357</I32>
    </MS>
  </Obj>
  <Obj RefId="724">
    <TNRef RefId="0" />
    <MS>
      <I32 N="Day">725</I32>
      <I32 N="ActiveTableSize">3580</I32>
      <I32 N="InactiveTableSize">3660</I32>
      <I32 N="TotalRecords">7240</I32>
      <I32 N="PercentNotExpired">2</I32>
      <B N="TableSwapOccurred">false</B>
      <Nil N="TableSwapTrigger" />
      <I32 N="RowsCopied">0</I32>
      <I32 N="NextTableSwapOnOrBefore">733</I32>
      <I32 N="OldestActiveRecord">357</I32>
      <I32 N="OldestInactiveRecord">723</I32>
      <I32 N="NewestInactiveRecord">358</I32>
    </MS>
  </Obj>
  <Obj RefId="725">
    <TNRef RefId="0" />
    <MS>
      <I32 N="Day">726</I32>
      <I32 N="ActiveTableSize">3590</I32>
      <I32 N="InactiveTableSize">3660</I32>
      <I32 N="TotalRecords">7250</I32>
      <I32 N="PercentNotExpired">2</I32>
      <B N="TableSwapOccurred">false</B>
      <Nil N="TableSwapTrigger" />
      <I32 N="RowsCopied">0</I32>
      <I32 N="NextTableSwapOnOrBefore">733</I32>
      <I32 N="OldestActiveRecord">358</I32>
      <I32 N="OldestInactiveRecord">724</I32>
      <I32 N="NewestInactiveRecord">359</I32>
    </MS>
  </Obj>
  <Obj RefId="726">
    <TNRef RefId="0" />
    <MS>
      <I32 N="Day">727</I32>
      <I32 N="ActiveTableSize">3600</I32>
      <I32 N="InactiveTableSize">3660</I32>
      <I32 N="TotalRecords">7260</I32>
      <I32 N="PercentNotExpired">2</I32>
      <B N="TableSwapOccurred">false</B>
      <Nil N="TableSwapTrigger" />
      <I32 N="RowsCopied">0</I32>
      <I32 N="NextTableSwapOnOrBefore">733</I32>
      <I32 N="OldestActiveRecord">359</I32>
      <I32 N="OldestInactiveRecord">725</I32>
      <I32 N="NewestInactiveRecord">360</I32>
    </MS>
  </Obj>
  <Obj RefId="727">
    <TNRef RefId="0" />
    <MS>
      <I32 N="Day">728</I32>
      <I32 N="ActiveTableSize">40</I32>
      <I32 N="InactiveTableSize">3610</I32>
      <I32 N="TotalRecords">3650</I32>
      <I32 N="PercentNotExpired">1</I32>
      <B N="TableSwapOccurred">true</B>
      <S N="TableSwapTrigger">LogDeleteThreshold</S>
      <I32 N="RowsCopied">40</I32>
      <I32 N="NextTableSwapOnOrBefore">1094</I32>
      <I32 N="OldestActiveRecord">364</I32>
      <I32 N="OldestInactiveRecord">360</I32>
      <I32 N="NewestInactiveRecord">0</I32>
    </MS>
  </Obj>
  <Obj RefId="728">
    <TNRef RefId="0" />
    <MS>
      <I32 N="Day">729</I32>
      <I32 N="ActiveTableSize">50</I32>
      <I32 N="InactiveTableSize">3610</I32>
      <I32 N="TotalRecords">3660</I32>
      <I32 N="PercentNotExpired">100</I32>
      <B N="TableSwapOccurred">false</B>
      <Nil N="TableSwapTrigger" />
      <I32 N="RowsCopied">0</I32>
      <I32 N="NextTableSwapOnOrBefore">1094</I32>
      <I32 N="OldestActiveRecord">365</I32>
      <I32 N="OldestInactiveRecord">361</I32>
      <I32 N="NewestInactiveRecord">1</I32>
    </MS>
  </Obj>
  <Obj RefId="729">
    <TNRef RefId="0" />
    <MS>
      <I32 N="Day">730</I32>
      <I32 N="ActiveTableSize">60</I32>
      <I32 N="InactiveTableSize">3610</I32>
      <I32 N="TotalRecords">3670</I32>
      <I32 N="PercentNotExpired">100</I32>
      <B N="TableSwapOccurred">false</B>
      <Nil N="TableSwapTrigger" />
      <I32 N="RowsCopied">0</I32>
      <I32 N="NextTableSwapOnOrBefore">1094</I32>
      <I32 N="OldestActiveRecord">366</I32>
      <I32 N="OldestInactiveRecord">362</I32>
      <I32 N="NewestInactiveRecord">2</I32>
    </MS>
  </Obj>
  <Obj RefId="730">
    <TNRef RefId="0" />
    <MS>
      <I32 N="Day">731</I32>
      <I32 N="ActiveTableSize">70</I32>
      <I32 N="InactiveTableSize">3610</I32>
      <I32 N="TotalRecords">3680</I32>
      <I32 N="PercentNotExpired">100</I32>
      <B N="TableSwapOccurred">false</B>
      <Nil N="TableSwapTrigger" />
      <I32 N="RowsCopied">0</I32>
      <I32 N="NextTableSwapOnOrBefore">1094</I32>
      <I32 N="OldestActiveRecord">367</I32>
      <I32 N="OldestInactiveRecord">363</I32>
      <I32 N="NewestInactiveRecord">3</I32>
    </MS>
  </Obj>
  <Obj RefId="731">
    <TNRef RefId="0" />
    <MS>
      <I32 N="Day">732</I32>
      <I32 N="ActiveTableSize">80</I32>
      <I32 N="InactiveTableSize">3610</I32>
      <I32 N="TotalRecords">3690</I32>
      <I32 N="PercentNotExpired">100</I32>
      <B N="TableSwapOccurred">false</B>
      <Nil N="TableSwapTrigger" />
      <I32 N="RowsCopied">0</I32>
      <I32 N="NextTableSwapOnOrBefore">1094</I32>
      <I32 N="OldestActiveRecord">368</I32>
      <I32 N="OldestInactiveRecord">364</I32>
      <I32 N="NewestInactiveRecord">4</I32>
    </MS>
  </Obj>
  <Obj RefId="732">
    <TNRef RefId="0" />
    <MS>
      <I32 N="Day">733</I32>
      <I32 N="ActiveTableSize">90</I32>
      <I32 N="InactiveTableSize">3610</I32>
      <I32 N="TotalRecords">3700</I32>
      <I32 N="PercentNotExpired">100</I32>
      <B N="TableSwapOccurred">false</B>
      <Nil N="TableSwapTrigger" />
      <I32 N="RowsCopied">0</I32>
      <I32 N="NextTableSwapOnOrBefore">1094</I32>
      <I32 N="OldestActiveRecord">369</I32>
      <I32 N="OldestInactiveRecord">365</I32>
      <I32 N="NewestInactiveRecord">5</I32>
    </MS>
  </Obj>
  <Obj RefId="733">
    <TNRef RefId="0" />
    <MS>
      <I32 N="Day">734</I32>
      <I32 N="ActiveTableSize">100</I32>
      <I32 N="InactiveTableSize">3610</I32>
      <I32 N="TotalRecords">3710</I32>
      <I32 N="PercentNotExpired">100</I32>
      <B N="TableSwapOccurred">false</B>
      <Nil N="TableSwapTrigger" />
      <I32 N="RowsCopied">0</I32>
      <I32 N="NextTableSwapOnOrBefore">1094</I32>
      <I32 N="OldestActiveRecord">370</I32>
      <I32 N="OldestInactiveRecord">366</I32>
      <I32 N="NewestInactiveRecord">6</I32>
    </MS>
  </Obj>
  <Obj RefId="734">
    <TNRef RefId="0" />
    <MS>
      <I32 N="Day">735</I32>
      <I32 N="ActiveTableSize">110</I32>
      <I32 N="InactiveTableSize">3610</I32>
      <I32 N="TotalRecords">3720</I32>
      <I32 N="PercentNotExpired">99</I32>
      <B N="TableSwapOccurred">false</B>
      <Nil N="TableSwapTrigger" />
      <I32 N="RowsCopied">0</I32>
      <I32 N="NextTableSwapOnOrBefore">1094</I32>
      <I32 N="OldestActiveRecord">371</I32>
      <I32 N="OldestInactiveRecord">367</I32>
      <I32 N="NewestInactiveRecord">7</I32>
    </MS>
  </Obj>
  <Obj RefId="735">
    <TNRef RefId="0" />
    <MS>
      <I32 N="Day">736</I32>
      <I32 N="ActiveTableSize">120</I32>
      <I32 N="InactiveTableSize">3610</I32>
      <I32 N="TotalRecords">3730</I32>
      <I32 N="PercentNotExpired">99</I32>
      <B N="TableSwapOccurred">false</B>
      <Nil N="TableSwapTrigger" />
      <I32 N="RowsCopied">0</I32>
      <I32 N="NextTableSwapOnOrBefore">1094</I32>
      <I32 N="OldestActiveRecord">372</I32>
      <I32 N="OldestInactiveRecord">368</I32>
      <I32 N="NewestInactiveRecord">8</I32>
    </MS>
  </Obj>
  <Obj RefId="736">
    <TNRef RefId="0" />
    <MS>
      <I32 N="Day">737</I32>
      <I32 N="ActiveTableSize">130</I32>
      <I32 N="InactiveTableSize">3610</I32>
      <I32 N="TotalRecords">3740</I32>
      <I32 N="PercentNotExpired">99</I32>
      <B N="TableSwapOccurred">false</B>
      <Nil N="TableSwapTrigger" />
      <I32 N="RowsCopied">0</I32>
      <I32 N="NextTableSwapOnOrBefore">1094</I32>
      <I32 N="OldestActiveRecord">373</I32>
      <I32 N="OldestInactiveRecord">369</I32>
      <I32 N="NewestInactiveRecord">9</I32>
    </MS>
  </Obj>
  <Obj RefId="737">
    <TNRef RefId="0" />
    <MS>
      <I32 N="Day">738</I32>
      <I32 N="ActiveTableSize">140</I32>
      <I32 N="InactiveTableSize">3610</I32>
      <I32 N="TotalRecords">3750</I32>
      <I32 N="PercentNotExpired">99</I32>
      <B N="TableSwapOccurred">false</B>
      <Nil N="TableSwapTrigger" />
      <I32 N="RowsCopied">0</I32>
      <I32 N="NextTableSwapOnOrBefore">1094</I32>
      <I32 N="OldestActiveRecord">374</I32>
      <I32 N="OldestInactiveRecord">370</I32>
      <I32 N="NewestInactiveRecord">10</I32>
    </MS>
  </Obj>
  <Obj RefId="738">
    <TNRef RefId="0" />
    <MS>
      <I32 N="Day">739</I32>
      <I32 N="ActiveTableSize">150</I32>
      <I32 N="InactiveTableSize">3610</I32>
      <I32 N="TotalRecords">3760</I32>
      <I32 N="PercentNotExpired">98</I32>
      <B N="TableSwapOccurred">false</B>
      <Nil N="TableSwapTrigger" />
      <I32 N="RowsCopied">0</I32>
      <I32 N="NextTableSwapOnOrBefore">1094</I32>
      <I32 N="OldestActiveRecord">375</I32>
      <I32 N="OldestInactiveRecord">371</I32>
      <I32 N="NewestInactiveRecord">11</I32>
    </MS>
  </Obj>
  <Obj RefId="739">
    <TNRef RefId="0" />
    <MS>
      <I32 N="Day">740</I32>
      <I32 N="ActiveTableSize">160</I32>
      <I32 N="InactiveTableSize">3610</I32>
      <I32 N="TotalRecords">3770</I32>
      <I32 N="PercentNotExpired">98</I32>
      <B N="TableSwapOccurred">false</B>
      <Nil N="TableSwapTrigger" />
      <I32 N="RowsCopied">0</I32>
      <I32 N="NextTableSwapOnOrBefore">1094</I32>
      <I32 N="OldestActiveRecord">376</I32>
      <I32 N="OldestInactiveRecord">372</I32>
      <I32 N="NewestInactiveRecord">12</I32>
    </MS>
  </Obj>
  <Obj RefId="740">
    <TNRef RefId="0" />
    <MS>
      <I32 N="Day">741</I32>
      <I32 N="ActiveTableSize">170</I32>
      <I32 N="InactiveTableSize">3610</I32>
      <I32 N="TotalRecords">3780</I32>
      <I32 N="PercentNotExpired">98</I32>
      <B N="TableSwapOccurred">false</B>
      <Nil N="TableSwapTrigger" />
      <I32 N="RowsCopied">0</I32>
      <I32 N="NextTableSwapOnOrBefore">1094</I32>
      <I32 N="OldestActiveRecord">377</I32>
      <I32 N="OldestInactiveRecord">373</I32>
      <I32 N="NewestInactiveRecord">13</I32>
    </MS>
  </Obj>
  <Obj RefId="741">
    <TNRef RefId="0" />
    <MS>
      <I32 N="Day">742</I32>
      <I32 N="ActiveTableSize">180</I32>
      <I32 N="InactiveTableSize">3610</I32>
      <I32 N="TotalRecords">3790</I32>
      <I32 N="PercentNotExpired">98</I32>
      <B N="TableSwapOccurred">false</B>
      <Nil N="TableSwapTrigger" />
      <I32 N="RowsCopied">0</I32>
      <I32 N="NextTableSwapOnOrBefore">1094</I32>
      <I32 N="OldestActiveRecord">378</I32>
      <I32 N="OldestInactiveRecord">374</I32>
      <I32 N="NewestInactiveRecord">14</I32>
    </MS>
  </Obj>
  <Obj RefId="742">
    <TNRef RefId="0" />
    <MS>
      <I32 N="Day">743</I32>
      <I32 N="ActiveTableSize">190</I32>
      <I32 N="InactiveTableSize">3610</I32>
      <I32 N="TotalRecords">3800</I32>
      <I32 N="PercentNotExpired">97</I32>
      <B N="TableSwapOccurred">false</B>
      <Nil N="TableSwapTrigger" />
      <I32 N="RowsCopied">0</I32>
      <I32 N="NextTableSwapOnOrBefore">1094</I32>
      <I32 N="OldestActiveRecord">379</I32>
      <I32 N="OldestInactiveRecord">375</I32>
      <I32 N="NewestInactiveRecord">15</I32>
    </MS>
  </Obj>
  <Obj RefId="743">
    <TNRef RefId="0" />
    <MS>
      <I32 N="Day">744</I32>
      <I32 N="ActiveTableSize">200</I32>
      <I32 N="InactiveTableSize">3610</I32>
      <I32 N="TotalRecords">3810</I32>
      <I32 N="PercentNotExpired">97</I32>
      <B N="TableSwapOccurred">false</B>
      <Nil N="TableSwapTrigger" />
      <I32 N="RowsCopied">0</I32>
      <I32 N="NextTableSwapOnOrBefore">1094</I32>
      <I32 N="OldestActiveRecord">380</I32>
      <I32 N="OldestInactiveRecord">376</I32>
      <I32 N="NewestInactiveRecord">16</I32>
    </MS>
  </Obj>
  <Obj RefId="744">
    <TNRef RefId="0" />
    <MS>
      <I32 N="Day">745</I32>
      <I32 N="ActiveTableSize">210</I32>
      <I32 N="InactiveTableSize">3610</I32>
      <I32 N="TotalRecords">3820</I32>
      <I32 N="PercentNotExpired">97</I32>
      <B N="TableSwapOccurred">false</B>
      <Nil N="TableSwapTrigger" />
      <I32 N="RowsCopied">0</I32>
      <I32 N="NextTableSwapOnOrBefore">1094</I32>
      <I32 N="OldestActiveRecord">381</I32>
      <I32 N="OldestInactiveRecord">377</I32>
      <I32 N="NewestInactiveRecord">17</I32>
    </MS>
  </Obj>
  <Obj RefId="745">
    <TNRef RefId="0" />
    <MS>
      <I32 N="Day">746</I32>
      <I32 N="ActiveTableSize">220</I32>
      <I32 N="InactiveTableSize">3610</I32>
      <I32 N="TotalRecords">3830</I32>
      <I32 N="PercentNotExpired">96</I32>
      <B N="TableSwapOccurred">false</B>
      <Nil N="TableSwapTrigger" />
      <I32 N="RowsCopied">0</I32>
      <I32 N="NextTableSwapOnOrBefore">1094</I32>
      <I32 N="OldestActiveRecord">382</I32>
      <I32 N="OldestInactiveRecord">378</I32>
      <I32 N="NewestInactiveRecord">18</I32>
    </MS>
  </Obj>
  <Obj RefId="746">
    <TNRef RefId="0" />
    <MS>
      <I32 N="Day">747</I32>
      <I32 N="ActiveTableSize">230</I32>
      <I32 N="InactiveTableSize">3610</I32>
      <I32 N="TotalRecords">3840</I32>
      <I32 N="PercentNotExpired">96</I32>
      <B N="TableSwapOccurred">false</B>
      <Nil N="TableSwapTrigger" />
      <I32 N="RowsCopied">0</I32>
      <I32 N="NextTableSwapOnOrBefore">1094</I32>
      <I32 N="OldestActiveRecord">383</I32>
      <I32 N="OldestInactiveRecord">379</I32>
      <I32 N="NewestInactiveRecord">19</I32>
    </MS>
  </Obj>
  <Obj RefId="747">
    <TNRef RefId="0" />
    <MS>
      <I32 N="Day">748</I32>
      <I32 N="ActiveTableSize">240</I32>
      <I32 N="InactiveTableSize">3610</I32>
      <I32 N="TotalRecords">3850</I32>
      <I32 N="PercentNotExpired">96</I32>
      <B N="TableSwapOccurred">false</B>
      <Nil N="TableSwapTrigger" />
      <I32 N="RowsCopied">0</I32>
      <I32 N="NextTableSwapOnOrBefore">1094</I32>
      <I32 N="OldestActiveRecord">384</I32>
      <I32 N="OldestInactiveRecord">380</I32>
      <I32 N="NewestInactiveRecord">20</I32>
    </MS>
  </Obj>
  <Obj RefId="748">
    <TNRef RefId="0" />
    <MS>
      <I32 N="Day">749</I32>
      <I32 N="ActiveTableSize">250</I32>
      <I32 N="InactiveTableSize">3610</I32>
      <I32 N="TotalRecords">3860</I32>
      <I32 N="PercentNotExpired">96</I32>
      <B N="TableSwapOccurred">false</B>
      <Nil N="TableSwapTrigger" />
      <I32 N="RowsCopied">0</I32>
      <I32 N="NextTableSwapOnOrBefore">1094</I32>
      <I32 N="OldestActiveRecord">385</I32>
      <I32 N="OldestInactiveRecord">381</I32>
      <I32 N="NewestInactiveRecord">21</I32>
    </MS>
  </Obj>
  <Obj RefId="749">
    <TNRef RefId="0" />
    <MS>
      <I32 N="Day">750</I32>
      <I32 N="ActiveTableSize">260</I32>
      <I32 N="InactiveTableSize">3610</I32>
      <I32 N="TotalRecords">3870</I32>
      <I32 N="PercentNotExpired">95</I32>
      <B N="TableSwapOccurred">false</B>
      <Nil N="TableSwapTrigger" />
      <I32 N="RowsCopied">0</I32>
      <I32 N="NextTableSwapOnOrBefore">1094</I32>
      <I32 N="OldestActiveRecord">386</I32>
      <I32 N="OldestInactiveRecord">382</I32>
      <I32 N="NewestInactiveRecord">22</I32>
    </MS>
  </Obj>
  <Obj RefId="750">
    <TNRef RefId="0" />
    <MS>
      <I32 N="Day">751</I32>
      <I32 N="ActiveTableSize">270</I32>
      <I32 N="InactiveTableSize">3610</I32>
      <I32 N="TotalRecords">3880</I32>
      <I32 N="PercentNotExpired">95</I32>
      <B N="TableSwapOccurred">false</B>
      <Nil N="TableSwapTrigger" />
      <I32 N="RowsCopied">0</I32>
      <I32 N="NextTableSwapOnOrBefore">1094</I32>
      <I32 N="OldestActiveRecord">387</I32>
      <I32 N="OldestInactiveRecord">383</I32>
      <I32 N="NewestInactiveRecord">23</I32>
    </MS>
  </Obj>
  <Obj RefId="751">
    <TNRef RefId="0" />
    <MS>
      <I32 N="Day">752</I32>
      <I32 N="ActiveTableSize">280</I32>
      <I32 N="InactiveTableSize">3610</I32>
      <I32 N="TotalRecords">3890</I32>
      <I32 N="PercentNotExpired">95</I32>
      <B N="TableSwapOccurred">false</B>
      <Nil N="TableSwapTrigger" />
      <I32 N="RowsCopied">0</I32>
      <I32 N="NextTableSwapOnOrBefore">1094</I32>
      <I32 N="OldestActiveRecord">388</I32>
      <I32 N="OldestInactiveRecord">384</I32>
      <I32 N="NewestInactiveRecord">24</I32>
    </MS>
  </Obj>
  <Obj RefId="752">
    <TNRef RefId="0" />
    <MS>
      <I32 N="Day">753</I32>
      <I32 N="ActiveTableSize">290</I32>
      <I32 N="InactiveTableSize">3610</I32>
      <I32 N="TotalRecords">3900</I32>
      <I32 N="PercentNotExpired">94</I32>
      <B N="TableSwapOccurred">false</B>
      <Nil N="TableSwapTrigger" />
      <I32 N="RowsCopied">0</I32>
      <I32 N="NextTableSwapOnOrBefore">1094</I32>
      <I32 N="OldestActiveRecord">389</I32>
      <I32 N="OldestInactiveRecord">385</I32>
      <I32 N="NewestInactiveRecord">25</I32>
    </MS>
  </Obj>
  <Obj RefId="753">
    <TNRef RefId="0" />
    <MS>
      <I32 N="Day">754</I32>
      <I32 N="ActiveTableSize">300</I32>
      <I32 N="InactiveTableSize">3610</I32>
      <I32 N="TotalRecords">3910</I32>
      <I32 N="PercentNotExpired">94</I32>
      <B N="TableSwapOccurred">false</B>
      <Nil N="TableSwapTrigger" />
      <I32 N="RowsCopied">0</I32>
      <I32 N="NextTableSwapOnOrBefore">1094</I32>
      <I32 N="OldestActiveRecord">390</I32>
      <I32 N="OldestInactiveRecord">386</I32>
      <I32 N="NewestInactiveRecord">26</I32>
    </MS>
  </Obj>
  <Obj RefId="754">
    <TNRef RefId="0" />
    <MS>
      <I32 N="Day">755</I32>
      <I32 N="ActiveTableSize">310</I32>
      <I32 N="InactiveTableSize">3610</I32>
      <I32 N="TotalRecords">3920</I32>
      <I32 N="PercentNotExpired">94</I32>
      <B N="TableSwapOccurred">false</B>
      <Nil N="TableSwapTrigger" />
      <I32 N="RowsCopied">0</I32>
      <I32 N="NextTableSwapOnOrBefore">1094</I32>
      <I32 N="OldestActiveRecord">391</I32>
      <I32 N="OldestInactiveRecord">387</I32>
      <I32 N="NewestInactiveRecord">27</I32>
    </MS>
  </Obj>
  <Obj RefId="755">
    <TNRef RefId="0" />
    <MS>
      <I32 N="Day">756</I32>
      <I32 N="ActiveTableSize">320</I32>
      <I32 N="InactiveTableSize">3610</I32>
      <I32 N="TotalRecords">3930</I32>
      <I32 N="PercentNotExpired">94</I32>
      <B N="TableSwapOccurred">false</B>
      <Nil N="TableSwapTrigger" />
      <I32 N="RowsCopied">0</I32>
      <I32 N="NextTableSwapOnOrBefore">1094</I32>
      <I32 N="OldestActiveRecord">392</I32>
      <I32 N="OldestInactiveRecord">388</I32>
      <I32 N="NewestInactiveRecord">28</I32>
    </MS>
  </Obj>
  <Obj RefId="756">
    <TNRef RefId="0" />
    <MS>
      <I32 N="Day">757</I32>
      <I32 N="ActiveTableSize">330</I32>
      <I32 N="InactiveTableSize">3610</I32>
      <I32 N="TotalRecords">3940</I32>
      <I32 N="PercentNotExpired">93</I32>
      <B N="TableSwapOccurred">false</B>
      <Nil N="TableSwapTrigger" />
      <I32 N="RowsCopied">0</I32>
      <I32 N="NextTableSwapOnOrBefore">1094</I32>
      <I32 N="OldestActiveRecord">393</I32>
      <I32 N="OldestInactiveRecord">389</I32>
      <I32 N="NewestInactiveRecord">29</I32>
    </MS>
  </Obj>
  <Obj RefId="757">
    <TNRef RefId="0" />
    <MS>
      <I32 N="Day">758</I32>
      <I32 N="ActiveTableSize">340</I32>
      <I32 N="InactiveTableSize">3610</I32>
      <I32 N="TotalRecords">3950</I32>
      <I32 N="PercentNotExpired">93</I32>
      <B N="TableSwapOccurred">false</B>
      <Nil N="TableSwapTrigger" />
      <I32 N="RowsCopied">0</I32>
      <I32 N="NextTableSwapOnOrBefore">1094</I32>
      <I32 N="OldestActiveRecord">394</I32>
      <I32 N="OldestInactiveRecord">390</I32>
      <I32 N="NewestInactiveRecord">30</I32>
    </MS>
  </Obj>
  <Obj RefId="758">
    <TNRef RefId="0" />
    <MS>
      <I32 N="Day">759</I32>
      <I32 N="ActiveTableSize">350</I32>
      <I32 N="InactiveTableSize">3610</I32>
      <I32 N="TotalRecords">3960</I32>
      <I32 N="PercentNotExpired">93</I32>
      <B N="TableSwapOccurred">false</B>
      <Nil N="TableSwapTrigger" />
      <I32 N="RowsCopied">0</I32>
      <I32 N="NextTableSwapOnOrBefore">1094</I32>
      <I32 N="OldestActiveRecord">395</I32>
      <I32 N="OldestInactiveRecord">391</I32>
      <I32 N="NewestInactiveRecord">31</I32>
    </MS>
  </Obj>
  <Obj RefId="759">
    <TNRef RefId="0" />
    <MS>
      <I32 N="Day">760</I32>
      <I32 N="ActiveTableSize">360</I32>
      <I32 N="InactiveTableSize">3610</I32>
      <I32 N="TotalRecords">3970</I32>
      <I32 N="PercentNotExpired">93</I32>
      <B N="TableSwapOccurred">false</B>
      <Nil N="TableSwapTrigger" />
      <I32 N="RowsCopied">0</I32>
      <I32 N="NextTableSwapOnOrBefore">1094</I32>
      <I32 N="OldestActiveRecord">396</I32>
      <I32 N="OldestInactiveRecord">392</I32>
      <I32 N="NewestInactiveRecord">32</I32>
    </MS>
  </Obj>
  <Obj RefId="760">
    <TNRef RefId="0" />
    <MS>
      <I32 N="Day">761</I32>
      <I32 N="ActiveTableSize">370</I32>
      <I32 N="InactiveTableSize">3610</I32>
      <I32 N="TotalRecords">3980</I32>
      <I32 N="PercentNotExpired">92</I32>
      <B N="TableSwapOccurred">false</B>
      <Nil N="TableSwapTrigger" />
      <I32 N="RowsCopied">0</I32>
      <I32 N="NextTableSwapOnOrBefore">1094</I32>
      <I32 N="OldestActiveRecord">397</I32>
      <I32 N="OldestInactiveRecord">393</I32>
      <I32 N="NewestInactiveRecord">33</I32>
    </MS>
  </Obj>
  <Obj RefId="761">
    <TNRef RefId="0" />
    <MS>
      <I32 N="Day">762</I32>
      <I32 N="ActiveTableSize">380</I32>
      <I32 N="InactiveTableSize">3610</I32>
      <I32 N="TotalRecords">3990</I32>
      <I32 N="PercentNotExpired">92</I32>
      <B N="TableSwapOccurred">false</B>
      <Nil N="TableSwapTrigger" />
      <I32 N="RowsCopied">0</I32>
      <I32 N="NextTableSwapOnOrBefore">1094</I32>
      <I32 N="OldestActiveRecord">398</I32>
      <I32 N="OldestInactiveRecord">394</I32>
      <I32 N="NewestInactiveRecord">34</I32>
    </MS>
  </Obj>
  <Obj RefId="762">
    <TNRef RefId="0" />
    <MS>
      <I32 N="Day">763</I32>
      <I32 N="ActiveTableSize">390</I32>
      <I32 N="InactiveTableSize">3610</I32>
      <I32 N="TotalRecords">4000</I32>
      <I32 N="PercentNotExpired">92</I32>
      <B N="TableSwapOccurred">false</B>
      <Nil N="TableSwapTrigger" />
      <I32 N="RowsCopied">0</I32>
      <I32 N="NextTableSwapOnOrBefore">1094</I32>
      <I32 N="OldestActiveRecord">399</I32>
      <I32 N="OldestInactiveRecord">395</I32>
      <I32 N="NewestInactiveRecord">35</I32>
    </MS>
  </Obj>
  <Obj RefId="763">
    <TNRef RefId="0" />
    <MS>
      <I32 N="Day">764</I32>
      <I32 N="ActiveTableSize">400</I32>
      <I32 N="InactiveTableSize">3610</I32>
      <I32 N="TotalRecords">4010</I32>
      <I32 N="PercentNotExpired">91</I32>
      <B N="TableSwapOccurred">false</B>
      <Nil N="TableSwapTrigger" />
      <I32 N="RowsCopied">0</I32>
      <I32 N="NextTableSwapOnOrBefore">1094</I32>
      <I32 N="OldestActiveRecord">400</I32>
      <I32 N="OldestInactiveRecord">396</I32>
      <I32 N="NewestInactiveRecord">36</I32>
    </MS>
  </Obj>
  <Obj RefId="764">
    <TNRef RefId="0" />
    <MS>
      <I32 N="Day">765</I32>
      <I32 N="ActiveTableSize">410</I32>
      <I32 N="InactiveTableSize">3610</I32>
      <I32 N="TotalRecords">4020</I32>
      <I32 N="PercentNotExpired">91</I32>
      <B N="TableSwapOccurred">false</B>
      <Nil N="TableSwapTrigger" />
      <I32 N="RowsCopied">0</I32>
      <I32 N="NextTableSwapOnOrBefore">1094</I32>
      <I32 N="OldestActiveRecord">401</I32>
      <I32 N="OldestInactiveRecord">397</I32>
      <I32 N="NewestInactiveRecord">37</I32>
    </MS>
  </Obj>
  <Obj RefId="765">
    <TNRef RefId="0" />
    <MS>
      <I32 N="Day">766</I32>
      <I32 N="ActiveTableSize">420</I32>
      <I32 N="InactiveTableSize">3610</I32>
      <I32 N="TotalRecords">4030</I32>
      <I32 N="PercentNotExpired">91</I32>
      <B N="TableSwapOccurred">false</B>
      <Nil N="TableSwapTrigger" />
      <I32 N="RowsCopied">0</I32>
      <I32 N="NextTableSwapOnOrBefore">1094</I32>
      <I32 N="OldestActiveRecord">402</I32>
      <I32 N="OldestInactiveRecord">398</I32>
      <I32 N="NewestInactiveRecord">38</I32>
    </MS>
  </Obj>
  <Obj RefId="766">
    <TNRef RefId="0" />
    <MS>
      <I32 N="Day">767</I32>
      <I32 N="ActiveTableSize">430</I32>
      <I32 N="InactiveTableSize">3610</I32>
      <I32 N="TotalRecords">4040</I32>
      <I32 N="PercentNotExpired">91</I32>
      <B N="TableSwapOccurred">false</B>
      <Nil N="TableSwapTrigger" />
      <I32 N="RowsCopied">0</I32>
      <I32 N="NextTableSwapOnOrBefore">1094</I32>
      <I32 N="OldestActiveRecord">403</I32>
      <I32 N="OldestInactiveRecord">399</I32>
      <I32 N="NewestInactiveRecord">39</I32>
    </MS>
  </Obj>
  <Obj RefId="767">
    <TNRef RefId="0" />
    <MS>
      <I32 N="Day">768</I32>
      <I32 N="ActiveTableSize">440</I32>
      <I32 N="InactiveTableSize">3610</I32>
      <I32 N="TotalRecords">4050</I32>
      <I32 N="PercentNotExpired">90</I32>
      <B N="TableSwapOccurred">false</B>
      <Nil N="TableSwapTrigger" />
      <I32 N="RowsCopied">0</I32>
      <I32 N="NextTableSwapOnOrBefore">1094</I32>
      <I32 N="OldestActiveRecord">404</I32>
      <I32 N="OldestInactiveRecord">400</I32>
      <I32 N="NewestInactiveRecord">40</I32>
    </MS>
  </Obj>
  <Obj RefId="768">
    <TNRef RefId="0" />
    <MS>
      <I32 N="Day">769</I32>
      <I32 N="ActiveTableSize">450</I32>
      <I32 N="InactiveTableSize">3610</I32>
      <I32 N="TotalRecords">4060</I32>
      <I32 N="PercentNotExpired">90</I32>
      <B N="TableSwapOccurred">false</B>
      <Nil N="TableSwapTrigger" />
      <I32 N="RowsCopied">0</I32>
      <I32 N="NextTableSwapOnOrBefore">1094</I32>
      <I32 N="OldestActiveRecord">405</I32>
      <I32 N="OldestInactiveRecord">401</I32>
      <I32 N="NewestInactiveRecord">41</I32>
    </MS>
  </Obj>
  <Obj RefId="769">
    <TNRef RefId="0" />
    <MS>
      <I32 N="Day">770</I32>
      <I32 N="ActiveTableSize">460</I32>
      <I32 N="InactiveTableSize">3610</I32>
      <I32 N="TotalRecords">4070</I32>
      <I32 N="PercentNotExpired">90</I32>
      <B N="TableSwapOccurred">false</B>
      <Nil N="TableSwapTrigger" />
      <I32 N="RowsCopied">0</I32>
      <I32 N="NextTableSwapOnOrBefore">1094</I32>
      <I32 N="OldestActiveRecord">406</I32>
      <I32 N="OldestInactiveRecord">402</I32>
      <I32 N="NewestInactiveRecord">42</I32>
    </MS>
  </Obj>
  <Obj RefId="770">
    <TNRef RefId="0" />
    <MS>
      <I32 N="Day">771</I32>
      <I32 N="ActiveTableSize">470</I32>
      <I32 N="InactiveTableSize">3610</I32>
      <I32 N="TotalRecords">4080</I32>
      <I32 N="PercentNotExpired">89</I32>
      <B N="TableSwapOccurred">false</B>
      <Nil N="TableSwapTrigger" />
      <I32 N="RowsCopied">0</I32>
      <I32 N="NextTableSwapOnOrBefore">1094</I32>
      <I32 N="OldestActiveRecord">407</I32>
      <I32 N="OldestInactiveRecord">403</I32>
      <I32 N="NewestInactiveRecord">43</I32>
    </MS>
  </Obj>
  <Obj RefId="771">
    <TNRef RefId="0" />
    <MS>
      <I32 N="Day">772</I32>
      <I32 N="ActiveTableSize">480</I32>
      <I32 N="InactiveTableSize">3610</I32>
      <I32 N="TotalRecords">4090</I32>
      <I32 N="PercentNotExpired">89</I32>
      <B N="TableSwapOccurred">false</B>
      <Nil N="TableSwapTrigger" />
      <I32 N="RowsCopied">0</I32>
      <I32 N="NextTableSwapOnOrBefore">1094</I32>
      <I32 N="OldestActiveRecord">408</I32>
      <I32 N="OldestInactiveRecord">404</I32>
      <I32 N="NewestInactiveRecord">44</I32>
    </MS>
  </Obj>
  <Obj RefId="772">
    <TNRef RefId="0" />
    <MS>
      <I32 N="Day">773</I32>
      <I32 N="ActiveTableSize">490</I32>
      <I32 N="InactiveTableSize">3610</I32>
      <I32 N="TotalRecords">4100</I32>
      <I32 N="PercentNotExpired">89</I32>
      <B N="TableSwapOccurred">false</B>
      <Nil N="TableSwapTrigger" />
      <I32 N="RowsCopied">0</I32>
      <I32 N="NextTableSwapOnOrBefore">1094</I32>
      <I32 N="OldestActiveRecord">409</I32>
      <I32 N="OldestInactiveRecord">405</I32>
      <I32 N="NewestInactiveRecord">45</I32>
    </MS>
  </Obj>
  <Obj RefId="773">
    <TNRef RefId="0" />
    <MS>
      <I32 N="Day">774</I32>
      <I32 N="ActiveTableSize">500</I32>
      <I32 N="InactiveTableSize">3610</I32>
      <I32 N="TotalRecords">4110</I32>
      <I32 N="PercentNotExpired">89</I32>
      <B N="TableSwapOccurred">false</B>
      <Nil N="TableSwapTrigger" />
      <I32 N="RowsCopied">0</I32>
      <I32 N="NextTableSwapOnOrBefore">1094</I32>
      <I32 N="OldestActiveRecord">410</I32>
      <I32 N="OldestInactiveRecord">406</I32>
      <I32 N="NewestInactiveRecord">46</I32>
    </MS>
  </Obj>
  <Obj RefId="774">
    <TNRef RefId="0" />
    <MS>
      <I32 N="Day">775</I32>
      <I32 N="ActiveTableSize">510</I32>
      <I32 N="InactiveTableSize">3610</I32>
      <I32 N="TotalRecords">4120</I32>
      <I32 N="PercentNotExpired">88</I32>
      <B N="TableSwapOccurred">false</B>
      <Nil N="TableSwapTrigger" />
      <I32 N="RowsCopied">0</I32>
      <I32 N="NextTableSwapOnOrBefore">1094</I32>
      <I32 N="OldestActiveRecord">411</I32>
      <I32 N="OldestInactiveRecord">407</I32>
      <I32 N="NewestInactiveRecord">47</I32>
    </MS>
  </Obj>
  <Obj RefId="775">
    <TNRef RefId="0" />
    <MS>
      <I32 N="Day">776</I32>
      <I32 N="ActiveTableSize">520</I32>
      <I32 N="InactiveTableSize">3610</I32>
      <I32 N="TotalRecords">4130</I32>
      <I32 N="PercentNotExpired">88</I32>
      <B N="TableSwapOccurred">false</B>
      <Nil N="TableSwapTrigger" />
      <I32 N="RowsCopied">0</I32>
      <I32 N="NextTableSwapOnOrBefore">1094</I32>
      <I32 N="OldestActiveRecord">412</I32>
      <I32 N="OldestInactiveRecord">408</I32>
      <I32 N="NewestInactiveRecord">48</I32>
    </MS>
  </Obj>
  <Obj RefId="776">
    <TNRef RefId="0" />
    <MS>
      <I32 N="Day">777</I32>
      <I32 N="ActiveTableSize">530</I32>
      <I32 N="InactiveTableSize">3610</I32>
      <I32 N="TotalRecords">4140</I32>
      <I32 N="PercentNotExpired">88</I32>
      <B N="TableSwapOccurred">false</B>
      <Nil N="TableSwapTrigger" />
      <I32 N="RowsCopied">0</I32>
      <I32 N="NextTableSwapOnOrBefore">1094</I32>
      <I32 N="OldestActiveRecord">413</I32>
      <I32 N="OldestInactiveRecord">409</I32>
      <I32 N="NewestInactiveRecord">49</I32>
    </MS>
  </Obj>
  <Obj RefId="777">
    <TNRef RefId="0" />
    <MS>
      <I32 N="Day">778</I32>
      <I32 N="ActiveTableSize">540</I32>
      <I32 N="InactiveTableSize">3610</I32>
      <I32 N="TotalRecords">4150</I32>
      <I32 N="PercentNotExpired">88</I32>
      <B N="TableSwapOccurred">false</B>
      <Nil N="TableSwapTrigger" />
      <I32 N="RowsCopied">0</I32>
      <I32 N="NextTableSwapOnOrBefore">1094</I32>
      <I32 N="OldestActiveRecord">414</I32>
      <I32 N="OldestInactiveRecord">410</I32>
      <I32 N="NewestInactiveRecord">50</I32>
    </MS>
  </Obj>
  <Obj RefId="778">
    <TNRef RefId="0" />
    <MS>
      <I32 N="Day">779</I32>
      <I32 N="ActiveTableSize">550</I32>
      <I32 N="InactiveTableSize">3610</I32>
      <I32 N="TotalRecords">4160</I32>
      <I32 N="PercentNotExpired">87</I32>
      <B N="TableSwapOccurred">false</B>
      <Nil N="TableSwapTrigger" />
      <I32 N="RowsCopied">0</I32>
      <I32 N="NextTableSwapOnOrBefore">1094</I32>
      <I32 N="OldestActiveRecord">415</I32>
      <I32 N="OldestInactiveRecord">411</I32>
      <I32 N="NewestInactiveRecord">51</I32>
    </MS>
  </Obj>
  <Obj RefId="779">
    <TNRef RefId="0" />
    <MS>
      <I32 N="Day">780</I32>
      <I32 N="ActiveTableSize">560</I32>
      <I32 N="InactiveTableSize">3610</I32>
      <I32 N="TotalRecords">4170</I32>
      <I32 N="PercentNotExpired">87</I32>
      <B N="TableSwapOccurred">false</B>
      <Nil N="TableSwapTrigger" />
      <I32 N="RowsCopied">0</I32>
      <I32 N="NextTableSwapOnOrBefore">1094</I32>
      <I32 N="OldestActiveRecord">416</I32>
      <I32 N="OldestInactiveRecord">412</I32>
      <I32 N="NewestInactiveRecord">52</I32>
    </MS>
  </Obj>
  <Obj RefId="780">
    <TNRef RefId="0" />
    <MS>
      <I32 N="Day">781</I32>
      <I32 N="ActiveTableSize">570</I32>
      <I32 N="InactiveTableSize">3610</I32>
      <I32 N="TotalRecords">4180</I32>
      <I32 N="PercentNotExpired">87</I32>
      <B N="TableSwapOccurred">false</B>
      <Nil N="TableSwapTrigger" />
      <I32 N="RowsCopied">0</I32>
      <I32 N="NextTableSwapOnOrBefore">1094</I32>
      <I32 N="OldestActiveRecord">417</I32>
      <I32 N="OldestInactiveRecord">413</I32>
      <I32 N="NewestInactiveRecord">53</I32>
    </MS>
  </Obj>
  <Obj RefId="781">
    <TNRef RefId="0" />
    <MS>
      <I32 N="Day">782</I32>
      <I32 N="ActiveTableSize">580</I32>
      <I32 N="InactiveTableSize">3610</I32>
      <I32 N="TotalRecords">4190</I32>
      <I32 N="PercentNotExpired">86</I32>
      <B N="TableSwapOccurred">false</B>
      <Nil N="TableSwapTrigger" />
      <I32 N="RowsCopied">0</I32>
      <I32 N="NextTableSwapOnOrBefore">1094</I32>
      <I32 N="OldestActiveRecord">418</I32>
      <I32 N="OldestInactiveRecord">414</I32>
      <I32 N="NewestInactiveRecord">54</I32>
    </MS>
  </Obj>
  <Obj RefId="782">
    <TNRef RefId="0" />
    <MS>
      <I32 N="Day">783</I32>
      <I32 N="ActiveTableSize">590</I32>
      <I32 N="InactiveTableSize">3610</I32>
      <I32 N="TotalRecords">4200</I32>
      <I32 N="PercentNotExpired">86</I32>
      <B N="TableSwapOccurred">false</B>
      <Nil N="TableSwapTrigger" />
      <I32 N="RowsCopied">0</I32>
      <I32 N="NextTableSwapOnOrBefore">1094</I32>
      <I32 N="OldestActiveRecord">419</I32>
      <I32 N="OldestInactiveRecord">415</I32>
      <I32 N="NewestInactiveRecord">55</I32>
    </MS>
  </Obj>
  <Obj RefId="783">
    <TNRef RefId="0" />
    <MS>
      <I32 N="Day">784</I32>
      <I32 N="ActiveTableSize">600</I32>
      <I32 N="InactiveTableSize">3610</I32>
      <I32 N="TotalRecords">4210</I32>
      <I32 N="PercentNotExpired">86</I32>
      <B N="TableSwapOccurred">false</B>
      <Nil N="TableSwapTrigger" />
      <I32 N="RowsCopied">0</I32>
      <I32 N="NextTableSwapOnOrBefore">1094</I32>
      <I32 N="OldestActiveRecord">420</I32>
      <I32 N="OldestInactiveRecord">416</I32>
      <I32 N="NewestInactiveRecord">56</I32>
    </MS>
  </Obj>
  <Obj RefId="784">
    <TNRef RefId="0" />
    <MS>
      <I32 N="Day">785</I32>
      <I32 N="ActiveTableSize">610</I32>
      <I32 N="InactiveTableSize">3610</I32>
      <I32 N="TotalRecords">4220</I32>
      <I32 N="PercentNotExpired">86</I32>
      <B N="TableSwapOccurred">false</B>
      <Nil N="TableSwapTrigger" />
      <I32 N="RowsCopied">0</I32>
      <I32 N="NextTableSwapOnOrBefore">1094</I32>
      <I32 N="OldestActiveRecord">421</I32>
      <I32 N="OldestInactiveRecord">417</I32>
      <I32 N="NewestInactiveRecord">57</I32>
    </MS>
  </Obj>
  <Obj RefId="785">
    <TNRef RefId="0" />
    <MS>
      <I32 N="Day">786</I32>
      <I32 N="ActiveTableSize">620</I32>
      <I32 N="InactiveTableSize">3610</I32>
      <I32 N="TotalRecords">4230</I32>
      <I32 N="PercentNotExpired">85</I32>
      <B N="TableSwapOccurred">false</B>
      <Nil N="TableSwapTrigger" />
      <I32 N="RowsCopied">0</I32>
      <I32 N="NextTableSwapOnOrBefore">1094</I32>
      <I32 N="OldestActiveRecord">422</I32>
      <I32 N="OldestInactiveRecord">418</I32>
      <I32 N="NewestInactiveRecord">58</I32>
    </MS>
  </Obj>
  <Obj RefId="786">
    <TNRef RefId="0" />
    <MS>
      <I32 N="Day">787</I32>
      <I32 N="ActiveTableSize">630</I32>
      <I32 N="InactiveTableSize">3610</I32>
      <I32 N="TotalRecords">4240</I32>
      <I32 N="PercentNotExpired">85</I32>
      <B N="TableSwapOccurred">false</B>
      <Nil N="TableSwapTrigger" />
      <I32 N="RowsCopied">0</I32>
      <I32 N="NextTableSwapOnOrBefore">1094</I32>
      <I32 N="OldestActiveRecord">423</I32>
      <I32 N="OldestInactiveRecord">419</I32>
      <I32 N="NewestInactiveRecord">59</I32>
    </MS>
  </Obj>
  <Obj RefId="787">
    <TNRef RefId="0" />
    <MS>
      <I32 N="Day">788</I32>
      <I32 N="ActiveTableSize">640</I32>
      <I32 N="InactiveTableSize">3610</I32>
      <I32 N="TotalRecords">4250</I32>
      <I32 N="PercentNotExpired">85</I32>
      <B N="TableSwapOccurred">false</B>
      <Nil N="TableSwapTrigger" />
      <I32 N="RowsCopied">0</I32>
      <I32 N="NextTableSwapOnOrBefore">1094</I32>
      <I32 N="OldestActiveRecord">424</I32>
      <I32 N="OldestInactiveRecord">420</I32>
      <I32 N="NewestInactiveRecord">60</I32>
    </MS>
  </Obj>
  <Obj RefId="788">
    <TNRef RefId="0" />
    <MS>
      <I32 N="Day">789</I32>
      <I32 N="ActiveTableSize">650</I32>
      <I32 N="InactiveTableSize">3610</I32>
      <I32 N="TotalRecords">4260</I32>
      <I32 N="PercentNotExpired">84</I32>
      <B N="TableSwapOccurred">false</B>
      <Nil N="TableSwapTrigger" />
      <I32 N="RowsCopied">0</I32>
      <I32 N="NextTableSwapOnOrBefore">1094</I32>
      <I32 N="OldestActiveRecord">425</I32>
      <I32 N="OldestInactiveRecord">421</I32>
      <I32 N="NewestInactiveRecord">61</I32>
    </MS>
  </Obj>
  <Obj RefId="789">
    <TNRef RefId="0" />
    <MS>
      <I32 N="Day">790</I32>
      <I32 N="ActiveTableSize">660</I32>
      <I32 N="InactiveTableSize">3610</I32>
      <I32 N="TotalRecords">4270</I32>
      <I32 N="PercentNotExpired">84</I32>
      <B N="TableSwapOccurred">false</B>
      <Nil N="TableSwapTrigger" />
      <I32 N="RowsCopied">0</I32>
      <I32 N="NextTableSwapOnOrBefore">1094</I32>
      <I32 N="OldestActiveRecord">426</I32>
      <I32 N="OldestInactiveRecord">422</I32>
      <I32 N="NewestInactiveRecord">62</I32>
    </MS>
  </Obj>
  <Obj RefId="790">
    <TNRef RefId="0" />
    <MS>
      <I32 N="Day">791</I32>
      <I32 N="ActiveTableSize">670</I32>
      <I32 N="InactiveTableSize">3610</I32>
      <I32 N="TotalRecords">4280</I32>
      <I32 N="PercentNotExpired">84</I32>
      <B N="TableSwapOccurred">false</B>
      <Nil N="TableSwapTrigger" />
      <I32 N="RowsCopied">0</I32>
      <I32 N="NextTableSwapOnOrBefore">1094</I32>
      <I32 N="OldestActiveRecord">427</I32>
      <I32 N="OldestInactiveRecord">423</I32>
      <I32 N="NewestInactiveRecord">63</I32>
    </MS>
  </Obj>
  <Obj RefId="791">
    <TNRef RefId="0" />
    <MS>
      <I32 N="Day">792</I32>
      <I32 N="ActiveTableSize">680</I32>
      <I32 N="InactiveTableSize">3610</I32>
      <I32 N="TotalRecords">4290</I32>
      <I32 N="PercentNotExpired">84</I32>
      <B N="TableSwapOccurred">false</B>
      <Nil N="TableSwapTrigger" />
      <I32 N="RowsCopied">0</I32>
      <I32 N="NextTableSwapOnOrBefore">1094</I32>
      <I32 N="OldestActiveRecord">428</I32>
      <I32 N="OldestInactiveRecord">424</I32>
      <I32 N="NewestInactiveRecord">64</I32>
    </MS>
  </Obj>
  <Obj RefId="792">
    <TNRef RefId="0" />
    <MS>
      <I32 N="Day">793</I32>
      <I32 N="ActiveTableSize">690</I32>
      <I32 N="InactiveTableSize">3610</I32>
      <I32 N="TotalRecords">4300</I32>
      <I32 N="PercentNotExpired">83</I32>
      <B N="TableSwapOccurred">false</B>
      <Nil N="TableSwapTrigger" />
      <I32 N="RowsCopied">0</I32>
      <I32 N="NextTableSwapOnOrBefore">1094</I32>
      <I32 N="OldestActiveRecord">429</I32>
      <I32 N="OldestInactiveRecord">425</I32>
      <I32 N="NewestInactiveRecord">65</I32>
    </MS>
  </Obj>
  <Obj RefId="793">
    <TNRef RefId="0" />
    <MS>
      <I32 N="Day">794</I32>
      <I32 N="ActiveTableSize">700</I32>
      <I32 N="InactiveTableSize">3610</I32>
      <I32 N="TotalRecords">4310</I32>
      <I32 N="PercentNotExpired">83</I32>
      <B N="TableSwapOccurred">false</B>
      <Nil N="TableSwapTrigger" />
      <I32 N="RowsCopied">0</I32>
      <I32 N="NextTableSwapOnOrBefore">1094</I32>
      <I32 N="OldestActiveRecord">430</I32>
      <I32 N="OldestInactiveRecord">426</I32>
      <I32 N="NewestInactiveRecord">66</I32>
    </MS>
  </Obj>
  <Obj RefId="794">
    <TNRef RefId="0" />
    <MS>
      <I32 N="Day">795</I32>
      <I32 N="ActiveTableSize">710</I32>
      <I32 N="InactiveTableSize">3610</I32>
      <I32 N="TotalRecords">4320</I32>
      <I32 N="PercentNotExpired">83</I32>
      <B N="TableSwapOccurred">false</B>
      <Nil N="TableSwapTrigger" />
      <I32 N="RowsCopied">0</I32>
      <I32 N="NextTableSwapOnOrBefore">1094</I32>
      <I32 N="OldestActiveRecord">431</I32>
      <I32 N="OldestInactiveRecord">427</I32>
      <I32 N="NewestInactiveRecord">67</I32>
    </MS>
  </Obj>
  <Obj RefId="795">
    <TNRef RefId="0" />
    <MS>
      <I32 N="Day">796</I32>
      <I32 N="ActiveTableSize">720</I32>
      <I32 N="InactiveTableSize">3610</I32>
      <I32 N="TotalRecords">4330</I32>
      <I32 N="PercentNotExpired">83</I32>
      <B N="TableSwapOccurred">false</B>
      <Nil N="TableSwapTrigger" />
      <I32 N="RowsCopied">0</I32>
      <I32 N="NextTableSwapOnOrBefore">1094</I32>
      <I32 N="OldestActiveRecord">432</I32>
      <I32 N="OldestInactiveRecord">428</I32>
      <I32 N="NewestInactiveRecord">68</I32>
    </MS>
  </Obj>
  <Obj RefId="796">
    <TNRef RefId="0" />
    <MS>
      <I32 N="Day">797</I32>
      <I32 N="ActiveTableSize">730</I32>
      <I32 N="InactiveTableSize">3610</I32>
      <I32 N="TotalRecords">4340</I32>
      <I32 N="PercentNotExpired">82</I32>
      <B N="TableSwapOccurred">false</B>
      <Nil N="TableSwapTrigger" />
      <I32 N="RowsCopied">0</I32>
      <I32 N="NextTableSwapOnOrBefore">1094</I32>
      <I32 N="OldestActiveRecord">433</I32>
      <I32 N="OldestInactiveRecord">429</I32>
      <I32 N="NewestInactiveRecord">69</I32>
    </MS>
  </Obj>
  <Obj RefId="797">
    <TNRef RefId="0" />
    <MS>
      <I32 N="Day">798</I32>
      <I32 N="ActiveTableSize">740</I32>
      <I32 N="InactiveTableSize">3610</I32>
      <I32 N="TotalRecords">4350</I32>
      <I32 N="PercentNotExpired">82</I32>
      <B N="TableSwapOccurred">false</B>
      <Nil N="TableSwapTrigger" />
      <I32 N="RowsCopied">0</I32>
      <I32 N="NextTableSwapOnOrBefore">1094</I32>
      <I32 N="OldestActiveRecord">434</I32>
      <I32 N="OldestInactiveRecord">430</I32>
      <I32 N="NewestInactiveRecord">70</I32>
    </MS>
  </Obj>
  <Obj RefId="798">
    <TNRef RefId="0" />
    <MS>
      <I32 N="Day">799</I32>
      <I32 N="ActiveTableSize">750</I32>
      <I32 N="InactiveTableSize">3610</I32>
      <I32 N="TotalRecords">4360</I32>
      <I32 N="PercentNotExpired">82</I32>
      <B N="TableSwapOccurred">false</B>
      <Nil N="TableSwapTrigger" />
      <I32 N="RowsCopied">0</I32>
      <I32 N="NextTableSwapOnOrBefore">1094</I32>
      <I32 N="OldestActiveRecord">435</I32>
      <I32 N="OldestInactiveRecord">431</I32>
      <I32 N="NewestInactiveRecord">71</I32>
    </MS>
  </Obj>
  <Obj RefId="799">
    <TNRef RefId="0" />
    <MS>
      <I32 N="Day">800</I32>
      <I32 N="ActiveTableSize">760</I32>
      <I32 N="InactiveTableSize">3610</I32>
      <I32 N="TotalRecords">4370</I32>
      <I32 N="PercentNotExpired">81</I32>
      <B N="TableSwapOccurred">false</B>
      <Nil N="TableSwapTrigger" />
      <I32 N="RowsCopied">0</I32>
      <I32 N="NextTableSwapOnOrBefore">1094</I32>
      <I32 N="OldestActiveRecord">436</I32>
      <I32 N="OldestInactiveRecord">432</I32>
      <I32 N="NewestInactiveRecord">72</I32>
    </MS>
  </Obj>
  <Obj RefId="800">
    <TNRef RefId="0" />
    <MS>
      <I32 N="Day">801</I32>
      <I32 N="ActiveTableSize">770</I32>
      <I32 N="InactiveTableSize">3610</I32>
      <I32 N="TotalRecords">4380</I32>
      <I32 N="PercentNotExpired">81</I32>
      <B N="TableSwapOccurred">false</B>
      <Nil N="TableSwapTrigger" />
      <I32 N="RowsCopied">0</I32>
      <I32 N="NextTableSwapOnOrBefore">1094</I32>
      <I32 N="OldestActiveRecord">437</I32>
      <I32 N="OldestInactiveRecord">433</I32>
      <I32 N="NewestInactiveRecord">73</I32>
    </MS>
  </Obj>
  <Obj RefId="801">
    <TNRef RefId="0" />
    <MS>
      <I32 N="Day">802</I32>
      <I32 N="ActiveTableSize">780</I32>
      <I32 N="InactiveTableSize">3610</I32>
      <I32 N="TotalRecords">4390</I32>
      <I32 N="PercentNotExpired">81</I32>
      <B N="TableSwapOccurred">false</B>
      <Nil N="TableSwapTrigger" />
      <I32 N="RowsCopied">0</I32>
      <I32 N="NextTableSwapOnOrBefore">1094</I32>
      <I32 N="OldestActiveRecord">438</I32>
      <I32 N="OldestInactiveRecord">434</I32>
      <I32 N="NewestInactiveRecord">74</I32>
    </MS>
  </Obj>
  <Obj RefId="802">
    <TNRef RefId="0" />
    <MS>
      <I32 N="Day">803</I32>
      <I32 N="ActiveTableSize">790</I32>
      <I32 N="InactiveTableSize">3610</I32>
      <I32 N="TotalRecords">4400</I32>
      <I32 N="PercentNotExpired">81</I32>
      <B N="TableSwapOccurred">false</B>
      <Nil N="TableSwapTrigger" />
      <I32 N="RowsCopied">0</I32>
      <I32 N="NextTableSwapOnOrBefore">1094</I32>
      <I32 N="OldestActiveRecord">439</I32>
      <I32 N="OldestInactiveRecord">435</I32>
      <I32 N="NewestInactiveRecord">75</I32>
    </MS>
  </Obj>
  <Obj RefId="803">
    <TNRef RefId="0" />
    <MS>
      <I32 N="Day">804</I32>
      <I32 N="ActiveTableSize">800</I32>
      <I32 N="InactiveTableSize">3610</I32>
      <I32 N="TotalRecords">4410</I32>
      <I32 N="PercentNotExpired">80</I32>
      <B N="TableSwapOccurred">false</B>
      <Nil N="TableSwapTrigger" />
      <I32 N="RowsCopied">0</I32>
      <I32 N="NextTableSwapOnOrBefore">1094</I32>
      <I32 N="OldestActiveRecord">440</I32>
      <I32 N="OldestInactiveRecord">436</I32>
      <I32 N="NewestInactiveRecord">76</I32>
    </MS>
  </Obj>
  <Obj RefId="804">
    <TNRef RefId="0" />
    <MS>
      <I32 N="Day">805</I32>
      <I32 N="ActiveTableSize">810</I32>
      <I32 N="InactiveTableSize">3610</I32>
      <I32 N="TotalRecords">4420</I32>
      <I32 N="PercentNotExpired">80</I32>
      <B N="TableSwapOccurred">false</B>
      <Nil N="TableSwapTrigger" />
      <I32 N="RowsCopied">0</I32>
      <I32 N="NextTableSwapOnOrBefore">1094</I32>
      <I32 N="OldestActiveRecord">441</I32>
      <I32 N="OldestInactiveRecord">437</I32>
      <I32 N="NewestInactiveRecord">77</I32>
    </MS>
  </Obj>
  <Obj RefId="805">
    <TNRef RefId="0" />
    <MS>
      <I32 N="Day">806</I32>
      <I32 N="ActiveTableSize">820</I32>
      <I32 N="InactiveTableSize">3610</I32>
      <I32 N="TotalRecords">4430</I32>
      <I32 N="PercentNotExpired">80</I32>
      <B N="TableSwapOccurred">false</B>
      <Nil N="TableSwapTrigger" />
      <I32 N="RowsCopied">0</I32>
      <I32 N="NextTableSwapOnOrBefore">1094</I32>
      <I32 N="OldestActiveRecord">442</I32>
      <I32 N="OldestInactiveRecord">438</I32>
      <I32 N="NewestInactiveRecord">78</I32>
    </MS>
  </Obj>
  <Obj RefId="806">
    <TNRef RefId="0" />
    <MS>
      <I32 N="Day">807</I32>
      <I32 N="ActiveTableSize">830</I32>
      <I32 N="InactiveTableSize">3610</I32>
      <I32 N="TotalRecords">4440</I32>
      <I32 N="PercentNotExpired">80</I32>
      <B N="TableSwapOccurred">false</B>
      <Nil N="TableSwapTrigger" />
      <I32 N="RowsCopied">0</I32>
      <I32 N="NextTableSwapOnOrBefore">1094</I32>
      <I32 N="OldestActiveRecord">443</I32>
      <I32 N="OldestInactiveRecord">439</I32>
      <I32 N="NewestInactiveRecord">79</I32>
    </MS>
  </Obj>
  <Obj RefId="807">
    <TNRef RefId="0" />
    <MS>
      <I32 N="Day">808</I32>
      <I32 N="ActiveTableSize">840</I32>
      <I32 N="InactiveTableSize">3610</I32>
      <I32 N="TotalRecords">4450</I32>
      <I32 N="PercentNotExpired">79</I32>
      <B N="TableSwapOccurred">false</B>
      <Nil N="TableSwapTrigger" />
      <I32 N="RowsCopied">0</I32>
      <I32 N="NextTableSwapOnOrBefore">1094</I32>
      <I32 N="OldestActiveRecord">444</I32>
      <I32 N="OldestInactiveRecord">440</I32>
      <I32 N="NewestInactiveRecord">80</I32>
    </MS>
  </Obj>
  <Obj RefId="808">
    <TNRef RefId="0" />
    <MS>
      <I32 N="Day">809</I32>
      <I32 N="ActiveTableSize">850</I32>
      <I32 N="InactiveTableSize">3610</I32>
      <I32 N="TotalRecords">4460</I32>
      <I32 N="PercentNotExpired">79</I32>
      <B N="TableSwapOccurred">false</B>
      <Nil N="TableSwapTrigger" />
      <I32 N="RowsCopied">0</I32>
      <I32 N="NextTableSwapOnOrBefore">1094</I32>
      <I32 N="OldestActiveRecord">445</I32>
      <I32 N="OldestInactiveRecord">441</I32>
      <I32 N="NewestInactiveRecord">81</I32>
    </MS>
  </Obj>
  <Obj RefId="809">
    <TNRef RefId="0" />
    <MS>
      <I32 N="Day">810</I32>
      <I32 N="ActiveTableSize">860</I32>
      <I32 N="InactiveTableSize">3610</I32>
      <I32 N="TotalRecords">4470</I32>
      <I32 N="PercentNotExpired">79</I32>
      <B N="TableSwapOccurred">false</B>
      <Nil N="TableSwapTrigger" />
      <I32 N="RowsCopied">0</I32>
      <I32 N="NextTableSwapOnOrBefore">1094</I32>
      <I32 N="OldestActiveRecord">446</I32>
      <I32 N="OldestInactiveRecord">442</I32>
      <I32 N="NewestInactiveRecord">82</I32>
    </MS>
  </Obj>
  <Obj RefId="810">
    <TNRef RefId="0" />
    <MS>
      <I32 N="Day">811</I32>
      <I32 N="ActiveTableSize">870</I32>
      <I32 N="InactiveTableSize">3610</I32>
      <I32 N="TotalRecords">4480</I32>
      <I32 N="PercentNotExpired">78</I32>
      <B N="TableSwapOccurred">false</B>
      <Nil N="TableSwapTrigger" />
      <I32 N="RowsCopied">0</I32>
      <I32 N="NextTableSwapOnOrBefore">1094</I32>
      <I32 N="OldestActiveRecord">447</I32>
      <I32 N="OldestInactiveRecord">443</I32>
      <I32 N="NewestInactiveRecord">83</I32>
    </MS>
  </Obj>
  <Obj RefId="811">
    <TNRef RefId="0" />
    <MS>
      <I32 N="Day">812</I32>
      <I32 N="ActiveTableSize">880</I32>
      <I32 N="InactiveTableSize">3610</I32>
      <I32 N="TotalRecords">4490</I32>
      <I32 N="PercentNotExpired">78</I32>
      <B N="TableSwapOccurred">false</B>
      <Nil N="TableSwapTrigger" />
      <I32 N="RowsCopied">0</I32>
      <I32 N="NextTableSwapOnOrBefore">1094</I32>
      <I32 N="OldestActiveRecord">448</I32>
      <I32 N="OldestInactiveRecord">444</I32>
      <I32 N="NewestInactiveRecord">84</I32>
    </MS>
  </Obj>
  <Obj RefId="812">
    <TNRef RefId="0" />
    <MS>
      <I32 N="Day">813</I32>
      <I32 N="ActiveTableSize">890</I32>
      <I32 N="InactiveTableSize">3610</I32>
      <I32 N="TotalRecords">4500</I32>
      <I32 N="PercentNotExpired">78</I32>
      <B N="TableSwapOccurred">false</B>
      <Nil N="TableSwapTrigger" />
      <I32 N="RowsCopied">0</I32>
      <I32 N="NextTableSwapOnOrBefore">1094</I32>
      <I32 N="OldestActiveRecord">449</I32>
      <I32 N="OldestInactiveRecord">445</I32>
      <I32 N="NewestInactiveRecord">85</I32>
    </MS>
  </Obj>
  <Obj RefId="813">
    <TNRef RefId="0" />
    <MS>
      <I32 N="Day">814</I32>
      <I32 N="ActiveTableSize">900</I32>
      <I32 N="InactiveTableSize">3610</I32>
      <I32 N="TotalRecords">4510</I32>
      <I32 N="PercentNotExpired">78</I32>
      <B N="TableSwapOccurred">false</B>
      <Nil N="TableSwapTrigger" />
      <I32 N="RowsCopied">0</I32>
      <I32 N="NextTableSwapOnOrBefore">1094</I32>
      <I32 N="OldestActiveRecord">450</I32>
      <I32 N="OldestInactiveRecord">446</I32>
      <I32 N="NewestInactiveRecord">86</I32>
    </MS>
  </Obj>
  <Obj RefId="814">
    <TNRef RefId="0" />
    <MS>
      <I32 N="Day">815</I32>
      <I32 N="ActiveTableSize">910</I32>
      <I32 N="InactiveTableSize">3610</I32>
      <I32 N="TotalRecords">4520</I32>
      <I32 N="PercentNotExpired">77</I32>
      <B N="TableSwapOccurred">false</B>
      <Nil N="TableSwapTrigger" />
      <I32 N="RowsCopied">0</I32>
      <I32 N="NextTableSwapOnOrBefore">1094</I32>
      <I32 N="OldestActiveRecord">451</I32>
      <I32 N="OldestInactiveRecord">447</I32>
      <I32 N="NewestInactiveRecord">87</I32>
    </MS>
  </Obj>
  <Obj RefId="815">
    <TNRef RefId="0" />
    <MS>
      <I32 N="Day">816</I32>
      <I32 N="ActiveTableSize">920</I32>
      <I32 N="InactiveTableSize">3610</I32>
      <I32 N="TotalRecords">4530</I32>
      <I32 N="PercentNotExpired">77</I32>
      <B N="TableSwapOccurred">false</B>
      <Nil N="TableSwapTrigger" />
      <I32 N="RowsCopied">0</I32>
      <I32 N="NextTableSwapOnOrBefore">1094</I32>
      <I32 N="OldestActiveRecord">452</I32>
      <I32 N="OldestInactiveRecord">448</I32>
      <I32 N="NewestInactiveRecord">88</I32>
    </MS>
  </Obj>
  <Obj RefId="816">
    <TNRef RefId="0" />
    <MS>
      <I32 N="Day">817</I32>
      <I32 N="ActiveTableSize">930</I32>
      <I32 N="InactiveTableSize">3610</I32>
      <I32 N="TotalRecords">4540</I32>
      <I32 N="PercentNotExpired">77</I32>
      <B N="TableSwapOccurred">false</B>
      <Nil N="TableSwapTrigger" />
      <I32 N="RowsCopied">0</I32>
      <I32 N="NextTableSwapOnOrBefore">1094</I32>
      <I32 N="OldestActiveRecord">453</I32>
      <I32 N="OldestInactiveRecord">449</I32>
      <I32 N="NewestInactiveRecord">89</I32>
    </MS>
  </Obj>
  <Obj RefId="817">
    <TNRef RefId="0" />
    <MS>
      <I32 N="Day">818</I32>
      <I32 N="ActiveTableSize">940</I32>
      <I32 N="InactiveTableSize">3610</I32>
      <I32 N="TotalRecords">4550</I32>
      <I32 N="PercentNotExpired">76</I32>
      <B N="TableSwapOccurred">false</B>
      <Nil N="TableSwapTrigger" />
      <I32 N="RowsCopied">0</I32>
      <I32 N="NextTableSwapOnOrBefore">1094</I32>
      <I32 N="OldestActiveRecord">454</I32>
      <I32 N="OldestInactiveRecord">450</I32>
      <I32 N="NewestInactiveRecord">90</I32>
    </MS>
  </Obj>
  <Obj RefId="818">
    <TNRef RefId="0" />
    <MS>
      <I32 N="Day">819</I32>
      <I32 N="ActiveTableSize">950</I32>
      <I32 N="InactiveTableSize">3610</I32>
      <I32 N="TotalRecords">4560</I32>
      <I32 N="PercentNotExpired">76</I32>
      <B N="TableSwapOccurred">false</B>
      <Nil N="TableSwapTrigger" />
      <I32 N="RowsCopied">0</I32>
      <I32 N="NextTableSwapOnOrBefore">1094</I32>
      <I32 N="OldestActiveRecord">455</I32>
      <I32 N="OldestInactiveRecord">451</I32>
      <I32 N="NewestInactiveRecord">91</I32>
    </MS>
  </Obj>
  <Obj RefId="819">
    <TNRef RefId="0" />
    <MS>
      <I32 N="Day">820</I32>
      <I32 N="ActiveTableSize">960</I32>
      <I32 N="InactiveTableSize">3610</I32>
      <I32 N="TotalRecords">4570</I32>
      <I32 N="PercentNotExpired">76</I32>
      <B N="TableSwapOccurred">false</B>
      <Nil N="TableSwapTrigger" />
      <I32 N="RowsCopied">0</I32>
      <I32 N="NextTableSwapOnOrBefore">1094</I32>
      <I32 N="OldestActiveRecord">456</I32>
      <I32 N="OldestInactiveRecord">452</I32>
      <I32 N="NewestInactiveRecord">92</I32>
    </MS>
  </Obj>
  <Obj RefId="820">
    <TNRef RefId="0" />
    <MS>
      <I32 N="Day">821</I32>
      <I32 N="ActiveTableSize">970</I32>
      <I32 N="InactiveTableSize">3610</I32>
      <I32 N="TotalRecords">4580</I32>
      <I32 N="PercentNotExpired">76</I32>
      <B N="TableSwapOccurred">false</B>
      <Nil N="TableSwapTrigger" />
      <I32 N="RowsCopied">0</I32>
      <I32 N="NextTableSwapOnOrBefore">1094</I32>
      <I32 N="OldestActiveRecord">457</I32>
      <I32 N="OldestInactiveRecord">453</I32>
      <I32 N="NewestInactiveRecord">93</I32>
    </MS>
  </Obj>
  <Obj RefId="821">
    <TNRef RefId="0" />
    <MS>
      <I32 N="Day">822</I32>
      <I32 N="ActiveTableSize">980</I32>
      <I32 N="InactiveTableSize">3610</I32>
      <I32 N="TotalRecords">4590</I32>
      <I32 N="PercentNotExpired">75</I32>
      <B N="TableSwapOccurred">false</B>
      <Nil N="TableSwapTrigger" />
      <I32 N="RowsCopied">0</I32>
      <I32 N="NextTableSwapOnOrBefore">1094</I32>
      <I32 N="OldestActiveRecord">458</I32>
      <I32 N="OldestInactiveRecord">454</I32>
      <I32 N="NewestInactiveRecord">94</I32>
    </MS>
  </Obj>
  <Obj RefId="822">
    <TNRef RefId="0" />
    <MS>
      <I32 N="Day">823</I32>
      <I32 N="ActiveTableSize">990</I32>
      <I32 N="InactiveTableSize">3610</I32>
      <I32 N="TotalRecords">4600</I32>
      <I32 N="PercentNotExpired">75</I32>
      <B N="TableSwapOccurred">false</B>
      <Nil N="TableSwapTrigger" />
      <I32 N="RowsCopied">0</I32>
      <I32 N="NextTableSwapOnOrBefore">1094</I32>
      <I32 N="OldestActiveRecord">459</I32>
      <I32 N="OldestInactiveRecord">455</I32>
      <I32 N="NewestInactiveRecord">95</I32>
    </MS>
  </Obj>
  <Obj RefId="823">
    <TNRef RefId="0" />
    <MS>
      <I32 N="Day">824</I32>
      <I32 N="ActiveTableSize">1000</I32>
      <I32 N="InactiveTableSize">3610</I32>
      <I32 N="TotalRecords">4610</I32>
      <I32 N="PercentNotExpired">75</I32>
      <B N="TableSwapOccurred">false</B>
      <Nil N="TableSwapTrigger" />
      <I32 N="RowsCopied">0</I32>
      <I32 N="NextTableSwapOnOrBefore">1094</I32>
      <I32 N="OldestActiveRecord">460</I32>
      <I32 N="OldestInactiveRecord">456</I32>
      <I32 N="NewestInactiveRecord">96</I32>
    </MS>
  </Obj>
  <Obj RefId="824">
    <TNRef RefId="0" />
    <MS>
      <I32 N="Day">825</I32>
      <I32 N="ActiveTableSize">1010</I32>
      <I32 N="InactiveTableSize">3610</I32>
      <I32 N="TotalRecords">4620</I32>
      <I32 N="PercentNotExpired">75</I32>
      <B N="TableSwapOccurred">false</B>
      <Nil N="TableSwapTrigger" />
      <I32 N="RowsCopied">0</I32>
      <I32 N="NextTableSwapOnOrBefore">1094</I32>
      <I32 N="OldestActiveRecord">461</I32>
      <I32 N="OldestInactiveRecord">457</I32>
      <I32 N="NewestInactiveRecord">97</I32>
    </MS>
  </Obj>
  <Obj RefId="825">
    <TNRef RefId="0" />
    <MS>
      <I32 N="Day">826</I32>
      <I32 N="ActiveTableSize">1020</I32>
      <I32 N="InactiveTableSize">3610</I32>
      <I32 N="TotalRecords">4630</I32>
      <I32 N="PercentNotExpired">74</I32>
      <B N="TableSwapOccurred">false</B>
      <Nil N="TableSwapTrigger" />
      <I32 N="RowsCopied">0</I32>
      <I32 N="NextTableSwapOnOrBefore">1094</I32>
      <I32 N="OldestActiveRecord">462</I32>
      <I32 N="OldestInactiveRecord">458</I32>
      <I32 N="NewestInactiveRecord">98</I32>
    </MS>
  </Obj>
  <Obj RefId="826">
    <TNRef RefId="0" />
    <MS>
      <I32 N="Day">827</I32>
      <I32 N="ActiveTableSize">1030</I32>
      <I32 N="InactiveTableSize">3610</I32>
      <I32 N="TotalRecords">4640</I32>
      <I32 N="PercentNotExpired">74</I32>
      <B N="TableSwapOccurred">false</B>
      <Nil N="TableSwapTrigger" />
      <I32 N="RowsCopied">0</I32>
      <I32 N="NextTableSwapOnOrBefore">1094</I32>
      <I32 N="OldestActiveRecord">463</I32>
      <I32 N="OldestInactiveRecord">459</I32>
      <I32 N="NewestInactiveRecord">99</I32>
    </MS>
  </Obj>
  <Obj RefId="827">
    <TNRef RefId="0" />
    <MS>
      <I32 N="Day">828</I32>
      <I32 N="ActiveTableSize">1040</I32>
      <I32 N="InactiveTableSize">3610</I32>
      <I32 N="TotalRecords">4650</I32>
      <I32 N="PercentNotExpired">74</I32>
      <B N="TableSwapOccurred">false</B>
      <Nil N="TableSwapTrigger" />
      <I32 N="RowsCopied">0</I32>
      <I32 N="NextTableSwapOnOrBefore">1094</I32>
      <I32 N="OldestActiveRecord">464</I32>
      <I32 N="OldestInactiveRecord">460</I32>
      <I32 N="NewestInactiveRecord">100</I32>
    </MS>
  </Obj>
  <Obj RefId="828">
    <TNRef RefId="0" />
    <MS>
      <I32 N="Day">829</I32>
      <I32 N="ActiveTableSize">1050</I32>
      <I32 N="InactiveTableSize">3610</I32>
      <I32 N="TotalRecords">4660</I32>
      <I32 N="PercentNotExpired">73</I32>
      <B N="TableSwapOccurred">false</B>
      <Nil N="TableSwapTrigger" />
      <I32 N="RowsCopied">0</I32>
      <I32 N="NextTableSwapOnOrBefore">1094</I32>
      <I32 N="OldestActiveRecord">465</I32>
      <I32 N="OldestInactiveRecord">461</I32>
      <I32 N="NewestInactiveRecord">101</I32>
    </MS>
  </Obj>
  <Obj RefId="829">
    <TNRef RefId="0" />
    <MS>
      <I32 N="Day">830</I32>
      <I32 N="ActiveTableSize">1060</I32>
      <I32 N="InactiveTableSize">3610</I32>
      <I32 N="TotalRecords">4670</I32>
      <I32 N="PercentNotExpired">73</I32>
      <B N="TableSwapOccurred">false</B>
      <Nil N="TableSwapTrigger" />
      <I32 N="RowsCopied">0</I32>
      <I32 N="NextTableSwapOnOrBefore">1094</I32>
      <I32 N="OldestActiveRecord">466</I32>
      <I32 N="OldestInactiveRecord">462</I32>
      <I32 N="NewestInactiveRecord">102</I32>
    </MS>
  </Obj>
  <Obj RefId="830">
    <TNRef RefId="0" />
    <MS>
      <I32 N="Day">831</I32>
      <I32 N="ActiveTableSize">1070</I32>
      <I32 N="InactiveTableSize">3610</I32>
      <I32 N="TotalRecords">4680</I32>
      <I32 N="PercentNotExpired">73</I32>
      <B N="TableSwapOccurred">false</B>
      <Nil N="TableSwapTrigger" />
      <I32 N="RowsCopied">0</I32>
      <I32 N="NextTableSwapOnOrBefore">1094</I32>
      <I32 N="OldestActiveRecord">467</I32>
      <I32 N="OldestInactiveRecord">463</I32>
      <I32 N="NewestInactiveRecord">103</I32>
    </MS>
  </Obj>
  <Obj RefId="831">
    <TNRef RefId="0" />
    <MS>
      <I32 N="Day">832</I32>
      <I32 N="ActiveTableSize">1080</I32>
      <I32 N="InactiveTableSize">3610</I32>
      <I32 N="TotalRecords">4690</I32>
      <I32 N="PercentNotExpired">73</I32>
      <B N="TableSwapOccurred">false</B>
      <Nil N="TableSwapTrigger" />
      <I32 N="RowsCopied">0</I32>
      <I32 N="NextTableSwapOnOrBefore">1094</I32>
      <I32 N="OldestActiveRecord">468</I32>
      <I32 N="OldestInactiveRecord">464</I32>
      <I32 N="NewestInactiveRecord">104</I32>
    </MS>
  </Obj>
  <Obj RefId="832">
    <TNRef RefId="0" />
    <MS>
      <I32 N="Day">833</I32>
      <I32 N="ActiveTableSize">1090</I32>
      <I32 N="InactiveTableSize">3610</I32>
      <I32 N="TotalRecords">4700</I32>
      <I32 N="PercentNotExpired">72</I32>
      <B N="TableSwapOccurred">false</B>
      <Nil N="TableSwapTrigger" />
      <I32 N="RowsCopied">0</I32>
      <I32 N="NextTableSwapOnOrBefore">1094</I32>
      <I32 N="OldestActiveRecord">469</I32>
      <I32 N="OldestInactiveRecord">465</I32>
      <I32 N="NewestInactiveRecord">105</I32>
    </MS>
  </Obj>
  <Obj RefId="833">
    <TNRef RefId="0" />
    <MS>
      <I32 N="Day">834</I32>
      <I32 N="ActiveTableSize">1100</I32>
      <I32 N="InactiveTableSize">3610</I32>
      <I32 N="TotalRecords">4710</I32>
      <I32 N="PercentNotExpired">72</I32>
      <B N="TableSwapOccurred">false</B>
      <Nil N="TableSwapTrigger" />
      <I32 N="RowsCopied">0</I32>
      <I32 N="NextTableSwapOnOrBefore">1094</I32>
      <I32 N="OldestActiveRecord">470</I32>
      <I32 N="OldestInactiveRecord">466</I32>
      <I32 N="NewestInactiveRecord">106</I32>
    </MS>
  </Obj>
  <Obj RefId="834">
    <TNRef RefId="0" />
    <MS>
      <I32 N="Day">835</I32>
      <I32 N="ActiveTableSize">1110</I32>
      <I32 N="InactiveTableSize">3610</I32>
      <I32 N="TotalRecords">4720</I32>
      <I32 N="PercentNotExpired">72</I32>
      <B N="TableSwapOccurred">false</B>
      <Nil N="TableSwapTrigger" />
      <I32 N="RowsCopied">0</I32>
      <I32 N="NextTableSwapOnOrBefore">1094</I32>
      <I32 N="OldestActiveRecord">471</I32>
      <I32 N="OldestInactiveRecord">467</I32>
      <I32 N="NewestInactiveRecord">107</I32>
    </MS>
  </Obj>
  <Obj RefId="835">
    <TNRef RefId="0" />
    <MS>
      <I32 N="Day">836</I32>
      <I32 N="ActiveTableSize">1120</I32>
      <I32 N="InactiveTableSize">3610</I32>
      <I32 N="TotalRecords">4730</I32>
      <I32 N="PercentNotExpired">71</I32>
      <B N="TableSwapOccurred">false</B>
      <Nil N="TableSwapTrigger" />
      <I32 N="RowsCopied">0</I32>
      <I32 N="NextTableSwapOnOrBefore">1094</I32>
      <I32 N="OldestActiveRecord">472</I32>
      <I32 N="OldestInactiveRecord">468</I32>
      <I32 N="NewestInactiveRecord">108</I32>
    </MS>
  </Obj>
  <Obj RefId="836">
    <TNRef RefId="0" />
    <MS>
      <I32 N="Day">837</I32>
      <I32 N="ActiveTableSize">1130</I32>
      <I32 N="InactiveTableSize">3610</I32>
      <I32 N="TotalRecords">4740</I32>
      <I32 N="PercentNotExpired">71</I32>
      <B N="TableSwapOccurred">false</B>
      <Nil N="TableSwapTrigger" />
      <I32 N="RowsCopied">0</I32>
      <I32 N="NextTableSwapOnOrBefore">1094</I32>
      <I32 N="OldestActiveRecord">473</I32>
      <I32 N="OldestInactiveRecord">469</I32>
      <I32 N="NewestInactiveRecord">109</I32>
    </MS>
  </Obj>
  <Obj RefId="837">
    <TNRef RefId="0" />
    <MS>
      <I32 N="Day">838</I32>
      <I32 N="ActiveTableSize">1140</I32>
      <I32 N="InactiveTableSize">3610</I32>
      <I32 N="TotalRecords">4750</I32>
      <I32 N="PercentNotExpired">71</I32>
      <B N="TableSwapOccurred">false</B>
      <Nil N="TableSwapTrigger" />
      <I32 N="RowsCopied">0</I32>
      <I32 N="NextTableSwapOnOrBefore">1094</I32>
      <I32 N="OldestActiveRecord">474</I32>
      <I32 N="OldestInactiveRecord">470</I32>
      <I32 N="NewestInactiveRecord">110</I32>
    </MS>
  </Obj>
  <Obj RefId="838">
    <TNRef RefId="0" />
    <MS>
      <I32 N="Day">839</I32>
      <I32 N="ActiveTableSize">1150</I32>
      <I32 N="InactiveTableSize">3610</I32>
      <I32 N="TotalRecords">4760</I32>
      <I32 N="PercentNotExpired">71</I32>
      <B N="TableSwapOccurred">false</B>
      <Nil N="TableSwapTrigger" />
      <I32 N="RowsCopied">0</I32>
      <I32 N="NextTableSwapOnOrBefore">1094</I32>
      <I32 N="OldestActiveRecord">475</I32>
      <I32 N="OldestInactiveRecord">471</I32>
      <I32 N="NewestInactiveRecord">111</I32>
    </MS>
  </Obj>
  <Obj RefId="839">
    <TNRef RefId="0" />
    <MS>
      <I32 N="Day">840</I32>
      <I32 N="ActiveTableSize">1160</I32>
      <I32 N="InactiveTableSize">3610</I32>
      <I32 N="TotalRecords">4770</I32>
      <I32 N="PercentNotExpired">70</I32>
      <B N="TableSwapOccurred">false</B>
      <Nil N="TableSwapTrigger" />
      <I32 N="RowsCopied">0</I32>
      <I32 N="NextTableSwapOnOrBefore">1094</I32>
      <I32 N="OldestActiveRecord">476</I32>
      <I32 N="OldestInactiveRecord">472</I32>
      <I32 N="NewestInactiveRecord">112</I32>
    </MS>
  </Obj>
  <Obj RefId="840">
    <TNRef RefId="0" />
    <MS>
      <I32 N="Day">841</I32>
      <I32 N="ActiveTableSize">1170</I32>
      <I32 N="InactiveTableSize">3610</I32>
      <I32 N="TotalRecords">4780</I32>
      <I32 N="PercentNotExpired">70</I32>
      <B N="TableSwapOccurred">false</B>
      <Nil N="TableSwapTrigger" />
      <I32 N="RowsCopied">0</I32>
      <I32 N="NextTableSwapOnOrBefore">1094</I32>
      <I32 N="OldestActiveRecord">477</I32>
      <I32 N="OldestInactiveRecord">473</I32>
      <I32 N="NewestInactiveRecord">113</I32>
    </MS>
  </Obj>
  <Obj RefId="841">
    <TNRef RefId="0" />
    <MS>
      <I32 N="Day">842</I32>
      <I32 N="ActiveTableSize">1180</I32>
      <I32 N="InactiveTableSize">3610</I32>
      <I32 N="TotalRecords">4790</I32>
      <I32 N="PercentNotExpired">70</I32>
      <B N="TableSwapOccurred">false</B>
      <Nil N="TableSwapTrigger" />
      <I32 N="RowsCopied">0</I32>
      <I32 N="NextTableSwapOnOrBefore">1094</I32>
      <I32 N="OldestActiveRecord">478</I32>
      <I32 N="OldestInactiveRecord">474</I32>
      <I32 N="NewestInactiveRecord">114</I32>
    </MS>
  </Obj>
  <Obj RefId="842">
    <TNRef RefId="0" />
    <MS>
      <I32 N="Day">843</I32>
      <I32 N="ActiveTableSize">1190</I32>
      <I32 N="InactiveTableSize">3610</I32>
      <I32 N="TotalRecords">4800</I32>
      <I32 N="PercentNotExpired">70</I32>
      <B N="TableSwapOccurred">false</B>
      <Nil N="TableSwapTrigger" />
      <I32 N="RowsCopied">0</I32>
      <I32 N="NextTableSwapOnOrBefore">1094</I32>
      <I32 N="OldestActiveRecord">479</I32>
      <I32 N="OldestInactiveRecord">475</I32>
      <I32 N="NewestInactiveRecord">115</I32>
    </MS>
  </Obj>
  <Obj RefId="843">
    <TNRef RefId="0" />
    <MS>
      <I32 N="Day">844</I32>
      <I32 N="ActiveTableSize">1200</I32>
      <I32 N="InactiveTableSize">3610</I32>
      <I32 N="TotalRecords">4810</I32>
      <I32 N="PercentNotExpired">69</I32>
      <B N="TableSwapOccurred">false</B>
      <Nil N="TableSwapTrigger" />
      <I32 N="RowsCopied">0</I32>
      <I32 N="NextTableSwapOnOrBefore">1094</I32>
      <I32 N="OldestActiveRecord">480</I32>
      <I32 N="OldestInactiveRecord">476</I32>
      <I32 N="NewestInactiveRecord">116</I32>
    </MS>
  </Obj>
  <Obj RefId="844">
    <TNRef RefId="0" />
    <MS>
      <I32 N="Day">845</I32>
      <I32 N="ActiveTableSize">1210</I32>
      <I32 N="InactiveTableSize">3610</I32>
      <I32 N="TotalRecords">4820</I32>
      <I32 N="PercentNotExpired">69</I32>
      <B N="TableSwapOccurred">false</B>
      <Nil N="TableSwapTrigger" />
      <I32 N="RowsCopied">0</I32>
      <I32 N="NextTableSwapOnOrBefore">1094</I32>
      <I32 N="OldestActiveRecord">481</I32>
      <I32 N="OldestInactiveRecord">477</I32>
      <I32 N="NewestInactiveRecord">117</I32>
    </MS>
  </Obj>
  <Obj RefId="845">
    <TNRef RefId="0" />
    <MS>
      <I32 N="Day">846</I32>
      <I32 N="ActiveTableSize">1220</I32>
      <I32 N="InactiveTableSize">3610</I32>
      <I32 N="TotalRecords">4830</I32>
      <I32 N="PercentNotExpired">69</I32>
      <B N="TableSwapOccurred">false</B>
      <Nil N="TableSwapTrigger" />
      <I32 N="RowsCopied">0</I32>
      <I32 N="NextTableSwapOnOrBefore">1094</I32>
      <I32 N="OldestActiveRecord">482</I32>
      <I32 N="OldestInactiveRecord">478</I32>
      <I32 N="NewestInactiveRecord">118</I32>
    </MS>
  </Obj>
  <Obj RefId="846">
    <TNRef RefId="0" />
    <MS>
      <I32 N="Day">847</I32>
      <I32 N="ActiveTableSize">1230</I32>
      <I32 N="InactiveTableSize">3610</I32>
      <I32 N="TotalRecords">4840</I32>
      <I32 N="PercentNotExpired">68</I32>
      <B N="TableSwapOccurred">false</B>
      <Nil N="TableSwapTrigger" />
      <I32 N="RowsCopied">0</I32>
      <I32 N="NextTableSwapOnOrBefore">1094</I32>
      <I32 N="OldestActiveRecord">483</I32>
      <I32 N="OldestInactiveRecord">479</I32>
      <I32 N="NewestInactiveRecord">119</I32>
    </MS>
  </Obj>
  <Obj RefId="847">
    <TNRef RefId="0" />
    <MS>
      <I32 N="Day">848</I32>
      <I32 N="ActiveTableSize">1240</I32>
      <I32 N="InactiveTableSize">3610</I32>
      <I32 N="TotalRecords">4850</I32>
      <I32 N="PercentNotExpired">68</I32>
      <B N="TableSwapOccurred">false</B>
      <Nil N="TableSwapTrigger" />
      <I32 N="RowsCopied">0</I32>
      <I32 N="NextTableSwapOnOrBefore">1094</I32>
      <I32 N="OldestActiveRecord">484</I32>
      <I32 N="OldestInactiveRecord">480</I32>
      <I32 N="NewestInactiveRecord">120</I32>
    </MS>
  </Obj>
  <Obj RefId="848">
    <TNRef RefId="0" />
    <MS>
      <I32 N="Day">849</I32>
      <I32 N="ActiveTableSize">1250</I32>
      <I32 N="InactiveTableSize">3610</I32>
      <I32 N="TotalRecords">4860</I32>
      <I32 N="PercentNotExpired">68</I32>
      <B N="TableSwapOccurred">false</B>
      <Nil N="TableSwapTrigger" />
      <I32 N="RowsCopied">0</I32>
      <I32 N="NextTableSwapOnOrBefore">1094</I32>
      <I32 N="OldestActiveRecord">485</I32>
      <I32 N="OldestInactiveRecord">481</I32>
      <I32 N="NewestInactiveRecord">121</I32>
    </MS>
  </Obj>
  <Obj RefId="849">
    <TNRef RefId="0" />
    <MS>
      <I32 N="Day">850</I32>
      <I32 N="ActiveTableSize">1260</I32>
      <I32 N="InactiveTableSize">3610</I32>
      <I32 N="TotalRecords">4870</I32>
      <I32 N="PercentNotExpired">68</I32>
      <B N="TableSwapOccurred">false</B>
      <Nil N="TableSwapTrigger" />
      <I32 N="RowsCopied">0</I32>
      <I32 N="NextTableSwapOnOrBefore">1094</I32>
      <I32 N="OldestActiveRecord">486</I32>
      <I32 N="OldestInactiveRecord">482</I32>
      <I32 N="NewestInactiveRecord">122</I32>
    </MS>
  </Obj>
  <Obj RefId="850">
    <TNRef RefId="0" />
    <MS>
      <I32 N="Day">851</I32>
      <I32 N="ActiveTableSize">1270</I32>
      <I32 N="InactiveTableSize">3610</I32>
      <I32 N="TotalRecords">4880</I32>
      <I32 N="PercentNotExpired">67</I32>
      <B N="TableSwapOccurred">false</B>
      <Nil N="TableSwapTrigger" />
      <I32 N="RowsCopied">0</I32>
      <I32 N="NextTableSwapOnOrBefore">1094</I32>
      <I32 N="OldestActiveRecord">487</I32>
      <I32 N="OldestInactiveRecord">483</I32>
      <I32 N="NewestInactiveRecord">123</I32>
    </MS>
  </Obj>
  <Obj RefId="851">
    <TNRef RefId="0" />
    <MS>
      <I32 N="Day">852</I32>
      <I32 N="ActiveTableSize">1280</I32>
      <I32 N="InactiveTableSize">3610</I32>
      <I32 N="TotalRecords">4890</I32>
      <I32 N="PercentNotExpired">67</I32>
      <B N="TableSwapOccurred">false</B>
      <Nil N="TableSwapTrigger" />
      <I32 N="RowsCopied">0</I32>
      <I32 N="NextTableSwapOnOrBefore">1094</I32>
      <I32 N="OldestActiveRecord">488</I32>
      <I32 N="OldestInactiveRecord">484</I32>
      <I32 N="NewestInactiveRecord">124</I32>
    </MS>
  </Obj>
  <Obj RefId="852">
    <TNRef RefId="0" />
    <MS>
      <I32 N="Day">853</I32>
      <I32 N="ActiveTableSize">1290</I32>
      <I32 N="InactiveTableSize">3610</I32>
      <I32 N="TotalRecords">4900</I32>
      <I32 N="PercentNotExpired">67</I32>
      <B N="TableSwapOccurred">false</B>
      <Nil N="TableSwapTrigger" />
      <I32 N="RowsCopied">0</I32>
      <I32 N="NextTableSwapOnOrBefore">1094</I32>
      <I32 N="OldestActiveRecord">489</I32>
      <I32 N="OldestInactiveRecord">485</I32>
      <I32 N="NewestInactiveRecord">125</I32>
    </MS>
  </Obj>
  <Obj RefId="853">
    <TNRef RefId="0" />
    <MS>
      <I32 N="Day">854</I32>
      <I32 N="ActiveTableSize">1300</I32>
      <I32 N="InactiveTableSize">3610</I32>
      <I32 N="TotalRecords">4910</I32>
      <I32 N="PercentNotExpired">66</I32>
      <B N="TableSwapOccurred">false</B>
      <Nil N="TableSwapTrigger" />
      <I32 N="RowsCopied">0</I32>
      <I32 N="NextTableSwapOnOrBefore">1094</I32>
      <I32 N="OldestActiveRecord">490</I32>
      <I32 N="OldestInactiveRecord">486</I32>
      <I32 N="NewestInactiveRecord">126</I32>
    </MS>
  </Obj>
  <Obj RefId="854">
    <TNRef RefId="0" />
    <MS>
      <I32 N="Day">855</I32>
      <I32 N="ActiveTableSize">1310</I32>
      <I32 N="InactiveTableSize">3610</I32>
      <I32 N="TotalRecords">4920</I32>
      <I32 N="PercentNotExpired">66</I32>
      <B N="TableSwapOccurred">false</B>
      <Nil N="TableSwapTrigger" />
      <I32 N="RowsCopied">0</I32>
      <I32 N="NextTableSwapOnOrBefore">1094</I32>
      <I32 N="OldestActiveRecord">491</I32>
      <I32 N="OldestInactiveRecord">487</I32>
      <I32 N="NewestInactiveRecord">127</I32>
    </MS>
  </Obj>
  <Obj RefId="855">
    <TNRef RefId="0" />
    <MS>
      <I32 N="Day">856</I32>
      <I32 N="ActiveTableSize">1320</I32>
      <I32 N="InactiveTableSize">3610</I32>
      <I32 N="TotalRecords">4930</I32>
      <I32 N="PercentNotExpired">66</I32>
      <B N="TableSwapOccurred">false</B>
      <Nil N="TableSwapTrigger" />
      <I32 N="RowsCopied">0</I32>
      <I32 N="NextTableSwapOnOrBefore">1094</I32>
      <I32 N="OldestActiveRecord">492</I32>
      <I32 N="OldestInactiveRecord">488</I32>
      <I32 N="NewestInactiveRecord">128</I32>
    </MS>
  </Obj>
  <Obj RefId="856">
    <TNRef RefId="0" />
    <MS>
      <I32 N="Day">857</I32>
      <I32 N="ActiveTableSize">1330</I32>
      <I32 N="InactiveTableSize">3610</I32>
      <I32 N="TotalRecords">4940</I32>
      <I32 N="PercentNotExpired">66</I32>
      <B N="TableSwapOccurred">false</B>
      <Nil N="TableSwapTrigger" />
      <I32 N="RowsCopied">0</I32>
      <I32 N="NextTableSwapOnOrBefore">1094</I32>
      <I32 N="OldestActiveRecord">493</I32>
      <I32 N="OldestInactiveRecord">489</I32>
      <I32 N="NewestInactiveRecord">129</I32>
    </MS>
  </Obj>
  <Obj RefId="857">
    <TNRef RefId="0" />
    <MS>
      <I32 N="Day">858</I32>
      <I32 N="ActiveTableSize">1340</I32>
      <I32 N="InactiveTableSize">3610</I32>
      <I32 N="TotalRecords">4950</I32>
      <I32 N="PercentNotExpired">65</I32>
      <B N="TableSwapOccurred">false</B>
      <Nil N="TableSwapTrigger" />
      <I32 N="RowsCopied">0</I32>
      <I32 N="NextTableSwapOnOrBefore">1094</I32>
      <I32 N="OldestActiveRecord">494</I32>
      <I32 N="OldestInactiveRecord">490</I32>
      <I32 N="NewestInactiveRecord">130</I32>
    </MS>
  </Obj>
  <Obj RefId="858">
    <TNRef RefId="0" />
    <MS>
      <I32 N="Day">859</I32>
      <I32 N="ActiveTableSize">1350</I32>
      <I32 N="InactiveTableSize">3610</I32>
      <I32 N="TotalRecords">4960</I32>
      <I32 N="PercentNotExpired">65</I32>
      <B N="TableSwapOccurred">false</B>
      <Nil N="TableSwapTrigger" />
      <I32 N="RowsCopied">0</I32>
      <I32 N="NextTableSwapOnOrBefore">1094</I32>
      <I32 N="OldestActiveRecord">495</I32>
      <I32 N="OldestInactiveRecord">491</I32>
      <I32 N="NewestInactiveRecord">131</I32>
    </MS>
  </Obj>
  <Obj RefId="859">
    <TNRef RefId="0" />
    <MS>
      <I32 N="Day">860</I32>
      <I32 N="ActiveTableSize">1360</I32>
      <I32 N="InactiveTableSize">3610</I32>
      <I32 N="TotalRecords">4970</I32>
      <I32 N="PercentNotExpired">65</I32>
      <B N="TableSwapOccurred">false</B>
      <Nil N="TableSwapTrigger" />
      <I32 N="RowsCopied">0</I32>
      <I32 N="NextTableSwapOnOrBefore">1094</I32>
      <I32 N="OldestActiveRecord">496</I32>
      <I32 N="OldestInactiveRecord">492</I32>
      <I32 N="NewestInactiveRecord">132</I32>
    </MS>
  </Obj>
  <Obj RefId="860">
    <TNRef RefId="0" />
    <MS>
      <I32 N="Day">861</I32>
      <I32 N="ActiveTableSize">1370</I32>
      <I32 N="InactiveTableSize">3610</I32>
      <I32 N="TotalRecords">4980</I32>
      <I32 N="PercentNotExpired">65</I32>
      <B N="TableSwapOccurred">false</B>
      <Nil N="TableSwapTrigger" />
      <I32 N="RowsCopied">0</I32>
      <I32 N="NextTableSwapOnOrBefore">1094</I32>
      <I32 N="OldestActiveRecord">497</I32>
      <I32 N="OldestInactiveRecord">493</I32>
      <I32 N="NewestInactiveRecord">133</I32>
    </MS>
  </Obj>
  <Obj RefId="861">
    <TNRef RefId="0" />
    <MS>
      <I32 N="Day">862</I32>
      <I32 N="ActiveTableSize">1380</I32>
      <I32 N="InactiveTableSize">3610</I32>
      <I32 N="TotalRecords">4990</I32>
      <I32 N="PercentNotExpired">64</I32>
      <B N="TableSwapOccurred">false</B>
      <Nil N="TableSwapTrigger" />
      <I32 N="RowsCopied">0</I32>
      <I32 N="NextTableSwapOnOrBefore">1094</I32>
      <I32 N="OldestActiveRecord">498</I32>
      <I32 N="OldestInactiveRecord">494</I32>
      <I32 N="NewestInactiveRecord">134</I32>
    </MS>
  </Obj>
  <Obj RefId="862">
    <TNRef RefId="0" />
    <MS>
      <I32 N="Day">863</I32>
      <I32 N="ActiveTableSize">1390</I32>
      <I32 N="InactiveTableSize">3610</I32>
      <I32 N="TotalRecords">5000</I32>
      <I32 N="PercentNotExpired">64</I32>
      <B N="TableSwapOccurred">false</B>
      <Nil N="TableSwapTrigger" />
      <I32 N="RowsCopied">0</I32>
      <I32 N="NextTableSwapOnOrBefore">1094</I32>
      <I32 N="OldestActiveRecord">499</I32>
      <I32 N="OldestInactiveRecord">495</I32>
      <I32 N="NewestInactiveRecord">135</I32>
    </MS>
  </Obj>
  <Obj RefId="863">
    <TNRef RefId="0" />
    <MS>
      <I32 N="Day">864</I32>
      <I32 N="ActiveTableSize">1400</I32>
      <I32 N="InactiveTableSize">3610</I32>
      <I32 N="TotalRecords">5010</I32>
      <I32 N="PercentNotExpired">64</I32>
      <B N="TableSwapOccurred">false</B>
      <Nil N="TableSwapTrigger" />
      <I32 N="RowsCopied">0</I32>
      <I32 N="NextTableSwapOnOrBefore">1094</I32>
      <I32 N="OldestActiveRecord">500</I32>
      <I32 N="OldestInactiveRecord">496</I32>
      <I32 N="NewestInactiveRecord">136</I32>
    </MS>
  </Obj>
  <Obj RefId="864">
    <TNRef RefId="0" />
    <MS>
      <I32 N="Day">865</I32>
      <I32 N="ActiveTableSize">1410</I32>
      <I32 N="InactiveTableSize">3610</I32>
      <I32 N="TotalRecords">5020</I32>
      <I32 N="PercentNotExpired">63</I32>
      <B N="TableSwapOccurred">false</B>
      <Nil N="TableSwapTrigger" />
      <I32 N="RowsCopied">0</I32>
      <I32 N="NextTableSwapOnOrBefore">1094</I32>
      <I32 N="OldestActiveRecord">501</I32>
      <I32 N="OldestInactiveRecord">497</I32>
      <I32 N="NewestInactiveRecord">137</I32>
    </MS>
  </Obj>
  <Obj RefId="865">
    <TNRef RefId="0" />
    <MS>
      <I32 N="Day">866</I32>
      <I32 N="ActiveTableSize">1420</I32>
      <I32 N="InactiveTableSize">3610</I32>
      <I32 N="TotalRecords">5030</I32>
      <I32 N="PercentNotExpired">63</I32>
      <B N="TableSwapOccurred">false</B>
      <Nil N="TableSwapTrigger" />
      <I32 N="RowsCopied">0</I32>
      <I32 N="NextTableSwapOnOrBefore">1094</I32>
      <I32 N="OldestActiveRecord">502</I32>
      <I32 N="OldestInactiveRecord">498</I32>
      <I32 N="NewestInactiveRecord">138</I32>
    </MS>
  </Obj>
  <Obj RefId="866">
    <TNRef RefId="0" />
    <MS>
      <I32 N="Day">867</I32>
      <I32 N="ActiveTableSize">1430</I32>
      <I32 N="InactiveTableSize">3610</I32>
      <I32 N="TotalRecords">5040</I32>
      <I32 N="PercentNotExpired">63</I32>
      <B N="TableSwapOccurred">false</B>
      <Nil N="TableSwapTrigger" />
      <I32 N="RowsCopied">0</I32>
      <I32 N="NextTableSwapOnOrBefore">1094</I32>
      <I32 N="OldestActiveRecord">503</I32>
      <I32 N="OldestInactiveRecord">499</I32>
      <I32 N="NewestInactiveRecord">139</I32>
    </MS>
  </Obj>
  <Obj RefId="867">
    <TNRef RefId="0" />
    <MS>
      <I32 N="Day">868</I32>
      <I32 N="ActiveTableSize">1440</I32>
      <I32 N="InactiveTableSize">3610</I32>
      <I32 N="TotalRecords">5050</I32>
      <I32 N="PercentNotExpired">63</I32>
      <B N="TableSwapOccurred">false</B>
      <Nil N="TableSwapTrigger" />
      <I32 N="RowsCopied">0</I32>
      <I32 N="NextTableSwapOnOrBefore">1094</I32>
      <I32 N="OldestActiveRecord">504</I32>
      <I32 N="OldestInactiveRecord">500</I32>
      <I32 N="NewestInactiveRecord">140</I32>
    </MS>
  </Obj>
  <Obj RefId="868">
    <TNRef RefId="0" />
    <MS>
      <I32 N="Day">869</I32>
      <I32 N="ActiveTableSize">1450</I32>
      <I32 N="InactiveTableSize">3610</I32>
      <I32 N="TotalRecords">5060</I32>
      <I32 N="PercentNotExpired">62</I32>
      <B N="TableSwapOccurred">false</B>
      <Nil N="TableSwapTrigger" />
      <I32 N="RowsCopied">0</I32>
      <I32 N="NextTableSwapOnOrBefore">1094</I32>
      <I32 N="OldestActiveRecord">505</I32>
      <I32 N="OldestInactiveRecord">501</I32>
      <I32 N="NewestInactiveRecord">141</I32>
    </MS>
  </Obj>
  <Obj RefId="869">
    <TNRef RefId="0" />
    <MS>
      <I32 N="Day">870</I32>
      <I32 N="ActiveTableSize">1460</I32>
      <I32 N="InactiveTableSize">3610</I32>
      <I32 N="TotalRecords">5070</I32>
      <I32 N="PercentNotExpired">62</I32>
      <B N="TableSwapOccurred">false</B>
      <Nil N="TableSwapTrigger" />
      <I32 N="RowsCopied">0</I32>
      <I32 N="NextTableSwapOnOrBefore">1094</I32>
      <I32 N="OldestActiveRecord">506</I32>
      <I32 N="OldestInactiveRecord">502</I32>
      <I32 N="NewestInactiveRecord">142</I32>
    </MS>
  </Obj>
  <Obj RefId="870">
    <TNRef RefId="0" />
    <MS>
      <I32 N="Day">871</I32>
      <I32 N="ActiveTableSize">1470</I32>
      <I32 N="InactiveTableSize">3610</I32>
      <I32 N="TotalRecords">5080</I32>
      <I32 N="PercentNotExpired">62</I32>
      <B N="TableSwapOccurred">false</B>
      <Nil N="TableSwapTrigger" />
      <I32 N="RowsCopied">0</I32>
      <I32 N="NextTableSwapOnOrBefore">1094</I32>
      <I32 N="OldestActiveRecord">507</I32>
      <I32 N="OldestInactiveRecord">503</I32>
      <I32 N="NewestInactiveRecord">143</I32>
    </MS>
  </Obj>
  <Obj RefId="871">
    <TNRef RefId="0" />
    <MS>
      <I32 N="Day">872</I32>
      <I32 N="ActiveTableSize">1480</I32>
      <I32 N="InactiveTableSize">3610</I32>
      <I32 N="TotalRecords">5090</I32>
      <I32 N="PercentNotExpired">61</I32>
      <B N="TableSwapOccurred">false</B>
      <Nil N="TableSwapTrigger" />
      <I32 N="RowsCopied">0</I32>
      <I32 N="NextTableSwapOnOrBefore">1094</I32>
      <I32 N="OldestActiveRecord">508</I32>
      <I32 N="OldestInactiveRecord">504</I32>
      <I32 N="NewestInactiveRecord">144</I32>
    </MS>
  </Obj>
  <Obj RefId="872">
    <TNRef RefId="0" />
    <MS>
      <I32 N="Day">873</I32>
      <I32 N="ActiveTableSize">1490</I32>
      <I32 N="InactiveTableSize">3610</I32>
      <I32 N="TotalRecords">5100</I32>
      <I32 N="PercentNotExpired">61</I32>
      <B N="TableSwapOccurred">false</B>
      <Nil N="TableSwapTrigger" />
      <I32 N="RowsCopied">0</I32>
      <I32 N="NextTableSwapOnOrBefore">1094</I32>
      <I32 N="OldestActiveRecord">509</I32>
      <I32 N="OldestInactiveRecord">505</I32>
      <I32 N="NewestInactiveRecord">145</I32>
    </MS>
  </Obj>
  <Obj RefId="873">
    <TNRef RefId="0" />
    <MS>
      <I32 N="Day">874</I32>
      <I32 N="ActiveTableSize">1500</I32>
      <I32 N="InactiveTableSize">3610</I32>
      <I32 N="TotalRecords">5110</I32>
      <I32 N="PercentNotExpired">61</I32>
      <B N="TableSwapOccurred">false</B>
      <Nil N="TableSwapTrigger" />
      <I32 N="RowsCopied">0</I32>
      <I32 N="NextTableSwapOnOrBefore">1094</I32>
      <I32 N="OldestActiveRecord">510</I32>
      <I32 N="OldestInactiveRecord">506</I32>
      <I32 N="NewestInactiveRecord">146</I32>
    </MS>
  </Obj>
  <Obj RefId="874">
    <TNRef RefId="0" />
    <MS>
      <I32 N="Day">875</I32>
      <I32 N="ActiveTableSize">1510</I32>
      <I32 N="InactiveTableSize">3610</I32>
      <I32 N="TotalRecords">5120</I32>
      <I32 N="PercentNotExpired">61</I32>
      <B N="TableSwapOccurred">false</B>
      <Nil N="TableSwapTrigger" />
      <I32 N="RowsCopied">0</I32>
      <I32 N="NextTableSwapOnOrBefore">1094</I32>
      <I32 N="OldestActiveRecord">511</I32>
      <I32 N="OldestInactiveRecord">507</I32>
      <I32 N="NewestInactiveRecord">147</I32>
    </MS>
  </Obj>
  <Obj RefId="875">
    <TNRef RefId="0" />
    <MS>
      <I32 N="Day">876</I32>
      <I32 N="ActiveTableSize">1520</I32>
      <I32 N="InactiveTableSize">3610</I32>
      <I32 N="TotalRecords">5130</I32>
      <I32 N="PercentNotExpired">60</I32>
      <B N="TableSwapOccurred">false</B>
      <Nil N="TableSwapTrigger" />
      <I32 N="RowsCopied">0</I32>
      <I32 N="NextTableSwapOnOrBefore">1094</I32>
      <I32 N="OldestActiveRecord">512</I32>
      <I32 N="OldestInactiveRecord">508</I32>
      <I32 N="NewestInactiveRecord">148</I32>
    </MS>
  </Obj>
  <Obj RefId="876">
    <TNRef RefId="0" />
    <MS>
      <I32 N="Day">877</I32>
      <I32 N="ActiveTableSize">1530</I32>
      <I32 N="InactiveTableSize">3610</I32>
      <I32 N="TotalRecords">5140</I32>
      <I32 N="PercentNotExpired">60</I32>
      <B N="TableSwapOccurred">false</B>
      <Nil N="TableSwapTrigger" />
      <I32 N="RowsCopied">0</I32>
      <I32 N="NextTableSwapOnOrBefore">1094</I32>
      <I32 N="OldestActiveRecord">513</I32>
      <I32 N="OldestInactiveRecord">509</I32>
      <I32 N="NewestInactiveRecord">149</I32>
    </MS>
  </Obj>
  <Obj RefId="877">
    <TNRef RefId="0" />
    <MS>
      <I32 N="Day">878</I32>
      <I32 N="ActiveTableSize">1540</I32>
      <I32 N="InactiveTableSize">3610</I32>
      <I32 N="TotalRecords">5150</I32>
      <I32 N="PercentNotExpired">60</I32>
      <B N="TableSwapOccurred">false</B>
      <Nil N="TableSwapTrigger" />
      <I32 N="RowsCopied">0</I32>
      <I32 N="NextTableSwapOnOrBefore">1094</I32>
      <I32 N="OldestActiveRecord">514</I32>
      <I32 N="OldestInactiveRecord">510</I32>
      <I32 N="NewestInactiveRecord">150</I32>
    </MS>
  </Obj>
  <Obj RefId="878">
    <TNRef RefId="0" />
    <MS>
      <I32 N="Day">879</I32>
      <I32 N="ActiveTableSize">1550</I32>
      <I32 N="InactiveTableSize">3610</I32>
      <I32 N="TotalRecords">5160</I32>
      <I32 N="PercentNotExpired">60</I32>
      <B N="TableSwapOccurred">false</B>
      <Nil N="TableSwapTrigger" />
      <I32 N="RowsCopied">0</I32>
      <I32 N="NextTableSwapOnOrBefore">1094</I32>
      <I32 N="OldestActiveRecord">515</I32>
      <I32 N="OldestInactiveRecord">511</I32>
      <I32 N="NewestInactiveRecord">151</I32>
    </MS>
  </Obj>
  <Obj RefId="879">
    <TNRef RefId="0" />
    <MS>
      <I32 N="Day">880</I32>
      <I32 N="ActiveTableSize">1560</I32>
      <I32 N="InactiveTableSize">3610</I32>
      <I32 N="TotalRecords">5170</I32>
      <I32 N="PercentNotExpired">59</I32>
      <B N="TableSwapOccurred">false</B>
      <Nil N="TableSwapTrigger" />
      <I32 N="RowsCopied">0</I32>
      <I32 N="NextTableSwapOnOrBefore">1094</I32>
      <I32 N="OldestActiveRecord">516</I32>
      <I32 N="OldestInactiveRecord">512</I32>
      <I32 N="NewestInactiveRecord">152</I32>
    </MS>
  </Obj>
  <Obj RefId="880">
    <TNRef RefId="0" />
    <MS>
      <I32 N="Day">881</I32>
      <I32 N="ActiveTableSize">1570</I32>
      <I32 N="InactiveTableSize">3610</I32>
      <I32 N="TotalRecords">5180</I32>
      <I32 N="PercentNotExpired">59</I32>
      <B N="TableSwapOccurred">false</B>
      <Nil N="TableSwapTrigger" />
      <I32 N="RowsCopied">0</I32>
      <I32 N="NextTableSwapOnOrBefore">1094</I32>
      <I32 N="OldestActiveRecord">517</I32>
      <I32 N="OldestInactiveRecord">513</I32>
      <I32 N="NewestInactiveRecord">153</I32>
    </MS>
  </Obj>
  <Obj RefId="881">
    <TNRef RefId="0" />
    <MS>
      <I32 N="Day">882</I32>
      <I32 N="ActiveTableSize">1580</I32>
      <I32 N="InactiveTableSize">3610</I32>
      <I32 N="TotalRecords">5190</I32>
      <I32 N="PercentNotExpired">59</I32>
      <B N="TableSwapOccurred">false</B>
      <Nil N="TableSwapTrigger" />
      <I32 N="RowsCopied">0</I32>
      <I32 N="NextTableSwapOnOrBefore">1094</I32>
      <I32 N="OldestActiveRecord">518</I32>
      <I32 N="OldestInactiveRecord">514</I32>
      <I32 N="NewestInactiveRecord">154</I32>
    </MS>
  </Obj>
  <Obj RefId="882">
    <TNRef RefId="0" />
    <MS>
      <I32 N="Day">883</I32>
      <I32 N="ActiveTableSize">1590</I32>
      <I32 N="InactiveTableSize">3610</I32>
      <I32 N="TotalRecords">5200</I32>
      <I32 N="PercentNotExpired">58</I32>
      <B N="TableSwapOccurred">false</B>
      <Nil N="TableSwapTrigger" />
      <I32 N="RowsCopied">0</I32>
      <I32 N="NextTableSwapOnOrBefore">1094</I32>
      <I32 N="OldestActiveRecord">519</I32>
      <I32 N="OldestInactiveRecord">515</I32>
      <I32 N="NewestInactiveRecord">155</I32>
    </MS>
  </Obj>
  <Obj RefId="883">
    <TNRef RefId="0" />
    <MS>
      <I32 N="Day">884</I32>
      <I32 N="ActiveTableSize">1600</I32>
      <I32 N="InactiveTableSize">3610</I32>
      <I32 N="TotalRecords">5210</I32>
      <I32 N="PercentNotExpired">58</I32>
      <B N="TableSwapOccurred">false</B>
      <Nil N="TableSwapTrigger" />
      <I32 N="RowsCopied">0</I32>
      <I32 N="NextTableSwapOnOrBefore">1094</I32>
      <I32 N="OldestActiveRecord">520</I32>
      <I32 N="OldestInactiveRecord">516</I32>
      <I32 N="NewestInactiveRecord">156</I32>
    </MS>
  </Obj>
  <Obj RefId="884">
    <TNRef RefId="0" />
    <MS>
      <I32 N="Day">885</I32>
      <I32 N="ActiveTableSize">1610</I32>
      <I32 N="InactiveTableSize">3610</I32>
      <I32 N="TotalRecords">5220</I32>
      <I32 N="PercentNotExpired">58</I32>
      <B N="TableSwapOccurred">false</B>
      <Nil N="TableSwapTrigger" />
      <I32 N="RowsCopied">0</I32>
      <I32 N="NextTableSwapOnOrBefore">1094</I32>
      <I32 N="OldestActiveRecord">521</I32>
      <I32 N="OldestInactiveRecord">517</I32>
      <I32 N="NewestInactiveRecord">157</I32>
    </MS>
  </Obj>
  <Obj RefId="885">
    <TNRef RefId="0" />
    <MS>
      <I32 N="Day">886</I32>
      <I32 N="ActiveTableSize">1620</I32>
      <I32 N="InactiveTableSize">3610</I32>
      <I32 N="TotalRecords">5230</I32>
      <I32 N="PercentNotExpired">58</I32>
      <B N="TableSwapOccurred">false</B>
      <Nil N="TableSwapTrigger" />
      <I32 N="RowsCopied">0</I32>
      <I32 N="NextTableSwapOnOrBefore">1094</I32>
      <I32 N="OldestActiveRecord">522</I32>
      <I32 N="OldestInactiveRecord">518</I32>
      <I32 N="NewestInactiveRecord">158</I32>
    </MS>
  </Obj>
  <Obj RefId="886">
    <TNRef RefId="0" />
    <MS>
      <I32 N="Day">887</I32>
      <I32 N="ActiveTableSize">1630</I32>
      <I32 N="InactiveTableSize">3610</I32>
      <I32 N="TotalRecords">5240</I32>
      <I32 N="PercentNotExpired">57</I32>
      <B N="TableSwapOccurred">false</B>
      <Nil N="TableSwapTrigger" />
      <I32 N="RowsCopied">0</I32>
      <I32 N="NextTableSwapOnOrBefore">1094</I32>
      <I32 N="OldestActiveRecord">523</I32>
      <I32 N="OldestInactiveRecord">519</I32>
      <I32 N="NewestInactiveRecord">159</I32>
    </MS>
  </Obj>
  <Obj RefId="887">
    <TNRef RefId="0" />
    <MS>
      <I32 N="Day">888</I32>
      <I32 N="ActiveTableSize">1640</I32>
      <I32 N="InactiveTableSize">3610</I32>
      <I32 N="TotalRecords">5250</I32>
      <I32 N="PercentNotExpired">57</I32>
      <B N="TableSwapOccurred">false</B>
      <Nil N="TableSwapTrigger" />
      <I32 N="RowsCopied">0</I32>
      <I32 N="NextTableSwapOnOrBefore">1094</I32>
      <I32 N="OldestActiveRecord">524</I32>
      <I32 N="OldestInactiveRecord">520</I32>
      <I32 N="NewestInactiveRecord">160</I32>
    </MS>
  </Obj>
  <Obj RefId="888">
    <TNRef RefId="0" />
    <MS>
      <I32 N="Day">889</I32>
      <I32 N="ActiveTableSize">1650</I32>
      <I32 N="InactiveTableSize">3610</I32>
      <I32 N="TotalRecords">5260</I32>
      <I32 N="PercentNotExpired">57</I32>
      <B N="TableSwapOccurred">false</B>
      <Nil N="TableSwapTrigger" />
      <I32 N="RowsCopied">0</I32>
      <I32 N="NextTableSwapOnOrBefore">1094</I32>
      <I32 N="OldestActiveRecord">525</I32>
      <I32 N="OldestInactiveRecord">521</I32>
      <I32 N="NewestInactiveRecord">161</I32>
    </MS>
  </Obj>
  <Obj RefId="889">
    <TNRef RefId="0" />
    <MS>
      <I32 N="Day">890</I32>
      <I32 N="ActiveTableSize">1660</I32>
      <I32 N="InactiveTableSize">3610</I32>
      <I32 N="TotalRecords">5270</I32>
      <I32 N="PercentNotExpired">57</I32>
      <B N="TableSwapOccurred">false</B>
      <Nil N="TableSwapTrigger" />
      <I32 N="RowsCopied">0</I32>
      <I32 N="NextTableSwapOnOrBefore">1094</I32>
      <I32 N="OldestActiveRecord">526</I32>
      <I32 N="OldestInactiveRecord">522</I32>
      <I32 N="NewestInactiveRecord">162</I32>
    </MS>
  </Obj>
  <Obj RefId="890">
    <TNRef RefId="0" />
    <MS>
      <I32 N="Day">891</I32>
      <I32 N="ActiveTableSize">1670</I32>
      <I32 N="InactiveTableSize">3610</I32>
      <I32 N="TotalRecords">5280</I32>
      <I32 N="PercentNotExpired">56</I32>
      <B N="TableSwapOccurred">false</B>
      <Nil N="TableSwapTrigger" />
      <I32 N="RowsCopied">0</I32>
      <I32 N="NextTableSwapOnOrBefore">1094</I32>
      <I32 N="OldestActiveRecord">527</I32>
      <I32 N="OldestInactiveRecord">523</I32>
      <I32 N="NewestInactiveRecord">163</I32>
    </MS>
  </Obj>
  <Obj RefId="891">
    <TNRef RefId="0" />
    <MS>
      <I32 N="Day">892</I32>
      <I32 N="ActiveTableSize">1680</I32>
      <I32 N="InactiveTableSize">3610</I32>
      <I32 N="TotalRecords">5290</I32>
      <I32 N="PercentNotExpired">56</I32>
      <B N="TableSwapOccurred">false</B>
      <Nil N="TableSwapTrigger" />
      <I32 N="RowsCopied">0</I32>
      <I32 N="NextTableSwapOnOrBefore">1094</I32>
      <I32 N="OldestActiveRecord">528</I32>
      <I32 N="OldestInactiveRecord">524</I32>
      <I32 N="NewestInactiveRecord">164</I32>
    </MS>
  </Obj>
  <Obj RefId="892">
    <TNRef RefId="0" />
    <MS>
      <I32 N="Day">893</I32>
      <I32 N="ActiveTableSize">1690</I32>
      <I32 N="InactiveTableSize">3610</I32>
      <I32 N="TotalRecords">5300</I32>
      <I32 N="PercentNotExpired">56</I32>
      <B N="TableSwapOccurred">false</B>
      <Nil N="TableSwapTrigger" />
      <I32 N="RowsCopied">0</I32>
      <I32 N="NextTableSwapOnOrBefore">1094</I32>
      <I32 N="OldestActiveRecord">529</I32>
      <I32 N="OldestInactiveRecord">525</I32>
      <I32 N="NewestInactiveRecord">165</I32>
    </MS>
  </Obj>
  <Obj RefId="893">
    <TNRef RefId="0" />
    <MS>
      <I32 N="Day">894</I32>
      <I32 N="ActiveTableSize">1700</I32>
      <I32 N="InactiveTableSize">3610</I32>
      <I32 N="TotalRecords">5310</I32>
      <I32 N="PercentNotExpired">55</I32>
      <B N="TableSwapOccurred">false</B>
      <Nil N="TableSwapTrigger" />
      <I32 N="RowsCopied">0</I32>
      <I32 N="NextTableSwapOnOrBefore">1094</I32>
      <I32 N="OldestActiveRecord">530</I32>
      <I32 N="OldestInactiveRecord">526</I32>
      <I32 N="NewestInactiveRecord">166</I32>
    </MS>
  </Obj>
  <Obj RefId="894">
    <TNRef RefId="0" />
    <MS>
      <I32 N="Day">895</I32>
      <I32 N="ActiveTableSize">1710</I32>
      <I32 N="InactiveTableSize">3610</I32>
      <I32 N="TotalRecords">5320</I32>
      <I32 N="PercentNotExpired">55</I32>
      <B N="TableSwapOccurred">false</B>
      <Nil N="TableSwapTrigger" />
      <I32 N="RowsCopied">0</I32>
      <I32 N="NextTableSwapOnOrBefore">1094</I32>
      <I32 N="OldestActiveRecord">531</I32>
      <I32 N="OldestInactiveRecord">527</I32>
      <I32 N="NewestInactiveRecord">167</I32>
    </MS>
  </Obj>
  <Obj RefId="895">
    <TNRef RefId="0" />
    <MS>
      <I32 N="Day">896</I32>
      <I32 N="ActiveTableSize">1720</I32>
      <I32 N="InactiveTableSize">3610</I32>
      <I32 N="TotalRecords">5330</I32>
      <I32 N="PercentNotExpired">55</I32>
      <B N="TableSwapOccurred">false</B>
      <Nil N="TableSwapTrigger" />
      <I32 N="RowsCopied">0</I32>
      <I32 N="NextTableSwapOnOrBefore">1094</I32>
      <I32 N="OldestActiveRecord">532</I32>
      <I32 N="OldestInactiveRecord">528</I32>
      <I32 N="NewestInactiveRecord">168</I32>
    </MS>
  </Obj>
  <Obj RefId="896">
    <TNRef RefId="0" />
    <MS>
      <I32 N="Day">897</I32>
      <I32 N="ActiveTableSize">1730</I32>
      <I32 N="InactiveTableSize">3610</I32>
      <I32 N="TotalRecords">5340</I32>
      <I32 N="PercentNotExpired">55</I32>
      <B N="TableSwapOccurred">false</B>
      <Nil N="TableSwapTrigger" />
      <I32 N="RowsCopied">0</I32>
      <I32 N="NextTableSwapOnOrBefore">1094</I32>
      <I32 N="OldestActiveRecord">533</I32>
      <I32 N="OldestInactiveRecord">529</I32>
      <I32 N="NewestInactiveRecord">169</I32>
    </MS>
  </Obj>
  <Obj RefId="897">
    <TNRef RefId="0" />
    <MS>
      <I32 N="Day">898</I32>
      <I32 N="ActiveTableSize">1740</I32>
      <I32 N="InactiveTableSize">3610</I32>
      <I32 N="TotalRecords">5350</I32>
      <I32 N="PercentNotExpired">54</I32>
      <B N="TableSwapOccurred">false</B>
      <Nil N="TableSwapTrigger" />
      <I32 N="RowsCopied">0</I32>
      <I32 N="NextTableSwapOnOrBefore">1094</I32>
      <I32 N="OldestActiveRecord">534</I32>
      <I32 N="OldestInactiveRecord">530</I32>
      <I32 N="NewestInactiveRecord">170</I32>
    </MS>
  </Obj>
  <Obj RefId="898">
    <TNRef RefId="0" />
    <MS>
      <I32 N="Day">899</I32>
      <I32 N="ActiveTableSize">1750</I32>
      <I32 N="InactiveTableSize">3610</I32>
      <I32 N="TotalRecords">5360</I32>
      <I32 N="PercentNotExpired">54</I32>
      <B N="TableSwapOccurred">false</B>
      <Nil N="TableSwapTrigger" />
      <I32 N="RowsCopied">0</I32>
      <I32 N="NextTableSwapOnOrBefore">1094</I32>
      <I32 N="OldestActiveRecord">535</I32>
      <I32 N="OldestInactiveRecord">531</I32>
      <I32 N="NewestInactiveRecord">171</I32>
    </MS>
  </Obj>
  <Obj RefId="899">
    <TNRef RefId="0" />
    <MS>
      <I32 N="Day">900</I32>
      <I32 N="ActiveTableSize">1760</I32>
      <I32 N="InactiveTableSize">3610</I32>
      <I32 N="TotalRecords">5370</I32>
      <I32 N="PercentNotExpired">54</I32>
      <B N="TableSwapOccurred">false</B>
      <Nil N="TableSwapTrigger" />
      <I32 N="RowsCopied">0</I32>
      <I32 N="NextTableSwapOnOrBefore">1094</I32>
      <I32 N="OldestActiveRecord">536</I32>
      <I32 N="OldestInactiveRecord">532</I32>
      <I32 N="NewestInactiveRecord">172</I32>
    </MS>
  </Obj>
  <Obj RefId="900">
    <TNRef RefId="0" />
    <MS>
      <I32 N="Day">901</I32>
      <I32 N="ActiveTableSize">1770</I32>
      <I32 N="InactiveTableSize">3610</I32>
      <I32 N="TotalRecords">5380</I32>
      <I32 N="PercentNotExpired">53</I32>
      <B N="TableSwapOccurred">false</B>
      <Nil N="TableSwapTrigger" />
      <I32 N="RowsCopied">0</I32>
      <I32 N="NextTableSwapOnOrBefore">1094</I32>
      <I32 N="OldestActiveRecord">537</I32>
      <I32 N="OldestInactiveRecord">533</I32>
      <I32 N="NewestInactiveRecord">173</I32>
    </MS>
  </Obj>
  <Obj RefId="901">
    <TNRef RefId="0" />
    <MS>
      <I32 N="Day">902</I32>
      <I32 N="ActiveTableSize">1780</I32>
      <I32 N="InactiveTableSize">3610</I32>
      <I32 N="TotalRecords">5390</I32>
      <I32 N="PercentNotExpired">53</I32>
      <B N="TableSwapOccurred">false</B>
      <Nil N="TableSwapTrigger" />
      <I32 N="RowsCopied">0</I32>
      <I32 N="NextTableSwapOnOrBefore">1094</I32>
      <I32 N="OldestActiveRecord">538</I32>
      <I32 N="OldestInactiveRecord">534</I32>
      <I32 N="NewestInactiveRecord">174</I32>
    </MS>
  </Obj>
  <Obj RefId="902">
    <TNRef RefId="0" />
    <MS>
      <I32 N="Day">903</I32>
      <I32 N="ActiveTableSize">1790</I32>
      <I32 N="InactiveTableSize">3610</I32>
      <I32 N="TotalRecords">5400</I32>
      <I32 N="PercentNotExpired">53</I32>
      <B N="TableSwapOccurred">false</B>
      <Nil N="TableSwapTrigger" />
      <I32 N="RowsCopied">0</I32>
      <I32 N="NextTableSwapOnOrBefore">1094</I32>
      <I32 N="OldestActiveRecord">539</I32>
      <I32 N="OldestInactiveRecord">535</I32>
      <I32 N="NewestInactiveRecord">175</I32>
    </MS>
  </Obj>
  <Obj RefId="903">
    <TNRef RefId="0" />
    <MS>
      <I32 N="Day">904</I32>
      <I32 N="ActiveTableSize">1800</I32>
      <I32 N="InactiveTableSize">3610</I32>
      <I32 N="TotalRecords">5410</I32>
      <I32 N="PercentNotExpired">53</I32>
      <B N="TableSwapOccurred">false</B>
      <Nil N="TableSwapTrigger" />
      <I32 N="RowsCopied">0</I32>
      <I32 N="NextTableSwapOnOrBefore">1094</I32>
      <I32 N="OldestActiveRecord">540</I32>
      <I32 N="OldestInactiveRecord">536</I32>
      <I32 N="NewestInactiveRecord">176</I32>
    </MS>
  </Obj>
  <Obj RefId="904">
    <TNRef RefId="0" />
    <MS>
      <I32 N="Day">905</I32>
      <I32 N="ActiveTableSize">1810</I32>
      <I32 N="InactiveTableSize">3610</I32>
      <I32 N="TotalRecords">5420</I32>
      <I32 N="PercentNotExpired">52</I32>
      <B N="TableSwapOccurred">false</B>
      <Nil N="TableSwapTrigger" />
      <I32 N="RowsCopied">0</I32>
      <I32 N="NextTableSwapOnOrBefore">1094</I32>
      <I32 N="OldestActiveRecord">541</I32>
      <I32 N="OldestInactiveRecord">537</I32>
      <I32 N="NewestInactiveRecord">177</I32>
    </MS>
  </Obj>
  <Obj RefId="905">
    <TNRef RefId="0" />
    <MS>
      <I32 N="Day">906</I32>
      <I32 N="ActiveTableSize">1820</I32>
      <I32 N="InactiveTableSize">3610</I32>
      <I32 N="TotalRecords">5430</I32>
      <I32 N="PercentNotExpired">52</I32>
      <B N="TableSwapOccurred">false</B>
      <Nil N="TableSwapTrigger" />
      <I32 N="RowsCopied">0</I32>
      <I32 N="NextTableSwapOnOrBefore">1094</I32>
      <I32 N="OldestActiveRecord">542</I32>
      <I32 N="OldestInactiveRecord">538</I32>
      <I32 N="NewestInactiveRecord">178</I32>
    </MS>
  </Obj>
  <Obj RefId="906">
    <TNRef RefId="0" />
    <MS>
      <I32 N="Day">907</I32>
      <I32 N="ActiveTableSize">1830</I32>
      <I32 N="InactiveTableSize">3610</I32>
      <I32 N="TotalRecords">5440</I32>
      <I32 N="PercentNotExpired">52</I32>
      <B N="TableSwapOccurred">false</B>
      <Nil N="TableSwapTrigger" />
      <I32 N="RowsCopied">0</I32>
      <I32 N="NextTableSwapOnOrBefore">1094</I32>
      <I32 N="OldestActiveRecord">543</I32>
      <I32 N="OldestInactiveRecord">539</I32>
      <I32 N="NewestInactiveRecord">179</I32>
    </MS>
  </Obj>
  <Obj RefId="907">
    <TNRef RefId="0" />
    <MS>
      <I32 N="Day">908</I32>
      <I32 N="ActiveTableSize">1840</I32>
      <I32 N="InactiveTableSize">3610</I32>
      <I32 N="TotalRecords">5450</I32>
      <I32 N="PercentNotExpired">52</I32>
      <B N="TableSwapOccurred">false</B>
      <Nil N="TableSwapTrigger" />
      <I32 N="RowsCopied">0</I32>
      <I32 N="NextTableSwapOnOrBefore">1094</I32>
      <I32 N="OldestActiveRecord">544</I32>
      <I32 N="OldestInactiveRecord">540</I32>
      <I32 N="NewestInactiveRecord">180</I32>
    </MS>
  </Obj>
  <Obj RefId="908">
    <TNRef RefId="0" />
    <MS>
      <I32 N="Day">909</I32>
      <I32 N="ActiveTableSize">1850</I32>
      <I32 N="InactiveTableSize">3610</I32>
      <I32 N="TotalRecords">5460</I32>
      <I32 N="PercentNotExpired">51</I32>
      <B N="TableSwapOccurred">false</B>
      <Nil N="TableSwapTrigger" />
      <I32 N="RowsCopied">0</I32>
      <I32 N="NextTableSwapOnOrBefore">1094</I32>
      <I32 N="OldestActiveRecord">545</I32>
      <I32 N="OldestInactiveRecord">541</I32>
      <I32 N="NewestInactiveRecord">181</I32>
    </MS>
  </Obj>
  <Obj RefId="909">
    <TNRef RefId="0" />
    <MS>
      <I32 N="Day">910</I32>
      <I32 N="ActiveTableSize">1860</I32>
      <I32 N="InactiveTableSize">3610</I32>
      <I32 N="TotalRecords">5470</I32>
      <I32 N="PercentNotExpired">51</I32>
      <B N="TableSwapOccurred">false</B>
      <Nil N="TableSwapTrigger" />
      <I32 N="RowsCopied">0</I32>
      <I32 N="NextTableSwapOnOrBefore">1094</I32>
      <I32 N="OldestActiveRecord">546</I32>
      <I32 N="OldestInactiveRecord">542</I32>
      <I32 N="NewestInactiveRecord">182</I32>
    </MS>
  </Obj>
  <Obj RefId="910">
    <TNRef RefId="0" />
    <MS>
      <I32 N="Day">911</I32>
      <I32 N="ActiveTableSize">1870</I32>
      <I32 N="InactiveTableSize">3610</I32>
      <I32 N="TotalRecords">5480</I32>
      <I32 N="PercentNotExpired">51</I32>
      <B N="TableSwapOccurred">false</B>
      <Nil N="TableSwapTrigger" />
      <I32 N="RowsCopied">0</I32>
      <I32 N="NextTableSwapOnOrBefore">1094</I32>
      <I32 N="OldestActiveRecord">547</I32>
      <I32 N="OldestInactiveRecord">543</I32>
      <I32 N="NewestInactiveRecord">183</I32>
    </MS>
  </Obj>
  <Obj RefId="911">
    <TNRef RefId="0" />
    <MS>
      <I32 N="Day">912</I32>
      <I32 N="ActiveTableSize">1880</I32>
      <I32 N="InactiveTableSize">3610</I32>
      <I32 N="TotalRecords">5490</I32>
      <I32 N="PercentNotExpired">50</I32>
      <B N="TableSwapOccurred">false</B>
      <Nil N="TableSwapTrigger" />
      <I32 N="RowsCopied">0</I32>
      <I32 N="NextTableSwapOnOrBefore">1094</I32>
      <I32 N="OldestActiveRecord">548</I32>
      <I32 N="OldestInactiveRecord">544</I32>
      <I32 N="NewestInactiveRecord">184</I32>
    </MS>
  </Obj>
  <Obj RefId="912">
    <TNRef RefId="0" />
    <MS>
      <I32 N="Day">913</I32>
      <I32 N="ActiveTableSize">1890</I32>
      <I32 N="InactiveTableSize">3610</I32>
      <I32 N="TotalRecords">5500</I32>
      <I32 N="PercentNotExpired">50</I32>
      <B N="TableSwapOccurred">false</B>
      <Nil N="TableSwapTrigger" />
      <I32 N="RowsCopied">0</I32>
      <I32 N="NextTableSwapOnOrBefore">1094</I32>
      <I32 N="OldestActiveRecord">549</I32>
      <I32 N="OldestInactiveRecord">545</I32>
      <I32 N="NewestInactiveRecord">185</I32>
    </MS>
  </Obj>
  <Obj RefId="913">
    <TNRef RefId="0" />
    <MS>
      <I32 N="Day">914</I32>
      <I32 N="ActiveTableSize">1900</I32>
      <I32 N="InactiveTableSize">3610</I32>
      <I32 N="TotalRecords">5510</I32>
      <I32 N="PercentNotExpired">50</I32>
      <B N="TableSwapOccurred">false</B>
      <Nil N="TableSwapTrigger" />
      <I32 N="RowsCopied">0</I32>
      <I32 N="NextTableSwapOnOrBefore">1094</I32>
      <I32 N="OldestActiveRecord">550</I32>
      <I32 N="OldestInactiveRecord">546</I32>
      <I32 N="NewestInactiveRecord">186</I32>
    </MS>
  </Obj>
  <Obj RefId="914">
    <TNRef RefId="0" />
    <MS>
      <I32 N="Day">915</I32>
      <I32 N="ActiveTableSize">1910</I32>
      <I32 N="InactiveTableSize">3610</I32>
      <I32 N="TotalRecords">5520</I32>
      <I32 N="PercentNotExpired">50</I32>
      <B N="TableSwapOccurred">false</B>
      <Nil N="TableSwapTrigger" />
      <I32 N="RowsCopied">0</I32>
      <I32 N="NextTableSwapOnOrBefore">1094</I32>
      <I32 N="OldestActiveRecord">551</I32>
      <I32 N="OldestInactiveRecord">547</I32>
      <I32 N="NewestInactiveRecord">187</I32>
    </MS>
  </Obj>
  <Obj RefId="915">
    <TNRef RefId="0" />
    <MS>
      <I32 N="Day">916</I32>
      <I32 N="ActiveTableSize">1920</I32>
      <I32 N="InactiveTableSize">3610</I32>
      <I32 N="TotalRecords">5530</I32>
      <I32 N="PercentNotExpired">49</I32>
      <B N="TableSwapOccurred">false</B>
      <Nil N="TableSwapTrigger" />
      <I32 N="RowsCopied">0</I32>
      <I32 N="NextTableSwapOnOrBefore">1094</I32>
      <I32 N="OldestActiveRecord">552</I32>
      <I32 N="OldestInactiveRecord">548</I32>
      <I32 N="NewestInactiveRecord">188</I32>
    </MS>
  </Obj>
  <Obj RefId="916">
    <TNRef RefId="0" />
    <MS>
      <I32 N="Day">917</I32>
      <I32 N="ActiveTableSize">1930</I32>
      <I32 N="InactiveTableSize">3610</I32>
      <I32 N="TotalRecords">5540</I32>
      <I32 N="PercentNotExpired">49</I32>
      <B N="TableSwapOccurred">false</B>
      <Nil N="TableSwapTrigger" />
      <I32 N="RowsCopied">0</I32>
      <I32 N="NextTableSwapOnOrBefore">1094</I32>
      <I32 N="OldestActiveRecord">553</I32>
      <I32 N="OldestInactiveRecord">549</I32>
      <I32 N="NewestInactiveRecord">189</I32>
    </MS>
  </Obj>
  <Obj RefId="917">
    <TNRef RefId="0" />
    <MS>
      <I32 N="Day">918</I32>
      <I32 N="ActiveTableSize">1940</I32>
      <I32 N="InactiveTableSize">3610</I32>
      <I32 N="TotalRecords">5550</I32>
      <I32 N="PercentNotExpired">49</I32>
      <B N="TableSwapOccurred">false</B>
      <Nil N="TableSwapTrigger" />
      <I32 N="RowsCopied">0</I32>
      <I32 N="NextTableSwapOnOrBefore">1094</I32>
      <I32 N="OldestActiveRecord">554</I32>
      <I32 N="OldestInactiveRecord">550</I32>
      <I32 N="NewestInactiveRecord">190</I32>
    </MS>
  </Obj>
  <Obj RefId="918">
    <TNRef RefId="0" />
    <MS>
      <I32 N="Day">919</I32>
      <I32 N="ActiveTableSize">1950</I32>
      <I32 N="InactiveTableSize">3610</I32>
      <I32 N="TotalRecords">5560</I32>
      <I32 N="PercentNotExpired">48</I32>
      <B N="TableSwapOccurred">false</B>
      <Nil N="TableSwapTrigger" />
      <I32 N="RowsCopied">0</I32>
      <I32 N="NextTableSwapOnOrBefore">1094</I32>
      <I32 N="OldestActiveRecord">555</I32>
      <I32 N="OldestInactiveRecord">551</I32>
      <I32 N="NewestInactiveRecord">191</I32>
    </MS>
  </Obj>
  <Obj RefId="919">
    <TNRef RefId="0" />
    <MS>
      <I32 N="Day">920</I32>
      <I32 N="ActiveTableSize">1960</I32>
      <I32 N="InactiveTableSize">3610</I32>
      <I32 N="TotalRecords">5570</I32>
      <I32 N="PercentNotExpired">48</I32>
      <B N="TableSwapOccurred">false</B>
      <Nil N="TableSwapTrigger" />
      <I32 N="RowsCopied">0</I32>
      <I32 N="NextTableSwapOnOrBefore">1094</I32>
      <I32 N="OldestActiveRecord">556</I32>
      <I32 N="OldestInactiveRecord">552</I32>
      <I32 N="NewestInactiveRecord">192</I32>
    </MS>
  </Obj>
  <Obj RefId="920">
    <TNRef RefId="0" />
    <MS>
      <I32 N="Day">921</I32>
      <I32 N="ActiveTableSize">1970</I32>
      <I32 N="InactiveTableSize">3610</I32>
      <I32 N="TotalRecords">5580</I32>
      <I32 N="PercentNotExpired">48</I32>
      <B N="TableSwapOccurred">false</B>
      <Nil N="TableSwapTrigger" />
      <I32 N="RowsCopied">0</I32>
      <I32 N="NextTableSwapOnOrBefore">1094</I32>
      <I32 N="OldestActiveRecord">557</I32>
      <I32 N="OldestInactiveRecord">553</I32>
      <I32 N="NewestInactiveRecord">193</I32>
    </MS>
  </Obj>
  <Obj RefId="921">
    <TNRef RefId="0" />
    <MS>
      <I32 N="Day">922</I32>
      <I32 N="ActiveTableSize">1980</I32>
      <I32 N="InactiveTableSize">3610</I32>
      <I32 N="TotalRecords">5590</I32>
      <I32 N="PercentNotExpired">48</I32>
      <B N="TableSwapOccurred">false</B>
      <Nil N="TableSwapTrigger" />
      <I32 N="RowsCopied">0</I32>
      <I32 N="NextTableSwapOnOrBefore">1094</I32>
      <I32 N="OldestActiveRecord">558</I32>
      <I32 N="OldestInactiveRecord">554</I32>
      <I32 N="NewestInactiveRecord">194</I32>
    </MS>
  </Obj>
  <Obj RefId="922">
    <TNRef RefId="0" />
    <MS>
      <I32 N="Day">923</I32>
      <I32 N="ActiveTableSize">1990</I32>
      <I32 N="InactiveTableSize">3610</I32>
      <I32 N="TotalRecords">5600</I32>
      <I32 N="PercentNotExpired">47</I32>
      <B N="TableSwapOccurred">false</B>
      <Nil N="TableSwapTrigger" />
      <I32 N="RowsCopied">0</I32>
      <I32 N="NextTableSwapOnOrBefore">1094</I32>
      <I32 N="OldestActiveRecord">559</I32>
      <I32 N="OldestInactiveRecord">555</I32>
      <I32 N="NewestInactiveRecord">195</I32>
    </MS>
  </Obj>
  <Obj RefId="923">
    <TNRef RefId="0" />
    <MS>
      <I32 N="Day">924</I32>
      <I32 N="ActiveTableSize">2000</I32>
      <I32 N="InactiveTableSize">3610</I32>
      <I32 N="TotalRecords">5610</I32>
      <I32 N="PercentNotExpired">47</I32>
      <B N="TableSwapOccurred">false</B>
      <Nil N="TableSwapTrigger" />
      <I32 N="RowsCopied">0</I32>
      <I32 N="NextTableSwapOnOrBefore">1094</I32>
      <I32 N="OldestActiveRecord">560</I32>
      <I32 N="OldestInactiveRecord">556</I32>
      <I32 N="NewestInactiveRecord">196</I32>
    </MS>
  </Obj>
  <Obj RefId="924">
    <TNRef RefId="0" />
    <MS>
      <I32 N="Day">925</I32>
      <I32 N="ActiveTableSize">2010</I32>
      <I32 N="InactiveTableSize">3610</I32>
      <I32 N="TotalRecords">5620</I32>
      <I32 N="PercentNotExpired">47</I32>
      <B N="TableSwapOccurred">false</B>
      <Nil N="TableSwapTrigger" />
      <I32 N="RowsCopied">0</I32>
      <I32 N="NextTableSwapOnOrBefore">1094</I32>
      <I32 N="OldestActiveRecord">561</I32>
      <I32 N="OldestInactiveRecord">557</I32>
      <I32 N="NewestInactiveRecord">197</I32>
    </MS>
  </Obj>
  <Obj RefId="925">
    <TNRef RefId="0" />
    <MS>
      <I32 N="Day">926</I32>
      <I32 N="ActiveTableSize">2020</I32>
      <I32 N="InactiveTableSize">3610</I32>
      <I32 N="TotalRecords">5630</I32>
      <I32 N="PercentNotExpired">47</I32>
      <B N="TableSwapOccurred">false</B>
      <Nil N="TableSwapTrigger" />
      <I32 N="RowsCopied">0</I32>
      <I32 N="NextTableSwapOnOrBefore">1094</I32>
      <I32 N="OldestActiveRecord">562</I32>
      <I32 N="OldestInactiveRecord">558</I32>
      <I32 N="NewestInactiveRecord">198</I32>
    </MS>
  </Obj>
  <Obj RefId="926">
    <TNRef RefId="0" />
    <MS>
      <I32 N="Day">927</I32>
      <I32 N="ActiveTableSize">2030</I32>
      <I32 N="InactiveTableSize">3610</I32>
      <I32 N="TotalRecords">5640</I32>
      <I32 N="PercentNotExpired">46</I32>
      <B N="TableSwapOccurred">false</B>
      <Nil N="TableSwapTrigger" />
      <I32 N="RowsCopied">0</I32>
      <I32 N="NextTableSwapOnOrBefore">1094</I32>
      <I32 N="OldestActiveRecord">563</I32>
      <I32 N="OldestInactiveRecord">559</I32>
      <I32 N="NewestInactiveRecord">199</I32>
    </MS>
  </Obj>
  <Obj RefId="927">
    <TNRef RefId="0" />
    <MS>
      <I32 N="Day">928</I32>
      <I32 N="ActiveTableSize">2040</I32>
      <I32 N="InactiveTableSize">3610</I32>
      <I32 N="TotalRecords">5650</I32>
      <I32 N="PercentNotExpired">46</I32>
      <B N="TableSwapOccurred">false</B>
      <Nil N="TableSwapTrigger" />
      <I32 N="RowsCopied">0</I32>
      <I32 N="NextTableSwapOnOrBefore">1094</I32>
      <I32 N="OldestActiveRecord">564</I32>
      <I32 N="OldestInactiveRecord">560</I32>
      <I32 N="NewestInactiveRecord">200</I32>
    </MS>
  </Obj>
  <Obj RefId="928">
    <TNRef RefId="0" />
    <MS>
      <I32 N="Day">929</I32>
      <I32 N="ActiveTableSize">2050</I32>
      <I32 N="InactiveTableSize">3610</I32>
      <I32 N="TotalRecords">5660</I32>
      <I32 N="PercentNotExpired">46</I32>
      <B N="TableSwapOccurred">false</B>
      <Nil N="TableSwapTrigger" />
      <I32 N="RowsCopied">0</I32>
      <I32 N="NextTableSwapOnOrBefore">1094</I32>
      <I32 N="OldestActiveRecord">565</I32>
      <I32 N="OldestInactiveRecord">561</I32>
      <I32 N="NewestInactiveRecord">201</I32>
    </MS>
  </Obj>
  <Obj RefId="929">
    <TNRef RefId="0" />
    <MS>
      <I32 N="Day">930</I32>
      <I32 N="ActiveTableSize">2060</I32>
      <I32 N="InactiveTableSize">3610</I32>
      <I32 N="TotalRecords">5670</I32>
      <I32 N="PercentNotExpired">45</I32>
      <B N="TableSwapOccurred">false</B>
      <Nil N="TableSwapTrigger" />
      <I32 N="RowsCopied">0</I32>
      <I32 N="NextTableSwapOnOrBefore">1094</I32>
      <I32 N="OldestActiveRecord">566</I32>
      <I32 N="OldestInactiveRecord">562</I32>
      <I32 N="NewestInactiveRecord">202</I32>
    </MS>
  </Obj>
  <Obj RefId="930">
    <TNRef RefId="0" />
    <MS>
      <I32 N="Day">931</I32>
      <I32 N="ActiveTableSize">2070</I32>
      <I32 N="InactiveTableSize">3610</I32>
      <I32 N="TotalRecords">5680</I32>
      <I32 N="PercentNotExpired">45</I32>
      <B N="TableSwapOccurred">false</B>
      <Nil N="TableSwapTrigger" />
      <I32 N="RowsCopied">0</I32>
      <I32 N="NextTableSwapOnOrBefore">1094</I32>
      <I32 N="OldestActiveRecord">567</I32>
      <I32 N="OldestInactiveRecord">563</I32>
      <I32 N="NewestInactiveRecord">203</I32>
    </MS>
  </Obj>
  <Obj RefId="931">
    <TNRef RefId="0" />
    <MS>
      <I32 N="Day">932</I32>
      <I32 N="ActiveTableSize">2080</I32>
      <I32 N="InactiveTableSize">3610</I32>
      <I32 N="TotalRecords">5690</I32>
      <I32 N="PercentNotExpired">45</I32>
      <B N="TableSwapOccurred">false</B>
      <Nil N="TableSwapTrigger" />
      <I32 N="RowsCopied">0</I32>
      <I32 N="NextTableSwapOnOrBefore">1094</I32>
      <I32 N="OldestActiveRecord">568</I32>
      <I32 N="OldestInactiveRecord">564</I32>
      <I32 N="NewestInactiveRecord">204</I32>
    </MS>
  </Obj>
  <Obj RefId="932">
    <TNRef RefId="0" />
    <MS>
      <I32 N="Day">933</I32>
      <I32 N="ActiveTableSize">2090</I32>
      <I32 N="InactiveTableSize">3610</I32>
      <I32 N="TotalRecords">5700</I32>
      <I32 N="PercentNotExpired">45</I32>
      <B N="TableSwapOccurred">false</B>
      <Nil N="TableSwapTrigger" />
      <I32 N="RowsCopied">0</I32>
      <I32 N="NextTableSwapOnOrBefore">1094</I32>
      <I32 N="OldestActiveRecord">569</I32>
      <I32 N="OldestInactiveRecord">565</I32>
      <I32 N="NewestInactiveRecord">205</I32>
    </MS>
  </Obj>
  <Obj RefId="933">
    <TNRef RefId="0" />
    <MS>
      <I32 N="Day">934</I32>
      <I32 N="ActiveTableSize">2100</I32>
      <I32 N="InactiveTableSize">3610</I32>
      <I32 N="TotalRecords">5710</I32>
      <I32 N="PercentNotExpired">44</I32>
      <B N="TableSwapOccurred">false</B>
      <Nil N="TableSwapTrigger" />
      <I32 N="RowsCopied">0</I32>
      <I32 N="NextTableSwapOnOrBefore">1094</I32>
      <I32 N="OldestActiveRecord">570</I32>
      <I32 N="OldestInactiveRecord">566</I32>
      <I32 N="NewestInactiveRecord">206</I32>
    </MS>
  </Obj>
  <Obj RefId="934">
    <TNRef RefId="0" />
    <MS>
      <I32 N="Day">935</I32>
      <I32 N="ActiveTableSize">2110</I32>
      <I32 N="InactiveTableSize">3610</I32>
      <I32 N="TotalRecords">5720</I32>
      <I32 N="PercentNotExpired">44</I32>
      <B N="TableSwapOccurred">false</B>
      <Nil N="TableSwapTrigger" />
      <I32 N="RowsCopied">0</I32>
      <I32 N="NextTableSwapOnOrBefore">1094</I32>
      <I32 N="OldestActiveRecord">571</I32>
      <I32 N="OldestInactiveRecord">567</I32>
      <I32 N="NewestInactiveRecord">207</I32>
    </MS>
  </Obj>
  <Obj RefId="935">
    <TNRef RefId="0" />
    <MS>
      <I32 N="Day">936</I32>
      <I32 N="ActiveTableSize">2120</I32>
      <I32 N="InactiveTableSize">3610</I32>
      <I32 N="TotalRecords">5730</I32>
      <I32 N="PercentNotExpired">44</I32>
      <B N="TableSwapOccurred">false</B>
      <Nil N="TableSwapTrigger" />
      <I32 N="RowsCopied">0</I32>
      <I32 N="NextTableSwapOnOrBefore">1094</I32>
      <I32 N="OldestActiveRecord">572</I32>
      <I32 N="OldestInactiveRecord">568</I32>
      <I32 N="NewestInactiveRecord">208</I32>
    </MS>
  </Obj>
  <Obj RefId="936">
    <TNRef RefId="0" />
    <MS>
      <I32 N="Day">937</I32>
      <I32 N="ActiveTableSize">2130</I32>
      <I32 N="InactiveTableSize">3610</I32>
      <I32 N="TotalRecords">5740</I32>
      <I32 N="PercentNotExpired">43</I32>
      <B N="TableSwapOccurred">false</B>
      <Nil N="TableSwapTrigger" />
      <I32 N="RowsCopied">0</I32>
      <I32 N="NextTableSwapOnOrBefore">1094</I32>
      <I32 N="OldestActiveRecord">573</I32>
      <I32 N="OldestInactiveRecord">569</I32>
      <I32 N="NewestInactiveRecord">209</I32>
    </MS>
  </Obj>
  <Obj RefId="937">
    <TNRef RefId="0" />
    <MS>
      <I32 N="Day">938</I32>
      <I32 N="ActiveTableSize">2140</I32>
      <I32 N="InactiveTableSize">3610</I32>
      <I32 N="TotalRecords">5750</I32>
      <I32 N="PercentNotExpired">43</I32>
      <B N="TableSwapOccurred">false</B>
      <Nil N="TableSwapTrigger" />
      <I32 N="RowsCopied">0</I32>
      <I32 N="NextTableSwapOnOrBefore">1094</I32>
      <I32 N="OldestActiveRecord">574</I32>
      <I32 N="OldestInactiveRecord">570</I32>
      <I32 N="NewestInactiveRecord">210</I32>
    </MS>
  </Obj>
  <Obj RefId="938">
    <TNRef RefId="0" />
    <MS>
      <I32 N="Day">939</I32>
      <I32 N="ActiveTableSize">2150</I32>
      <I32 N="InactiveTableSize">3610</I32>
      <I32 N="TotalRecords">5760</I32>
      <I32 N="PercentNotExpired">43</I32>
      <B N="TableSwapOccurred">false</B>
      <Nil N="TableSwapTrigger" />
      <I32 N="RowsCopied">0</I32>
      <I32 N="NextTableSwapOnOrBefore">1094</I32>
      <I32 N="OldestActiveRecord">575</I32>
      <I32 N="OldestInactiveRecord">571</I32>
      <I32 N="NewestInactiveRecord">211</I32>
    </MS>
  </Obj>
  <Obj RefId="939">
    <TNRef RefId="0" />
    <MS>
      <I32 N="Day">940</I32>
      <I32 N="ActiveTableSize">2160</I32>
      <I32 N="InactiveTableSize">3610</I32>
      <I32 N="TotalRecords">5770</I32>
      <I32 N="PercentNotExpired">43</I32>
      <B N="TableSwapOccurred">false</B>
      <Nil N="TableSwapTrigger" />
      <I32 N="RowsCopied">0</I32>
      <I32 N="NextTableSwapOnOrBefore">1094</I32>
      <I32 N="OldestActiveRecord">576</I32>
      <I32 N="OldestInactiveRecord">572</I32>
      <I32 N="NewestInactiveRecord">212</I32>
    </MS>
  </Obj>
  <Obj RefId="940">
    <TNRef RefId="0" />
    <MS>
      <I32 N="Day">941</I32>
      <I32 N="ActiveTableSize">2170</I32>
      <I32 N="InactiveTableSize">3610</I32>
      <I32 N="TotalRecords">5780</I32>
      <I32 N="PercentNotExpired">42</I32>
      <B N="TableSwapOccurred">false</B>
      <Nil N="TableSwapTrigger" />
      <I32 N="RowsCopied">0</I32>
      <I32 N="NextTableSwapOnOrBefore">1094</I32>
      <I32 N="OldestActiveRecord">577</I32>
      <I32 N="OldestInactiveRecord">573</I32>
      <I32 N="NewestInactiveRecord">213</I32>
    </MS>
  </Obj>
  <Obj RefId="941">
    <TNRef RefId="0" />
    <MS>
      <I32 N="Day">942</I32>
      <I32 N="ActiveTableSize">2180</I32>
      <I32 N="InactiveTableSize">3610</I32>
      <I32 N="TotalRecords">5790</I32>
      <I32 N="PercentNotExpired">42</I32>
      <B N="TableSwapOccurred">false</B>
      <Nil N="TableSwapTrigger" />
      <I32 N="RowsCopied">0</I32>
      <I32 N="NextTableSwapOnOrBefore">1094</I32>
      <I32 N="OldestActiveRecord">578</I32>
      <I32 N="OldestInactiveRecord">574</I32>
      <I32 N="NewestInactiveRecord">214</I32>
    </MS>
  </Obj>
  <Obj RefId="942">
    <TNRef RefId="0" />
    <MS>
      <I32 N="Day">943</I32>
      <I32 N="ActiveTableSize">2190</I32>
      <I32 N="InactiveTableSize">3610</I32>
      <I32 N="TotalRecords">5800</I32>
      <I32 N="PercentNotExpired">42</I32>
      <B N="TableSwapOccurred">false</B>
      <Nil N="TableSwapTrigger" />
      <I32 N="RowsCopied">0</I32>
      <I32 N="NextTableSwapOnOrBefore">1094</I32>
      <I32 N="OldestActiveRecord">579</I32>
      <I32 N="OldestInactiveRecord">575</I32>
      <I32 N="NewestInactiveRecord">215</I32>
    </MS>
  </Obj>
  <Obj RefId="943">
    <TNRef RefId="0" />
    <MS>
      <I32 N="Day">944</I32>
      <I32 N="ActiveTableSize">2200</I32>
      <I32 N="InactiveTableSize">3610</I32>
      <I32 N="TotalRecords">5810</I32>
      <I32 N="PercentNotExpired">42</I32>
      <B N="TableSwapOccurred">false</B>
      <Nil N="TableSwapTrigger" />
      <I32 N="RowsCopied">0</I32>
      <I32 N="NextTableSwapOnOrBefore">1094</I32>
      <I32 N="OldestActiveRecord">580</I32>
      <I32 N="OldestInactiveRecord">576</I32>
      <I32 N="NewestInactiveRecord">216</I32>
    </MS>
  </Obj>
  <Obj RefId="944">
    <TNRef RefId="0" />
    <MS>
      <I32 N="Day">945</I32>
      <I32 N="ActiveTableSize">2210</I32>
      <I32 N="InactiveTableSize">3610</I32>
      <I32 N="TotalRecords">5820</I32>
      <I32 N="PercentNotExpired">41</I32>
      <B N="TableSwapOccurred">false</B>
      <Nil N="TableSwapTrigger" />
      <I32 N="RowsCopied">0</I32>
      <I32 N="NextTableSwapOnOrBefore">1094</I32>
      <I32 N="OldestActiveRecord">581</I32>
      <I32 N="OldestInactiveRecord">577</I32>
      <I32 N="NewestInactiveRecord">217</I32>
    </MS>
  </Obj>
  <Obj RefId="945">
    <TNRef RefId="0" />
    <MS>
      <I32 N="Day">946</I32>
      <I32 N="ActiveTableSize">2220</I32>
      <I32 N="InactiveTableSize">3610</I32>
      <I32 N="TotalRecords">5830</I32>
      <I32 N="PercentNotExpired">41</I32>
      <B N="TableSwapOccurred">false</B>
      <Nil N="TableSwapTrigger" />
      <I32 N="RowsCopied">0</I32>
      <I32 N="NextTableSwapOnOrBefore">1094</I32>
      <I32 N="OldestActiveRecord">582</I32>
      <I32 N="OldestInactiveRecord">578</I32>
      <I32 N="NewestInactiveRecord">218</I32>
    </MS>
  </Obj>
  <Obj RefId="946">
    <TNRef RefId="0" />
    <MS>
      <I32 N="Day">947</I32>
      <I32 N="ActiveTableSize">2230</I32>
      <I32 N="InactiveTableSize">3610</I32>
      <I32 N="TotalRecords">5840</I32>
      <I32 N="PercentNotExpired">41</I32>
      <B N="TableSwapOccurred">false</B>
      <Nil N="TableSwapTrigger" />
      <I32 N="RowsCopied">0</I32>
      <I32 N="NextTableSwapOnOrBefore">1094</I32>
      <I32 N="OldestActiveRecord">583</I32>
      <I32 N="OldestInactiveRecord">579</I32>
      <I32 N="NewestInactiveRecord">219</I32>
    </MS>
  </Obj>
  <Obj RefId="947">
    <TNRef RefId="0" />
    <MS>
      <I32 N="Day">948</I32>
      <I32 N="ActiveTableSize">2240</I32>
      <I32 N="InactiveTableSize">3610</I32>
      <I32 N="TotalRecords">5850</I32>
      <I32 N="PercentNotExpired">40</I32>
      <B N="TableSwapOccurred">false</B>
      <Nil N="TableSwapTrigger" />
      <I32 N="RowsCopied">0</I32>
      <I32 N="NextTableSwapOnOrBefore">1094</I32>
      <I32 N="OldestActiveRecord">584</I32>
      <I32 N="OldestInactiveRecord">580</I32>
      <I32 N="NewestInactiveRecord">220</I32>
    </MS>
  </Obj>
  <Obj RefId="948">
    <TNRef RefId="0" />
    <MS>
      <I32 N="Day">949</I32>
      <I32 N="ActiveTableSize">2250</I32>
      <I32 N="InactiveTableSize">3610</I32>
      <I32 N="TotalRecords">5860</I32>
      <I32 N="PercentNotExpired">40</I32>
      <B N="TableSwapOccurred">false</B>
      <Nil N="TableSwapTrigger" />
      <I32 N="RowsCopied">0</I32>
      <I32 N="NextTableSwapOnOrBefore">1094</I32>
      <I32 N="OldestActiveRecord">585</I32>
      <I32 N="OldestInactiveRecord">581</I32>
      <I32 N="NewestInactiveRecord">221</I32>
    </MS>
  </Obj>
  <Obj RefId="949">
    <TNRef RefId="0" />
    <MS>
      <I32 N="Day">950</I32>
      <I32 N="ActiveTableSize">2260</I32>
      <I32 N="InactiveTableSize">3610</I32>
      <I32 N="TotalRecords">5870</I32>
      <I32 N="PercentNotExpired">40</I32>
      <B N="TableSwapOccurred">false</B>
      <Nil N="TableSwapTrigger" />
      <I32 N="RowsCopied">0</I32>
      <I32 N="NextTableSwapOnOrBefore">1094</I32>
      <I32 N="OldestActiveRecord">586</I32>
      <I32 N="OldestInactiveRecord">582</I32>
      <I32 N="NewestInactiveRecord">222</I32>
    </MS>
  </Obj>
  <Obj RefId="950">
    <TNRef RefId="0" />
    <MS>
      <I32 N="Day">951</I32>
      <I32 N="ActiveTableSize">2270</I32>
      <I32 N="InactiveTableSize">3610</I32>
      <I32 N="TotalRecords">5880</I32>
      <I32 N="PercentNotExpired">40</I32>
      <B N="TableSwapOccurred">false</B>
      <Nil N="TableSwapTrigger" />
      <I32 N="RowsCopied">0</I32>
      <I32 N="NextTableSwapOnOrBefore">1094</I32>
      <I32 N="OldestActiveRecord">587</I32>
      <I32 N="OldestInactiveRecord">583</I32>
      <I32 N="NewestInactiveRecord">223</I32>
    </MS>
  </Obj>
  <Obj RefId="951">
    <TNRef RefId="0" />
    <MS>
      <I32 N="Day">952</I32>
      <I32 N="ActiveTableSize">2280</I32>
      <I32 N="InactiveTableSize">3610</I32>
      <I32 N="TotalRecords">5890</I32>
      <I32 N="PercentNotExpired">39</I32>
      <B N="TableSwapOccurred">false</B>
      <Nil N="TableSwapTrigger" />
      <I32 N="RowsCopied">0</I32>
      <I32 N="NextTableSwapOnOrBefore">1094</I32>
      <I32 N="OldestActiveRecord">588</I32>
      <I32 N="OldestInactiveRecord">584</I32>
      <I32 N="NewestInactiveRecord">224</I32>
    </MS>
  </Obj>
  <Obj RefId="952">
    <TNRef RefId="0" />
    <MS>
      <I32 N="Day">953</I32>
      <I32 N="ActiveTableSize">2290</I32>
      <I32 N="InactiveTableSize">3610</I32>
      <I32 N="TotalRecords">5900</I32>
      <I32 N="PercentNotExpired">39</I32>
      <B N="TableSwapOccurred">false</B>
      <Nil N="TableSwapTrigger" />
      <I32 N="RowsCopied">0</I32>
      <I32 N="NextTableSwapOnOrBefore">1094</I32>
      <I32 N="OldestActiveRecord">589</I32>
      <I32 N="OldestInactiveRecord">585</I32>
      <I32 N="NewestInactiveRecord">225</I32>
    </MS>
  </Obj>
  <Obj RefId="953">
    <TNRef RefId="0" />
    <MS>
      <I32 N="Day">954</I32>
      <I32 N="ActiveTableSize">2300</I32>
      <I32 N="InactiveTableSize">3610</I32>
      <I32 N="TotalRecords">5910</I32>
      <I32 N="PercentNotExpired">39</I32>
      <B N="TableSwapOccurred">false</B>
      <Nil N="TableSwapTrigger" />
      <I32 N="RowsCopied">0</I32>
      <I32 N="NextTableSwapOnOrBefore">1094</I32>
      <I32 N="OldestActiveRecord">590</I32>
      <I32 N="OldestInactiveRecord">586</I32>
      <I32 N="NewestInactiveRecord">226</I32>
    </MS>
  </Obj>
  <Obj RefId="954">
    <TNRef RefId="0" />
    <MS>
      <I32 N="Day">955</I32>
      <I32 N="ActiveTableSize">2310</I32>
      <I32 N="InactiveTableSize">3610</I32>
      <I32 N="TotalRecords">5920</I32>
      <I32 N="PercentNotExpired">39</I32>
      <B N="TableSwapOccurred">false</B>
      <Nil N="TableSwapTrigger" />
      <I32 N="RowsCopied">0</I32>
      <I32 N="NextTableSwapOnOrBefore">1094</I32>
      <I32 N="OldestActiveRecord">591</I32>
      <I32 N="OldestInactiveRecord">587</I32>
      <I32 N="NewestInactiveRecord">227</I32>
    </MS>
  </Obj>
  <Obj RefId="955">
    <TNRef RefId="0" />
    <MS>
      <I32 N="Day">956</I32>
      <I32 N="ActiveTableSize">2320</I32>
      <I32 N="InactiveTableSize">3610</I32>
      <I32 N="TotalRecords">5930</I32>
      <I32 N="PercentNotExpired">38</I32>
      <B N="TableSwapOccurred">false</B>
      <Nil N="TableSwapTrigger" />
      <I32 N="RowsCopied">0</I32>
      <I32 N="NextTableSwapOnOrBefore">1094</I32>
      <I32 N="OldestActiveRecord">592</I32>
      <I32 N="OldestInactiveRecord">588</I32>
      <I32 N="NewestInactiveRecord">228</I32>
    </MS>
  </Obj>
  <Obj RefId="956">
    <TNRef RefId="0" />
    <MS>
      <I32 N="Day">957</I32>
      <I32 N="ActiveTableSize">2330</I32>
      <I32 N="InactiveTableSize">3610</I32>
      <I32 N="TotalRecords">5940</I32>
      <I32 N="PercentNotExpired">38</I32>
      <B N="TableSwapOccurred">false</B>
      <Nil N="TableSwapTrigger" />
      <I32 N="RowsCopied">0</I32>
      <I32 N="NextTableSwapOnOrBefore">1094</I32>
      <I32 N="OldestActiveRecord">593</I32>
      <I32 N="OldestInactiveRecord">589</I32>
      <I32 N="NewestInactiveRecord">229</I32>
    </MS>
  </Obj>
  <Obj RefId="957">
    <TNRef RefId="0" />
    <MS>
      <I32 N="Day">958</I32>
      <I32 N="ActiveTableSize">2340</I32>
      <I32 N="InactiveTableSize">3610</I32>
      <I32 N="TotalRecords">5950</I32>
      <I32 N="PercentNotExpired">38</I32>
      <B N="TableSwapOccurred">false</B>
      <Nil N="TableSwapTrigger" />
      <I32 N="RowsCopied">0</I32>
      <I32 N="NextTableSwapOnOrBefore">1094</I32>
      <I32 N="OldestActiveRecord">594</I32>
      <I32 N="OldestInactiveRecord">590</I32>
      <I32 N="NewestInactiveRecord">230</I32>
    </MS>
  </Obj>
  <Obj RefId="958">
    <TNRef RefId="0" />
    <MS>
      <I32 N="Day">959</I32>
      <I32 N="ActiveTableSize">2350</I32>
      <I32 N="InactiveTableSize">3610</I32>
      <I32 N="TotalRecords">5960</I32>
      <I32 N="PercentNotExpired">37</I32>
      <B N="TableSwapOccurred">false</B>
      <Nil N="TableSwapTrigger" />
      <I32 N="RowsCopied">0</I32>
      <I32 N="NextTableSwapOnOrBefore">1094</I32>
      <I32 N="OldestActiveRecord">595</I32>
      <I32 N="OldestInactiveRecord">591</I32>
      <I32 N="NewestInactiveRecord">231</I32>
    </MS>
  </Obj>
  <Obj RefId="959">
    <TNRef RefId="0" />
    <MS>
      <I32 N="Day">960</I32>
      <I32 N="ActiveTableSize">2360</I32>
      <I32 N="InactiveTableSize">3610</I32>
      <I32 N="TotalRecords">5970</I32>
      <I32 N="PercentNotExpired">37</I32>
      <B N="TableSwapOccurred">false</B>
      <Nil N="TableSwapTrigger" />
      <I32 N="RowsCopied">0</I32>
      <I32 N="NextTableSwapOnOrBefore">1094</I32>
      <I32 N="OldestActiveRecord">596</I32>
      <I32 N="OldestInactiveRecord">592</I32>
      <I32 N="NewestInactiveRecord">232</I32>
    </MS>
  </Obj>
  <Obj RefId="960">
    <TNRef RefId="0" />
    <MS>
      <I32 N="Day">961</I32>
      <I32 N="ActiveTableSize">2370</I32>
      <I32 N="InactiveTableSize">3610</I32>
      <I32 N="TotalRecords">5980</I32>
      <I32 N="PercentNotExpired">37</I32>
      <B N="TableSwapOccurred">false</B>
      <Nil N="TableSwapTrigger" />
      <I32 N="RowsCopied">0</I32>
      <I32 N="NextTableSwapOnOrBefore">1094</I32>
      <I32 N="OldestActiveRecord">597</I32>
      <I32 N="OldestInactiveRecord">593</I32>
      <I32 N="NewestInactiveRecord">233</I32>
    </MS>
  </Obj>
  <Obj RefId="961">
    <TNRef RefId="0" />
    <MS>
      <I32 N="Day">962</I32>
      <I32 N="ActiveTableSize">2380</I32>
      <I32 N="InactiveTableSize">3610</I32>
      <I32 N="TotalRecords">5990</I32>
      <I32 N="PercentNotExpired">37</I32>
      <B N="TableSwapOccurred">false</B>
      <Nil N="TableSwapTrigger" />
      <I32 N="RowsCopied">0</I32>
      <I32 N="NextTableSwapOnOrBefore">1094</I32>
      <I32 N="OldestActiveRecord">598</I32>
      <I32 N="OldestInactiveRecord">594</I32>
      <I32 N="NewestInactiveRecord">234</I32>
    </MS>
  </Obj>
  <Obj RefId="962">
    <TNRef RefId="0" />
    <MS>
      <I32 N="Day">963</I32>
      <I32 N="ActiveTableSize">2390</I32>
      <I32 N="InactiveTableSize">3610</I32>
      <I32 N="TotalRecords">6000</I32>
      <I32 N="PercentNotExpired">36</I32>
      <B N="TableSwapOccurred">false</B>
      <Nil N="TableSwapTrigger" />
      <I32 N="RowsCopied">0</I32>
      <I32 N="NextTableSwapOnOrBefore">1094</I32>
      <I32 N="OldestActiveRecord">599</I32>
      <I32 N="OldestInactiveRecord">595</I32>
      <I32 N="NewestInactiveRecord">235</I32>
    </MS>
  </Obj>
  <Obj RefId="963">
    <TNRef RefId="0" />
    <MS>
      <I32 N="Day">964</I32>
      <I32 N="ActiveTableSize">2400</I32>
      <I32 N="InactiveTableSize">3610</I32>
      <I32 N="TotalRecords">6010</I32>
      <I32 N="PercentNotExpired">36</I32>
      <B N="TableSwapOccurred">false</B>
      <Nil N="TableSwapTrigger" />
      <I32 N="RowsCopied">0</I32>
      <I32 N="NextTableSwapOnOrBefore">1094</I32>
      <I32 N="OldestActiveRecord">600</I32>
      <I32 N="OldestInactiveRecord">596</I32>
      <I32 N="NewestInactiveRecord">236</I32>
    </MS>
  </Obj>
  <Obj RefId="964">
    <TNRef RefId="0" />
    <MS>
      <I32 N="Day">965</I32>
      <I32 N="ActiveTableSize">2410</I32>
      <I32 N="InactiveTableSize">3610</I32>
      <I32 N="TotalRecords">6020</I32>
      <I32 N="PercentNotExpired">36</I32>
      <B N="TableSwapOccurred">false</B>
      <Nil N="TableSwapTrigger" />
      <I32 N="RowsCopied">0</I32>
      <I32 N="NextTableSwapOnOrBefore">1094</I32>
      <I32 N="OldestActiveRecord">601</I32>
      <I32 N="OldestInactiveRecord">597</I32>
      <I32 N="NewestInactiveRecord">237</I32>
    </MS>
  </Obj>
  <Obj RefId="965">
    <TNRef RefId="0" />
    <MS>
      <I32 N="Day">966</I32>
      <I32 N="ActiveTableSize">2420</I32>
      <I32 N="InactiveTableSize">3610</I32>
      <I32 N="TotalRecords">6030</I32>
      <I32 N="PercentNotExpired">35</I32>
      <B N="TableSwapOccurred">false</B>
      <Nil N="TableSwapTrigger" />
      <I32 N="RowsCopied">0</I32>
      <I32 N="NextTableSwapOnOrBefore">1094</I32>
      <I32 N="OldestActiveRecord">602</I32>
      <I32 N="OldestInactiveRecord">598</I32>
      <I32 N="NewestInactiveRecord">238</I32>
    </MS>
  </Obj>
  <Obj RefId="966">
    <TNRef RefId="0" />
    <MS>
      <I32 N="Day">967</I32>
      <I32 N="ActiveTableSize">2430</I32>
      <I32 N="InactiveTableSize">3610</I32>
      <I32 N="TotalRecords">6040</I32>
      <I32 N="PercentNotExpired">35</I32>
      <B N="TableSwapOccurred">false</B>
      <Nil N="TableSwapTrigger" />
      <I32 N="RowsCopied">0</I32>
      <I32 N="NextTableSwapOnOrBefore">1094</I32>
      <I32 N="OldestActiveRecord">603</I32>
      <I32 N="OldestInactiveRecord">599</I32>
      <I32 N="NewestInactiveRecord">239</I32>
    </MS>
  </Obj>
  <Obj RefId="967">
    <TNRef RefId="0" />
    <MS>
      <I32 N="Day">968</I32>
      <I32 N="ActiveTableSize">2440</I32>
      <I32 N="InactiveTableSize">3610</I32>
      <I32 N="TotalRecords">6050</I32>
      <I32 N="PercentNotExpired">35</I32>
      <B N="TableSwapOccurred">false</B>
      <Nil N="TableSwapTrigger" />
      <I32 N="RowsCopied">0</I32>
      <I32 N="NextTableSwapOnOrBefore">1094</I32>
      <I32 N="OldestActiveRecord">604</I32>
      <I32 N="OldestInactiveRecord">600</I32>
      <I32 N="NewestInactiveRecord">240</I32>
    </MS>
  </Obj>
  <Obj RefId="968">
    <TNRef RefId="0" />
    <MS>
      <I32 N="Day">969</I32>
      <I32 N="ActiveTableSize">2450</I32>
      <I32 N="InactiveTableSize">3610</I32>
      <I32 N="TotalRecords">6060</I32>
      <I32 N="PercentNotExpired">35</I32>
      <B N="TableSwapOccurred">false</B>
      <Nil N="TableSwapTrigger" />
      <I32 N="RowsCopied">0</I32>
      <I32 N="NextTableSwapOnOrBefore">1094</I32>
      <I32 N="OldestActiveRecord">605</I32>
      <I32 N="OldestInactiveRecord">601</I32>
      <I32 N="NewestInactiveRecord">241</I32>
    </MS>
  </Obj>
  <Obj RefId="969">
    <TNRef RefId="0" />
    <MS>
      <I32 N="Day">970</I32>
      <I32 N="ActiveTableSize">2460</I32>
      <I32 N="InactiveTableSize">3610</I32>
      <I32 N="TotalRecords">6070</I32>
      <I32 N="PercentNotExpired">34</I32>
      <B N="TableSwapOccurred">false</B>
      <Nil N="TableSwapTrigger" />
      <I32 N="RowsCopied">0</I32>
      <I32 N="NextTableSwapOnOrBefore">1094</I32>
      <I32 N="OldestActiveRecord">606</I32>
      <I32 N="OldestInactiveRecord">602</I32>
      <I32 N="NewestInactiveRecord">242</I32>
    </MS>
  </Obj>
  <Obj RefId="970">
    <TNRef RefId="0" />
    <MS>
      <I32 N="Day">971</I32>
      <I32 N="ActiveTableSize">2470</I32>
      <I32 N="InactiveTableSize">3610</I32>
      <I32 N="TotalRecords">6080</I32>
      <I32 N="PercentNotExpired">34</I32>
      <B N="TableSwapOccurred">false</B>
      <Nil N="TableSwapTrigger" />
      <I32 N="RowsCopied">0</I32>
      <I32 N="NextTableSwapOnOrBefore">1094</I32>
      <I32 N="OldestActiveRecord">607</I32>
      <I32 N="OldestInactiveRecord">603</I32>
      <I32 N="NewestInactiveRecord">243</I32>
    </MS>
  </Obj>
  <Obj RefId="971">
    <TNRef RefId="0" />
    <MS>
      <I32 N="Day">972</I32>
      <I32 N="ActiveTableSize">2480</I32>
      <I32 N="InactiveTableSize">3610</I32>
      <I32 N="TotalRecords">6090</I32>
      <I32 N="PercentNotExpired">34</I32>
      <B N="TableSwapOccurred">false</B>
      <Nil N="TableSwapTrigger" />
      <I32 N="RowsCopied">0</I32>
      <I32 N="NextTableSwapOnOrBefore">1094</I32>
      <I32 N="OldestActiveRecord">608</I32>
      <I32 N="OldestInactiveRecord">604</I32>
      <I32 N="NewestInactiveRecord">244</I32>
    </MS>
  </Obj>
  <Obj RefId="972">
    <TNRef RefId="0" />
    <MS>
      <I32 N="Day">973</I32>
      <I32 N="ActiveTableSize">2490</I32>
      <I32 N="InactiveTableSize">3610</I32>
      <I32 N="TotalRecords">6100</I32>
      <I32 N="PercentNotExpired">34</I32>
      <B N="TableSwapOccurred">false</B>
      <Nil N="TableSwapTrigger" />
      <I32 N="RowsCopied">0</I32>
      <I32 N="NextTableSwapOnOrBefore">1094</I32>
      <I32 N="OldestActiveRecord">609</I32>
      <I32 N="OldestInactiveRecord">605</I32>
      <I32 N="NewestInactiveRecord">245</I32>
    </MS>
  </Obj>
  <Obj RefId="973">
    <TNRef RefId="0" />
    <MS>
      <I32 N="Day">974</I32>
      <I32 N="ActiveTableSize">2500</I32>
      <I32 N="InactiveTableSize">3610</I32>
      <I32 N="TotalRecords">6110</I32>
      <I32 N="PercentNotExpired">33</I32>
      <B N="TableSwapOccurred">false</B>
      <Nil N="TableSwapTrigger" />
      <I32 N="RowsCopied">0</I32>
      <I32 N="NextTableSwapOnOrBefore">1094</I32>
      <I32 N="OldestActiveRecord">610</I32>
      <I32 N="OldestInactiveRecord">606</I32>
      <I32 N="NewestInactiveRecord">246</I32>
    </MS>
  </Obj>
  <Obj RefId="974">
    <TNRef RefId="0" />
    <MS>
      <I32 N="Day">975</I32>
      <I32 N="ActiveTableSize">2510</I32>
      <I32 N="InactiveTableSize">3610</I32>
      <I32 N="TotalRecords">6120</I32>
      <I32 N="PercentNotExpired">33</I32>
      <B N="TableSwapOccurred">false</B>
      <Nil N="TableSwapTrigger" />
      <I32 N="RowsCopied">0</I32>
      <I32 N="NextTableSwapOnOrBefore">1094</I32>
      <I32 N="OldestActiveRecord">611</I32>
      <I32 N="OldestInactiveRecord">607</I32>
      <I32 N="NewestInactiveRecord">247</I32>
    </MS>
  </Obj>
  <Obj RefId="975">
    <TNRef RefId="0" />
    <MS>
      <I32 N="Day">976</I32>
      <I32 N="ActiveTableSize">2520</I32>
      <I32 N="InactiveTableSize">3610</I32>
      <I32 N="TotalRecords">6130</I32>
      <I32 N="PercentNotExpired">33</I32>
      <B N="TableSwapOccurred">false</B>
      <Nil N="TableSwapTrigger" />
      <I32 N="RowsCopied">0</I32>
      <I32 N="NextTableSwapOnOrBefore">1094</I32>
      <I32 N="OldestActiveRecord">612</I32>
      <I32 N="OldestInactiveRecord">608</I32>
      <I32 N="NewestInactiveRecord">248</I32>
    </MS>
  </Obj>
  <Obj RefId="976">
    <TNRef RefId="0" />
    <MS>
      <I32 N="Day">977</I32>
      <I32 N="ActiveTableSize">2530</I32>
      <I32 N="InactiveTableSize">3610</I32>
      <I32 N="TotalRecords">6140</I32>
      <I32 N="PercentNotExpired">32</I32>
      <B N="TableSwapOccurred">false</B>
      <Nil N="TableSwapTrigger" />
      <I32 N="RowsCopied">0</I32>
      <I32 N="NextTableSwapOnOrBefore">1094</I32>
      <I32 N="OldestActiveRecord">613</I32>
      <I32 N="OldestInactiveRecord">609</I32>
      <I32 N="NewestInactiveRecord">249</I32>
    </MS>
  </Obj>
  <Obj RefId="977">
    <TNRef RefId="0" />
    <MS>
      <I32 N="Day">978</I32>
      <I32 N="ActiveTableSize">2540</I32>
      <I32 N="InactiveTableSize">3610</I32>
      <I32 N="TotalRecords">6150</I32>
      <I32 N="PercentNotExpired">32</I32>
      <B N="TableSwapOccurred">false</B>
      <Nil N="TableSwapTrigger" />
      <I32 N="RowsCopied">0</I32>
      <I32 N="NextTableSwapOnOrBefore">1094</I32>
      <I32 N="OldestActiveRecord">614</I32>
      <I32 N="OldestInactiveRecord">610</I32>
      <I32 N="NewestInactiveRecord">250</I32>
    </MS>
  </Obj>
  <Obj RefId="978">
    <TNRef RefId="0" />
    <MS>
      <I32 N="Day">979</I32>
      <I32 N="ActiveTableSize">2550</I32>
      <I32 N="InactiveTableSize">3610</I32>
      <I32 N="TotalRecords">6160</I32>
      <I32 N="PercentNotExpired">32</I32>
      <B N="TableSwapOccurred">false</B>
      <Nil N="TableSwapTrigger" />
      <I32 N="RowsCopied">0</I32>
      <I32 N="NextTableSwapOnOrBefore">1094</I32>
      <I32 N="OldestActiveRecord">615</I32>
      <I32 N="OldestInactiveRecord">611</I32>
      <I32 N="NewestInactiveRecord">251</I32>
    </MS>
  </Obj>
  <Obj RefId="979">
    <TNRef RefId="0" />
    <MS>
      <I32 N="Day">980</I32>
      <I32 N="ActiveTableSize">2560</I32>
      <I32 N="InactiveTableSize">3610</I32>
      <I32 N="TotalRecords">6170</I32>
      <I32 N="PercentNotExpired">32</I32>
      <B N="TableSwapOccurred">false</B>
      <Nil N="TableSwapTrigger" />
      <I32 N="RowsCopied">0</I32>
      <I32 N="NextTableSwapOnOrBefore">1094</I32>
      <I32 N="OldestActiveRecord">616</I32>
      <I32 N="OldestInactiveRecord">612</I32>
      <I32 N="NewestInactiveRecord">252</I32>
    </MS>
  </Obj>
  <Obj RefId="980">
    <TNRef RefId="0" />
    <MS>
      <I32 N="Day">981</I32>
      <I32 N="ActiveTableSize">2570</I32>
      <I32 N="InactiveTableSize">3610</I32>
      <I32 N="TotalRecords">6180</I32>
      <I32 N="PercentNotExpired">31</I32>
      <B N="TableSwapOccurred">false</B>
      <Nil N="TableSwapTrigger" />
      <I32 N="RowsCopied">0</I32>
      <I32 N="NextTableSwapOnOrBefore">1094</I32>
      <I32 N="OldestActiveRecord">617</I32>
      <I32 N="OldestInactiveRecord">613</I32>
      <I32 N="NewestInactiveRecord">253</I32>
    </MS>
  </Obj>
  <Obj RefId="981">
    <TNRef RefId="0" />
    <MS>
      <I32 N="Day">982</I32>
      <I32 N="ActiveTableSize">2580</I32>
      <I32 N="InactiveTableSize">3610</I32>
      <I32 N="TotalRecords">6190</I32>
      <I32 N="PercentNotExpired">31</I32>
      <B N="TableSwapOccurred">false</B>
      <Nil N="TableSwapTrigger" />
      <I32 N="RowsCopied">0</I32>
      <I32 N="NextTableSwapOnOrBefore">1094</I32>
      <I32 N="OldestActiveRecord">618</I32>
      <I32 N="OldestInactiveRecord">614</I32>
      <I32 N="NewestInactiveRecord">254</I32>
    </MS>
  </Obj>
  <Obj RefId="982">
    <TNRef RefId="0" />
    <MS>
      <I32 N="Day">983</I32>
      <I32 N="ActiveTableSize">2590</I32>
      <I32 N="InactiveTableSize">3610</I32>
      <I32 N="TotalRecords">6200</I32>
      <I32 N="PercentNotExpired">31</I32>
      <B N="TableSwapOccurred">false</B>
      <Nil N="TableSwapTrigger" />
      <I32 N="RowsCopied">0</I32>
      <I32 N="NextTableSwapOnOrBefore">1094</I32>
      <I32 N="OldestActiveRecord">619</I32>
      <I32 N="OldestInactiveRecord">615</I32>
      <I32 N="NewestInactiveRecord">255</I32>
    </MS>
  </Obj>
  <Obj RefId="983">
    <TNRef RefId="0" />
    <MS>
      <I32 N="Day">984</I32>
      <I32 N="ActiveTableSize">2600</I32>
      <I32 N="InactiveTableSize">3610</I32>
      <I32 N="TotalRecords">6210</I32>
      <I32 N="PercentNotExpired">30</I32>
      <B N="TableSwapOccurred">false</B>
      <Nil N="TableSwapTrigger" />
      <I32 N="RowsCopied">0</I32>
      <I32 N="NextTableSwapOnOrBefore">1094</I32>
      <I32 N="OldestActiveRecord">620</I32>
      <I32 N="OldestInactiveRecord">616</I32>
      <I32 N="NewestInactiveRecord">256</I32>
    </MS>
  </Obj>
  <Obj RefId="984">
    <TNRef RefId="0" />
    <MS>
      <I32 N="Day">985</I32>
      <I32 N="ActiveTableSize">2610</I32>
      <I32 N="InactiveTableSize">3610</I32>
      <I32 N="TotalRecords">6220</I32>
      <I32 N="PercentNotExpired">30</I32>
      <B N="TableSwapOccurred">false</B>
      <Nil N="TableSwapTrigger" />
      <I32 N="RowsCopied">0</I32>
      <I32 N="NextTableSwapOnOrBefore">1094</I32>
      <I32 N="OldestActiveRecord">621</I32>
      <I32 N="OldestInactiveRecord">617</I32>
      <I32 N="NewestInactiveRecord">257</I32>
    </MS>
  </Obj>
  <Obj RefId="985">
    <TNRef RefId="0" />
    <MS>
      <I32 N="Day">986</I32>
      <I32 N="ActiveTableSize">2620</I32>
      <I32 N="InactiveTableSize">3610</I32>
      <I32 N="TotalRecords">6230</I32>
      <I32 N="PercentNotExpired">30</I32>
      <B N="TableSwapOccurred">false</B>
      <Nil N="TableSwapTrigger" />
      <I32 N="RowsCopied">0</I32>
      <I32 N="NextTableSwapOnOrBefore">1094</I32>
      <I32 N="OldestActiveRecord">622</I32>
      <I32 N="OldestInactiveRecord">618</I32>
      <I32 N="NewestInactiveRecord">258</I32>
    </MS>
  </Obj>
  <Obj RefId="986">
    <TNRef RefId="0" />
    <MS>
      <I32 N="Day">987</I32>
      <I32 N="ActiveTableSize">2630</I32>
      <I32 N="InactiveTableSize">3610</I32>
      <I32 N="TotalRecords">6240</I32>
      <I32 N="PercentNotExpired">30</I32>
      <B N="TableSwapOccurred">false</B>
      <Nil N="TableSwapTrigger" />
      <I32 N="RowsCopied">0</I32>
      <I32 N="NextTableSwapOnOrBefore">1094</I32>
      <I32 N="OldestActiveRecord">623</I32>
      <I32 N="OldestInactiveRecord">619</I32>
      <I32 N="NewestInactiveRecord">259</I32>
    </MS>
  </Obj>
  <Obj RefId="987">
    <TNRef RefId="0" />
    <MS>
      <I32 N="Day">988</I32>
      <I32 N="ActiveTableSize">2640</I32>
      <I32 N="InactiveTableSize">3610</I32>
      <I32 N="TotalRecords">6250</I32>
      <I32 N="PercentNotExpired">29</I32>
      <B N="TableSwapOccurred">false</B>
      <Nil N="TableSwapTrigger" />
      <I32 N="RowsCopied">0</I32>
      <I32 N="NextTableSwapOnOrBefore">1094</I32>
      <I32 N="OldestActiveRecord">624</I32>
      <I32 N="OldestInactiveRecord">620</I32>
      <I32 N="NewestInactiveRecord">260</I32>
    </MS>
  </Obj>
  <Obj RefId="988">
    <TNRef RefId="0" />
    <MS>
      <I32 N="Day">989</I32>
      <I32 N="ActiveTableSize">2650</I32>
      <I32 N="InactiveTableSize">3610</I32>
      <I32 N="TotalRecords">6260</I32>
      <I32 N="PercentNotExpired">29</I32>
      <B N="TableSwapOccurred">false</B>
      <Nil N="TableSwapTrigger" />
      <I32 N="RowsCopied">0</I32>
      <I32 N="NextTableSwapOnOrBefore">1094</I32>
      <I32 N="OldestActiveRecord">625</I32>
      <I32 N="OldestInactiveRecord">621</I32>
      <I32 N="NewestInactiveRecord">261</I32>
    </MS>
  </Obj>
  <Obj RefId="989">
    <TNRef RefId="0" />
    <MS>
      <I32 N="Day">990</I32>
      <I32 N="ActiveTableSize">2660</I32>
      <I32 N="InactiveTableSize">3610</I32>
      <I32 N="TotalRecords">6270</I32>
      <I32 N="PercentNotExpired">29</I32>
      <B N="TableSwapOccurred">false</B>
      <Nil N="TableSwapTrigger" />
      <I32 N="RowsCopied">0</I32>
      <I32 N="NextTableSwapOnOrBefore">1094</I32>
      <I32 N="OldestActiveRecord">626</I32>
      <I32 N="OldestInactiveRecord">622</I32>
      <I32 N="NewestInactiveRecord">262</I32>
    </MS>
  </Obj>
  <Obj RefId="990">
    <TNRef RefId="0" />
    <MS>
      <I32 N="Day">991</I32>
      <I32 N="ActiveTableSize">2670</I32>
      <I32 N="InactiveTableSize">3610</I32>
      <I32 N="TotalRecords">6280</I32>
      <I32 N="PercentNotExpired">29</I32>
      <B N="TableSwapOccurred">false</B>
      <Nil N="TableSwapTrigger" />
      <I32 N="RowsCopied">0</I32>
      <I32 N="NextTableSwapOnOrBefore">1094</I32>
      <I32 N="OldestActiveRecord">627</I32>
      <I32 N="OldestInactiveRecord">623</I32>
      <I32 N="NewestInactiveRecord">263</I32>
    </MS>
  </Obj>
  <Obj RefId="991">
    <TNRef RefId="0" />
    <MS>
      <I32 N="Day">992</I32>
      <I32 N="ActiveTableSize">2680</I32>
      <I32 N="InactiveTableSize">3610</I32>
      <I32 N="TotalRecords">6290</I32>
      <I32 N="PercentNotExpired">28</I32>
      <B N="TableSwapOccurred">false</B>
      <Nil N="TableSwapTrigger" />
      <I32 N="RowsCopied">0</I32>
      <I32 N="NextTableSwapOnOrBefore">1094</I32>
      <I32 N="OldestActiveRecord">628</I32>
      <I32 N="OldestInactiveRecord">624</I32>
      <I32 N="NewestInactiveRecord">264</I32>
    </MS>
  </Obj>
  <Obj RefId="992">
    <TNRef RefId="0" />
    <MS>
      <I32 N="Day">993</I32>
      <I32 N="ActiveTableSize">2690</I32>
      <I32 N="InactiveTableSize">3610</I32>
      <I32 N="TotalRecords">6300</I32>
      <I32 N="PercentNotExpired">28</I32>
      <B N="TableSwapOccurred">false</B>
      <Nil N="TableSwapTrigger" />
      <I32 N="RowsCopied">0</I32>
      <I32 N="NextTableSwapOnOrBefore">1094</I32>
      <I32 N="OldestActiveRecord">629</I32>
      <I32 N="OldestInactiveRecord">625</I32>
      <I32 N="NewestInactiveRecord">265</I32>
    </MS>
  </Obj>
  <Obj RefId="993">
    <TNRef RefId="0" />
    <MS>
      <I32 N="Day">994</I32>
      <I32 N="ActiveTableSize">2700</I32>
      <I32 N="InactiveTableSize">3610</I32>
      <I32 N="TotalRecords">6310</I32>
      <I32 N="PercentNotExpired">28</I32>
      <B N="TableSwapOccurred">false</B>
      <Nil N="TableSwapTrigger" />
      <I32 N="RowsCopied">0</I32>
      <I32 N="NextTableSwapOnOrBefore">1094</I32>
      <I32 N="OldestActiveRecord">630</I32>
      <I32 N="OldestInactiveRecord">626</I32>
      <I32 N="NewestInactiveRecord">266</I32>
    </MS>
  </Obj>
  <Obj RefId="994">
    <TNRef RefId="0" />
    <MS>
      <I32 N="Day">995</I32>
      <I32 N="ActiveTableSize">2710</I32>
      <I32 N="InactiveTableSize">3610</I32>
      <I32 N="TotalRecords">6320</I32>
      <I32 N="PercentNotExpired">27</I32>
      <B N="TableSwapOccurred">false</B>
      <Nil N="TableSwapTrigger" />
      <I32 N="RowsCopied">0</I32>
      <I32 N="NextTableSwapOnOrBefore">1094</I32>
      <I32 N="OldestActiveRecord">631</I32>
      <I32 N="OldestInactiveRecord">627</I32>
      <I32 N="NewestInactiveRecord">267</I32>
    </MS>
  </Obj>
  <Obj RefId="995">
    <TNRef RefId="0" />
    <MS>
      <I32 N="Day">996</I32>
      <I32 N="ActiveTableSize">2720</I32>
      <I32 N="InactiveTableSize">3610</I32>
      <I32 N="TotalRecords">6330</I32>
      <I32 N="PercentNotExpired">27</I32>
      <B N="TableSwapOccurred">false</B>
      <Nil N="TableSwapTrigger" />
      <I32 N="RowsCopied">0</I32>
      <I32 N="NextTableSwapOnOrBefore">1094</I32>
      <I32 N="OldestActiveRecord">632</I32>
      <I32 N="OldestInactiveRecord">628</I32>
      <I32 N="NewestInactiveRecord">268</I32>
    </MS>
  </Obj>
  <Obj RefId="996">
    <TNRef RefId="0" />
    <MS>
      <I32 N="Day">997</I32>
      <I32 N="ActiveTableSize">2730</I32>
      <I32 N="InactiveTableSize">3610</I32>
      <I32 N="TotalRecords">6340</I32>
      <I32 N="PercentNotExpired">27</I32>
      <B N="TableSwapOccurred">false</B>
      <Nil N="TableSwapTrigger" />
      <I32 N="RowsCopied">0</I32>
      <I32 N="NextTableSwapOnOrBefore">1094</I32>
      <I32 N="OldestActiveRecord">633</I32>
      <I32 N="OldestInactiveRecord">629</I32>
      <I32 N="NewestInactiveRecord">269</I32>
    </MS>
  </Obj>
  <Obj RefId="997">
    <TNRef RefId="0" />
    <MS>
      <I32 N="Day">998</I32>
      <I32 N="ActiveTableSize">2740</I32>
      <I32 N="InactiveTableSize">3610</I32>
      <I32 N="TotalRecords">6350</I32>
      <I32 N="PercentNotExpired">27</I32>
      <B N="TableSwapOccurred">false</B>
      <Nil N="TableSwapTrigger" />
      <I32 N="RowsCopied">0</I32>
      <I32 N="NextTableSwapOnOrBefore">1094</I32>
      <I32 N="OldestActiveRecord">634</I32>
      <I32 N="OldestInactiveRecord">630</I32>
      <I32 N="NewestInactiveRecord">270</I32>
    </MS>
  </Obj>
  <Obj RefId="998">
    <TNRef RefId="0" />
    <MS>
      <I32 N="Day">999</I32>
      <I32 N="ActiveTableSize">2750</I32>
      <I32 N="InactiveTableSize">3610</I32>
      <I32 N="TotalRecords">6360</I32>
      <I32 N="PercentNotExpired">26</I32>
      <B N="TableSwapOccurred">false</B>
      <Nil N="TableSwapTrigger" />
      <I32 N="RowsCopied">0</I32>
      <I32 N="NextTableSwapOnOrBefore">1094</I32>
      <I32 N="OldestActiveRecord">635</I32>
      <I32 N="OldestInactiveRecord">631</I32>
      <I32 N="NewestInactiveRecord">271</I32>
    </MS>
  </Obj>
  <Obj RefId="999">
    <TNRef RefId="0" />
    <MS>
      <I32 N="Day">1000</I32>
      <I32 N="ActiveTableSize">2760</I32>
      <I32 N="InactiveTableSize">3610</I32>
      <I32 N="TotalRecords">6370</I32>
      <I32 N="PercentNotExpired">26</I32>
      <B N="TableSwapOccurred">false</B>
      <Nil N="TableSwapTrigger" />
      <I32 N="RowsCopied">0</I32>
      <I32 N="NextTableSwapOnOrBefore">1094</I32>
      <I32 N="OldestActiveRecord">636</I32>
      <I32 N="OldestInactiveRecord">632</I32>
      <I32 N="NewestInactiveRecord">272</I32>
    </MS>
  </Obj>
  <Obj RefId="1000">
    <TNRef RefId="0" />
    <MS>
      <I32 N="Day">1001</I32>
      <I32 N="ActiveTableSize">2770</I32>
      <I32 N="InactiveTableSize">3610</I32>
      <I32 N="TotalRecords">6380</I32>
      <I32 N="PercentNotExpired">26</I32>
      <B N="TableSwapOccurred">false</B>
      <Nil N="TableSwapTrigger" />
      <I32 N="RowsCopied">0</I32>
      <I32 N="NextTableSwapOnOrBefore">1094</I32>
      <I32 N="OldestActiveRecord">637</I32>
      <I32 N="OldestInactiveRecord">633</I32>
      <I32 N="NewestInactiveRecord">273</I32>
    </MS>
  </Obj>
  <Obj RefId="1001">
    <TNRef RefId="0" />
    <MS>
      <I32 N="Day">1002</I32>
      <I32 N="ActiveTableSize">2780</I32>
      <I32 N="InactiveTableSize">3610</I32>
      <I32 N="TotalRecords">6390</I32>
      <I32 N="PercentNotExpired">25</I32>
      <B N="TableSwapOccurred">false</B>
      <Nil N="TableSwapTrigger" />
      <I32 N="RowsCopied">0</I32>
      <I32 N="NextTableSwapOnOrBefore">1094</I32>
      <I32 N="OldestActiveRecord">638</I32>
      <I32 N="OldestInactiveRecord">634</I32>
      <I32 N="NewestInactiveRecord">274</I32>
    </MS>
  </Obj>
  <Obj RefId="1002">
    <TNRef RefId="0" />
    <MS>
      <I32 N="Day">1003</I32>
      <I32 N="ActiveTableSize">2790</I32>
      <I32 N="InactiveTableSize">3610</I32>
      <I32 N="TotalRecords">6400</I32>
      <I32 N="PercentNotExpired">25</I32>
      <B N="TableSwapOccurred">false</B>
      <Nil N="TableSwapTrigger" />
      <I32 N="RowsCopied">0</I32>
      <I32 N="NextTableSwapOnOrBefore">1094</I32>
      <I32 N="OldestActiveRecord">639</I32>
      <I32 N="OldestInactiveRecord">635</I32>
      <I32 N="NewestInactiveRecord">275</I32>
    </MS>
  </Obj>
  <Obj RefId="1003">
    <TNRef RefId="0" />
    <MS>
      <I32 N="Day">1004</I32>
      <I32 N="ActiveTableSize">2800</I32>
      <I32 N="InactiveTableSize">3610</I32>
      <I32 N="TotalRecords">6410</I32>
      <I32 N="PercentNotExpired">25</I32>
      <B N="TableSwapOccurred">false</B>
      <Nil N="TableSwapTrigger" />
      <I32 N="RowsCopied">0</I32>
      <I32 N="NextTableSwapOnOrBefore">1094</I32>
      <I32 N="OldestActiveRecord">640</I32>
      <I32 N="OldestInactiveRecord">636</I32>
      <I32 N="NewestInactiveRecord">276</I32>
    </MS>
  </Obj>
  <Obj RefId="1004">
    <TNRef RefId="0" />
    <MS>
      <I32 N="Day">1005</I32>
      <I32 N="ActiveTableSize">2810</I32>
      <I32 N="InactiveTableSize">3610</I32>
      <I32 N="TotalRecords">6420</I32>
      <I32 N="PercentNotExpired">25</I32>
      <B N="TableSwapOccurred">false</B>
      <Nil N="TableSwapTrigger" />
      <I32 N="RowsCopied">0</I32>
      <I32 N="NextTableSwapOnOrBefore">1094</I32>
      <I32 N="OldestActiveRecord">641</I32>
      <I32 N="OldestInactiveRecord">637</I32>
      <I32 N="NewestInactiveRecord">277</I32>
    </MS>
  </Obj>
  <Obj RefId="1005">
    <TNRef RefId="0" />
    <MS>
      <I32 N="Day">1006</I32>
      <I32 N="ActiveTableSize">2820</I32>
      <I32 N="InactiveTableSize">3610</I32>
      <I32 N="TotalRecords">6430</I32>
      <I32 N="PercentNotExpired">24</I32>
      <B N="TableSwapOccurred">false</B>
      <Nil N="TableSwapTrigger" />
      <I32 N="RowsCopied">0</I32>
      <I32 N="NextTableSwapOnOrBefore">1094</I32>
      <I32 N="OldestActiveRecord">642</I32>
      <I32 N="OldestInactiveRecord">638</I32>
      <I32 N="NewestInactiveRecord">278</I32>
    </MS>
  </Obj>
  <Obj RefId="1006">
    <TNRef RefId="0" />
    <MS>
      <I32 N="Day">1007</I32>
      <I32 N="ActiveTableSize">2830</I32>
      <I32 N="InactiveTableSize">3610</I32>
      <I32 N="TotalRecords">6440</I32>
      <I32 N="PercentNotExpired">24</I32>
      <B N="TableSwapOccurred">false</B>
      <Nil N="TableSwapTrigger" />
      <I32 N="RowsCopied">0</I32>
      <I32 N="NextTableSwapOnOrBefore">1094</I32>
      <I32 N="OldestActiveRecord">643</I32>
      <I32 N="OldestInactiveRecord">639</I32>
      <I32 N="NewestInactiveRecord">279</I32>
    </MS>
  </Obj>
  <Obj RefId="1007">
    <TNRef RefId="0" />
    <MS>
      <I32 N="Day">1008</I32>
      <I32 N="ActiveTableSize">2840</I32>
      <I32 N="InactiveTableSize">3610</I32>
      <I32 N="TotalRecords">6450</I32>
      <I32 N="PercentNotExpired">24</I32>
      <B N="TableSwapOccurred">false</B>
      <Nil N="TableSwapTrigger" />
      <I32 N="RowsCopied">0</I32>
      <I32 N="NextTableSwapOnOrBefore">1094</I32>
      <I32 N="OldestActiveRecord">644</I32>
      <I32 N="OldestInactiveRecord">640</I32>
      <I32 N="NewestInactiveRecord">280</I32>
    </MS>
  </Obj>
  <Obj RefId="1008">
    <TNRef RefId="0" />
    <MS>
      <I32 N="Day">1009</I32>
      <I32 N="ActiveTableSize">2850</I32>
      <I32 N="InactiveTableSize">3610</I32>
      <I32 N="TotalRecords">6460</I32>
      <I32 N="PercentNotExpired">24</I32>
      <B N="TableSwapOccurred">false</B>
      <Nil N="TableSwapTrigger" />
      <I32 N="RowsCopied">0</I32>
      <I32 N="NextTableSwapOnOrBefore">1094</I32>
      <I32 N="OldestActiveRecord">645</I32>
      <I32 N="OldestInactiveRecord">641</I32>
      <I32 N="NewestInactiveRecord">281</I32>
    </MS>
  </Obj>
  <Obj RefId="1009">
    <TNRef RefId="0" />
    <MS>
      <I32 N="Day">1010</I32>
      <I32 N="ActiveTableSize">2860</I32>
      <I32 N="InactiveTableSize">3610</I32>
      <I32 N="TotalRecords">6470</I32>
      <I32 N="PercentNotExpired">23</I32>
      <B N="TableSwapOccurred">false</B>
      <Nil N="TableSwapTrigger" />
      <I32 N="RowsCopied">0</I32>
      <I32 N="NextTableSwapOnOrBefore">1094</I32>
      <I32 N="OldestActiveRecord">646</I32>
      <I32 N="OldestInactiveRecord">642</I32>
      <I32 N="NewestInactiveRecord">282</I32>
    </MS>
  </Obj>
  <Obj RefId="1010">
    <TNRef RefId="0" />
    <MS>
      <I32 N="Day">1011</I32>
      <I32 N="ActiveTableSize">2870</I32>
      <I32 N="InactiveTableSize">3610</I32>
      <I32 N="TotalRecords">6480</I32>
      <I32 N="PercentNotExpired">23</I32>
      <B N="TableSwapOccurred">false</B>
      <Nil N="TableSwapTrigger" />
      <I32 N="RowsCopied">0</I32>
      <I32 N="NextTableSwapOnOrBefore">1094</I32>
      <I32 N="OldestActiveRecord">647</I32>
      <I32 N="OldestInactiveRecord">643</I32>
      <I32 N="NewestInactiveRecord">283</I32>
    </MS>
  </Obj>
  <Obj RefId="1011">
    <TNRef RefId="0" />
    <MS>
      <I32 N="Day">1012</I32>
      <I32 N="ActiveTableSize">2880</I32>
      <I32 N="InactiveTableSize">3610</I32>
      <I32 N="TotalRecords">6490</I32>
      <I32 N="PercentNotExpired">23</I32>
      <B N="TableSwapOccurred">false</B>
      <Nil N="TableSwapTrigger" />
      <I32 N="RowsCopied">0</I32>
      <I32 N="NextTableSwapOnOrBefore">1094</I32>
      <I32 N="OldestActiveRecord">648</I32>
      <I32 N="OldestInactiveRecord">644</I32>
      <I32 N="NewestInactiveRecord">284</I32>
    </MS>
  </Obj>
  <Obj RefId="1012">
    <TNRef RefId="0" />
    <MS>
      <I32 N="Day">1013</I32>
      <I32 N="ActiveTableSize">2890</I32>
      <I32 N="InactiveTableSize">3610</I32>
      <I32 N="TotalRecords">6500</I32>
      <I32 N="PercentNotExpired">22</I32>
      <B N="TableSwapOccurred">false</B>
      <Nil N="TableSwapTrigger" />
      <I32 N="RowsCopied">0</I32>
      <I32 N="NextTableSwapOnOrBefore">1094</I32>
      <I32 N="OldestActiveRecord">649</I32>
      <I32 N="OldestInactiveRecord">645</I32>
      <I32 N="NewestInactiveRecord">285</I32>
    </MS>
  </Obj>
  <Obj RefId="1013">
    <TNRef RefId="0" />
    <MS>
      <I32 N="Day">1014</I32>
      <I32 N="ActiveTableSize">2900</I32>
      <I32 N="InactiveTableSize">3610</I32>
      <I32 N="TotalRecords">6510</I32>
      <I32 N="PercentNotExpired">22</I32>
      <B N="TableSwapOccurred">false</B>
      <Nil N="TableSwapTrigger" />
      <I32 N="RowsCopied">0</I32>
      <I32 N="NextTableSwapOnOrBefore">1094</I32>
      <I32 N="OldestActiveRecord">650</I32>
      <I32 N="OldestInactiveRecord">646</I32>
      <I32 N="NewestInactiveRecord">286</I32>
    </MS>
  </Obj>
  <Obj RefId="1014">
    <TNRef RefId="0" />
    <MS>
      <I32 N="Day">1015</I32>
      <I32 N="ActiveTableSize">2910</I32>
      <I32 N="InactiveTableSize">3610</I32>
      <I32 N="TotalRecords">6520</I32>
      <I32 N="PercentNotExpired">22</I32>
      <B N="TableSwapOccurred">false</B>
      <Nil N="TableSwapTrigger" />
      <I32 N="RowsCopied">0</I32>
      <I32 N="NextTableSwapOnOrBefore">1094</I32>
      <I32 N="OldestActiveRecord">651</I32>
      <I32 N="OldestInactiveRecord">647</I32>
      <I32 N="NewestInactiveRecord">287</I32>
    </MS>
  </Obj>
  <Obj RefId="1015">
    <TNRef RefId="0" />
    <MS>
      <I32 N="Day">1016</I32>
      <I32 N="ActiveTableSize">2920</I32>
      <I32 N="InactiveTableSize">3610</I32>
      <I32 N="TotalRecords">6530</I32>
      <I32 N="PercentNotExpired">22</I32>
      <B N="TableSwapOccurred">false</B>
      <Nil N="TableSwapTrigger" />
      <I32 N="RowsCopied">0</I32>
      <I32 N="NextTableSwapOnOrBefore">1094</I32>
      <I32 N="OldestActiveRecord">652</I32>
      <I32 N="OldestInactiveRecord">648</I32>
      <I32 N="NewestInactiveRecord">288</I32>
    </MS>
  </Obj>
  <Obj RefId="1016">
    <TNRef RefId="0" />
    <MS>
      <I32 N="Day">1017</I32>
      <I32 N="ActiveTableSize">2930</I32>
      <I32 N="InactiveTableSize">3610</I32>
      <I32 N="TotalRecords">6540</I32>
      <I32 N="PercentNotExpired">21</I32>
      <B N="TableSwapOccurred">false</B>
      <Nil N="TableSwapTrigger" />
      <I32 N="RowsCopied">0</I32>
      <I32 N="NextTableSwapOnOrBefore">1094</I32>
      <I32 N="OldestActiveRecord">653</I32>
      <I32 N="OldestInactiveRecord">649</I32>
      <I32 N="NewestInactiveRecord">289</I32>
    </MS>
  </Obj>
  <Obj RefId="1017">
    <TNRef RefId="0" />
    <MS>
      <I32 N="Day">1018</I32>
      <I32 N="ActiveTableSize">2940</I32>
      <I32 N="InactiveTableSize">3610</I32>
      <I32 N="TotalRecords">6550</I32>
      <I32 N="PercentNotExpired">21</I32>
      <B N="TableSwapOccurred">false</B>
      <Nil N="TableSwapTrigger" />
      <I32 N="RowsCopied">0</I32>
      <I32 N="NextTableSwapOnOrBefore">1094</I32>
      <I32 N="OldestActiveRecord">654</I32>
      <I32 N="OldestInactiveRecord">650</I32>
      <I32 N="NewestInactiveRecord">290</I32>
    </MS>
  </Obj>
  <Obj RefId="1018">
    <TNRef RefId="0" />
    <MS>
      <I32 N="Day">1019</I32>
      <I32 N="ActiveTableSize">2950</I32>
      <I32 N="InactiveTableSize">3610</I32>
      <I32 N="TotalRecords">6560</I32>
      <I32 N="PercentNotExpired">21</I32>
      <B N="TableSwapOccurred">false</B>
      <Nil N="TableSwapTrigger" />
      <I32 N="RowsCopied">0</I32>
      <I32 N="NextTableSwapOnOrBefore">1094</I32>
      <I32 N="OldestActiveRecord">655</I32>
      <I32 N="OldestInactiveRecord">651</I32>
      <I32 N="NewestInactiveRecord">291</I32>
    </MS>
  </Obj>
  <Obj RefId="1019">
    <TNRef RefId="0" />
    <MS>
      <I32 N="Day">1020</I32>
      <I32 N="ActiveTableSize">2960</I32>
      <I32 N="InactiveTableSize">3610</I32>
      <I32 N="TotalRecords">6570</I32>
      <I32 N="PercentNotExpired">20</I32>
      <B N="TableSwapOccurred">false</B>
      <Nil N="TableSwapTrigger" />
      <I32 N="RowsCopied">0</I32>
      <I32 N="NextTableSwapOnOrBefore">1094</I32>
      <I32 N="OldestActiveRecord">656</I32>
      <I32 N="OldestInactiveRecord">652</I32>
      <I32 N="NewestInactiveRecord">292</I32>
    </MS>
  </Obj>
  <Obj RefId="1020">
    <TNRef RefId="0" />
    <MS>
      <I32 N="Day">1021</I32>
      <I32 N="ActiveTableSize">2970</I32>
      <I32 N="InactiveTableSize">3610</I32>
      <I32 N="TotalRecords">6580</I32>
      <I32 N="PercentNotExpired">20</I32>
      <B N="TableSwapOccurred">false</B>
      <Nil N="TableSwapTrigger" />
      <I32 N="RowsCopied">0</I32>
      <I32 N="NextTableSwapOnOrBefore">1094</I32>
      <I32 N="OldestActiveRecord">657</I32>
      <I32 N="OldestInactiveRecord">653</I32>
      <I32 N="NewestInactiveRecord">293</I32>
    </MS>
  </Obj>
  <Obj RefId="1021">
    <TNRef RefId="0" />
    <MS>
      <I32 N="Day">1022</I32>
      <I32 N="ActiveTableSize">2980</I32>
      <I32 N="InactiveTableSize">3610</I32>
      <I32 N="TotalRecords">6590</I32>
      <I32 N="PercentNotExpired">20</I32>
      <B N="TableSwapOccurred">false</B>
      <Nil N="TableSwapTrigger" />
      <I32 N="RowsCopied">0</I32>
      <I32 N="NextTableSwapOnOrBefore">1094</I32>
      <I32 N="OldestActiveRecord">658</I32>
      <I32 N="OldestInactiveRecord">654</I32>
      <I32 N="NewestInactiveRecord">294</I32>
    </MS>
  </Obj>
  <Obj RefId="1022">
    <TNRef RefId="0" />
    <MS>
      <I32 N="Day">1023</I32>
      <I32 N="ActiveTableSize">2990</I32>
      <I32 N="InactiveTableSize">3610</I32>
      <I32 N="TotalRecords">6600</I32>
      <I32 N="PercentNotExpired">20</I32>
      <B N="TableSwapOccurred">false</B>
      <Nil N="TableSwapTrigger" />
      <I32 N="RowsCopied">0</I32>
      <I32 N="NextTableSwapOnOrBefore">1094</I32>
      <I32 N="OldestActiveRecord">659</I32>
      <I32 N="OldestInactiveRecord">655</I32>
      <I32 N="NewestInactiveRecord">295</I32>
    </MS>
  </Obj>
  <Obj RefId="1023">
    <TNRef RefId="0" />
    <MS>
      <I32 N="Day">1024</I32>
      <I32 N="ActiveTableSize">3000</I32>
      <I32 N="InactiveTableSize">3610</I32>
      <I32 N="TotalRecords">6610</I32>
      <I32 N="PercentNotExpired">19</I32>
      <B N="TableSwapOccurred">false</B>
      <Nil N="TableSwapTrigger" />
      <I32 N="RowsCopied">0</I32>
      <I32 N="NextTableSwapOnOrBefore">1094</I32>
      <I32 N="OldestActiveRecord">660</I32>
      <I32 N="OldestInactiveRecord">656</I32>
      <I32 N="NewestInactiveRecord">296</I32>
    </MS>
  </Obj>
  <Obj RefId="1024">
    <TNRef RefId="0" />
    <MS>
      <I32 N="Day">1025</I32>
      <I32 N="ActiveTableSize">3010</I32>
      <I32 N="InactiveTableSize">3610</I32>
      <I32 N="TotalRecords">6620</I32>
      <I32 N="PercentNotExpired">19</I32>
      <B N="TableSwapOccurred">false</B>
      <Nil N="TableSwapTrigger" />
      <I32 N="RowsCopied">0</I32>
      <I32 N="NextTableSwapOnOrBefore">1094</I32>
      <I32 N="OldestActiveRecord">661</I32>
      <I32 N="OldestInactiveRecord">657</I32>
      <I32 N="NewestInactiveRecord">297</I32>
    </MS>
  </Obj>
  <Obj RefId="1025">
    <TNRef RefId="0" />
    <MS>
      <I32 N="Day">1026</I32>
      <I32 N="ActiveTableSize">3020</I32>
      <I32 N="InactiveTableSize">3610</I32>
      <I32 N="TotalRecords">6630</I32>
      <I32 N="PercentNotExpired">19</I32>
      <B N="TableSwapOccurred">false</B>
      <Nil N="TableSwapTrigger" />
      <I32 N="RowsCopied">0</I32>
      <I32 N="NextTableSwapOnOrBefore">1094</I32>
      <I32 N="OldestActiveRecord">662</I32>
      <I32 N="OldestInactiveRecord">658</I32>
      <I32 N="NewestInactiveRecord">298</I32>
    </MS>
  </Obj>
  <Obj RefId="1026">
    <TNRef RefId="0" />
    <MS>
      <I32 N="Day">1027</I32>
      <I32 N="ActiveTableSize">3030</I32>
      <I32 N="InactiveTableSize">3610</I32>
      <I32 N="TotalRecords">6640</I32>
      <I32 N="PercentNotExpired">19</I32>
      <B N="TableSwapOccurred">false</B>
      <Nil N="TableSwapTrigger" />
      <I32 N="RowsCopied">0</I32>
      <I32 N="NextTableSwapOnOrBefore">1094</I32>
      <I32 N="OldestActiveRecord">663</I32>
      <I32 N="OldestInactiveRecord">659</I32>
      <I32 N="NewestInactiveRecord">299</I32>
    </MS>
  </Obj>
  <Obj RefId="1027">
    <TNRef RefId="0" />
    <MS>
      <I32 N="Day">1028</I32>
      <I32 N="ActiveTableSize">3040</I32>
      <I32 N="InactiveTableSize">3610</I32>
      <I32 N="TotalRecords">6650</I32>
      <I32 N="PercentNotExpired">18</I32>
      <B N="TableSwapOccurred">false</B>
      <Nil N="TableSwapTrigger" />
      <I32 N="RowsCopied">0</I32>
      <I32 N="NextTableSwapOnOrBefore">1094</I32>
      <I32 N="OldestActiveRecord">664</I32>
      <I32 N="OldestInactiveRecord">660</I32>
      <I32 N="NewestInactiveRecord">300</I32>
    </MS>
  </Obj>
  <Obj RefId="1028">
    <TNRef RefId="0" />
    <MS>
      <I32 N="Day">1029</I32>
      <I32 N="ActiveTableSize">3050</I32>
      <I32 N="InactiveTableSize">3610</I32>
      <I32 N="TotalRecords">6660</I32>
      <I32 N="PercentNotExpired">18</I32>
      <B N="TableSwapOccurred">false</B>
      <Nil N="TableSwapTrigger" />
      <I32 N="RowsCopied">0</I32>
      <I32 N="NextTableSwapOnOrBefore">1094</I32>
      <I32 N="OldestActiveRecord">665</I32>
      <I32 N="OldestInactiveRecord">661</I32>
      <I32 N="NewestInactiveRecord">301</I32>
    </MS>
  </Obj>
  <Obj RefId="1029">
    <TNRef RefId="0" />
    <MS>
      <I32 N="Day">1030</I32>
      <I32 N="ActiveTableSize">3060</I32>
      <I32 N="InactiveTableSize">3610</I32>
      <I32 N="TotalRecords">6670</I32>
      <I32 N="PercentNotExpired">18</I32>
      <B N="TableSwapOccurred">false</B>
      <Nil N="TableSwapTrigger" />
      <I32 N="RowsCopied">0</I32>
      <I32 N="NextTableSwapOnOrBefore">1094</I32>
      <I32 N="OldestActiveRecord">666</I32>
      <I32 N="OldestInactiveRecord">662</I32>
      <I32 N="NewestInactiveRecord">302</I32>
    </MS>
  </Obj>
  <Obj RefId="1030">
    <TNRef RefId="0" />
    <MS>
      <I32 N="Day">1031</I32>
      <I32 N="ActiveTableSize">3070</I32>
      <I32 N="InactiveTableSize">3610</I32>
      <I32 N="TotalRecords">6680</I32>
      <I32 N="PercentNotExpired">17</I32>
      <B N="TableSwapOccurred">false</B>
      <Nil N="TableSwapTrigger" />
      <I32 N="RowsCopied">0</I32>
      <I32 N="NextTableSwapOnOrBefore">1094</I32>
      <I32 N="OldestActiveRecord">667</I32>
      <I32 N="OldestInactiveRecord">663</I32>
      <I32 N="NewestInactiveRecord">303</I32>
    </MS>
  </Obj>
  <Obj RefId="1031">
    <TNRef RefId="0" />
    <MS>
      <I32 N="Day">1032</I32>
      <I32 N="ActiveTableSize">3080</I32>
      <I32 N="InactiveTableSize">3610</I32>
      <I32 N="TotalRecords">6690</I32>
      <I32 N="PercentNotExpired">17</I32>
      <B N="TableSwapOccurred">false</B>
      <Nil N="TableSwapTrigger" />
      <I32 N="RowsCopied">0</I32>
      <I32 N="NextTableSwapOnOrBefore">1094</I32>
      <I32 N="OldestActiveRecord">668</I32>
      <I32 N="OldestInactiveRecord">664</I32>
      <I32 N="NewestInactiveRecord">304</I32>
    </MS>
  </Obj>
  <Obj RefId="1032">
    <TNRef RefId="0" />
    <MS>
      <I32 N="Day">1033</I32>
      <I32 N="ActiveTableSize">3090</I32>
      <I32 N="InactiveTableSize">3610</I32>
      <I32 N="TotalRecords">6700</I32>
      <I32 N="PercentNotExpired">17</I32>
      <B N="TableSwapOccurred">false</B>
      <Nil N="TableSwapTrigger" />
      <I32 N="RowsCopied">0</I32>
      <I32 N="NextTableSwapOnOrBefore">1094</I32>
      <I32 N="OldestActiveRecord">669</I32>
      <I32 N="OldestInactiveRecord">665</I32>
      <I32 N="NewestInactiveRecord">305</I32>
    </MS>
  </Obj>
  <Obj RefId="1033">
    <TNRef RefId="0" />
    <MS>
      <I32 N="Day">1034</I32>
      <I32 N="ActiveTableSize">3100</I32>
      <I32 N="InactiveTableSize">3610</I32>
      <I32 N="TotalRecords">6710</I32>
      <I32 N="PercentNotExpired">17</I32>
      <B N="TableSwapOccurred">false</B>
      <Nil N="TableSwapTrigger" />
      <I32 N="RowsCopied">0</I32>
      <I32 N="NextTableSwapOnOrBefore">1094</I32>
      <I32 N="OldestActiveRecord">670</I32>
      <I32 N="OldestInactiveRecord">666</I32>
      <I32 N="NewestInactiveRecord">306</I32>
    </MS>
  </Obj>
  <Obj RefId="1034">
    <TNRef RefId="0" />
    <MS>
      <I32 N="Day">1035</I32>
      <I32 N="ActiveTableSize">3110</I32>
      <I32 N="InactiveTableSize">3610</I32>
      <I32 N="TotalRecords">6720</I32>
      <I32 N="PercentNotExpired">16</I32>
      <B N="TableSwapOccurred">false</B>
      <Nil N="TableSwapTrigger" />
      <I32 N="RowsCopied">0</I32>
      <I32 N="NextTableSwapOnOrBefore">1094</I32>
      <I32 N="OldestActiveRecord">671</I32>
      <I32 N="OldestInactiveRecord">667</I32>
      <I32 N="NewestInactiveRecord">307</I32>
    </MS>
  </Obj>
  <Obj RefId="1035">
    <TNRef RefId="0" />
    <MS>
      <I32 N="Day">1036</I32>
      <I32 N="ActiveTableSize">3120</I32>
      <I32 N="InactiveTableSize">3610</I32>
      <I32 N="TotalRecords">6730</I32>
      <I32 N="PercentNotExpired">16</I32>
      <B N="TableSwapOccurred">false</B>
      <Nil N="TableSwapTrigger" />
      <I32 N="RowsCopied">0</I32>
      <I32 N="NextTableSwapOnOrBefore">1094</I32>
      <I32 N="OldestActiveRecord">672</I32>
      <I32 N="OldestInactiveRecord">668</I32>
      <I32 N="NewestInactiveRecord">308</I32>
    </MS>
  </Obj>
  <Obj RefId="1036">
    <TNRef RefId="0" />
    <MS>
      <I32 N="Day">1037</I32>
      <I32 N="ActiveTableSize">3130</I32>
      <I32 N="InactiveTableSize">3610</I32>
      <I32 N="TotalRecords">6740</I32>
      <I32 N="PercentNotExpired">16</I32>
      <B N="TableSwapOccurred">false</B>
      <Nil N="TableSwapTrigger" />
      <I32 N="RowsCopied">0</I32>
      <I32 N="NextTableSwapOnOrBefore">1094</I32>
      <I32 N="OldestActiveRecord">673</I32>
      <I32 N="OldestInactiveRecord">669</I32>
      <I32 N="NewestInactiveRecord">309</I32>
    </MS>
  </Obj>
  <Obj RefId="1037">
    <TNRef RefId="0" />
    <MS>
      <I32 N="Day">1038</I32>
      <I32 N="ActiveTableSize">3140</I32>
      <I32 N="InactiveTableSize">3610</I32>
      <I32 N="TotalRecords">6750</I32>
      <I32 N="PercentNotExpired">16</I32>
      <B N="TableSwapOccurred">false</B>
      <Nil N="TableSwapTrigger" />
      <I32 N="RowsCopied">0</I32>
      <I32 N="NextTableSwapOnOrBefore">1094</I32>
      <I32 N="OldestActiveRecord">674</I32>
      <I32 N="OldestInactiveRecord">670</I32>
      <I32 N="NewestInactiveRecord">310</I32>
    </MS>
  </Obj>
  <Obj RefId="1038">
    <TNRef RefId="0" />
    <MS>
      <I32 N="Day">1039</I32>
      <I32 N="ActiveTableSize">3150</I32>
      <I32 N="InactiveTableSize">3610</I32>
      <I32 N="TotalRecords">6760</I32>
      <I32 N="PercentNotExpired">15</I32>
      <B N="TableSwapOccurred">false</B>
      <Nil N="TableSwapTrigger" />
      <I32 N="RowsCopied">0</I32>
      <I32 N="NextTableSwapOnOrBefore">1094</I32>
      <I32 N="OldestActiveRecord">675</I32>
      <I32 N="OldestInactiveRecord">671</I32>
      <I32 N="NewestInactiveRecord">311</I32>
    </MS>
  </Obj>
  <Obj RefId="1039">
    <TNRef RefId="0" />
    <MS>
      <I32 N="Day">1040</I32>
      <I32 N="ActiveTableSize">3160</I32>
      <I32 N="InactiveTableSize">3610</I32>
      <I32 N="TotalRecords">6770</I32>
      <I32 N="PercentNotExpired">15</I32>
      <B N="TableSwapOccurred">false</B>
      <Nil N="TableSwapTrigger" />
      <I32 N="RowsCopied">0</I32>
      <I32 N="NextTableSwapOnOrBefore">1094</I32>
      <I32 N="OldestActiveRecord">676</I32>
      <I32 N="OldestInactiveRecord">672</I32>
      <I32 N="NewestInactiveRecord">312</I32>
    </MS>
  </Obj>
  <Obj RefId="1040">
    <TNRef RefId="0" />
    <MS>
      <I32 N="Day">1041</I32>
      <I32 N="ActiveTableSize">3170</I32>
      <I32 N="InactiveTableSize">3610</I32>
      <I32 N="TotalRecords">6780</I32>
      <I32 N="PercentNotExpired">15</I32>
      <B N="TableSwapOccurred">false</B>
      <Nil N="TableSwapTrigger" />
      <I32 N="RowsCopied">0</I32>
      <I32 N="NextTableSwapOnOrBefore">1094</I32>
      <I32 N="OldestActiveRecord">677</I32>
      <I32 N="OldestInactiveRecord">673</I32>
      <I32 N="NewestInactiveRecord">313</I32>
    </MS>
  </Obj>
  <Obj RefId="1041">
    <TNRef RefId="0" />
    <MS>
      <I32 N="Day">1042</I32>
      <I32 N="ActiveTableSize">3180</I32>
      <I32 N="InactiveTableSize">3610</I32>
      <I32 N="TotalRecords">6790</I32>
      <I32 N="PercentNotExpired">14</I32>
      <B N="TableSwapOccurred">false</B>
      <Nil N="TableSwapTrigger" />
      <I32 N="RowsCopied">0</I32>
      <I32 N="NextTableSwapOnOrBefore">1094</I32>
      <I32 N="OldestActiveRecord">678</I32>
      <I32 N="OldestInactiveRecord">674</I32>
      <I32 N="NewestInactiveRecord">314</I32>
    </MS>
  </Obj>
  <Obj RefId="1042">
    <TNRef RefId="0" />
    <MS>
      <I32 N="Day">1043</I32>
      <I32 N="ActiveTableSize">3190</I32>
      <I32 N="InactiveTableSize">3610</I32>
      <I32 N="TotalRecords">6800</I32>
      <I32 N="PercentNotExpired">14</I32>
      <B N="TableSwapOccurred">false</B>
      <Nil N="TableSwapTrigger" />
      <I32 N="RowsCopied">0</I32>
      <I32 N="NextTableSwapOnOrBefore">1094</I32>
      <I32 N="OldestActiveRecord">679</I32>
      <I32 N="OldestInactiveRecord">675</I32>
      <I32 N="NewestInactiveRecord">315</I32>
    </MS>
  </Obj>
  <Obj RefId="1043">
    <TNRef RefId="0" />
    <MS>
      <I32 N="Day">1044</I32>
      <I32 N="ActiveTableSize">3200</I32>
      <I32 N="InactiveTableSize">3610</I32>
      <I32 N="TotalRecords">6810</I32>
      <I32 N="PercentNotExpired">14</I32>
      <B N="TableSwapOccurred">false</B>
      <Nil N="TableSwapTrigger" />
      <I32 N="RowsCopied">0</I32>
      <I32 N="NextTableSwapOnOrBefore">1094</I32>
      <I32 N="OldestActiveRecord">680</I32>
      <I32 N="OldestInactiveRecord">676</I32>
      <I32 N="NewestInactiveRecord">316</I32>
    </MS>
  </Obj>
  <Obj RefId="1044">
    <TNRef RefId="0" />
    <MS>
      <I32 N="Day">1045</I32>
      <I32 N="ActiveTableSize">3210</I32>
      <I32 N="InactiveTableSize">3610</I32>
      <I32 N="TotalRecords">6820</I32>
      <I32 N="PercentNotExpired">14</I32>
      <B N="TableSwapOccurred">false</B>
      <Nil N="TableSwapTrigger" />
      <I32 N="RowsCopied">0</I32>
      <I32 N="NextTableSwapOnOrBefore">1094</I32>
      <I32 N="OldestActiveRecord">681</I32>
      <I32 N="OldestInactiveRecord">677</I32>
      <I32 N="NewestInactiveRecord">317</I32>
    </MS>
  </Obj>
  <Obj RefId="1045">
    <TNRef RefId="0" />
    <MS>
      <I32 N="Day">1046</I32>
      <I32 N="ActiveTableSize">3220</I32>
      <I32 N="InactiveTableSize">3610</I32>
      <I32 N="TotalRecords">6830</I32>
      <I32 N="PercentNotExpired">13</I32>
      <B N="TableSwapOccurred">false</B>
      <Nil N="TableSwapTrigger" />
      <I32 N="RowsCopied">0</I32>
      <I32 N="NextTableSwapOnOrBefore">1094</I32>
      <I32 N="OldestActiveRecord">682</I32>
      <I32 N="OldestInactiveRecord">678</I32>
      <I32 N="NewestInactiveRecord">318</I32>
    </MS>
  </Obj>
  <Obj RefId="1046">
    <TNRef RefId="0" />
    <MS>
      <I32 N="Day">1047</I32>
      <I32 N="ActiveTableSize">3230</I32>
      <I32 N="InactiveTableSize">3610</I32>
      <I32 N="TotalRecords">6840</I32>
      <I32 N="PercentNotExpired">13</I32>
      <B N="TableSwapOccurred">false</B>
      <Nil N="TableSwapTrigger" />
      <I32 N="RowsCopied">0</I32>
      <I32 N="NextTableSwapOnOrBefore">1094</I32>
      <I32 N="OldestActiveRecord">683</I32>
      <I32 N="OldestInactiveRecord">679</I32>
      <I32 N="NewestInactiveRecord">319</I32>
    </MS>
  </Obj>
  <Obj RefId="1047">
    <TNRef RefId="0" />
    <MS>
      <I32 N="Day">1048</I32>
      <I32 N="ActiveTableSize">3240</I32>
      <I32 N="InactiveTableSize">3610</I32>
      <I32 N="TotalRecords">6850</I32>
      <I32 N="PercentNotExpired">13</I32>
      <B N="TableSwapOccurred">false</B>
      <Nil N="TableSwapTrigger" />
      <I32 N="RowsCopied">0</I32>
      <I32 N="NextTableSwapOnOrBefore">1094</I32>
      <I32 N="OldestActiveRecord">684</I32>
      <I32 N="OldestInactiveRecord">680</I32>
      <I32 N="NewestInactiveRecord">320</I32>
    </MS>
  </Obj>
  <Obj RefId="1048">
    <TNRef RefId="0" />
    <MS>
      <I32 N="Day">1049</I32>
      <I32 N="ActiveTableSize">3250</I32>
      <I32 N="InactiveTableSize">3610</I32>
      <I32 N="TotalRecords">6860</I32>
      <I32 N="PercentNotExpired">12</I32>
      <B N="TableSwapOccurred">false</B>
      <Nil N="TableSwapTrigger" />
      <I32 N="RowsCopied">0</I32>
      <I32 N="NextTableSwapOnOrBefore">1094</I32>
      <I32 N="OldestActiveRecord">685</I32>
      <I32 N="OldestInactiveRecord">681</I32>
      <I32 N="NewestInactiveRecord">321</I32>
    </MS>
  </Obj>
  <Obj RefId="1049">
    <TNRef RefId="0" />
    <MS>
      <I32 N="Day">1050</I32>
      <I32 N="ActiveTableSize">3260</I32>
      <I32 N="InactiveTableSize">3610</I32>
      <I32 N="TotalRecords">6870</I32>
      <I32 N="PercentNotExpired">12</I32>
      <B N="TableSwapOccurred">false</B>
      <Nil N="TableSwapTrigger" />
      <I32 N="RowsCopied">0</I32>
      <I32 N="NextTableSwapOnOrBefore">1094</I32>
      <I32 N="OldestActiveRecord">686</I32>
      <I32 N="OldestInactiveRecord">682</I32>
      <I32 N="NewestInactiveRecord">322</I32>
    </MS>
  </Obj>
  <Obj RefId="1050">
    <TNRef RefId="0" />
    <MS>
      <I32 N="Day">1051</I32>
      <I32 N="ActiveTableSize">3270</I32>
      <I32 N="InactiveTableSize">3610</I32>
      <I32 N="TotalRecords">6880</I32>
      <I32 N="PercentNotExpired">12</I32>
      <B N="TableSwapOccurred">false</B>
      <Nil N="TableSwapTrigger" />
      <I32 N="RowsCopied">0</I32>
      <I32 N="NextTableSwapOnOrBefore">1094</I32>
      <I32 N="OldestActiveRecord">687</I32>
      <I32 N="OldestInactiveRecord">683</I32>
      <I32 N="NewestInactiveRecord">323</I32>
    </MS>
  </Obj>
  <Obj RefId="1051">
    <TNRef RefId="0" />
    <MS>
      <I32 N="Day">1052</I32>
      <I32 N="ActiveTableSize">3280</I32>
      <I32 N="InactiveTableSize">3610</I32>
      <I32 N="TotalRecords">6890</I32>
      <I32 N="PercentNotExpired">12</I32>
      <B N="TableSwapOccurred">false</B>
      <Nil N="TableSwapTrigger" />
      <I32 N="RowsCopied">0</I32>
      <I32 N="NextTableSwapOnOrBefore">1094</I32>
      <I32 N="OldestActiveRecord">688</I32>
      <I32 N="OldestInactiveRecord">684</I32>
      <I32 N="NewestInactiveRecord">324</I32>
    </MS>
  </Obj>
  <Obj RefId="1052">
    <TNRef RefId="0" />
    <MS>
      <I32 N="Day">1053</I32>
      <I32 N="ActiveTableSize">3290</I32>
      <I32 N="InactiveTableSize">3610</I32>
      <I32 N="TotalRecords">6900</I32>
      <I32 N="PercentNotExpired">11</I32>
      <B N="TableSwapOccurred">false</B>
      <Nil N="TableSwapTrigger" />
      <I32 N="RowsCopied">0</I32>
      <I32 N="NextTableSwapOnOrBefore">1094</I32>
      <I32 N="OldestActiveRecord">689</I32>
      <I32 N="OldestInactiveRecord">685</I32>
      <I32 N="NewestInactiveRecord">325</I32>
    </MS>
  </Obj>
  <Obj RefId="1053">
    <TNRef RefId="0" />
    <MS>
      <I32 N="Day">1054</I32>
      <I32 N="ActiveTableSize">3300</I32>
      <I32 N="InactiveTableSize">3610</I32>
      <I32 N="TotalRecords">6910</I32>
      <I32 N="PercentNotExpired">11</I32>
      <B N="TableSwapOccurred">false</B>
      <Nil N="TableSwapTrigger" />
      <I32 N="RowsCopied">0</I32>
      <I32 N="NextTableSwapOnOrBefore">1094</I32>
      <I32 N="OldestActiveRecord">690</I32>
      <I32 N="OldestInactiveRecord">686</I32>
      <I32 N="NewestInactiveRecord">326</I32>
    </MS>
  </Obj>
  <Obj RefId="1054">
    <TNRef RefId="0" />
    <MS>
      <I32 N="Day">1055</I32>
      <I32 N="ActiveTableSize">3310</I32>
      <I32 N="InactiveTableSize">3610</I32>
      <I32 N="TotalRecords">6920</I32>
      <I32 N="PercentNotExpired">11</I32>
      <B N="TableSwapOccurred">false</B>
      <Nil N="TableSwapTrigger" />
      <I32 N="RowsCopied">0</I32>
      <I32 N="NextTableSwapOnOrBefore">1094</I32>
      <I32 N="OldestActiveRecord">691</I32>
      <I32 N="OldestInactiveRecord">687</I32>
      <I32 N="NewestInactiveRecord">327</I32>
    </MS>
  </Obj>
  <Obj RefId="1055">
    <TNRef RefId="0" />
    <MS>
      <I32 N="Day">1056</I32>
      <I32 N="ActiveTableSize">3320</I32>
      <I32 N="InactiveTableSize">3610</I32>
      <I32 N="TotalRecords">6930</I32>
      <I32 N="PercentNotExpired">11</I32>
      <B N="TableSwapOccurred">false</B>
      <Nil N="TableSwapTrigger" />
      <I32 N="RowsCopied">0</I32>
      <I32 N="NextTableSwapOnOrBefore">1094</I32>
      <I32 N="OldestActiveRecord">692</I32>
      <I32 N="OldestInactiveRecord">688</I32>
      <I32 N="NewestInactiveRecord">328</I32>
    </MS>
  </Obj>
  <Obj RefId="1056">
    <TNRef RefId="0" />
    <MS>
      <I32 N="Day">1057</I32>
      <I32 N="ActiveTableSize">3330</I32>
      <I32 N="InactiveTableSize">3610</I32>
      <I32 N="TotalRecords">6940</I32>
      <I32 N="PercentNotExpired">10</I32>
      <B N="TableSwapOccurred">false</B>
      <Nil N="TableSwapTrigger" />
      <I32 N="RowsCopied">0</I32>
      <I32 N="NextTableSwapOnOrBefore">1094</I32>
      <I32 N="OldestActiveRecord">693</I32>
      <I32 N="OldestInactiveRecord">689</I32>
      <I32 N="NewestInactiveRecord">329</I32>
    </MS>
  </Obj>
  <Obj RefId="1057">
    <TNRef RefId="0" />
    <MS>
      <I32 N="Day">1058</I32>
      <I32 N="ActiveTableSize">3340</I32>
      <I32 N="InactiveTableSize">3610</I32>
      <I32 N="TotalRecords">6950</I32>
      <I32 N="PercentNotExpired">10</I32>
      <B N="TableSwapOccurred">false</B>
      <Nil N="TableSwapTrigger" />
      <I32 N="RowsCopied">0</I32>
      <I32 N="NextTableSwapOnOrBefore">1094</I32>
      <I32 N="OldestActiveRecord">694</I32>
      <I32 N="OldestInactiveRecord">690</I32>
      <I32 N="NewestInactiveRecord">330</I32>
    </MS>
  </Obj>
  <Obj RefId="1058">
    <TNRef RefId="0" />
    <MS>
      <I32 N="Day">1059</I32>
      <I32 N="ActiveTableSize">3350</I32>
      <I32 N="InactiveTableSize">3610</I32>
      <I32 N="TotalRecords">6960</I32>
      <I32 N="PercentNotExpired">10</I32>
      <B N="TableSwapOccurred">false</B>
      <Nil N="TableSwapTrigger" />
      <I32 N="RowsCopied">0</I32>
      <I32 N="NextTableSwapOnOrBefore">1094</I32>
      <I32 N="OldestActiveRecord">695</I32>
      <I32 N="OldestInactiveRecord">691</I32>
      <I32 N="NewestInactiveRecord">331</I32>
    </MS>
  </Obj>
  <Obj RefId="1059">
    <TNRef RefId="0" />
    <MS>
      <I32 N="Day">1060</I32>
      <I32 N="ActiveTableSize">3360</I32>
      <I32 N="InactiveTableSize">3610</I32>
      <I32 N="TotalRecords">6970</I32>
      <I32 N="PercentNotExpired">9</I32>
      <B N="TableSwapOccurred">false</B>
      <Nil N="TableSwapTrigger" />
      <I32 N="RowsCopied">0</I32>
      <I32 N="NextTableSwapOnOrBefore">1094</I32>
      <I32 N="OldestActiveRecord">696</I32>
      <I32 N="OldestInactiveRecord">692</I32>
      <I32 N="NewestInactiveRecord">332</I32>
    </MS>
  </Obj>
  <Obj RefId="1060">
    <TNRef RefId="0" />
    <MS>
      <I32 N="Day">1061</I32>
      <I32 N="ActiveTableSize">3370</I32>
      <I32 N="InactiveTableSize">3610</I32>
      <I32 N="TotalRecords">6980</I32>
      <I32 N="PercentNotExpired">9</I32>
      <B N="TableSwapOccurred">false</B>
      <Nil N="TableSwapTrigger" />
      <I32 N="RowsCopied">0</I32>
      <I32 N="NextTableSwapOnOrBefore">1094</I32>
      <I32 N="OldestActiveRecord">697</I32>
      <I32 N="OldestInactiveRecord">693</I32>
      <I32 N="NewestInactiveRecord">333</I32>
    </MS>
  </Obj>
  <Obj RefId="1061">
    <TNRef RefId="0" />
    <MS>
      <I32 N="Day">1062</I32>
      <I32 N="ActiveTableSize">3380</I32>
      <I32 N="InactiveTableSize">3610</I32>
      <I32 N="TotalRecords">6990</I32>
      <I32 N="PercentNotExpired">9</I32>
      <B N="TableSwapOccurred">false</B>
      <Nil N="TableSwapTrigger" />
      <I32 N="RowsCopied">0</I32>
      <I32 N="NextTableSwapOnOrBefore">1094</I32>
      <I32 N="OldestActiveRecord">698</I32>
      <I32 N="OldestInactiveRecord">694</I32>
      <I32 N="NewestInactiveRecord">334</I32>
    </MS>
  </Obj>
  <Obj RefId="1062">
    <TNRef RefId="0" />
    <MS>
      <I32 N="Day">1063</I32>
      <I32 N="ActiveTableSize">3390</I32>
      <I32 N="InactiveTableSize">3610</I32>
      <I32 N="TotalRecords">7000</I32>
      <I32 N="PercentNotExpired">9</I32>
      <B N="TableSwapOccurred">false</B>
      <Nil N="TableSwapTrigger" />
      <I32 N="RowsCopied">0</I32>
      <I32 N="NextTableSwapOnOrBefore">1094</I32>
      <I32 N="OldestActiveRecord">699</I32>
      <I32 N="OldestInactiveRecord">695</I32>
      <I32 N="NewestInactiveRecord">335</I32>
    </MS>
  </Obj>
  <Obj RefId="1063">
    <TNRef RefId="0" />
    <MS>
      <I32 N="Day">1064</I32>
      <I32 N="ActiveTableSize">3400</I32>
      <I32 N="InactiveTableSize">3610</I32>
      <I32 N="TotalRecords">7010</I32>
      <I32 N="PercentNotExpired">8</I32>
      <B N="TableSwapOccurred">false</B>
      <Nil N="TableSwapTrigger" />
      <I32 N="RowsCopied">0</I32>
      <I32 N="NextTableSwapOnOrBefore">1094</I32>
      <I32 N="OldestActiveRecord">700</I32>
      <I32 N="OldestInactiveRecord">696</I32>
      <I32 N="NewestInactiveRecord">336</I32>
    </MS>
  </Obj>
  <Obj RefId="1064">
    <TNRef RefId="0" />
    <MS>
      <I32 N="Day">1065</I32>
      <I32 N="ActiveTableSize">3410</I32>
      <I32 N="InactiveTableSize">3610</I32>
      <I32 N="TotalRecords">7020</I32>
      <I32 N="PercentNotExpired">8</I32>
      <B N="TableSwapOccurred">false</B>
      <Nil N="TableSwapTrigger" />
      <I32 N="RowsCopied">0</I32>
      <I32 N="NextTableSwapOnOrBefore">1094</I32>
      <I32 N="OldestActiveRecord">701</I32>
      <I32 N="OldestInactiveRecord">697</I32>
      <I32 N="NewestInactiveRecord">337</I32>
    </MS>
  </Obj>
  <Obj RefId="1065">
    <TNRef RefId="0" />
    <MS>
      <I32 N="Day">1066</I32>
      <I32 N="ActiveTableSize">3420</I32>
      <I32 N="InactiveTableSize">3610</I32>
      <I32 N="TotalRecords">7030</I32>
      <I32 N="PercentNotExpired">8</I32>
      <B N="TableSwapOccurred">false</B>
      <Nil N="TableSwapTrigger" />
      <I32 N="RowsCopied">0</I32>
      <I32 N="NextTableSwapOnOrBefore">1094</I32>
      <I32 N="OldestActiveRecord">702</I32>
      <I32 N="OldestInactiveRecord">698</I32>
      <I32 N="NewestInactiveRecord">338</I32>
    </MS>
  </Obj>
  <Obj RefId="1066">
    <TNRef RefId="0" />
    <MS>
      <I32 N="Day">1067</I32>
      <I32 N="ActiveTableSize">3430</I32>
      <I32 N="InactiveTableSize">3610</I32>
      <I32 N="TotalRecords">7040</I32>
      <I32 N="PercentNotExpired">7</I32>
      <B N="TableSwapOccurred">false</B>
      <Nil N="TableSwapTrigger" />
      <I32 N="RowsCopied">0</I32>
      <I32 N="NextTableSwapOnOrBefore">1094</I32>
      <I32 N="OldestActiveRecord">703</I32>
      <I32 N="OldestInactiveRecord">699</I32>
      <I32 N="NewestInactiveRecord">339</I32>
    </MS>
  </Obj>
  <Obj RefId="1067">
    <TNRef RefId="0" />
    <MS>
      <I32 N="Day">1068</I32>
      <I32 N="ActiveTableSize">3440</I32>
      <I32 N="InactiveTableSize">3610</I32>
      <I32 N="TotalRecords">7050</I32>
      <I32 N="PercentNotExpired">7</I32>
      <B N="TableSwapOccurred">false</B>
      <Nil N="TableSwapTrigger" />
      <I32 N="RowsCopied">0</I32>
      <I32 N="NextTableSwapOnOrBefore">1094</I32>
      <I32 N="OldestActiveRecord">704</I32>
      <I32 N="OldestInactiveRecord">700</I32>
      <I32 N="NewestInactiveRecord">340</I32>
    </MS>
  </Obj>
  <Obj RefId="1068">
    <TNRef RefId="0" />
    <MS>
      <I32 N="Day">1069</I32>
      <I32 N="ActiveTableSize">3450</I32>
      <I32 N="InactiveTableSize">3610</I32>
      <I32 N="TotalRecords">7060</I32>
      <I32 N="PercentNotExpired">7</I32>
      <B N="TableSwapOccurred">false</B>
      <Nil N="TableSwapTrigger" />
      <I32 N="RowsCopied">0</I32>
      <I32 N="NextTableSwapOnOrBefore">1094</I32>
      <I32 N="OldestActiveRecord">705</I32>
      <I32 N="OldestInactiveRecord">701</I32>
      <I32 N="NewestInactiveRecord">341</I32>
    </MS>
  </Obj>
  <Obj RefId="1069">
    <TNRef RefId="0" />
    <MS>
      <I32 N="Day">1070</I32>
      <I32 N="ActiveTableSize">3460</I32>
      <I32 N="InactiveTableSize">3610</I32>
      <I32 N="TotalRecords">7070</I32>
      <I32 N="PercentNotExpired">7</I32>
      <B N="TableSwapOccurred">false</B>
      <Nil N="TableSwapTrigger" />
      <I32 N="RowsCopied">0</I32>
      <I32 N="NextTableSwapOnOrBefore">1094</I32>
      <I32 N="OldestActiveRecord">706</I32>
      <I32 N="OldestInactiveRecord">702</I32>
      <I32 N="NewestInactiveRecord">342</I32>
    </MS>
  </Obj>
  <Obj RefId="1070">
    <TNRef RefId="0" />
    <MS>
      <I32 N="Day">1071</I32>
      <I32 N="ActiveTableSize">3470</I32>
      <I32 N="InactiveTableSize">3610</I32>
      <I32 N="TotalRecords">7080</I32>
      <I32 N="PercentNotExpired">6</I32>
      <B N="TableSwapOccurred">false</B>
      <Nil N="TableSwapTrigger" />
      <I32 N="RowsCopied">0</I32>
      <I32 N="NextTableSwapOnOrBefore">1094</I32>
      <I32 N="OldestActiveRecord">707</I32>
      <I32 N="OldestInactiveRecord">703</I32>
      <I32 N="NewestInactiveRecord">343</I32>
    </MS>
  </Obj>
  <Obj RefId="1071">
    <TNRef RefId="0" />
    <MS>
      <I32 N="Day">1072</I32>
      <I32 N="ActiveTableSize">3480</I32>
      <I32 N="InactiveTableSize">3610</I32>
      <I32 N="TotalRecords">7090</I32>
      <I32 N="PercentNotExpired">6</I32>
      <B N="TableSwapOccurred">false</B>
      <Nil N="TableSwapTrigger" />
      <I32 N="RowsCopied">0</I32>
      <I32 N="NextTableSwapOnOrBefore">1094</I32>
      <I32 N="OldestActiveRecord">708</I32>
      <I32 N="OldestInactiveRecord">704</I32>
      <I32 N="NewestInactiveRecord">344</I32>
    </MS>
  </Obj>
  <Obj RefId="1072">
    <TNRef RefId="0" />
    <MS>
      <I32 N="Day">1073</I32>
      <I32 N="ActiveTableSize">3490</I32>
      <I32 N="InactiveTableSize">3610</I32>
      <I32 N="TotalRecords">7100</I32>
      <I32 N="PercentNotExpired">6</I32>
      <B N="TableSwapOccurred">false</B>
      <Nil N="TableSwapTrigger" />
      <I32 N="RowsCopied">0</I32>
      <I32 N="NextTableSwapOnOrBefore">1094</I32>
      <I32 N="OldestActiveRecord">709</I32>
      <I32 N="OldestInactiveRecord">705</I32>
      <I32 N="NewestInactiveRecord">345</I32>
    </MS>
  </Obj>
  <Obj RefId="1073">
    <TNRef RefId="0" />
    <MS>
      <I32 N="Day">1074</I32>
      <I32 N="ActiveTableSize">3500</I32>
      <I32 N="InactiveTableSize">3610</I32>
      <I32 N="TotalRecords">7110</I32>
      <I32 N="PercentNotExpired">6</I32>
      <B N="TableSwapOccurred">false</B>
      <Nil N="TableSwapTrigger" />
      <I32 N="RowsCopied">0</I32>
      <I32 N="NextTableSwapOnOrBefore">1094</I32>
      <I32 N="OldestActiveRecord">710</I32>
      <I32 N="OldestInactiveRecord">706</I32>
      <I32 N="NewestInactiveRecord">346</I32>
    </MS>
  </Obj>
  <Obj RefId="1074">
    <TNRef RefId="0" />
    <MS>
      <I32 N="Day">1075</I32>
      <I32 N="ActiveTableSize">3510</I32>
      <I32 N="InactiveTableSize">3610</I32>
      <I32 N="TotalRecords">7120</I32>
      <I32 N="PercentNotExpired">5</I32>
      <B N="TableSwapOccurred">false</B>
      <Nil N="TableSwapTrigger" />
      <I32 N="RowsCopied">0</I32>
      <I32 N="NextTableSwapOnOrBefore">1094</I32>
      <I32 N="OldestActiveRecord">711</I32>
      <I32 N="OldestInactiveRecord">707</I32>
      <I32 N="NewestInactiveRecord">347</I32>
    </MS>
  </Obj>
  <Obj RefId="1075">
    <TNRef RefId="0" />
    <MS>
      <I32 N="Day">1076</I32>
      <I32 N="ActiveTableSize">3520</I32>
      <I32 N="InactiveTableSize">3610</I32>
      <I32 N="TotalRecords">7130</I32>
      <I32 N="PercentNotExpired">5</I32>
      <B N="TableSwapOccurred">false</B>
      <Nil N="TableSwapTrigger" />
      <I32 N="RowsCopied">0</I32>
      <I32 N="NextTableSwapOnOrBefore">1094</I32>
      <I32 N="OldestActiveRecord">712</I32>
      <I32 N="OldestInactiveRecord">708</I32>
      <I32 N="NewestInactiveRecord">348</I32>
    </MS>
  </Obj>
  <Obj RefId="1076">
    <TNRef RefId="0" />
    <MS>
      <I32 N="Day">1077</I32>
      <I32 N="ActiveTableSize">3530</I32>
      <I32 N="InactiveTableSize">3610</I32>
      <I32 N="TotalRecords">7140</I32>
      <I32 N="PercentNotExpired">5</I32>
      <B N="TableSwapOccurred">false</B>
      <Nil N="TableSwapTrigger" />
      <I32 N="RowsCopied">0</I32>
      <I32 N="NextTableSwapOnOrBefore">1094</I32>
      <I32 N="OldestActiveRecord">713</I32>
      <I32 N="OldestInactiveRecord">709</I32>
      <I32 N="NewestInactiveRecord">349</I32>
    </MS>
  </Obj>
  <Obj RefId="1077">
    <TNRef RefId="0" />
    <MS>
      <I32 N="Day">1078</I32>
      <I32 N="ActiveTableSize">3540</I32>
      <I32 N="InactiveTableSize">3610</I32>
      <I32 N="TotalRecords">7150</I32>
      <I32 N="PercentNotExpired">4</I32>
      <B N="TableSwapOccurred">false</B>
      <Nil N="TableSwapTrigger" />
      <I32 N="RowsCopied">0</I32>
      <I32 N="NextTableSwapOnOrBefore">1094</I32>
      <I32 N="OldestActiveRecord">714</I32>
      <I32 N="OldestInactiveRecord">710</I32>
      <I32 N="NewestInactiveRecord">350</I32>
    </MS>
  </Obj>
  <Obj RefId="1078">
    <TNRef RefId="0" />
    <MS>
      <I32 N="Day">1079</I32>
      <I32 N="ActiveTableSize">3550</I32>
      <I32 N="InactiveTableSize">3610</I32>
      <I32 N="TotalRecords">7160</I32>
      <I32 N="PercentNotExpired">4</I32>
      <B N="TableSwapOccurred">false</B>
      <Nil N="TableSwapTrigger" />
      <I32 N="RowsCopied">0</I32>
      <I32 N="NextTableSwapOnOrBefore">1094</I32>
      <I32 N="OldestActiveRecord">715</I32>
      <I32 N="OldestInactiveRecord">711</I32>
      <I32 N="NewestInactiveRecord">351</I32>
    </MS>
  </Obj>
  <Obj RefId="1079">
    <TNRef RefId="0" />
    <MS>
      <I32 N="Day">1080</I32>
      <I32 N="ActiveTableSize">3560</I32>
      <I32 N="InactiveTableSize">3610</I32>
      <I32 N="TotalRecords">7170</I32>
      <I32 N="PercentNotExpired">4</I32>
      <B N="TableSwapOccurred">false</B>
      <Nil N="TableSwapTrigger" />
      <I32 N="RowsCopied">0</I32>
      <I32 N="NextTableSwapOnOrBefore">1094</I32>
      <I32 N="OldestActiveRecord">716</I32>
      <I32 N="OldestInactiveRecord">712</I32>
      <I32 N="NewestInactiveRecord">352</I32>
    </MS>
  </Obj>
  <Obj RefId="1080">
    <TNRef RefId="0" />
    <MS>
      <I32 N="Day">1081</I32>
      <I32 N="ActiveTableSize">3570</I32>
      <I32 N="InactiveTableSize">3610</I32>
      <I32 N="TotalRecords">7180</I32>
      <I32 N="PercentNotExpired">4</I32>
      <B N="TableSwapOccurred">false</B>
      <Nil N="TableSwapTrigger" />
      <I32 N="RowsCopied">0</I32>
      <I32 N="NextTableSwapOnOrBefore">1094</I32>
      <I32 N="OldestActiveRecord">717</I32>
      <I32 N="OldestInactiveRecord">713</I32>
      <I32 N="NewestInactiveRecord">353</I32>
    </MS>
  </Obj>
  <Obj RefId="1081">
    <TNRef RefId="0" />
    <MS>
      <I32 N="Day">1082</I32>
      <I32 N="ActiveTableSize">3580</I32>
      <I32 N="InactiveTableSize">3610</I32>
      <I32 N="TotalRecords">7190</I32>
      <I32 N="PercentNotExpired">3</I32>
      <B N="TableSwapOccurred">false</B>
      <Nil N="TableSwapTrigger" />
      <I32 N="RowsCopied">0</I32>
      <I32 N="NextTableSwapOnOrBefore">1094</I32>
      <I32 N="OldestActiveRecord">718</I32>
      <I32 N="OldestInactiveRecord">714</I32>
      <I32 N="NewestInactiveRecord">354</I32>
    </MS>
  </Obj>
  <Obj RefId="1082">
    <TNRef RefId="0" />
    <MS>
      <I32 N="Day">1083</I32>
      <I32 N="ActiveTableSize">3590</I32>
      <I32 N="InactiveTableSize">3610</I32>
      <I32 N="TotalRecords">7200</I32>
      <I32 N="PercentNotExpired">3</I32>
      <B N="TableSwapOccurred">false</B>
      <Nil N="TableSwapTrigger" />
      <I32 N="RowsCopied">0</I32>
      <I32 N="NextTableSwapOnOrBefore">1094</I32>
      <I32 N="OldestActiveRecord">719</I32>
      <I32 N="OldestInactiveRecord">715</I32>
      <I32 N="NewestInactiveRecord">355</I32>
    </MS>
  </Obj>
  <Obj RefId="1083">
    <TNRef RefId="0" />
    <MS>
      <I32 N="Day">1084</I32>
      <I32 N="ActiveTableSize">3600</I32>
      <I32 N="InactiveTableSize">3610</I32>
      <I32 N="TotalRecords">7210</I32>
      <I32 N="PercentNotExpired">3</I32>
      <B N="TableSwapOccurred">false</B>
      <Nil N="TableSwapTrigger" />
      <I32 N="RowsCopied">0</I32>
      <I32 N="NextTableSwapOnOrBefore">1094</I32>
      <I32 N="OldestActiveRecord">720</I32>
      <I32 N="OldestInactiveRecord">716</I32>
      <I32 N="NewestInactiveRecord">356</I32>
    </MS>
  </Obj>
  <Obj RefId="1084">
    <TNRef RefId="0" />
    <MS>
      <I32 N="Day">1085</I32>
      <I32 N="ActiveTableSize">3610</I32>
      <I32 N="InactiveTableSize">3610</I32>
      <I32 N="TotalRecords">7220</I32>
      <I32 N="PercentNotExpired">2</I32>
      <B N="TableSwapOccurred">false</B>
      <Nil N="TableSwapTrigger" />
      <I32 N="RowsCopied">0</I32>
      <I32 N="NextTableSwapOnOrBefore">1094</I32>
      <I32 N="OldestActiveRecord">721</I32>
      <I32 N="OldestInactiveRecord">717</I32>
      <I32 N="NewestInactiveRecord">357</I32>
    </MS>
  </Obj>
  <Obj RefId="1085">
    <TNRef RefId="0" />
    <MS>
      <I32 N="Day">1086</I32>
      <I32 N="ActiveTableSize">3620</I32>
      <I32 N="InactiveTableSize">3610</I32>
      <I32 N="TotalRecords">7230</I32>
      <I32 N="PercentNotExpired">2</I32>
      <B N="TableSwapOccurred">false</B>
      <Nil N="TableSwapTrigger" />
      <I32 N="RowsCopied">0</I32>
      <I32 N="NextTableSwapOnOrBefore">1094</I32>
      <I32 N="OldestActiveRecord">722</I32>
      <I32 N="OldestInactiveRecord">718</I32>
      <I32 N="NewestInactiveRecord">358</I32>
    </MS>
  </Obj>
  <Obj RefId="1086">
    <TNRef RefId="0" />
    <MS>
      <I32 N="Day">1087</I32>
      <I32 N="ActiveTableSize">3630</I32>
      <I32 N="InactiveTableSize">3610</I32>
      <I32 N="TotalRecords">7240</I32>
      <I32 N="PercentNotExpired">2</I32>
      <B N="TableSwapOccurred">false</B>
      <Nil N="TableSwapTrigger" />
      <I32 N="RowsCopied">0</I32>
      <I32 N="NextTableSwapOnOrBefore">1094</I32>
      <I32 N="OldestActiveRecord">723</I32>
      <I32 N="OldestInactiveRecord">719</I32>
      <I32 N="NewestInactiveRecord">359</I32>
    </MS>
  </Obj>
  <Obj RefId="1087">
    <TNRef RefId="0" />
    <MS>
      <I32 N="Day">1088</I32>
      <I32 N="ActiveTableSize">3640</I32>
      <I32 N="InactiveTableSize">3610</I32>
      <I32 N="TotalRecords">7250</I32>
      <I32 N="PercentNotExpired">2</I32>
      <B N="TableSwapOccurred">false</B>
      <Nil N="TableSwapTrigger" />
      <I32 N="RowsCopied">0</I32>
      <I32 N="NextTableSwapOnOrBefore">1094</I32>
      <I32 N="OldestActiveRecord">724</I32>
      <I32 N="OldestInactiveRecord">720</I32>
      <I32 N="NewestInactiveRecord">360</I32>
    </MS>
  </Obj>
  <Obj RefId="1088">
    <TNRef RefId="0" />
    <MS>
      <I32 N="Day">1089</I32>
      <I32 N="ActiveTableSize">40</I32>
      <I32 N="InactiveTableSize">3650</I32>
      <I32 N="TotalRecords">3690</I32>
      <I32 N="PercentNotExpired">1</I32>
      <B N="TableSwapOccurred">true</B>
      <S N="TableSwapTrigger">LogDeleteThreshold</S>
      <I32 N="RowsCopied">40</I32>
      <I32 N="NextTableSwapOnOrBefore">1455</I32>
      <I32 N="OldestActiveRecord">364</I32>
      <I32 N="OldestInactiveRecord">725</I32>
      <I32 N="NewestInactiveRecord">0</I32>
    </MS>
  </Obj>
  <Obj RefId="1089">
    <TNRef RefId="0" />
    <MS>
      <I32 N="Day">1090</I32>
      <I32 N="ActiveTableSize">50</I32>
      <I32 N="InactiveTableSize">3650</I32>
      <I32 N="TotalRecords">3700</I32>
      <I32 N="PercentNotExpired">99</I32>
      <B N="TableSwapOccurred">false</B>
      <Nil N="TableSwapTrigger" />
      <I32 N="RowsCopied">0</I32>
      <I32 N="NextTableSwapOnOrBefore">1455</I32>
      <I32 N="OldestActiveRecord">365</I32>
      <I32 N="OldestInactiveRecord">726</I32>
      <I32 N="NewestInactiveRecord">1</I32>
    </MS>
  </Obj>
  <Obj RefId="1090">
    <TNRef RefId="0" />
    <MS>
      <I32 N="Day">1091</I32>
      <I32 N="ActiveTableSize">60</I32>
      <I32 N="InactiveTableSize">3650</I32>
      <I32 N="TotalRecords">3710</I32>
      <I32 N="PercentNotExpired">99</I32>
      <B N="TableSwapOccurred">false</B>
      <Nil N="TableSwapTrigger" />
      <I32 N="RowsCopied">0</I32>
      <I32 N="NextTableSwapOnOrBefore">1455</I32>
      <I32 N="OldestActiveRecord">366</I32>
      <I32 N="OldestInactiveRecord">727</I32>
      <I32 N="NewestInactiveRecord">2</I32>
    </MS>
  </Obj>
  <Obj RefId="1091">
    <TNRef RefId="0" />
    <MS>
      <I32 N="Day">1092</I32>
      <I32 N="ActiveTableSize">70</I32>
      <I32 N="InactiveTableSize">3650</I32>
      <I32 N="TotalRecords">3720</I32>
      <I32 N="PercentNotExpired">99</I32>
      <B N="TableSwapOccurred">false</B>
      <Nil N="TableSwapTrigger" />
      <I32 N="RowsCopied">0</I32>
      <I32 N="NextTableSwapOnOrBefore">1455</I32>
      <I32 N="OldestActiveRecord">367</I32>
      <I32 N="OldestInactiveRecord">728</I32>
      <I32 N="NewestInactiveRecord">3</I32>
    </MS>
  </Obj>
  <Obj RefId="1092">
    <TNRef RefId="0" />
    <MS>
      <I32 N="Day">1093</I32>
      <I32 N="ActiveTableSize">80</I32>
      <I32 N="InactiveTableSize">3650</I32>
      <I32 N="TotalRecords">3730</I32>
      <I32 N="PercentNotExpired">99</I32>
      <B N="TableSwapOccurred">false</B>
      <Nil N="TableSwapTrigger" />
      <I32 N="RowsCopied">0</I32>
      <I32 N="NextTableSwapOnOrBefore">1455</I32>
      <I32 N="OldestActiveRecord">368</I32>
      <I32 N="OldestInactiveRecord">729</I32>
      <I32 N="NewestInactiveRecord">4</I32>
    </MS>
  </Obj>
  <Obj RefId="1093">
    <TNRef RefId="0" />
    <MS>
      <I32 N="Day">1094</I32>
      <I32 N="ActiveTableSize">90</I32>
      <I32 N="InactiveTableSize">3650</I32>
      <I32 N="TotalRecords">3740</I32>
      <I32 N="PercentNotExpired">99</I32>
      <B N="TableSwapOccurred">false</B>
      <Nil N="TableSwapTrigger" />
      <I32 N="RowsCopied">0</I32>
      <I32 N="NextTableSwapOnOrBefore">1455</I32>
      <I32 N="OldestActiveRecord">369</I32>
      <I32 N="OldestInactiveRecord">730</I32>
      <I32 N="NewestInactiveRecord">5</I32>
    </MS>
  </Obj>
  <Obj RefId="1094">
    <TNRef RefId="0" />
    <MS>
      <I32 N="Day">1095</I32>
      <I32 N="ActiveTableSize">100</I32>
      <I32 N="InactiveTableSize">3650</I32>
      <I32 N="TotalRecords">3750</I32>
      <I32 N="PercentNotExpired">99</I32>
      <B N="TableSwapOccurred">false</B>
      <Nil N="TableSwapTrigger" />
      <I32 N="RowsCopied">0</I32>
      <I32 N="NextTableSwapOnOrBefore">1455</I32>
      <I32 N="OldestActiveRecord">370</I32>
      <I32 N="OldestInactiveRecord">731</I32>
      <I32 N="NewestInactiveRecord">6</I32>
    </MS>
  </Obj>
</Objs>