<Objs Version="1.1.0.1" xmlns="http://schemas.microsoft.com/powershell/2004/04">
  <Obj RefId="0">
    <TN RefId="0">
      <T>System.Management.Automation.PSCustomObject</T>
      <T>System.Object</T>
    </TN>
    <MS>
      <I32 N="Day">1</I32>
      <I32 N="ActiveTableSize">0</I32>
      <I32 N="InactiveTableSize">10</I32>
      <I32 N="TotalRecords">10</I32>
      <I32 N="PercentNotExpired">100</I32>
      <B N="TableSwapOccurred">true</B>
      <S N="TableSwapTrigger">Day1</S>
      <I32 N="RowsCopied">0</I32>
      <I32 N="NextTableSwapOnOrBefore">8</I32>
      <I32 N="OldestActiveRecord">0</I32>
      <I32 N="OldestInactiveRecord">0</I32>
      <I32 N="NewestInactiveRecord">0</I32>
    </MS>
  </Obj>
  <Obj RefId="1">
    <TNRef RefId="0" />
    <MS>
      <I32 N="Day">2</I32>
      <I32 N="ActiveTableSize">10</I32>
      <I32 N="InactiveTableSize">10</I32>
      <I32 N="TotalRecords">20</I32>
      <I32 N="PercentNotExpired">100</I32>
      <B N="TableSwapOccurred">false</B>
      <Nil N="TableSwapTrigger" />
      <I32 N="RowsCopied">0</I32>
      <I32 N="NextTableSwapOnOrBefore">8</I32>
      <I32 N="OldestActiveRecord">0</I32>
      <I32 N="OldestInactiveRecord">1</I32>
      <I32 N="NewestInactiveRecord">1</I32>
    </MS>
  </Obj>
  <Obj RefId="2">
    <TNRef RefId="0" />
    <MS>
      <I32 N="Day">3</I32>
      <I32 N="ActiveTableSize">20</I32>
      <I32 N="InactiveTableSize">10</I32>
      <I32 N="TotalRecords">30</I32>
      <I32 N="PercentNotExpired">100</I32>
      <B N="TableSwapOccurred">false</B>
      <Nil N="TableSwapTrigger" />
      <I32 N="RowsCopied">0</I32>
      <I32 N="NextTableSwapOnOrBefore">8</I32>
      <I32 N="OldestActiveRecord">1</I32>
      <I32 N="OldestInactiveRecord">2</I32>
      <I32 N="NewestInactiveRecord">2</I32>
    </MS>
  </Obj>
  <Obj RefId="3">
    <TNRef RefId="0" />
    <MS>
      <I32 N="Day">4</I32>
      <I32 N="ActiveTableSize">30</I32>
      <I32 N="InactiveTableSize">10</I32>
      <I32 N="TotalRecords">40</I32>
      <I32 N="PercentNotExpired">100</I32>
      <B N="TableSwapOccurred">false</B>
      <Nil N="TableSwapTrigger" />
      <I32 N="RowsCopied">0</I32>
      <I32 N="NextTableSwapOnOrBefore">8</I32>
      <I32 N="OldestActiveRecord">2</I32>
      <I32 N="OldestInactiveRecord">3</I32>
      <I32 N="NewestInactiveRecord">3</I32>
    </MS>
  </Obj>
  <Obj RefId="4">
    <TNRef RefId="0" />
    <MS>
      <I32 N="Day">5</I32>
      <I32 N="ActiveTableSize">40</I32>
      <I32 N="InactiveTableSize">10</I32>
      <I32 N="TotalRecords">50</I32>
      <I32 N="PercentNotExpired">100</I32>
      <B N="TableSwapOccurred">false</B>
      <Nil N="TableSwapTrigger" />
      <I32 N="RowsCopied">0</I32>
      <I32 N="NextTableSwapOnOrBefore">8</I32>
      <I32 N="OldestActiveRecord">3</I32>
      <I32 N="OldestInactiveRecord">4</I32>
      <I32 N="NewestInactiveRecord">4</I32>
    </MS>
  </Obj>
  <Obj RefId="5">
    <TNRef RefId="0" />
    <MS>
      <I32 N="Day">6</I32>
      <I32 N="ActiveTableSize">50</I32>
      <I32 N="InactiveTableSize">10</I32>
      <I32 N="TotalRecords">60</I32>
      <I32 N="PercentNotExpired">100</I32>
      <B N="TableSwapOccurred">false</B>
      <Nil N="TableSwapTrigger" />
      <I32 N="RowsCopied">0</I32>
      <I32 N="NextTableSwapOnOrBefore">8</I32>
      <I32 N="OldestActiveRecord">4</I32>
      <I32 N="OldestInactiveRecord">5</I32>
      <I32 N="NewestInactiveRecord">5</I32>
    </MS>
  </Obj>
  <Obj RefId="6">
    <TNRef RefId="0" />
    <MS>
      <I32 N="Day">7</I32>
      <I32 N="ActiveTableSize">60</I32>
      <I32 N="InactiveTableSize">10</I32>
      <I32 N="TotalRecords">70</I32>
      <I32 N="PercentNotExpired">100</I32>
      <B N="TableSwapOccurred">false</B>
      <Nil N="TableSwapTrigger" />
      <I32 N="RowsCopied">0</I32>
      <I32 N="NextTableSwapOnOrBefore">8</I32>
      <I32 N="OldestActiveRecord">5</I32>
      <I32 N="OldestInactiveRecord">6</I32>
      <I32 N="NewestInactiveRecord">6</I32>
    </MS>
  </Obj>
  <Obj RefId="7">
    <TNRef RefId="0" />
    <MS>
      <I32 N="Day">8</I32>
      <I32 N="ActiveTableSize">10</I32>
      <I32 N="InactiveTableSize">70</I32>
      <I32 N="TotalRecords">80</I32>
      <I32 N="PercentNotExpired">100</I32>
      <B N="TableSwapOccurred">true</B>
      <S N="TableSwapTrigger">ExpiredLogsMaximumLifetimeInDays</S>
      <I32 N="RowsCopied">10</I32>
      <I32 N="NextTableSwapOnOrBefore">15</I32>
      <I32 N="OldestActiveRecord">7</I32>
      <I32 N="OldestInactiveRecord">6</I32>
      <I32 N="NewestInactiveRecord">0</I32>
    </MS>
  </Obj>
  <Obj RefId="8">
    <TNRef RefId="0" />
    <MS>
      <I32 N="Day">9</I32>
      <I32 N="ActiveTableSize">20</I32>
      <I32 N="InactiveTableSize">70</I32>
      <I32 N="TotalRecords">90</I32>
      <I32 N="PercentNotExpired">100</I32>
      <B N="TableSwapOccurred">false</B>
      <Nil N="TableSwapTrigger" />
      <I32 N="RowsCopied">0</I32>
      <I32 N="NextTableSwapOnOrBefore">15</I32>
      <I32 N="OldestActiveRecord">8</I32>
      <I32 N="OldestInactiveRecord">7</I32>
      <I32 N="NewestInactiveRecord">1</I32>
    </MS>
  </Obj>
  <Obj RefId="9">
    <TNRef RefId="0" />
    <MS>
      <I32 N="Day">10</I32>
      <I32 N="ActiveTableSize">30</I32>
      <I32 N="InactiveTableSize">70</I32>
      <I32 N="TotalRecords">100</I32>
      <I32 N="PercentNotExpired">100</I32>
      <B N="TableSwapOccurred">false</B>
      <Nil N="TableSwapTrigger" />
      <I32 N="RowsCopied">0</I32>
      <I32 N="NextTableSwapOnOrBefore">15</I32>
      <I32 N="OldestActiveRecord">9</I32>
      <I32 N="OldestInactiveRecord">8</I32>
      <I32 N="NewestInactiveRecord">2</I32>
    </MS>
  </Obj>
  <Obj RefId="10">
    <TNRef RefId="0" />
    <MS>
      <I32 N="Day">11</I32>
      <I32 N="ActiveTableSize">40</I32>
      <I32 N="InactiveTableSize">70</I32>
      <I32 N="TotalRecords">110</I32>
      <I32 N="PercentNotExpired">100</I32>
      <B N="TableSwapOccurred">false</B>
      <Nil N="TableSwapTrigger" />
      <I32 N="RowsCopied">0</I32>
      <I32 N="NextTableSwapOnOrBefore">15</I32>
      <I32 N="OldestActiveRecord">10</I32>
      <I32 N="OldestInactiveRecord">9</I32>
      <I32 N="NewestInactiveRecord">3</I32>
    </MS>
  </Obj>
  <Obj RefId="11">
    <TNRef RefId="0" />
    <MS>
      <I32 N="Day">12</I32>
      <I32 N="ActiveTableSize">50</I32>
      <I32 N="InactiveTableSize">70</I32>
      <I32 N="TotalRecords">120</I32>
      <I32 N="PercentNotExpired">100</I32>
      <B N="TableSwapOccurred">false</B>
      <Nil N="TableSwapTrigger" />
      <I32 N="RowsCopied">0</I32>
      <I32 N="NextTableSwapOnOrBefore">15</I32>
      <I32 N="OldestActiveRecord">11</I32>
      <I32 N="OldestInactiveRecord">10</I32>
      <I32 N="NewestInactiveRecord">4</I32>
    </MS>
  </Obj>
  <Obj RefId="12">
    <TNRef RefId="0" />
    <MS>
      <I32 N="Day">13</I32>
      <I32 N="ActiveTableSize">60</I32>
      <I32 N="InactiveTableSize">70</I32>
      <I32 N="TotalRecords">130</I32>
      <I32 N="PercentNotExpired">100</I32>
      <B N="TableSwapOccurred">false</B>
      <Nil N="TableSwapTrigger" />
      <I32 N="RowsCopied">0</I32>
      <I32 N="NextTableSwapOnOrBefore">15</I32>
      <I32 N="OldestActiveRecord">12</I32>
      <I32 N="OldestInactiveRecord">11</I32>
      <I32 N="NewestInactiveRecord">5</I32>
    </MS>
  </Obj>
  <Obj RefId="13">
    <TNRef RefId="0" />
    <MS>
      <I32 N="Day">14</I32>
      <I32 N="ActiveTableSize">70</I32>
      <I32 N="InactiveTableSize">70</I32>
      <I32 N="TotalRecords">140</I32>
      <I32 N="PercentNotExpired">100</I32>
      <B N="TableSwapOccurred">false</B>
      <Nil N="TableSwapTrigger" />
      <I32 N="RowsCopied">0</I32>
      <I32 N="NextTableSwapOnOrBefore">15</I32>
      <I32 N="OldestActiveRecord">13</I32>
      <I32 N="OldestInactiveRecord">12</I32>
      <I32 N="NewestInactiveRecord">6</I32>
    </MS>
  </Obj>
  <Obj RefId="14">
    <TNRef RefId="0" />
    <MS>
      <I32 N="Day">15</I32>
      <I32 N="ActiveTableSize">70</I32>
      <I32 N="InactiveTableSize">80</I32>
      <I32 N="TotalRecords">150</I32>
      <I32 N="PercentNotExpired">100</I32>
      <B N="TableSwapOccurred">true</B>
      <S N="TableSwapTrigger">ExpiredLogsMaximumLifetimeInDays</S>
      <I32 N="RowsCopied">70</I32>
      <I32 N="NextTableSwapOnOrBefore">22</I32>
      <I32 N="OldestActiveRecord">13</I32>
      <I32 N="OldestInactiveRecord">14</I32>
      <I32 N="NewestInactiveRecord">0</I32>
    </MS>
  </Obj>
  <Obj RefId="15">
    <TNRef RefId="0" />
    <MS>
      <I32 N="Day">16</I32>
      <I32 N="ActiveTableSize">80</I32>
      <I32 N="InactiveTableSize">80</I32>
      <I32 N="TotalRecords">160</I32>
      <I32 N="PercentNotExpired">100</I32>
      <B N="TableSwapOccurred">false</B>
      <Nil N="TableSwapTrigger" />
      <I32 N="RowsCopied">0</I32>
      <I32 N="NextTableSwapOnOrBefore">22</I32>
      <I32 N="OldestActiveRecord">14</I32>
      <I32 N="OldestInactiveRecord">15</I32>
      <I32 N="NewestInactiveRecord">1</I32>
    </MS>
  </Obj>
  <Obj RefId="16">
    <TNRef RefId="0" />
    <MS>
      <I32 N="Day">17</I32>
      <I32 N="ActiveTableSize">90</I32>
      <I32 N="InactiveTableSize">80</I32>
      <I32 N="TotalRecords">170</I32>
      <I32 N="PercentNotExpired">100</I32>
      <B N="TableSwapOccurred">false</B>
      <Nil N="TableSwapTrigger" />
      <I32 N="RowsCopied">0</I32>
      <I32 N="NextTableSwapOnOrBefore">22</I32>
      <I32 N="OldestActiveRecord">15</I32>
      <I32 N="OldestInactiveRecord">16</I32>
      <I32 N="NewestInactiveRecord">2</I32>
    </MS>
  </Obj>
  <Obj RefId="17">
    <TNRef RefId="0" />
    <MS>
      <I32 N="Day">18</I32>
      <I32 N="ActiveTableSize">100</I32>
      <I32 N="InactiveTableSize">80</I32>
      <I32 N="TotalRecords">180</I32>
      <I32 N="PercentNotExpired">100</I32>
      <B N="TableSwapOccurred">false</B>
      <Nil N="TableSwapTrigger" />
      <I32 N="RowsCopied">0</I32>
      <I32 N="NextTableSwapOnOrBefore">22</I32>
      <I32 N="OldestActiveRecord">16</I32>
      <I32 N="OldestInactiveRecord">17</I32>
      <I32 N="NewestInactiveRecord">3</I32>
    </MS>
  </Obj>
  <Obj RefId="18">
    <TNRef RefId="0" />
    <MS>
      <I32 N="Day">19</I32>
      <I32 N="ActiveTableSize">110</I32>
      <I32 N="InactiveTableSize">80</I32>
      <I32 N="TotalRecords">190</I32>
      <I32 N="PercentNotExpired">100</I32>
      <B N="TableSwapOccurred">false</B>
      <Nil N="TableSwapTrigger" />
      <I32 N="RowsCopied">0</I32>
      <I32 N="NextTableSwapOnOrBefore">22</I32>
      <I32 N="OldestActiveRecord">17</I32>
      <I32 N="OldestInactiveRecord">18</I32>
      <I32 N="NewestInactiveRecord">4</I32>
    </MS>
  </Obj>
  <Obj RefId="19">
    <TNRef RefId="0" />
    <MS>
      <I32 N="Day">20</I32>
      <I32 N="ActiveTableSize">120</I32>
      <I32 N="InactiveTableSize">80</I32>
      <I32 N="TotalRecords">200</I32>
      <I32 N="PercentNotExpired">100</I32>
      <B N="TableSwapOccurred">false</B>
      <Nil N="TableSwapTrigger" />
      <I32 N="RowsCopied">0</I32>
      <I32 N="NextTableSwapOnOrBefore">22</I32>
      <I32 N="OldestActiveRecord">18</I32>
      <I32 N="OldestInactiveRecord">19</I32>
      <I32 N="NewestInactiveRecord">5</I32>
    </MS>
  </Obj>
  <Obj RefId="20">
    <TNRef RefId="0" />
    <MS>
      <I32 N="Day">21</I32>
      <I32 N="ActiveTableSize">130</I32>
      <I32 N="InactiveTableSize">80</I32>
      <I32 N="TotalRecords">210</I32>
      <I32 N="PercentNotExpired">100</I32>
      <B N="TableSwapOccurred">false</B>
      <Nil N="TableSwapTrigger" />
      <I32 N="RowsCopied">0</I32>
      <I32 N="NextTableSwapOnOrBefore">22</I32>
      <I32 N="OldestActiveRecord">19</I32>
      <I32 N="OldestInactiveRecord">20</I32>
      <I32 N="NewestInactiveRecord">6</I32>
    </MS>
  </Obj>
  <Obj RefId="21">
    <TNRef RefId="0" />
    <MS>
      <I32 N="Day">22</I32>
      <I32 N="ActiveTableSize">80</I32>
      <I32 N="InactiveTableSize">140</I32>
      <I32 N="TotalRecords">220</I32>
      <I32 N="PercentNotExpired">100</I32>
      <B N="TableSwapOccurred">true</B>
      <S N="TableSwapTrigger">ExpiredLogsMaximumLifetimeInDays</S>
      <I32 N="RowsCopied">80</I32>
      <I32 N="NextTableSwapOnOrBefore">29</I32>
      <I32 N="OldestActiveRecord">21</I32>
      <I32 N="OldestInactiveRecord">20</I32>
      <I32 N="NewestInactiveRecord">0</I32>
    </MS>
  </Obj>
  <Obj RefId="22">
    <TNRef RefId="0" />
    <MS>
      <I32 N="Day">23</I32>
      <I32 N="ActiveTableSize">90</I32>
      <I32 N="InactiveTableSize">140</I32>
      <I32 N="TotalRecords">230</I32>
      <I32 N="PercentNotExpired">100</I32>
      <B N="TableSwapOccurred">false</B>
      <Nil N="TableSwapTrigger" />
      <I32 N="RowsCopied">0</I32>
      <I32 N="NextTableSwapOnOrBefore">29</I32>
      <I32 N="OldestActiveRecord">22</I32>
      <I32 N="OldestInactiveRecord">21</I32>
      <I32 N="NewestInactiveRecord">1</I32>
    </MS>
  </Obj>
  <Obj RefId="23">
    <TNRef RefId="0" />
    <MS>
      <I32 N="Day">24</I32>
      <I32 N="ActiveTableSize">100</I32>
      <I32 N="InactiveTableSize">140</I32>
      <I32 N="TotalRecords">240</I32>
      <I32 N="PercentNotExpired">100</I32>
      <B N="TableSwapOccurred">false</B>
      <Nil N="TableSwapTrigger" />
      <I32 N="RowsCopied">0</I32>
      <I32 N="NextTableSwapOnOrBefore">29</I32>
      <I32 N="OldestActiveRecord">23</I32>
      <I32 N="OldestInactiveRecord">22</I32>
      <I32 N="NewestInactiveRecord">2</I32>
    </MS>
  </Obj>
  <Obj RefId="24">
    <TNRef RefId="0" />
    <MS>
      <I32 N="Day">25</I32>
      <I32 N="ActiveTableSize">110</I32>
      <I32 N="InactiveTableSize">140</I32>
      <I32 N="TotalRecords">250</I32>
      <I32 N="PercentNotExpired">100</I32>
      <B N="TableSwapOccurred">false</B>
      <Nil N="TableSwapTrigger" />
      <I32 N="RowsCopied">0</I32>
      <I32 N="NextTableSwapOnOrBefore">29</I32>
      <I32 N="OldestActiveRecord">24</I32>
      <I32 N="OldestInactiveRecord">23</I32>
      <I32 N="NewestInactiveRecord">3</I32>
    </MS>
  </Obj>
  <Obj RefId="25">
    <TNRef RefId="0" />
    <MS>
      <I32 N="Day">26</I32>
      <I32 N="ActiveTableSize">120</I32>
      <I32 N="InactiveTableSize">140</I32>
      <I32 N="TotalRecords">260</I32>
      <I32 N="PercentNotExpired">100</I32>
      <B N="TableSwapOccurred">false</B>
      <Nil N="TableSwapTrigger" />
      <I32 N="RowsCopied">0</I32>
      <I32 N="NextTableSwapOnOrBefore">29</I32>
      <I32 N="OldestActiveRecord">25</I32>
      <I32 N="OldestInactiveRecord">24</I32>
      <I32 N="NewestInactiveRecord">4</I32>
    </MS>
  </Obj>
  <Obj RefId="26">
    <TNRef RefId="0" />
    <MS>
      <I32 N="Day">27</I32>
      <I32 N="ActiveTableSize">130</I32>
      <I32 N="InactiveTableSize">140</I32>
      <I32 N="TotalRecords">270</I32>
      <I32 N="PercentNotExpired">100</I32>
      <B N="TableSwapOccurred">false</B>
      <Nil N="TableSwapTrigger" />
      <I32 N="RowsCopied">0</I32>
      <I32 N="NextTableSwapOnOrBefore">29</I32>
      <I32 N="OldestActiveRecord">26</I32>
      <I32 N="OldestInactiveRecord">25</I32>
      <I32 N="NewestInactiveRecord">5</I32>
    </MS>
  </Obj>
  <Obj RefId="27">
    <TNRef RefId="0" />
    <MS>
      <I32 N="Day">28</I32>
      <I32 N="ActiveTableSize">140</I32>
      <I32 N="InactiveTableSize">140</I32>
      <I32 N="TotalRecords">280</I32>
      <I32 N="PercentNotExpired">100</I32>
      <B N="TableSwapOccurred">false</B>
      <Nil N="TableSwapTrigger" />
      <I32 N="RowsCopied">0</I32>
      <I32 N="NextTableSwapOnOrBefore">29</I32>
      <I32 N="OldestActiveRecord">27</I32>
      <I32 N="OldestInactiveRecord">26</I32>
      <I32 N="NewestInactiveRecord">6</I32>
    </MS>
  </Obj>
  <Obj RefId="28">
    <TNRef RefId="0" />
    <MS>
      <I32 N="Day">29</I32>
      <I32 N="ActiveTableSize">140</I32>
      <I32 N="InactiveTableSize">150</I32>
      <I32 N="TotalRecords">290</I32>
      <I32 N="PercentNotExpired">100</I32>
      <B N="TableSwapOccurred">true</B>
      <S N="TableSwapTrigger">ExpiredLogsMaximumLifetimeInDays</S>
      <I32 N="RowsCopied">140</I32>
      <I32 N="NextTableSwapOnOrBefore">36</I32>
      <I32 N="OldestActiveRecord">27</I32>
      <I32 N="OldestInactiveRecord">28</I32>
      <I32 N="NewestInactiveRecord">0</I32>
    </MS>
  </Obj>
  <Obj RefId="29">
    <TNRef RefId="0" />
    <MS>
      <I32 N="Day">30</I32>
      <I32 N="ActiveTableSize">150</I32>
      <I32 N="InactiveTableSize">150</I32>
      <I32 N="TotalRecords">300</I32>
      <I32 N="PercentNotExpired">100</I32>
      <B N="TableSwapOccurred">false</B>
      <Nil N="TableSwapTrigger" />
      <I32 N="RowsCopied">0</I32>
      <I32 N="NextTableSwapOnOrBefore">36</I32>
      <I32 N="OldestActiveRecord">28</I32>
      <I32 N="OldestInactiveRecord">29</I32>
      <I32 N="NewestInactiveRecord">1</I32>
    </MS>
  </Obj>
  <Obj RefId="30">
    <TNRef RefId="0" />
    <MS>
      <I32 N="Day">31</I32>
      <I32 N="ActiveTableSize">160</I32>
      <I32 N="InactiveTableSize">150</I32>
      <I32 N="TotalRecords">310</I32>
      <I32 N="PercentNotExpired">100</I32>
      <B N="TableSwapOccurred">false</B>
      <Nil N="TableSwapTrigger" />
      <I32 N="RowsCopied">0</I32>
      <I32 N="NextTableSwapOnOrBefore">36</I32>
      <I32 N="OldestActiveRecord">29</I32>
      <I32 N="OldestInactiveRecord">30</I32>
      <I32 N="NewestInactiveRecord">2</I32>
    </MS>
  </Obj>
  <Obj RefId="31">
    <TNRef RefId="0" />
    <MS>
      <I32 N="Day">32</I32>
      <I32 N="ActiveTableSize">170</I32>
      <I32 N="InactiveTableSize">150</I32>
      <I32 N="TotalRecords">320</I32>
      <I32 N="PercentNotExpired">93</I32>
      <B N="TableSwapOccurred">false</B>
      <Nil N="TableSwapTrigger" />
      <I32 N="RowsCopied">0</I32>
      <I32 N="NextTableSwapOnOrBefore">36</I32>
      <I32 N="OldestActiveRecord">30</I32>
      <I32 N="OldestInactiveRecord">31</I32>
      <I32 N="NewestInactiveRecord">3</I32>
    </MS>
  </Obj>
  <Obj RefId="32">
    <TNRef RefId="0" />
    <MS>
      <I32 N="Day">33</I32>
      <I32 N="ActiveTableSize">180</I32>
      <I32 N="InactiveTableSize">150</I32>
      <I32 N="TotalRecords">330</I32>
      <I32 N="PercentNotExpired">93</I32>
      <B N="TableSwapOccurred">false</B>
      <Nil N="TableSwapTrigger" />
      <I32 N="RowsCopied">0</I32>
      <I32 N="NextTableSwapOnOrBefore">36</I32>
      <I32 N="OldestActiveRecord">31</I32>
      <I32 N="OldestInactiveRecord">32</I32>
      <I32 N="NewestInactiveRecord">4</I32>
    </MS>
  </Obj>
  <Obj RefId="33">
    <TNRef RefId="0" />
    <MS>
      <I32 N="Day">34</I32>
      <I32 N="ActiveTableSize">190</I32>
      <I32 N="InactiveTableSize">150</I32>
      <I32 N="TotalRecords">340</I32>
      <I32 N="PercentNotExpired">93</I32>
      <B N="TableSwapOccurred">false</B>
      <Nil N="TableSwapTrigger" />
      <I32 N="RowsCopied">0</I32>
      <I32 N="NextTableSwapOnOrBefore">36</I32>
      <I32 N="OldestActiveRecord">32</I32>
      <I32 N="OldestInactiveRecord">33</I32>
      <I32 N="NewestInactiveRecord">5</I32>
    </MS>
  </Obj>
  <Obj RefId="34">
    <TNRef RefId="0" />
    <MS>
      <I32 N="Day">35</I32>
      <I32 N="ActiveTableSize">200</I32>
      <I32 N="InactiveTableSize">150</I32>
      <I32 N="TotalRecords">350</I32>
      <I32 N="PercentNotExpired">93</I32>
      <B N="TableSwapOccurred">false</B>
      <Nil N="TableSwapTrigger" />
      <I32 N="RowsCopied">0</I32>
      <I32 N="NextTableSwapOnOrBefore">36</I32>
      <I32 N="OldestActiveRecord">33</I32>
      <I32 N="OldestInactiveRecord">34</I32>
      <I32 N="NewestInactiveRecord">6</I32>
    </MS>
  </Obj>
  <Obj RefId="35">
    <TNRef RefId="0" />
    <MS>
      <I32 N="Day">36</I32>
      <I32 N="ActiveTableSize">140</I32>
      <I32 N="InactiveTableSize">210</I32>
      <I32 N="TotalRecords">350</I32>
      <I32 N="PercentNotExpired">93</I32>
      <B N="TableSwapOccurred">true</B>
      <S N="TableSwapTrigger">ExpiredLogsMaximumLifetimeInDays</S>
      <I32 N="RowsCopied">140</I32>
      <I32 N="NextTableSwapOnOrBefore">43</I32>
      <I32 N="OldestActiveRecord">27</I32>
      <I32 N="OldestInactiveRecord">34</I32>
      <I32 N="NewestInactiveRecord">0</I32>
    </MS>
  </Obj>
  <Obj RefId="36">
    <TNRef RefId="0" />
    <MS>
      <I32 N="Day">37</I32>
      <I32 N="ActiveTableSize">150</I32>
      <I32 N="InactiveTableSize">210</I32>
      <I32 N="TotalRecords">360</I32>
      <I32 N="PercentNotExpired">76</I32>
      <B N="TableSwapOccurred">false</B>
      <Nil N="TableSwapTrigger" />
      <I32 N="RowsCopied">0</I32>
      <I32 N="NextTableSwapOnOrBefore">43</I32>
      <I32 N="OldestActiveRecord">28</I32>
      <I32 N="OldestInactiveRecord">35</I32>
      <I32 N="NewestInactiveRecord">1</I32>
    </MS>
  </Obj>
  <Obj RefId="37">
    <TNRef RefId="0" />
    <MS>
      <I32 N="Day">38</I32>
      <I32 N="ActiveTableSize">160</I32>
      <I32 N="InactiveTableSize">210</I32>
      <I32 N="TotalRecords">370</I32>
      <I32 N="PercentNotExpired">71</I32>
      <B N="TableSwapOccurred">false</B>
      <Nil N="TableSwapTrigger" />
      <I32 N="RowsCopied">0</I32>
      <I32 N="NextTableSwapOnOrBefore">43</I32>
      <I32 N="OldestActiveRecord">29</I32>
      <I32 N="OldestInactiveRecord">36</I32>
      <I32 N="NewestInactiveRecord">2</I32>
    </MS>
  </Obj>
  <Obj RefId="38">
    <TNRef RefId="0" />
    <MS>
      <I32 N="Day">39</I32>
      <I32 N="ActiveTableSize">170</I32>
      <I32 N="InactiveTableSize">210</I32>
      <I32 N="TotalRecords">380</I32>
      <I32 N="PercentNotExpired">67</I32>
      <B N="TableSwapOccurred">false</B>
      <Nil N="TableSwapTrigger" />
      <I32 N="RowsCopied">0</I32>
      <I32 N="NextTableSwapOnOrBefore">43</I32>
      <I32 N="OldestActiveRecord">30</I32>
      <I32 N="OldestInactiveRecord">37</I32>
      <I32 N="NewestInactiveRecord">3</I32>
    </MS>
  </Obj>
  <Obj RefId="39">
    <TNRef RefId="0" />
    <MS>
      <I32 N="Day">40</I32>
      <I32 N="ActiveTableSize">180</I32>
      <I32 N="InactiveTableSize">210</I32>
      <I32 N="TotalRecords">390</I32>
      <I32 N="PercentNotExpired">67</I32>
      <B N="TableSwapOccurred">false</B>
      <Nil N="TableSwapTrigger" />
      <I32 N="RowsCopied">0</I32>
      <I32 N="NextTableSwapOnOrBefore">43</I32>
      <I32 N="OldestActiveRecord">31</I32>
      <I32 N="OldestInactiveRecord">38</I32>
      <I32 N="NewestInactiveRecord">4</I32>
    </MS>
  </Obj>
  <Obj RefId="40">
    <TNRef RefId="0" />
    <MS>
      <I32 N="Day">41</I32>
      <I32 N="ActiveTableSize">190</I32>
      <I32 N="InactiveTableSize">210</I32>
      <I32 N="TotalRecords">400</I32>
      <I32 N="PercentNotExpired">67</I32>
      <B N="TableSwapOccurred">false</B>
      <Nil N="TableSwapTrigger" />
      <I32 N="RowsCopied">0</I32>
      <I32 N="NextTableSwapOnOrBefore">43</I32>
      <I32 N="OldestActiveRecord">32</I32>
      <I32 N="OldestInactiveRecord">39</I32>
      <I32 N="NewestInactiveRecord">5</I32>
    </MS>
  </Obj>
  <Obj RefId="41">
    <TNRef RefId="0" />
    <MS>
      <I32 N="Day">42</I32>
      <I32 N="ActiveTableSize">200</I32>
      <I32 N="InactiveTableSize">210</I32>
      <I32 N="TotalRecords">410</I32>
      <I32 N="PercentNotExpired">67</I32>
      <B N="TableSwapOccurred">false</B>
      <Nil N="TableSwapTrigger" />
      <I32 N="RowsCopied">0</I32>
      <I32 N="NextTableSwapOnOrBefore">43</I32>
      <I32 N="OldestActiveRecord">33</I32>
      <I32 N="OldestInactiveRecord">40</I32>
      <I32 N="NewestInactiveRecord">6</I32>
    </MS>
  </Obj>
  <Obj RefId="42">
    <TNRef RefId="0" />
    <MS>
      <I32 N="Day">43</I32>
      <I32 N="ActiveTableSize">140</I32>
      <I32 N="InactiveTableSize">210</I32>
      <I32 N="TotalRecords">350</I32>
      <I32 N="PercentNotExpired">67</I32>
      <B N="TableSwapOccurred">true</B>
      <S N="TableSwapTrigger">ExpiredLogsMaximumLifetimeInDays</S>
      <I32 N="RowsCopied">140</I32>
      <I32 N="NextTableSwapOnOrBefore">50</I32>
      <I32 N="OldestActiveRecord">27</I32>
      <I32 N="OldestInactiveRecord">34</I32>
      <I32 N="NewestInactiveRecord">0</I32>
    </MS>
  </Obj>
  <Obj RefId="43">
    <TNRef RefId="0" />
    <MS>
      <I32 N="Day">44</I32>
      <I32 N="ActiveTableSize">150</I32>
      <I32 N="InactiveTableSize">210</I32>
      <I32 N="TotalRecords">360</I32>
      <I32 N="PercentNotExpired">76</I32>
      <B N="TableSwapOccurred">false</B>
      <Nil N="TableSwapTrigger" />
      <I32 N="RowsCopied">0</I32>
      <I32 N="NextTableSwapOnOrBefore">50</I32>
      <I32 N="OldestActiveRecord">28</I32>
      <I32 N="OldestInactiveRecord">35</I32>
      <I32 N="NewestInactiveRecord">1</I32>
    </MS>
  </Obj>
  <Obj RefId="44">
    <TNRef RefId="0" />
    <MS>
      <I32 N="Day">45</I32>
      <I32 N="ActiveTableSize">160</I32>
      <I32 N="InactiveTableSize">210</I32>
      <I32 N="TotalRecords">370</I32>
      <I32 N="PercentNotExpired">71</I32>
      <B N="TableSwapOccurred">false</B>
      <Nil N="TableSwapTrigger" />
      <I32 N="RowsCopied">0</I32>
      <I32 N="NextTableSwapOnOrBefore">50</I32>
      <I32 N="OldestActiveRecord">29</I32>
      <I32 N="OldestInactiveRecord">36</I32>
      <I32 N="NewestInactiveRecord">2</I32>
    </MS>
  </Obj>
  <Obj RefId="45">
    <TNRef RefId="0" />
    <MS>
      <I32 N="Day">46</I32>
      <I32 N="ActiveTableSize">170</I32>
      <I32 N="InactiveTableSize">210</I32>
      <I32 N="TotalRecords">380</I32>
      <I32 N="PercentNotExpired">67</I32>
      <B N="TableSwapOccurred">false</B>
      <Nil N="TableSwapTrigger" />
      <I32 N="RowsCopied">0</I32>
      <I32 N="NextTableSwapOnOrBefore">50</I32>
      <I32 N="OldestActiveRecord">30</I32>
      <I32 N="OldestInactiveRecord">37</I32>
      <I32 N="NewestInactiveRecord">3</I32>
    </MS>
  </Obj>
  <Obj RefId="46">
    <TNRef RefId="0" />
    <MS>
      <I32 N="Day">47</I32>
      <I32 N="ActiveTableSize">180</I32>
      <I32 N="InactiveTableSize">210</I32>
      <I32 N="TotalRecords">390</I32>
      <I32 N="PercentNotExpired">67</I32>
      <B N="TableSwapOccurred">false</B>
      <Nil N="TableSwapTrigger" />
      <I32 N="RowsCopied">0</I32>
      <I32 N="NextTableSwapOnOrBefore">50</I32>
      <I32 N="OldestActiveRecord">31</I32>
      <I32 N="OldestInactiveRecord">38</I32>
      <I32 N="NewestInactiveRecord">4</I32>
    </MS>
  </Obj>
  <Obj RefId="47">
    <TNRef RefId="0" />
    <MS>
      <I32 N="Day">48</I32>
      <I32 N="ActiveTableSize">190</I32>
      <I32 N="InactiveTableSize">210</I32>
      <I32 N="TotalRecords">400</I32>
      <I32 N="PercentNotExpired">67</I32>
      <B N="TableSwapOccurred">false</B>
      <Nil N="TableSwapTrigger" />
      <I32 N="RowsCopied">0</I32>
      <I32 N="NextTableSwapOnOrBefore">50</I32>
      <I32 N="OldestActiveRecord">32</I32>
      <I32 N="OldestInactiveRecord">39</I32>
      <I32 N="NewestInactiveRecord">5</I32>
    </MS>
  </Obj>
  <Obj RefId="48">
    <TNRef RefId="0" />
    <MS>
      <I32 N="Day">49</I32>
      <I32 N="ActiveTableSize">200</I32>
      <I32 N="InactiveTableSize">210</I32>
      <I32 N="TotalRecords">410</I32>
      <I32 N="PercentNotExpired">67</I32>
      <B N="TableSwapOccurred">false</B>
      <Nil N="TableSwapTrigger" />
      <I32 N="RowsCopied">0</I32>
      <I32 N="NextTableSwapOnOrBefore">50</I32>
      <I32 N="OldestActiveRecord">33</I32>
      <I32 N="OldestInactiveRecord">40</I32>
      <I32 N="NewestInactiveRecord">6</I32>
    </MS>
  </Obj>
  <Obj RefId="49">
    <TNRef RefId="0" />
    <MS>
      <I32 N="Day">50</I32>
      <I32 N="ActiveTableSize">140</I32>
      <I32 N="InactiveTableSize">210</I32>
      <I32 N="TotalRecords">350</I32>
      <I32 N="PercentNotExpired">67</I32>
      <B N="TableSwapOccurred">true</B>
      <S N="TableSwapTrigger">ExpiredLogsMaximumLifetimeInDays</S>
      <I32 N="RowsCopied">140</I32>
      <I32 N="NextTableSwapOnOrBefore">57</I32>
      <I32 N="OldestActiveRecord">27</I32>
      <I32 N="OldestInactiveRecord">34</I32>
      <I32 N="NewestInactiveRecord">0</I32>
    </MS>
  </Obj>
  <Obj RefId="50">
    <TNRef RefId="0" />
    <MS>
      <I32 N="Day">51</I32>
      <I32 N="ActiveTableSize">150</I32>
      <I32 N="InactiveTableSize">210</I32>
      <I32 N="TotalRecords">360</I32>
      <I32 N="PercentNotExpired">76</I32>
      <B N="TableSwapOccurred">false</B>
      <Nil N="TableSwapTrigger" />
      <I32 N="RowsCopied">0</I32>
      <I32 N="NextTableSwapOnOrBefore">57</I32>
      <I32 N="OldestActiveRecord">28</I32>
      <I32 N="OldestInactiveRecord">35</I32>
      <I32 N="NewestInactiveRecord">1</I32>
    </MS>
  </Obj>
  <Obj RefId="51">
    <TNRef RefId="0" />
    <MS>
      <I32 N="Day">52</I32>
      <I32 N="ActiveTableSize">160</I32>
      <I32 N="InactiveTableSize">210</I32>
      <I32 N="TotalRecords">370</I32>
      <I32 N="PercentNotExpired">71</I32>
      <B N="TableSwapOccurred">false</B>
      <Nil N="TableSwapTrigger" />
      <I32 N="RowsCopied">0</I32>
      <I32 N="NextTableSwapOnOrBefore">57</I32>
      <I32 N="OldestActiveRecord">29</I32>
      <I32 N="OldestInactiveRecord">36</I32>
      <I32 N="NewestInactiveRecord">2</I32>
    </MS>
  </Obj>
  <Obj RefId="52">
    <TNRef RefId="0" />
    <MS>
      <I32 N="Day">53</I32>
      <I32 N="ActiveTableSize">170</I32>
      <I32 N="InactiveTableSize">210</I32>
      <I32 N="TotalRecords">380</I32>
      <I32 N="PercentNotExpired">67</I32>
      <B N="TableSwapOccurred">false</B>
      <Nil N="TableSwapTrigger" />
      <I32 N="RowsCopied">0</I32>
      <I32 N="NextTableSwapOnOrBefore">57</I32>
      <I32 N="OldestActiveRecord">30</I32>
      <I32 N="OldestInactiveRecord">37</I32>
      <I32 N="NewestInactiveRecord">3</I32>
    </MS>
  </Obj>
  <Obj RefId="53">
    <TNRef RefId="0" />
    <MS>
      <I32 N="Day">54</I32>
      <I32 N="ActiveTableSize">180</I32>
      <I32 N="InactiveTableSize">210</I32>
      <I32 N="TotalRecords">390</I32>
      <I32 N="PercentNotExpired">67</I32>
      <B N="TableSwapOccurred">false</B>
      <Nil N="TableSwapTrigger" />
      <I32 N="RowsCopied">0</I32>
      <I32 N="NextTableSwapOnOrBefore">57</I32>
      <I32 N="OldestActiveRecord">31</I32>
      <I32 N="OldestInactiveRecord">38</I32>
      <I32 N="NewestInactiveRecord">4</I32>
    </MS>
  </Obj>
  <Obj RefId="54">
    <TNRef RefId="0" />
    <MS>
      <I32 N="Day">55</I32>
      <I32 N="ActiveTableSize">190</I32>
      <I32 N="InactiveTableSize">210</I32>
      <I32 N="TotalRecords">400</I32>
      <I32 N="PercentNotExpired">67</I32>
      <B N="TableSwapOccurred">false</B>
      <Nil N="TableSwapTrigger" />
      <I32 N="RowsCopied">0</I32>
      <I32 N="NextTableSwapOnOrBefore">57</I32>
      <I32 N="OldestActiveRecord">32</I32>
      <I32 N="OldestInactiveRecord">39</I32>
      <I32 N="NewestInactiveRecord">5</I32>
    </MS>
  </Obj>
  <Obj RefId="55">
    <TNRef RefId="0" />
    <MS>
      <I32 N="Day">56</I32>
      <I32 N="ActiveTableSize">200</I32>
      <I32 N="InactiveTableSize">210</I32>
      <I32 N="TotalRecords">410</I32>
      <I32 N="PercentNotExpired">67</I32>
      <B N="TableSwapOccurred">false</B>
      <Nil N="TableSwapTrigger" />
      <I32 N="RowsCopied">0</I32>
      <I32 N="NextTableSwapOnOrBefore">57</I32>
      <I32 N="OldestActiveRecord">33</I32>
      <I32 N="OldestInactiveRecord">40</I32>
      <I32 N="NewestInactiveRecord">6</I32>
    </MS>
  </Obj>
  <Obj RefId="56">
    <TNRef RefId="0" />
    <MS>
      <I32 N="Day">57</I32>
      <I32 N="ActiveTableSize">140</I32>
      <I32 N="InactiveTableSize">210</I32>
      <I32 N="TotalRecords">350</I32>
      <I32 N="PercentNotExpired">67</I32>
      <B N="TableSwapOccurred">true</B>
      <S N="TableSwapTrigger">ExpiredLogsMaximumLifetimeInDays</S>
      <I32 N="RowsCopied">140</I32>
      <I32 N="NextTableSwapOnOrBefore">64</I32>
      <I32 N="OldestActiveRecord">27</I32>
      <I32 N="OldestInactiveRecord">34</I32>
      <I32 N="NewestInactiveRecord">0</I32>
    </MS>
  </Obj>
  <Obj RefId="57">
    <TNRef RefId="0" />
    <MS>
      <I32 N="Day">58</I32>
      <I32 N="ActiveTableSize">150</I32>
      <I32 N="InactiveTableSize">210</I32>
      <I32 N="TotalRecords">360</I32>
      <I32 N="PercentNotExpired">76</I32>
      <B N="TableSwapOccurred">false</B>
      <Nil N="TableSwapTrigger" />
      <I32 N="RowsCopied">0</I32>
      <I32 N="NextTableSwapOnOrBefore">64</I32>
      <I32 N="OldestActiveRecord">28</I32>
      <I32 N="OldestInactiveRecord">35</I32>
      <I32 N="NewestInactiveRecord">1</I32>
    </MS>
  </Obj>
  <Obj RefId="58">
    <TNRef RefId="0" />
    <MS>
      <I32 N="Day">59</I32>
      <I32 N="ActiveTableSize">160</I32>
      <I32 N="InactiveTableSize">210</I32>
      <I32 N="TotalRecords">370</I32>
      <I32 N="PercentNotExpired">71</I32>
      <B N="TableSwapOccurred">false</B>
      <Nil N="TableSwapTrigger" />
      <I32 N="RowsCopied">0</I32>
      <I32 N="NextTableSwapOnOrBefore">64</I32>
      <I32 N="OldestActiveRecord">29</I32>
      <I32 N="OldestInactiveRecord">36</I32>
      <I32 N="NewestInactiveRecord">2</I32>
    </MS>
  </Obj>
  <Obj RefId="59">
    <TNRef RefId="0" />
    <MS>
      <I32 N="Day">60</I32>
      <I32 N="ActiveTableSize">170</I32>
      <I32 N="InactiveTableSize">210</I32>
      <I32 N="TotalRecords">380</I32>
      <I32 N="PercentNotExpired">67</I32>
      <B N="TableSwapOccurred">false</B>
      <Nil N="TableSwapTrigger" />
      <I32 N="RowsCopied">0</I32>
      <I32 N="NextTableSwapOnOrBefore">64</I32>
      <I32 N="OldestActiveRecord">30</I32>
      <I32 N="OldestInactiveRecord">37</I32>
      <I32 N="NewestInactiveRecord">3</I32>
    </MS>
  </Obj>
  <Obj RefId="60">
    <TNRef RefId="0" />
    <MS>
      <I32 N="Day">61</I32>
      <I32 N="ActiveTableSize">180</I32>
      <I32 N="InactiveTableSize">210</I32>
      <I32 N="TotalRecords">390</I32>
      <I32 N="PercentNotExpired">67</I32>
      <B N="TableSwapOccurred">false</B>
      <Nil N="TableSwapTrigger" />
      <I32 N="RowsCopied">0</I32>
      <I32 N="NextTableSwapOnOrBefore">64</I32>
      <I32 N="OldestActiveRecord">31</I32>
      <I32 N="OldestInactiveRecord">38</I32>
      <I32 N="NewestInactiveRecord">4</I32>
    </MS>
  </Obj>
  <Obj RefId="61">
    <TNRef RefId="0" />
    <MS>
      <I32 N="Day">62</I32>
      <I32 N="ActiveTableSize">190</I32>
      <I32 N="InactiveTableSize">210</I32>
      <I32 N="TotalRecords">400</I32>
      <I32 N="PercentNotExpired">67</I32>
      <B N="TableSwapOccurred">false</B>
      <Nil N="TableSwapTrigger" />
      <I32 N="RowsCopied">0</I32>
      <I32 N="NextTableSwapOnOrBefore">64</I32>
      <I32 N="OldestActiveRecord">32</I32>
      <I32 N="OldestInactiveRecord">39</I32>
      <I32 N="NewestInactiveRecord">5</I32>
    </MS>
  </Obj>
  <Obj RefId="62">
    <TNRef RefId="0" />
    <MS>
      <I32 N="Day">63</I32>
      <I32 N="ActiveTableSize">200</I32>
      <I32 N="InactiveTableSize">210</I32>
      <I32 N="TotalRecords">410</I32>
      <I32 N="PercentNotExpired">67</I32>
      <B N="TableSwapOccurred">false</B>
      <Nil N="TableSwapTrigger" />
      <I32 N="RowsCopied">0</I32>
      <I32 N="NextTableSwapOnOrBefore">64</I32>
      <I32 N="OldestActiveRecord">33</I32>
      <I32 N="OldestInactiveRecord">40</I32>
      <I32 N="NewestInactiveRecord">6</I32>
    </MS>
  </Obj>
  <Obj RefId="63">
    <TNRef RefId="0" />
    <MS>
      <I32 N="Day">64</I32>
      <I32 N="ActiveTableSize">140</I32>
      <I32 N="InactiveTableSize">210</I32>
      <I32 N="TotalRecords">350</I32>
      <I32 N="PercentNotExpired">67</I32>
      <B N="TableSwapOccurred">true</B>
      <S N="TableSwapTrigger">ExpiredLogsMaximumLifetimeInDays</S>
      <I32 N="RowsCopied">140</I32>
      <I32 N="NextTableSwapOnOrBefore">71</I32>
      <I32 N="OldestActiveRecord">27</I32>
      <I32 N="OldestInactiveRecord">34</I32>
      <I32 N="NewestInactiveRecord">0</I32>
    </MS>
  </Obj>
  <Obj RefId="64">
    <TNRef RefId="0" />
    <MS>
      <I32 N="Day">65</I32>
      <I32 N="ActiveTableSize">150</I32>
      <I32 N="InactiveTableSize">210</I32>
      <I32 N="TotalRecords">360</I32>
      <I32 N="PercentNotExpired">76</I32>
      <B N="TableSwapOccurred">false</B>
      <Nil N="TableSwapTrigger" />
      <I32 N="RowsCopied">0</I32>
      <I32 N="NextTableSwapOnOrBefore">71</I32>
      <I32 N="OldestActiveRecord">28</I32>
      <I32 N="OldestInactiveRecord">35</I32>
      <I32 N="NewestInactiveRecord">1</I32>
    </MS>
  </Obj>
  <Obj RefId="65">
    <TNRef RefId="0" />
    <MS>
      <I32 N="Day">66</I32>
      <I32 N="ActiveTableSize">160</I32>
      <I32 N="InactiveTableSize">210</I32>
      <I32 N="TotalRecords">370</I32>
      <I32 N="PercentNotExpired">71</I32>
      <B N="TableSwapOccurred">false</B>
      <Nil N="TableSwapTrigger" />
      <I32 N="RowsCopied">0</I32>
      <I32 N="NextTableSwapOnOrBefore">71</I32>
      <I32 N="OldestActiveRecord">29</I32>
      <I32 N="OldestInactiveRecord">36</I32>
      <I32 N="NewestInactiveRecord">2</I32>
    </MS>
  </Obj>
  <Obj RefId="66">
    <TNRef RefId="0" />
    <MS>
      <I32 N="Day">67</I32>
      <I32 N="ActiveTableSize">170</I32>
      <I32 N="InactiveTableSize">210</I32>
      <I32 N="TotalRecords">380</I32>
      <I32 N="PercentNotExpired">67</I32>
      <B N="TableSwapOccurred">false</B>
      <Nil N="TableSwapTrigger" />
      <I32 N="RowsCopied">0</I32>
      <I32 N="NextTableSwapOnOrBefore">71</I32>
      <I32 N="OldestActiveRecord">30</I32>
      <I32 N="OldestInactiveRecord">37</I32>
      <I32 N="NewestInactiveRecord">3</I32>
    </MS>
  </Obj>
  <Obj RefId="67">
    <TNRef RefId="0" />
    <MS>
      <I32 N="Day">68</I32>
      <I32 N="ActiveTableSize">180</I32>
      <I32 N="InactiveTableSize">210</I32>
      <I32 N="TotalRecords">390</I32>
      <I32 N="PercentNotExpired">67</I32>
      <B N="TableSwapOccurred">false</B>
      <Nil N="TableSwapTrigger" />
      <I32 N="RowsCopied">0</I32>
      <I32 N="NextTableSwapOnOrBefore">71</I32>
      <I32 N="OldestActiveRecord">31</I32>
      <I32 N="OldestInactiveRecord">38</I32>
      <I32 N="NewestInactiveRecord">4</I32>
    </MS>
  </Obj>
  <Obj RefId="68">
    <TNRef RefId="0" />
    <MS>
      <I32 N="Day">69</I32>
      <I32 N="ActiveTableSize">190</I32>
      <I32 N="InactiveTableSize">210</I32>
      <I32 N="TotalRecords">400</I32>
      <I32 N="PercentNotExpired">67</I32>
      <B N="TableSwapOccurred">false</B>
      <Nil N="TableSwapTrigger" />
      <I32 N="RowsCopied">0</I32>
      <I32 N="NextTableSwapOnOrBefore">71</I32>
      <I32 N="OldestActiveRecord">32</I32>
      <I32 N="OldestInactiveRecord">39</I32>
      <I32 N="NewestInactiveRecord">5</I32>
    </MS>
  </Obj>
  <Obj RefId="69">
    <TNRef RefId="0" />
    <MS>
      <I32 N="Day">70</I32>
      <I32 N="ActiveTableSize">200</I32>
      <I32 N="InactiveTableSize">210</I32>
      <I32 N="TotalRecords">410</I32>
      <I32 N="PercentNotExpired">67</I32>
      <B N="TableSwapOccurred">false</B>
      <Nil N="TableSwapTrigger" />
      <I32 N="RowsCopied">0</I32>
      <I32 N="NextTableSwapOnOrBefore">71</I32>
      <I32 N="OldestActiveRecord">33</I32>
      <I32 N="OldestInactiveRecord">40</I32>
      <I32 N="NewestInactiveRecord">6</I32>
    </MS>
  </Obj>
  <Obj RefId="70">
    <TNRef RefId="0" />
    <MS>
      <I32 N="Day">71</I32>
      <I32 N="ActiveTableSize">140</I32>
      <I32 N="InactiveTableSize">210</I32>
      <I32 N="TotalRecords">350</I32>
      <I32 N="PercentNotExpired">67</I32>
      <B N="TableSwapOccurred">true</B>
      <S N="TableSwapTrigger">ExpiredLogsMaximumLifetimeInDays</S>
      <I32 N="RowsCopied">140</I32>
      <I32 N="NextTableSwapOnOrBefore">78</I32>
      <I32 N="OldestActiveRecord">27</I32>
      <I32 N="OldestInactiveRecord">34</I32>
      <I32 N="NewestInactiveRecord">0</I32>
    </MS>
  </Obj>
  <Obj RefId="71">
    <TNRef RefId="0" />
    <MS>
      <I32 N="Day">72</I32>
      <I32 N="ActiveTableSize">150</I32>
      <I32 N="InactiveTableSize">210</I32>
      <I32 N="TotalRecords">360</I32>
      <I32 N="PercentNotExpired">76</I32>
      <B N="TableSwapOccurred">false</B>
      <Nil N="TableSwapTrigger" />
      <I32 N="RowsCopied">0</I32>
      <I32 N="NextTableSwapOnOrBefore">78</I32>
      <I32 N="OldestActiveRecord">28</I32>
      <I32 N="OldestInactiveRecord">35</I32>
      <I32 N="NewestInactiveRecord">1</I32>
    </MS>
  </Obj>
  <Obj RefId="72">
    <TNRef RefId="0" />
    <MS>
      <I32 N="Day">73</I32>
      <I32 N="ActiveTableSize">160</I32>
      <I32 N="InactiveTableSize">210</I32>
      <I32 N="TotalRecords">370</I32>
      <I32 N="PercentNotExpired">71</I32>
      <B N="TableSwapOccurred">false</B>
      <Nil N="TableSwapTrigger" />
      <I32 N="RowsCopied">0</I32>
      <I32 N="NextTableSwapOnOrBefore">78</I32>
      <I32 N="OldestActiveRecord">29</I32>
      <I32 N="OldestInactiveRecord">36</I32>
      <I32 N="NewestInactiveRecord">2</I32>
    </MS>
  </Obj>
  <Obj RefId="73">
    <TNRef RefId="0" />
    <MS>
      <I32 N="Day">74</I32>
      <I32 N="ActiveTableSize">170</I32>
      <I32 N="InactiveTableSize">210</I32>
      <I32 N="TotalRecords">380</I32>
      <I32 N="PercentNotExpired">67</I32>
      <B N="TableSwapOccurred">false</B>
      <Nil N="TableSwapTrigger" />
      <I32 N="RowsCopied">0</I32>
      <I32 N="NextTableSwapOnOrBefore">78</I32>
      <I32 N="OldestActiveRecord">30</I32>
      <I32 N="OldestInactiveRecord">37</I32>
      <I32 N="NewestInactiveRecord">3</I32>
    </MS>
  </Obj>
  <Obj RefId="74">
    <TNRef RefId="0" />
    <MS>
      <I32 N="Day">75</I32>
      <I32 N="ActiveTableSize">180</I32>
      <I32 N="InactiveTableSize">210</I32>
      <I32 N="TotalRecords">390</I32>
      <I32 N="PercentNotExpired">67</I32>
      <B N="TableSwapOccurred">false</B>
      <Nil N="TableSwapTrigger" />
      <I32 N="RowsCopied">0</I32>
      <I32 N="NextTableSwapOnOrBefore">78</I32>
      <I32 N="OldestActiveRecord">31</I32>
      <I32 N="OldestInactiveRecord">38</I32>
      <I32 N="NewestInactiveRecord">4</I32>
    </MS>
  </Obj>
  <Obj RefId="75">
    <TNRef RefId="0" />
    <MS>
      <I32 N="Day">76</I32>
      <I32 N="ActiveTableSize">190</I32>
      <I32 N="InactiveTableSize">210</I32>
      <I32 N="TotalRecords">400</I32>
      <I32 N="PercentNotExpired">67</I32>
      <B N="TableSwapOccurred">false</B>
      <Nil N="TableSwapTrigger" />
      <I32 N="RowsCopied">0</I32>
      <I32 N="NextTableSwapOnOrBefore">78</I32>
      <I32 N="OldestActiveRecord">32</I32>
      <I32 N="OldestInactiveRecord">39</I32>
      <I32 N="NewestInactiveRecord">5</I32>
    </MS>
  </Obj>
  <Obj RefId="76">
    <TNRef RefId="0" />
    <MS>
      <I32 N="Day">77</I32>
      <I32 N="ActiveTableSize">200</I32>
      <I32 N="InactiveTableSize">210</I32>
      <I32 N="TotalRecords">410</I32>
      <I32 N="PercentNotExpired">67</I32>
      <B N="TableSwapOccurred">false</B>
      <Nil N="TableSwapTrigger" />
      <I32 N="RowsCopied">0</I32>
      <I32 N="NextTableSwapOnOrBefore">78</I32>
      <I32 N="OldestActiveRecord">33</I32>
      <I32 N="OldestInactiveRecord">40</I32>
      <I32 N="NewestInactiveRecord">6</I32>
    </MS>
  </Obj>
  <Obj RefId="77">
    <TNRef RefId="0" />
    <MS>
      <I32 N="Day">78</I32>
      <I32 N="ActiveTableSize">140</I32>
      <I32 N="InactiveTableSize">210</I32>
      <I32 N="TotalRecords">350</I32>
      <I32 N="PercentNotExpired">67</I32>
      <B N="TableSwapOccurred">true</B>
      <S N="TableSwapTrigger">ExpiredLogsMaximumLifetimeInDays</S>
      <I32 N="RowsCopied">140</I32>
      <I32 N="NextTableSwapOnOrBefore">85</I32>
      <I32 N="OldestActiveRecord">27</I32>
      <I32 N="OldestInactiveRecord">34</I32>
      <I32 N="NewestInactiveRecord">0</I32>
    </MS>
  </Obj>
  <Obj RefId="78">
    <TNRef RefId="0" />
    <MS>
      <I32 N="Day">79</I32>
      <I32 N="ActiveTableSize">150</I32>
      <I32 N="InactiveTableSize">210</I32>
      <I32 N="TotalRecords">360</I32>
      <I32 N="PercentNotExpired">76</I32>
      <B N="TableSwapOccurred">false</B>
      <Nil N="TableSwapTrigger" />
      <I32 N="RowsCopied">0</I32>
      <I32 N="NextTableSwapOnOrBefore">85</I32>
      <I32 N="OldestActiveRecord">28</I32>
      <I32 N="OldestInactiveRecord">35</I32>
      <I32 N="NewestInactiveRecord">1</I32>
    </MS>
  </Obj>
  <Obj RefId="79">
    <TNRef RefId="0" />
    <MS>
      <I32 N="Day">80</I32>
      <I32 N="ActiveTableSize">160</I32>
      <I32 N="InactiveTableSize">210</I32>
      <I32 N="TotalRecords">370</I32>
      <I32 N="PercentNotExpired">71</I32>
      <B N="TableSwapOccurred">false</B>
      <Nil N="TableSwapTrigger" />
      <I32 N="RowsCopied">0</I32>
      <I32 N="NextTableSwapOnOrBefore">85</I32>
      <I32 N="OldestActiveRecord">29</I32>
      <I32 N="OldestInactiveRecord">36</I32>
      <I32 N="NewestInactiveRecord">2</I32>
    </MS>
  </Obj>
  <Obj RefId="80">
    <TNRef RefId="0" />
    <MS>
      <I32 N="Day">81</I32>
      <I32 N="ActiveTableSize">170</I32>
      <I32 N="InactiveTableSize">210</I32>
      <I32 N="TotalRecords">380</I32>
      <I32 N="PercentNotExpired">67</I32>
      <B N="TableSwapOccurred">false</B>
      <Nil N="TableSwapTrigger" />
      <I32 N="RowsCopied">0</I32>
      <I32 N="NextTableSwapOnOrBefore">85</I32>
      <I32 N="OldestActiveRecord">30</I32>
      <I32 N="OldestInactiveRecord">37</I32>
      <I32 N="NewestInactiveRecord">3</I32>
    </MS>
  </Obj>
  <Obj RefId="81">
    <TNRef RefId="0" />
    <MS>
      <I32 N="Day">82</I32>
      <I32 N="ActiveTableSize">180</I32>
      <I32 N="InactiveTableSize">210</I32>
      <I32 N="TotalRecords">390</I32>
      <I32 N="PercentNotExpired">67</I32>
      <B N="TableSwapOccurred">false</B>
      <Nil N="TableSwapTrigger" />
      <I32 N="RowsCopied">0</I32>
      <I32 N="NextTableSwapOnOrBefore">85</I32>
      <I32 N="OldestActiveRecord">31</I32>
      <I32 N="OldestInactiveRecord">38</I32>
      <I32 N="NewestInactiveRecord">4</I32>
    </MS>
  </Obj>
  <Obj RefId="82">
    <TNRef RefId="0" />
    <MS>
      <I32 N="Day">83</I32>
      <I32 N="ActiveTableSize">190</I32>
      <I32 N="InactiveTableSize">210</I32>
      <I32 N="TotalRecords">400</I32>
      <I32 N="PercentNotExpired">67</I32>
      <B N="TableSwapOccurred">false</B>
      <Nil N="TableSwapTrigger" />
      <I32 N="RowsCopied">0</I32>
      <I32 N="NextTableSwapOnOrBefore">85</I32>
      <I32 N="OldestActiveRecord">32</I32>
      <I32 N="OldestInactiveRecord">39</I32>
      <I32 N="NewestInactiveRecord">5</I32>
    </MS>
  </Obj>
  <Obj RefId="83">
    <TNRef RefId="0" />
    <MS>
      <I32 N="Day">84</I32>
      <I32 N="ActiveTableSize">200</I32>
      <I32 N="InactiveTableSize">210</I32>
      <I32 N="TotalRecords">410</I32>
      <I32 N="PercentNotExpired">67</I32>
      <B N="TableSwapOccurred">false</B>
      <Nil N="TableSwapTrigger" />
      <I32 N="RowsCopied">0</I32>
      <I32 N="NextTableSwapOnOrBefore">85</I32>
      <I32 N="OldestActiveRecord">33</I32>
      <I32 N="OldestInactiveRecord">40</I32>
      <I32 N="NewestInactiveRecord">6</I32>
    </MS>
  </Obj>
  <Obj RefId="84">
    <TNRef RefId="0" />
    <MS>
      <I32 N="Day">85</I32>
      <I32 N="ActiveTableSize">140</I32>
      <I32 N="InactiveTableSize">210</I32>
      <I32 N="TotalRecords">350</I32>
      <I32 N="PercentNotExpired">67</I32>
      <B N="TableSwapOccurred">true</B>
      <S N="TableSwapTrigger">ExpiredLogsMaximumLifetimeInDays</S>
      <I32 N="RowsCopied">140</I32>
      <I32 N="NextTableSwapOnOrBefore">92</I32>
      <I32 N="OldestActiveRecord">27</I32>
      <I32 N="OldestInactiveRecord">34</I32>
      <I32 N="NewestInactiveRecord">0</I32>
    </MS>
  </Obj>
  <Obj RefId="85">
    <TNRef RefId="0" />
    <MS>
      <I32 N="Day">86</I32>
      <I32 N="ActiveTableSize">150</I32>
      <I32 N="InactiveTableSize">210</I32>
      <I32 N="TotalRecords">360</I32>
      <I32 N="PercentNotExpired">76</I32>
      <B N="TableSwapOccurred">false</B>
      <Nil N="TableSwapTrigger" />
      <I32 N="RowsCopied">0</I32>
      <I32 N="NextTableSwapOnOrBefore">92</I32>
      <I32 N="OldestActiveRecord">28</I32>
      <I32 N="OldestInactiveRecord">35</I32>
      <I32 N="NewestInactiveRecord">1</I32>
    </MS>
  </Obj>
  <Obj RefId="86">
    <TNRef RefId="0" />
    <MS>
      <I32 N="Day">87</I32>
      <I32 N="ActiveTableSize">160</I32>
      <I32 N="InactiveTableSize">210</I32>
      <I32 N="TotalRecords">370</I32>
      <I32 N="PercentNotExpired">71</I32>
      <B N="TableSwapOccurred">false</B>
      <Nil N="TableSwapTrigger" />
      <I32 N="RowsCopied">0</I32>
      <I32 N="NextTableSwapOnOrBefore">92</I32>
      <I32 N="OldestActiveRecord">29</I32>
      <I32 N="OldestInactiveRecord">36</I32>
      <I32 N="NewestInactiveRecord">2</I32>
    </MS>
  </Obj>
  <Obj RefId="87">
    <TNRef RefId="0" />
    <MS>
      <I32 N="Day">88</I32>
      <I32 N="ActiveTableSize">170</I32>
      <I32 N="InactiveTableSize">210</I32>
      <I32 N="TotalRecords">380</I32>
      <I32 N="PercentNotExpired">67</I32>
      <B N="TableSwapOccurred">false</B>
      <Nil N="TableSwapTrigger" />
      <I32 N="RowsCopied">0</I32>
      <I32 N="NextTableSwapOnOrBefore">92</I32>
      <I32 N="OldestActiveRecord">30</I32>
      <I32 N="OldestInactiveRecord">37</I32>
      <I32 N="NewestInactiveRecord">3</I32>
    </MS>
  </Obj>
  <Obj RefId="88">
    <TNRef RefId="0" />
    <MS>
      <I32 N="Day">89</I32>
      <I32 N="ActiveTableSize">180</I32>
      <I32 N="InactiveTableSize">210</I32>
      <I32 N="TotalRecords">390</I32>
      <I32 N="PercentNotExpired">67</I32>
      <B N="TableSwapOccurred">false</B>
      <Nil N="TableSwapTrigger" />
      <I32 N="RowsCopied">0</I32>
      <I32 N="NextTableSwapOnOrBefore">92</I32>
      <I32 N="OldestActiveRecord">31</I32>
      <I32 N="OldestInactiveRecord">38</I32>
      <I32 N="NewestInactiveRecord">4</I32>
    </MS>
  </Obj>
  <Obj RefId="89">
    <TNRef RefId="0" />
    <MS>
      <I32 N="Day">90</I32>
      <I32 N="ActiveTableSize">190</I32>
      <I32 N="InactiveTableSize">210</I32>
      <I32 N="TotalRecords">400</I32>
      <I32 N="PercentNotExpired">67</I32>
      <B N="TableSwapOccurred">false</B>
      <Nil N="TableSwapTrigger" />
      <I32 N="RowsCopied">0</I32>
      <I32 N="NextTableSwapOnOrBefore">92</I32>
      <I32 N="OldestActiveRecord">32</I32>
      <I32 N="OldestInactiveRecord">39</I32>
      <I32 N="NewestInactiveRecord">5</I32>
    </MS>
  </Obj>
</Objs>